#
# A fatal error has been detected by the Java Runtime Environment:
#
#  SIGSEGV (0xb) at pc=0x00007f4b31069a7a, pid=5662, tid=0x00007f4b0e09d700
#
# JRE version: Java(TM) SE Runtime Environment (8.0_111-b14) (build 1.8.0_111-b14)
# Java VM: Java HotSpot(TM) 64-Bit Server VM (25.111-b14 mixed mode linux-amd64 compressed oops)
# Problematic frame:
# v  ~BufferBlob::jni_fast_GetLongField
#
# Failed to write core dump. Core dumps have been disabled. To enable core dumping, try "ulimit -c unlimited" before starting Java again
#
# If you would like to submit a bug report, please visit:
#   http://bugreport.java.com/bugreport/crash.jsp
# The crash happened outside the Java Virtual Machine in native code.
# See problematic frame for where to report the bug.
#

---------------  T H R E A D  ---------------

Current thread (0x00007f4b40228000):  JavaThread "AWT-XAWT" daemon [_thread_in_native, id=5689, stack(0x00007f4b0df9d000,0x00007f4b0e09e000)]

siginfo: si_signo: 11 (SIGSEGV), si_code: 1 (SEGV_MAPERR), si_addr: 0x0000000000000000

Registers:
RAX=0x00007f4b4632f520, RBX=0x00007f4b402281f8, RCX=0x00007f4b46d962c0, RDX=0x0000000000000042
RSP=0x00007f4b0e09c5b8, RBP=0x00007f4b0e09c5e0, RSI=0x0000000000000000, RDI=0x00007f4b402281f8
R8 =0x0000000085270078, R9 =0x0000000000000000, R10=0x00000000000004b6, R11=0x00007f4b315778d8
R12=0x00007f4ac816f8d0, R13=0x0000000000000000, R14=0x00007f4b0fd2d7e0, R15=0x00007f4b40228000
RIP=0x00007f4b31069a7a, EFLAGS=0x0000000000010246, CSGSFS=0x0000000000000033, ERR=0x0000000000000004
  TRAPNO=0x000000000000000e

Top of Stack: (sp=0x00007f4b0e09c5b8)
0x00007f4b0e09c5b8:   00007f4b0fb0bee1 00007f4b277e4af8
0x00007f4b0e09c5c8:   00007f4ac816f8d0 00007f4b0e09c690
0x00007f4b0e09c5d8:   00007f4b0e09c660 0000000000000000
0x00007f4b0e09c5e8:   00007f4b0f5ed3c0 00007f4b277e4af8
0x00007f4b0e09c5f8:   00007f4b0e09c620 0000000000000000
0x00007f4b0e09c608:   00007f4b0f5e4f93 00007f4b0e09c690
0x00007f4b0e09c618:   00007f4b0fb0511f 00007f4b0e09c670
0x00007f4b0e09c628:   00007f4b31577976 00000000852e7690
0x00007f4b0e09c638:   00007f4b313022f6 00007f4b0e09c690
0x00007f4b0e09c648:   00007f4b311843ec 00000000dbce02a8
0x00007f4b0e09c658:   00007f4b314e4ab4 0000000085202000
0x00007f4b0e09c668:   0000000085297c60 00007f4b0e09c6f0
0x00007f4b0e09c678:   00007f4b31007a90 00007f4b0e09c6f0
0x00007f4b0e09c688:   00007f4b31007a90 0000000000000000
0x00007f4b0e09c698:   00007f4b31007dd0 00007f4ad0000e30
0x00007f4b0e09c6a8:   00000000852e7690 00007f4b0e09c6b0
0x00007f4b0e09c6b8:   00007f4b27791b64 00007f4b0e09c738
0x00007f4b0e09c6c8:   00007f4b277a9858 0000000000000000
0x00007f4b0e09c6d8:   00007f4b27791ca0 00007f4b0e09c690
0x00007f4b0e09c6e8:   00007f4b0e09c730 00007f4b0e09c780
0x00007f4b0e09c6f8:   00007f4b310082bd 0000000000000000
0x00007f4b0e09c708:   0000000085228010 0000000000000000
0x00007f4b0e09c718:   0000000000000000 0000000000000000
0x00007f4b0e09c728:   00000000852e7690 0000000000000000
0x00007f4b0e09c738:   0000000085245cf8 00007f4b0e09c740
0x00007f4b0e09c748:   00007f4b277919a5 00007f4b0e09c790
0x00007f4b0e09c758:   00007f4b277a9858 0000000000000000
0x00007f4b0e09c768:   00007f4b277919b0 00007f4b0e09c730
0x00007f4b0e09c778:   00007f4b0e09c790 00007f4b0e09c7d8
0x00007f4b0e09c788:   00007f4b31008302 0000000085245cf8
0x00007f4b0e09c798:   00007f4b0e09c798 00007f4b2745694b
0x00007f4b0e09c7a8:   00007f4b0e09c7e8 00007f4b274ddfd0 

Instructions: (pc=0x00007f4b31069a7a)
0x00007f4b31069a5a:   00 00 00 00 00 00 44 8b 15 21 55 30 15 4c 8b ce
0x00007f4b31069a6a:   41 f6 c2 01 0f 85 2e 00 00 00 4d 33 ca 4d 33 ca
0x00007f4b31069a7a:   4d 8b 09 4c 8b da 49 c1 eb 02 4b 8b 04 19 49 bb
0x00007f4b31069a8a:   88 ef 36 46 4b 7f 00 00 4c 33 d8 4c 33 d8 45 3b 

Register to memory mapping:

RAX=0x00007f4b4632f520: <offset 0xf84520> in /usr/lib/jvm/java-8-oracle/jre/lib/amd64/server/libjvm.so at 0x00007f4b453ab000
RBX=0x00007f4b402281f8 is an unknown value
RCX=0x00007f4b46d962c0: <offset 0x2182c0> in /lib/x86_64-linux-gnu/libpthread.so.0 at 0x00007f4b46b7e000
RDX=0x0000000000000042 is an unknown value
RSP=0x00007f4b0e09c5b8 is pointing into the stack for thread: 0x00007f4b40228000
RBP=0x00007f4b0e09c5e0 is pointing into the stack for thread: 0x00007f4b40228000
RSI=0x0000000000000000 is an unknown value
RDI=0x00007f4b402281f8 is an unknown value
R8 =0x0000000085270078 is an oop
java.util.logging.Logger 
 - klass: 'java/util/logging/Logger'
R9 =0x0000000000000000 is an unknown value
R10=0x00000000000004b6 is an unknown value
R11=0x00007f4b315778d8 is at entry_point+24 in (nmethod*)0x00007f4b31577750
R12=0x00007f4ac816f8d0 is an unknown value
R13=0x0000000000000000 is an unknown value
R14=0x00007f4b0fd2d7e0: <offset 0x2587e0> in /usr/lib/jvm/java-8-oracle/jre/lib/amd64/libawt_xawt.so at 0x00007f4b0fad5000
R15=0x00007f4b40228000 is a thread


Stack: [0x00007f4b0df9d000,0x00007f4b0e09e000],  sp=0x00007f4b0e09c5b8,  free space=1021k
Native frames: (J=compiled Java code, j=interpreted, Vv=VM code, C=native code)
v  ~BufferBlob::jni_fast_GetLongField
C  [libX11.so.6+0x643c0]  _XimServerDestroy+0x70

Java frames: (J=compiled Java code, j=interpreted, Vv=VM code)
J 1723  sun.awt.X11.XlibWrapper.XFilterEvent(JJ)Z (0 bytes) @ 0x00007f4b31577904 [0x00007f4b315778c0+0x44]
j  sun.awt.X11.XToolkit.run(Z)V+300
j  sun.awt.X11.XToolkit.run()V+5
j  java.lang.Thread.run()V+11
v  ~StubRoutines::call_stub

---------------  P R O C E S S  ---------------

Java Threads: ( => current thread )
  0x00007f4ac81ba000 JavaThread "Thread-55" [_thread_blocked, id=5776, stack(0x00007f4b0cdf0000,0x00007f4b0cef1000)]
  0x00007f4ac817d800 JavaThread "TimerQueue" daemon [_thread_blocked, id=5695, stack(0x00007f4b0cef1000,0x00007f4b0cff2000)]
  0x00007f4b40009800 JavaThread "DestroyJavaVM" [_thread_blocked, id=5668, stack(0x00007f4b46e9f000,0x00007f4b46fa0000)]
  0x00007f4b40230000 JavaThread "AWT-EventQueue-0" [_thread_blocked, id=5691, stack(0x00007f4b0dd9b000,0x00007f4b0de9c000)]
  0x00007f4b4022e800 JavaThread "AWT-Shutdown" [_thread_blocked, id=5690, stack(0x00007f4b0de9c000,0x00007f4b0df9d000)]
=>0x00007f4b40228000 JavaThread "AWT-XAWT" daemon [_thread_in_native, id=5689, stack(0x00007f4b0df9d000,0x00007f4b0e09e000)]
  0x00007f4b40203000 JavaThread "Java2D Disposer" daemon [_thread_blocked, id=5687, stack(0x00007f4b240ee000,0x00007f4b241ef000)]
  0x00007f4b400cb000 JavaThread "Service Thread" daemon [_thread_blocked, id=5685, stack(0x00007f4b242f0000,0x00007f4b243f1000)]
  0x00007f4b400c8000 JavaThread "C1 CompilerThread3" daemon [_thread_blocked, id=5684, stack(0x00007f4b243f1000,0x00007f4b244f2000)]
  0x00007f4b400c6000 JavaThread "C2 CompilerThread2" daemon [_thread_blocked, id=5683, stack(0x00007f4b244f2000,0x00007f4b245f3000)]
  0x00007f4b400c4800 JavaThread "C2 CompilerThread1" daemon [_thread_blocked, id=5682, stack(0x00007f4b245f3000,0x00007f4b246f4000)]
  0x00007f4b400c1800 JavaThread "C2 CompilerThread0" daemon [_thread_blocked, id=5681, stack(0x00007f4b246f4000,0x00007f4b247f5000)]
  0x00007f4b400c0000 JavaThread "Signal Dispatcher" daemon [_thread_in_vm, id=5680, stack(0x00007f4b247f5000,0x00007f4b248f6000)]
  0x00007f4b4008c000 JavaThread "Finalizer" daemon [_thread_blocked, id=5679, stack(0x00007f4b252b5000,0x00007f4b253b6000)]
  0x00007f4b40087800 JavaThread "Reference Handler" daemon [_thread_blocked, id=5678, stack(0x00007f4b253b6000,0x00007f4b254b7000)]

Other Threads:
  0x00007f4b40080000 VMThread [stack: 0x00007f4b254b7000,0x00007f4b255b8000] [id=5677]
  0x00007f4b400ce000 WatcherThread [stack: 0x00007f4b241ef000,0x00007f4b242f0000] [id=5686]

VM state:not at safepoint (normal execution)

VM Mutex/Monitor currently owned by a thread:  ([mutex/lock_event])
[0x00007f4b40006030] Threads_lock - owner thread: 0x00007f4b400c0000

Heap:
 PSYoungGen      total 352256K, used 100564K [0x00000000d7100000, 0x00000000fe500000, 0x0000000100000000)
  eden space 351232K, 28% used [0x00000000d7100000,0x00000000dd2ad0d8,0x00000000ec800000)
  from space 1024K, 53% used [0x00000000fe400000,0x00000000fe488000,0x00000000fe500000)
  to   space 3584K, 0% used [0x00000000fde00000,0x00000000fde00000,0x00000000fe180000)
 ParOldGen       total 44032K, used 11504K [0x0000000085200000, 0x0000000087d00000, 0x00000000d7100000)
  object space 44032K, 26% used [0x0000000085200000,0x0000000085d3c208,0x0000000087d00000)
 Metaspace       used 20346K, capacity 21596K, committed 21888K, reserved 1069056K
  class space    used 2466K, capacity 2848K, committed 2944K, reserved 1048576K

Card table byte_map: [0x00007f4b30868000,0x00007f4b30c40000] byte_map_base: 0x00007f4b3043f000

Marking Bits: (ParMarkBitMap*) 0x00007f4b4636e220
 Begin Bits: [0x00007f4b2c060000, 0x00007f4b2df18000)
 End Bits:   [0x00007f4b2df18000, 0x00007f4b2fdd0000)

Polling page: 0x00007f4b46fbd000

CodeCache: size=245760Kb used=13104Kb max_used=14175Kb free=232656Kb
 bounds [0x00007f4b31000000, 0x00007f4b31e20000, 0x00007f4b40000000]
 total_blobs=4170 nmethods=3576 adapters=506
 compilation: enabled

Compilation events (10 events):
Event: 2201,103 Thread 0x00007f4b400c8000 4521   !   3       java.util.Vector$Itr::next (63 bytes)
Event: 2201,104 Thread 0x00007f4b400c8000 nmethod 4521 0x00007f4b314447d0 code [0x00007f4b31444980, 0x00007f4b31445018]
Event: 2201,104 Thread 0x00007f4b400c8000 4522       3       java.util.Vector$Itr::checkForComodification (23 bytes)
Event: 2201,104 Thread 0x00007f4b400c8000 nmethod 4522 0x00007f4b319aca10 code [0x00007f4b319acb80, 0x00007f4b319acdc8]
Event: 3161,706 Thread 0x00007f4b400c8000 4523       3       java.lang.Long::longValue (5 bytes)
Event: 3161,706 Thread 0x00007f4b400c8000 nmethod 4523 0x00007f4b31cb5290 code [0x00007f4b31cb53e0, 0x00007f4b31cb5530]
Event: 3556,164 Thread 0x00007f4b400c1800 4524       4       sun.awt.X11.XWrapperBase::<init> (5 bytes)
Event: 3556,165 Thread 0x00007f4b400c1800 nmethod 4524 0x00007f4b31162d10 code [0x00007f4b31162e60, 0x00007f4b31162eb8]
Event: 3557,168 Thread 0x00007f4b400c8000 4525       3       java.lang.Long::equals (30 bytes)
Event: 3557,168 Thread 0x00007f4b400c8000 nmethod 4525 0x00007f4b3141a310 code [0x00007f4b3141a4a0, 0x00007f4b3141a950]

GC Heap History (10 events):
Event: 172,000 GC heap before
{Heap before GC invocations=29 (full 1):
 PSYoungGen      total 444416K, used 443936K [0x00000000d7100000, 0x00000000fee00000, 0x0000000100000000)
  eden space 443392K, 100% used [0x00000000d7100000,0x00000000f2200000,0x00000000f2200000)
  from space 1024K, 53% used [0x00000000fe680000,0x00000000fe708000,0x00000000fe780000)
  to   space 4096K, 0% used [0x00000000fea00000,0x00000000fea00000,0x00000000fee00000)
 ParOldGen       total 44032K, used 10592K [0x0000000085200000, 0x0000000087d00000, 0x00000000d7100000)
  object space 44032K, 24% used [0x0000000085200000,0x0000000085c58208,0x0000000087d00000)
 Metaspace       used 20269K, capacity 21526K, committed 21632K, reserved 1069056K
  class space    used 2463K, capacity 2847K, committed 2944K, reserved 1048576K
Event: 172,002 GC heap after
Heap after GC invocations=29 (full 1):
 PSYoungGen      total 423936K, used 608K [0x00000000d7100000, 0x00000000feb00000, 0x0000000100000000)
  eden space 422912K, 0% used [0x00000000d7100000,0x00000000d7100000,0x00000000f0e00000)
  from space 1024K, 59% used [0x00000000fea00000,0x00000000fea98000,0x00000000feb00000)
  to   space 4096K, 0% used [0x00000000fe300000,0x00000000fe300000,0x00000000fe700000)
 ParOldGen       total 44032K, used 10768K [0x0000000085200000, 0x0000000087d00000, 0x00000000d7100000)
  object space 44032K, 24% used [0x0000000085200000,0x0000000085c84208,0x0000000087d00000)
 Metaspace       used 20269K, capacity 21526K, committed 21632K, reserved 1069056K
  class space    used 2463K, capacity 2847K, committed 2944K, reserved 1048576K
}
Event: 172,932 GC heap before
{Heap before GC invocations=30 (full 1):
 PSYoungGen      total 423936K, used 423520K [0x00000000d7100000, 0x00000000feb00000, 0x0000000100000000)
  eden space 422912K, 100% used [0x00000000d7100000,0x00000000f0e00000,0x00000000f0e00000)
  from space 1024K, 59% used [0x00000000fea00000,0x00000000fea98000,0x00000000feb00000)
  to   space 4096K, 0% used [0x00000000fe300000,0x00000000fe300000,0x00000000fe700000)
 ParOldGen       total 44032K, used 10768K [0x0000000085200000, 0x0000000087d00000, 0x00000000d7100000)
  object space 44032K, 24% used [0x0000000085200000,0x0000000085c84208,0x0000000087d00000)
 Metaspace       used 20271K, capacity 21526K, committed 21632K, reserved 1069056K
  class space    used 2463K, capacity 2847K, committed 2944K, reserved 1048576K
Event: 172,934 GC heap after
Heap after GC invocations=30 (full 1):
 PSYoungGen      total 407552K, used 640K [0x00000000d7100000, 0x00000000fea80000, 0x0000000100000000)
  eden space 403456K, 0% used [0x00000000d7100000,0x00000000d7100000,0x00000000efb00000)
  from space 4096K, 15% used [0x00000000fe300000,0x00000000fe3a0000,0x00000000fe700000)
  to   space 3584K, 0% used [0x00000000fe700000,0x00000000fe700000,0x00000000fea80000)
 ParOldGen       total 44032K, used 10968K [0x0000000085200000, 0x0000000087d00000, 0x00000000d7100000)
  object space 44032K, 24% used [0x0000000085200000,0x0000000085cb6208,0x0000000087d00000)
 Metaspace       used 20271K, capacity 21526K, committed 21632K, reserved 1069056K
  class space    used 2463K, capacity 2847K, committed 2944K, reserved 1048576K
}
Event: 173,828 GC heap before
{Heap before GC invocations=31 (full 1):
 PSYoungGen      total 407552K, used 404096K [0x00000000d7100000, 0x00000000fea80000, 0x0000000100000000)
  eden space 403456K, 100% used [0x00000000d7100000,0x00000000efb00000,0x00000000efb00000)
  from space 4096K, 15% used [0x00000000fe300000,0x00000000fe3a0000,0x00000000fe700000)
  to   space 3584K, 0% used [0x00000000fe700000,0x00000000fe700000,0x00000000fea80000)
 ParOldGen       total 44032K, used 10968K [0x0000000085200000, 0x0000000087d00000, 0x00000000d7100000)
  object space 44032K, 24% used [0x0000000085200000,0x0000000085cb6208,0x0000000087d00000)
 Metaspace       used 20274K, capacity 21526K, committed 21632K, reserved 1069056K
  class space    used 2463K, capacity 2847K, committed 2944K, reserved 1048576K
Event: 173,830 GC heap after
Heap after GC invocations=31 (full 1):
 PSYoungGen      total 386048K, used 544K [0x00000000d7100000, 0x00000000fe800000, 0x0000000100000000)
  eden space 385024K, 0% used [0x00000000d7100000,0x00000000d7100000,0x00000000ee900000)
  from space 1024K, 53% used [0x00000000fe700000,0x00000000fe788000,0x00000000fe800000)
  to   space 3584K, 0% used [0x00000000fe100000,0x00000000fe100000,0x00000000fe480000)
 ParOldGen       total 44032K, used 11152K [0x0000000085200000, 0x0000000087d00000, 0x00000000d7100000)
  object space 44032K, 25% used [0x0000000085200000,0x0000000085ce4208,0x0000000087d00000)
 Metaspace       used 20274K, capacity 21526K, committed 21632K, reserved 1069056K
  class space    used 2463K, capacity 2847K, committed 2944K, reserved 1048576K
}
Event: 174,599 GC heap before
{Heap before GC invocations=32 (full 1):
 PSYoungGen      total 386048K, used 385568K [0x00000000d7100000, 0x00000000fe800000, 0x0000000100000000)
  eden space 385024K, 100% used [0x00000000d7100000,0x00000000ee900000,0x00000000ee900000)
  from space 1024K, 53% used [0x00000000fe700000,0x00000000fe788000,0x00000000fe800000)
  to   space 3584K, 0% used [0x00000000fe100000,0x00000000fe100000,0x00000000fe480000)
 ParOldGen       total 44032K, used 11152K [0x0000000085200000, 0x0000000087d00000, 0x00000000d7100000)
  object space 44032K, 25% used [0x0000000085200000,0x0000000085ce4208,0x0000000087d00000)
 Metaspace       used 20274K, capacity 21526K, committed 21632K, reserved 1069056K
  class space    used 2463K, capacity 2847K, committed 2944K, reserved 1048576K
Event: 174,601 GC heap after
Heap after GC invocations=32 (full 1):
 PSYoungGen      total 368640K, used 544K [0x00000000d7100000, 0x00000000fe780000, 0x0000000100000000)
  eden space 367616K, 0% used [0x00000000d7100000,0x00000000d7100000,0x00000000ed800000)
  from space 1024K, 53% used [0x00000000fe100000,0x00000000fe188000,0x00000000fe200000)
  to   space 3584K, 0% used [0x00000000fe400000,0x00000000fe400000,0x00000000fe780000)
 ParOldGen       total 44032K, used 11336K [0x0000000085200000, 0x0000000087d00000, 0x00000000d7100000)
  object space 44032K, 25% used [0x0000000085200000,0x0000000085d12208,0x0000000087d00000)
 Metaspace       used 20274K, capacity 21526K, committed 21632K, reserved 1069056K
  class space    used 2463K, capacity 2847K, committed 2944K, reserved 1048576K
}
Event: 175,361 GC heap before
{Heap before GC invocations=33 (full 1):
 PSYoungGen      total 368640K, used 368160K [0x00000000d7100000, 0x00000000fe780000, 0x0000000100000000)
  eden space 367616K, 100% used [0x00000000d7100000,0x00000000ed800000,0x00000000ed800000)
  from space 1024K, 53% used [0x00000000fe100000,0x00000000fe188000,0x00000000fe200000)
  to   space 3584K, 0% used [0x00000000fe400000,0x00000000fe400000,0x00000000fe780000)
 ParOldGen       total 44032K, used 11336K [0x0000000085200000, 0x0000000087d00000, 0x00000000d7100000)
  object space 44032K, 25% used [0x0000000085200000,0x0000000085d12208,0x0000000087d00000)
 Metaspace       used 20275K, capacity 21526K, committed 21632K, reserved 1069056K
  class space    used 2463K, capacity 2847K, committed 2944K, reserved 1048576K
Event: 175,362 GC heap after
Heap after GC invocations=33 (full 1):
 PSYoungGen      total 352256K, used 544K [0x00000000d7100000, 0x00000000fe500000, 0x0000000100000000)
  eden space 351232K, 0% used [0x00000000d7100000,0x00000000d7100000,0x00000000ec800000)
  from space 1024K, 53% used [0x00000000fe400000,0x00000000fe488000,0x00000000fe500000)
  to   space 3584K, 0% used [0x00000000fde00000,0x00000000fde00000,0x00000000fe180000)
 ParOldGen       total 44032K, used 11504K [0x0000000085200000, 0x0000000087d00000, 0x00000000d7100000)
  object space 44032K, 26% used [0x0000000085200000,0x0000000085d3c208,0x0000000087d00000)
 Metaspace       used 20275K, capacity 21526K, committed 21632K, reserved 1069056K
  class space    used 2463K, capacity 2847K, committed 2944K, reserved 1048576K
}

Deoptimization events (10 events):
Event: 193,841 Thread 0x00007f4b40230000 Uncommon trap: reason=unstable_if action=reinterpret pc=0x00007f4b31369d70 method=java.awt.EventQueue.eventToCacheIndex(Ljava/awt/AWTEvent;)I @ 71
Event: 195,313 Thread 0x00007f4b40230000 Uncommon trap: reason=bimorphic action=maybe_recompile pc=0x00007f4b3183f5f8 method=javax.swing.AbstractButton.updateMnemonicProperties()V @ 4
Event: 195,313 Thread 0x00007f4b40230000 Uncommon trap: reason=bimorphic action=maybe_recompile pc=0x00007f4b319cfd40 method=javax.swing.AbstractButton.init(Ljava/lang/String;Ljavax/swing/Icon;)V @ 19
Event: 195,313 Thread 0x00007f4b40230000 Uncommon trap: reason=class_check action=maybe_recompile pc=0x00007f4b319ed174 method=javax.swing.plaf.basic.BasicButtonUI.installUI(Ljavax/swing/JComponent;)V @ 5
Event: 195,315 Thread 0x00007f4b40230000 Uncommon trap: reason=bimorphic action=maybe_recompile pc=0x00007f4b3183f5f8 method=javax.swing.AbstractButton.updateMnemonicProperties()V @ 4
Event: 195,315 Thread 0x00007f4b40230000 Uncommon trap: reason=bimorphic action=maybe_recompile pc=0x00007f4b319cfd40 method=javax.swing.AbstractButton.init(Ljava/lang/String;Ljavax/swing/Icon;)V @ 19
Event: 195,315 Thread 0x00007f4b40230000 Uncommon trap: reason=class_check action=maybe_recompile pc=0x00007f4b319ed174 method=javax.swing.plaf.basic.BasicButtonUI.installUI(Ljavax/swing/JComponent;)V @ 5
Event: 195,316 Thread 0x00007f4b40230000 Uncommon trap: reason=bimorphic action=maybe_recompile pc=0x00007f4b3183f5f8 method=javax.swing.AbstractButton.updateMnemonicProperties()V @ 4
Event: 195,316 Thread 0x00007f4b40230000 Uncommon trap: reason=bimorphic action=maybe_recompile pc=0x00007f4b319cfd40 method=javax.swing.AbstractButton.init(Ljava/lang/String;Ljavax/swing/Icon;)V @ 19
Event: 195,316 Thread 0x00007f4b40230000 Uncommon trap: reason=class_check action=maybe_recompile pc=0x00007f4b319ed174 method=javax.swing.plaf.basic.BasicButtonUI.installUI(Ljavax/swing/JComponent;)V @ 5

Internal exceptions (10 events):
Event: 175,436 Thread 0x00007f4b40230000 Exception <a 'java/io/FileNotFoundException'> (0x00000000d96cb3a8) thrown at [/HUDSON3/workspace/8-2-build-linux-amd64/jdk8u111/7883/hotspot/src/share/vm/prims/jni.cpp, line 709]
Event: 175,453 Thread 0x00007f4b40230000 Exception <a 'java/io/FileNotFoundException'> (0x00000000da243068) thrown at [/HUDSON3/workspace/8-2-build-linux-amd64/jdk8u111/7883/hotspot/src/share/vm/prims/jni.cpp, line 709]
Event: 175,465 Thread 0x00007f4b40230000 Exception <a 'java/io/FileNotFoundException'> (0x00000000dafb5f90) thrown at [/HUDSON3/workspace/8-2-build-linux-amd64/jdk8u111/7883/hotspot/src/share/vm/prims/jni.cpp, line 709]
Event: 175,467 Thread 0x00007f4b40230000 Exception <a 'java/io/FileNotFoundException'> (0x00000000db0ff828) thrown at [/HUDSON3/workspace/8-2-build-linux-amd64/jdk8u111/7883/hotspot/src/share/vm/prims/jni.cpp, line 709]
Event: 175,476 Thread 0x00007f4b40230000 Exception <a 'java/io/FileNotFoundException'> (0x00000000db484138) thrown at [/HUDSON3/workspace/8-2-build-linux-amd64/jdk8u111/7883/hotspot/src/share/vm/prims/jni.cpp, line 709]
Event: 175,481 Thread 0x00007f4b40230000 Exception <a 'java/io/FileNotFoundException'> (0x00000000db5ce010) thrown at [/HUDSON3/workspace/8-2-build-linux-amd64/jdk8u111/7883/hotspot/src/share/vm/prims/jni.cpp, line 709]
Event: 193,819 Thread 0x00007f4b40230000 Exception <a 'java/io/FileNotFoundException'> (0x00000000dbbf8420) thrown at [/HUDSON3/workspace/8-2-build-linux-amd64/jdk8u111/7883/hotspot/src/share/vm/prims/jni.cpp, line 709]
Event: 193,829 Thread 0x00007f4b40230000 Exception <a 'java/io/FileNotFoundException'> (0x00000000dc034370) thrown at [/HUDSON3/workspace/8-2-build-linux-amd64/jdk8u111/7883/hotspot/src/share/vm/prims/jni.cpp, line 709]
Event: 193,830 Thread 0x00007f4b40230000 Exception <a 'java/io/FileNotFoundException'> (0x00000000dc064200) thrown at [/HUDSON3/workspace/8-2-build-linux-amd64/jdk8u111/7883/hotspot/src/share/vm/prims/jni.cpp, line 709]
Event: 193,835 Thread 0x00007f4b40230000 Implicit null exception at 0x00007f4b31d9e1e1 to 0x00007f4b31d9e8c1

Events (10 events):
Event: 195,335 Thread 0x00007f4b400c8000 flushing nmethod 0x00007f4b31cb5010
Event: 195,335 Thread 0x00007f4b400c8000 flushing nmethod 0x00007f4b31ce4c90
Event: 195,335 Thread 0x00007f4b400c8000 flushing nmethod 0x00007f4b31d08ad0
Event: 195,335 Thread 0x00007f4b400c8000 flushing nmethod 0x00007f4b31d19e50
Event: 195,335 Thread 0x00007f4b400c8000 flushing nmethod 0x00007f4b31d50a90
Event: 200,325 Executing VM operation: RevokeBias
Event: 200,325 Executing VM operation: RevokeBias done
Event: 200,325 Thread 0x00007f4ac8177800 Thread exited: 0x00007f4ac8177800
Event: 3562,299 loading class sun/misc/Signal$1
Event: 3562,300 loading class sun/misc/Signal$1 done


Dynamic libraries:
00400000-00401000 r-xp 00000000 08:12 6171444                            /usr/lib/jvm/java-8-oracle/bin/java
00600000-00601000 rw-p 00000000 08:12 6171444                            /usr/lib/jvm/java-8-oracle/bin/java
00e8d000-00eae000 rw-p 00000000 00:00 0                                  [heap]
85200000-87d00000 rw-p 00000000 00:00 0 
87d00000-d7100000 ---p 00000000 00:00 0 
d7100000-fe500000 rw-p 00000000 00:00 0 
fe500000-100000000 ---p 00000000 00:00 0 
100000000-1002e0000 rw-p 00000000 00:00 0 
1002e0000-140000000 ---p 00000000 00:00 0 
7f4ab8000000-7f4ab8021000 rw-p 00000000 00:00 0 
7f4ab8021000-7f4abc000000 ---p 00000000 00:00 0 
7f4ac0000000-7f4ac02a2000 rw-p 00000000 00:00 0 
7f4ac02a2000-7f4ac4000000 ---p 00000000 00:00 0 
7f4ac4000000-7f4ac4060000 rw-p 00000000 00:00 0 
7f4ac4060000-7f4ac8000000 ---p 00000000 00:00 0 
7f4ac8000000-7f4ac83e9000 rw-p 00000000 00:00 0 
7f4ac83e9000-7f4acc000000 ---p 00000000 00:00 0 
7f4acc000000-7f4acc021000 rw-p 00000000 00:00 0 
7f4acc021000-7f4ad0000000 ---p 00000000 00:00 0 
7f4ad0000000-7f4ad0291000 rw-p 00000000 00:00 0 
7f4ad0291000-7f4ad4000000 ---p 00000000 00:00 0 
7f4ad4000000-7f4ad4021000 rw-p 00000000 00:00 0 
7f4ad4021000-7f4ad8000000 ---p 00000000 00:00 0 
7f4ad8000000-7f4ad8021000 rw-p 00000000 00:00 0 
7f4ad8021000-7f4adc000000 ---p 00000000 00:00 0 
7f4adc000000-7f4adc021000 rw-p 00000000 00:00 0 
7f4adc021000-7f4ae0000000 ---p 00000000 00:00 0 
7f4ae0000000-7f4ae07d7000 rw-p 00000000 00:00 0 
7f4ae07d7000-7f4ae4000000 ---p 00000000 00:00 0 
7f4ae4000000-7f4ae4021000 rw-p 00000000 00:00 0 
7f4ae4021000-7f4ae8000000 ---p 00000000 00:00 0 
7f4ae8000000-7f4ae93b0000 rw-p 00000000 00:00 0 
7f4ae93b0000-7f4aec000000 ---p 00000000 00:00 0 
7f4aec000000-7f4aed20b000 rw-p 00000000 00:00 0 
7f4aed20b000-7f4af0000000 ---p 00000000 00:00 0 
7f4af0000000-7f4af0021000 rw-p 00000000 00:00 0 
7f4af0021000-7f4af4000000 ---p 00000000 00:00 0 
7f4af4000000-7f4af54d7000 rw-p 00000000 00:00 0 
7f4af54d7000-7f4af8000000 ---p 00000000 00:00 0 
7f4af8000000-7f4af8021000 rw-p 00000000 00:00 0 
7f4af8021000-7f4afc000000 ---p 00000000 00:00 0 
7f4afc000000-7f4afc021000 rw-p 00000000 00:00 0 
7f4afc021000-7f4b00000000 ---p 00000000 00:00 0 
7f4b00000000-7f4b00021000 rw-p 00000000 00:00 0 
7f4b00021000-7f4b04000000 ---p 00000000 00:00 0 
7f4b04000000-7f4b04049000 rw-p 00000000 00:00 0 
7f4b04049000-7f4b08000000 ---p 00000000 00:00 0 
7f4b08000000-7f4b08021000 rw-p 00000000 00:00 0 
7f4b08021000-7f4b0c000000 ---p 00000000 00:00 0 
7f4b0c3ee000-7f4b0c46e000 rw-p 00000000 00:00 0 
7f4b0c46e000-7f4b0c5f1000 ---p 00000000 00:00 0 
7f4b0c5f1000-7f4b0c8ef000 rw-p 00000000 00:00 0 
7f4b0c8ef000-7f4b0c8f2000 ---p 00000000 00:00 0 
7f4b0c8f2000-7f4b0cbf0000 rw-p 00000000 00:00 0 
7f4b0cbf0000-7f4b0cdf0000 rw-p 00000000 00:00 0 
7f4b0cdf0000-7f4b0cdf3000 ---p 00000000 00:00 0 
7f4b0cdf3000-7f4b0cef1000 rw-p 00000000 00:00 0 
7f4b0cef1000-7f4b0cef4000 ---p 00000000 00:00 0 
7f4b0cef4000-7f4b0d1f2000 rw-p 00000000 00:00 0 
7f4b0d1f2000-7f4b0d25b000 r-xp 00000000 08:12 6298990                    /usr/lib/jvm/java-8-oracle/jre/lib/amd64/libt2k.so
7f4b0d25b000-7f4b0d45b000 ---p 00069000 08:12 6298990                    /usr/lib/jvm/java-8-oracle/jre/lib/amd64/libt2k.so
7f4b0d45b000-7f4b0d462000 rw-p 00069000 08:12 6298990                    /usr/lib/jvm/java-8-oracle/jre/lib/amd64/libt2k.so
7f4b0d462000-7f4b0d472000 rw-p 00000000 00:00 0 
7f4b0d472000-7f4b0d483000 r-xp 00000000 08:12 6298934                    /usr/lib/jvm/java-8-oracle/jre/lib/amd64/libnio.so
7f4b0d483000-7f4b0d682000 ---p 00011000 08:12 6298934                    /usr/lib/jvm/java-8-oracle/jre/lib/amd64/libnio.so
7f4b0d682000-7f4b0d683000 rw-p 00010000 08:12 6298934                    /usr/lib/jvm/java-8-oracle/jre/lib/amd64/libnio.so
7f4b0d683000-7f4b0d984000 rw-p 00000000 00:00 0 
7f4b0d984000-7f4b0d99a000 r-xp 00000000 08:12 6298909                    /usr/lib/jvm/java-8-oracle/jre/lib/amd64/libnet.so
7f4b0d99a000-7f4b0db9a000 ---p 00016000 08:12 6298909                    /usr/lib/jvm/java-8-oracle/jre/lib/amd64/libnet.so
7f4b0db9a000-7f4b0db9b000 rw-p 00016000 08:12 6298909                    /usr/lib/jvm/java-8-oracle/jre/lib/amd64/libnet.so
7f4b0db9b000-7f4b0dd9b000 rw-p 00000000 00:00 0 
7f4b0dd9b000-7f4b0dd9e000 ---p 00000000 00:00 0 
7f4b0dd9e000-7f4b0de9c000 rw-p 00000000 00:00 0 
7f4b0de9c000-7f4b0de9f000 ---p 00000000 00:00 0 
7f4b0de9f000-7f4b0df9d000 rw-p 00000000 00:00 0 
7f4b0df9d000-7f4b0dfa0000 ---p 00000000 00:00 0 
7f4b0dfa0000-7f4b0e09e000 rw-p 00000000 00:00 0 
7f4b0e09e000-7f4b0e0a3000 r-xp 00000000 08:12 5906680                    /usr/lib/x86_64-linux-gnu/libXfixes.so.3.1.0
7f4b0e0a3000-7f4b0e2a2000 ---p 00005000 08:12 5906680                    /usr/lib/x86_64-linux-gnu/libXfixes.so.3.1.0
7f4b0e2a2000-7f4b0e2a3000 r--p 00004000 08:12 5906680                    /usr/lib/x86_64-linux-gnu/libXfixes.so.3.1.0
7f4b0e2a3000-7f4b0e2a4000 rw-p 00005000 08:12 5906680                    /usr/lib/x86_64-linux-gnu/libXfixes.so.3.1.0
7f4b0e2a4000-7f4b0e2ad000 r-xp 00000000 08:12 5906672                    /usr/lib/x86_64-linux-gnu/libXcursor.so.1.0.2
7f4b0e2ad000-7f4b0e4ac000 ---p 00009000 08:12 5906672                    /usr/lib/x86_64-linux-gnu/libXcursor.so.1.0.2
7f4b0e4ac000-7f4b0e4ad000 r--p 00008000 08:12 5906672                    /usr/lib/x86_64-linux-gnu/libXcursor.so.1.0.2
7f4b0e4ad000-7f4b0e4ae000 rw-p 00009000 08:12 5906672                    /usr/lib/x86_64-linux-gnu/libXcursor.so.1.0.2
7f4b0e4ae000-7f4b0e4c4000 r-xp 00000000 08:12 3019278                    /lib/x86_64-linux-gnu/libgcc_s.so.1
7f4b0e4c4000-7f4b0e6c3000 ---p 00016000 08:12 3019278                    /lib/x86_64-linux-gnu/libgcc_s.so.1
7f4b0e6c3000-7f4b0e6c4000 rw-p 00015000 08:12 3019278                    /lib/x86_64-linux-gnu/libgcc_s.so.1
7f4b0e6c4000-7f4b0e729000 r-xp 00000000 08:12 6298928                    /usr/lib/jvm/java-8-oracle/jre/lib/amd64/libfontmanager.so
7f4b0e729000-7f4b0e928000 ---p 00065000 08:12 6298928                    /usr/lib/jvm/java-8-oracle/jre/lib/amd64/libfontmanager.so
7f4b0e928000-7f4b0e92d000 rw-p 00064000 08:12 6298928                    /usr/lib/jvm/java-8-oracle/jre/lib/amd64/libfontmanager.so
7f4b0e92d000-7f4b0e93d000 rw-p 00000000 00:00 0 
7f4b0e93d000-7f4b0e942000 r-xp 00000000 08:12 5906676                    /usr/lib/x86_64-linux-gnu/libXdmcp.so.6.0.0
7f4b0e942000-7f4b0eb41000 ---p 00005000 08:12 5906676                    /usr/lib/x86_64-linux-gnu/libXdmcp.so.6.0.0
7f4b0eb41000-7f4b0eb42000 r--p 00004000 08:12 5906676                    /usr/lib/x86_64-linux-gnu/libXdmcp.so.6.0.0
7f4b0eb42000-7f4b0eb43000 rw-p 00005000 08:12 5906676                    /usr/lib/x86_64-linux-gnu/libXdmcp.so.6.0.0
7f4b0eb43000-7f4b0eb45000 r-xp 00000000 08:12 5906665                    /usr/lib/x86_64-linux-gnu/libXau.so.6.0.0
7f4b0eb45000-7f4b0ed45000 ---p 00002000 08:12 5906665                    /usr/lib/x86_64-linux-gnu/libXau.so.6.0.0
7f4b0ed45000-7f4b0ed46000 r--p 00002000 08:12 5906665                    /usr/lib/x86_64-linux-gnu/libXau.so.6.0.0
7f4b0ed46000-7f4b0ed47000 rw-p 00003000 08:12 5906665                    /usr/lib/x86_64-linux-gnu/libXau.so.6.0.0
7f4b0ed47000-7f4b0ed68000 r-xp 00000000 08:12 5908043                    /usr/lib/x86_64-linux-gnu/libxcb.so.1.1.0
7f4b0ed68000-7f4b0ef67000 ---p 00021000 08:12 5908043                    /usr/lib/x86_64-linux-gnu/libxcb.so.1.1.0
7f4b0ef67000-7f4b0ef68000 r--p 00020000 08:12 5908043                    /usr/lib/x86_64-linux-gnu/libxcb.so.1.1.0
7f4b0ef68000-7f4b0ef69000 rw-p 00021000 08:12 5908043                    /usr/lib/x86_64-linux-gnu/libxcb.so.1.1.0
7f4b0ef69000-7f4b0ef78000 r-xp 00000000 08:12 5906686                    /usr/lib/x86_64-linux-gnu/libXi.so.6.1.0
7f4b0ef78000-7f4b0f177000 ---p 0000f000 08:12 5906686                    /usr/lib/x86_64-linux-gnu/libXi.so.6.1.0
7f4b0f177000-7f4b0f178000 r--p 0000e000 08:12 5906686                    /usr/lib/x86_64-linux-gnu/libXi.so.6.1.0
7f4b0f178000-7f4b0f179000 rw-p 0000f000 08:12 5906686                    /usr/lib/x86_64-linux-gnu/libXi.so.6.1.0
7f4b0f179000-7f4b0f17e000 r-xp 00000000 08:12 5906704                    /usr/lib/x86_64-linux-gnu/libXtst.so.6.1.0
7f4b0f17e000-7f4b0f37d000 ---p 00005000 08:12 5906704                    /usr/lib/x86_64-linux-gnu/libXtst.so.6.1.0
7f4b0f37d000-7f4b0f37e000 r--p 00004000 08:12 5906704                    /usr/lib/x86_64-linux-gnu/libXtst.so.6.1.0
7f4b0f37e000-7f4b0f37f000 rw-p 00005000 08:12 5906704                    /usr/lib/x86_64-linux-gnu/libXtst.so.6.1.0
7f4b0f37f000-7f4b0f388000 r-xp 00000000 08:12 5906698                    /usr/lib/x86_64-linux-gnu/libXrender.so.1.3.0
7f4b0f388000-7f4b0f587000 ---p 00009000 08:12 5906698                    /usr/lib/x86_64-linux-gnu/libXrender.so.1.3.0
7f4b0f587000-7f4b0f588000 r--p 00008000 08:12 5906698                    /usr/lib/x86_64-linux-gnu/libXrender.so.1.3.0
7f4b0f588000-7f4b0f589000 rw-p 00009000 08:12 5906698                    /usr/lib/x86_64-linux-gnu/libXrender.so.1.3.0
7f4b0f589000-7f4b0f6be000 r-xp 00000000 08:12 5906661                    /usr/lib/x86_64-linux-gnu/libX11.so.6.3.0
7f4b0f6be000-7f4b0f8be000 ---p 00135000 08:12 5906661                    /usr/lib/x86_64-linux-gnu/libX11.so.6.3.0
7f4b0f8be000-7f4b0f8bf000 r--p 00135000 08:12 5906661                    /usr/lib/x86_64-linux-gnu/libX11.so.6.3.0
7f4b0f8bf000-7f4b0f8c3000 rw-p 00136000 08:12 5906661                    /usr/lib/x86_64-linux-gnu/libX11.so.6.3.0
7f4b0f8c3000-7f4b0f8d4000 r-xp 00000000 08:12 5906678                    /usr/lib/x86_64-linux-gnu/libXext.so.6.4.0
7f4b0f8d4000-7f4b0fad3000 ---p 00011000 08:12 5906678                    /usr/lib/x86_64-linux-gnu/libXext.so.6.4.0
7f4b0fad3000-7f4b0fad4000 r--p 00010000 08:12 5906678                    /usr/lib/x86_64-linux-gnu/libXext.so.6.4.0
7f4b0fad4000-7f4b0fad5000 rw-p 00011000 08:12 5906678                    /usr/lib/x86_64-linux-gnu/libXext.so.6.4.0
7f4b0fad5000-7f4b0fb29000 r-xp 00000000 08:12 6298936                    /usr/lib/jvm/java-8-oracle/jre/lib/amd64/libawt_xawt.so
7f4b0fb29000-7f4b0fd29000 ---p 00054000 08:12 6298936                    /usr/lib/jvm/java-8-oracle/jre/lib/amd64/libawt_xawt.so
7f4b0fd29000-7f4b0fd2d000 rw-p 00054000 08:12 6298936                    /usr/lib/jvm/java-8-oracle/jre/lib/amd64/libawt_xawt.so
7f4b0fd2d000-7f4b0fd2e000 rw-p 00000000 00:00 0 
7f4b0fd2e000-7f4b0fdd0000 r-xp 00000000 08:12 6298993                    /usr/lib/jvm/java-8-oracle/jre/lib/amd64/libawt.so
7f4b0fdd0000-7f4b0ffd0000 ---p 000a2000 08:12 6298993                    /usr/lib/jvm/java-8-oracle/jre/lib/amd64/libawt.so
7f4b0ffd0000-7f4b0ffdc000 rw-p 000a2000 08:12 6298993                    /usr/lib/jvm/java-8-oracle/jre/lib/amd64/libawt.so
7f4b0ffdc000-7f4b10000000 rw-p 00000000 00:00 0 
7f4b10000000-7f4b10021000 rw-p 00000000 00:00 0 
7f4b10021000-7f4b14000000 ---p 00000000 00:00 0 
7f4b14000000-7f4b14021000 rw-p 00000000 00:00 0 
7f4b14021000-7f4b18000000 ---p 00000000 00:00 0 
7f4b18000000-7f4b18021000 rw-p 00000000 00:00 0 
7f4b18021000-7f4b1c000000 ---p 00000000 00:00 0 
7f4b1c000000-7f4b1c021000 rw-p 00000000 00:00 0 
7f4b1c021000-7f4b20000000 ---p 00000000 00:00 0 
7f4b20000000-7f4b20021000 rw-p 00000000 00:00 0 
7f4b20021000-7f4b24000000 ---p 00000000 00:00 0 
7f4b24079000-7f4b240d2000 r--s 00564000 08:12 4349296                    /home/imasa/Movie/_Tm142C8Sgti2iAKlDEcEXT2Kj1E/graph.jar
7f4b240d2000-7f4b240ee000 r--s 00393000 08:12 6299016                    /usr/lib/jvm/java-8-oracle/jre/lib/ext/cldrdata.jar
7f4b240ee000-7f4b240f1000 ---p 00000000 00:00 0 
7f4b240f1000-7f4b241ef000 rw-p 00000000 00:00 0 
7f4b241ef000-7f4b241f0000 ---p 00000000 00:00 0 
7f4b241f0000-7f4b242f0000 rw-p 00000000 00:00 0 
7f4b242f0000-7f4b242f3000 ---p 00000000 00:00 0 
7f4b242f3000-7f4b243f1000 rw-p 00000000 00:00 0 
7f4b243f1000-7f4b243f4000 ---p 00000000 00:00 0 
7f4b243f4000-7f4b244f2000 rw-p 00000000 00:00 0 
7f4b244f2000-7f4b244f5000 ---p 00000000 00:00 0 
7f4b244f5000-7f4b245f3000 rw-p 00000000 00:00 0 
7f4b245f3000-7f4b245f6000 ---p 00000000 00:00 0 
7f4b245f6000-7f4b246f4000 rw-p 00000000 00:00 0 
7f4b246f4000-7f4b246f7000 ---p 00000000 00:00 0 
7f4b246f7000-7f4b247f5000 rw-p 00000000 00:00 0 
7f4b247f5000-7f4b247f8000 ---p 00000000 00:00 0 
7f4b247f8000-7f4b248f6000 rw-p 00000000 00:00 0 
7f4b248f6000-7f4b252b5000 r--p 00000000 08:12 5905624                    /usr/lib/locale/locale-archive
7f4b252b5000-7f4b252b8000 ---p 00000000 00:00 0 
7f4b252b8000-7f4b253b6000 rw-p 00000000 00:00 0 
7f4b253b6000-7f4b253b9000 ---p 00000000 00:00 0 
7f4b253b9000-7f4b254b7000 rw-p 00000000 00:00 0 
7f4b254b7000-7f4b254b8000 ---p 00000000 00:00 0 
7f4b254b8000-7f4b271db000 rw-p 00000000 00:00 0 
7f4b271db000-7f4b273b3000 r--s 03d2a000 08:12 6298901                    /usr/lib/jvm/java-8-oracle/jre/lib/rt.jar
7f4b273b3000-7f4b28000000 rw-p 00000000 00:00 0 
7f4b28000000-7f4b28021000 rw-p 00000000 00:00 0 
7f4b28021000-7f4b2c000000 ---p 00000000 00:00 0 
7f4b2c009000-7f4b2c011000 r--s 000b7000 08:12 4349297                    /home/imasa/Movie/_v6z8CVgemqMI6Bledpc7F1j0pVY/community.jar
7f4b2c011000-7f4b2fdd0000 rw-p 00000000 00:00 0 
7f4b2fdd0000-7f4b2fdd1000 ---p 00000000 00:00 0 
7f4b2fdd1000-7f4b2fed1000 rw-p 00000000 00:00 0 
7f4b2fed1000-7f4b2fed2000 ---p 00000000 00:00 0 
7f4b2fed2000-7f4b2ffd2000 rw-p 00000000 00:00 0 
7f4b2ffd2000-7f4b2ffd3000 ---p 00000000 00:00 0 
7f4b2ffd3000-7f4b300d3000 rw-p 00000000 00:00 0 
7f4b300d3000-7f4b300d4000 ---p 00000000 00:00 0 
7f4b300d4000-7f4b301d4000 rw-p 00000000 00:00 0 
7f4b301d4000-7f4b301d5000 ---p 00000000 00:00 0 
7f4b301d5000-7f4b302d5000 rw-p 00000000 00:00 0 
7f4b302d5000-7f4b302d6000 ---p 00000000 00:00 0 
7f4b302d6000-7f4b303d6000 rw-p 00000000 00:00 0 
7f4b303d6000-7f4b303d7000 ---p 00000000 00:00 0 
7f4b303d7000-7f4b304d7000 rw-p 00000000 00:00 0 
7f4b304d7000-7f4b304d8000 ---p 00000000 00:00 0 
7f4b304d8000-7f4b305ee000 rw-p 00000000 00:00 0 
7f4b305ee000-7f4b30868000 ---p 00000000 00:00 0 
7f4b30868000-7f4b3087e000 rw-p 00000000 00:00 0 
7f4b3087e000-7f4b30af7000 ---p 00000000 00:00 0 
7f4b30af7000-7f4b30c32000 rw-p 00000000 00:00 0 
7f4b30c32000-7f4b30c3f000 ---p 00000000 00:00 0 
7f4b30c3f000-7f4b30c79000 rw-p 00000000 00:00 0 
7f4b30c79000-7f4b31000000 ---p 00000000 00:00 0 
7f4b31000000-7f4b31e20000 rwxp 00000000 00:00 0 
7f4b31e20000-7f4b40000000 ---p 00000000 00:00 0 
7f4b40000000-7f4b40232000 rw-p 00000000 00:00 0 
7f4b40232000-7f4b44000000 ---p 00000000 00:00 0 
7f4b44005000-7f4b4401f000 r-xp 00000000 08:12 6298932                    /usr/lib/jvm/java-8-oracle/jre/lib/amd64/libzip.so
7f4b4401f000-7f4b4421f000 ---p 0001a000 08:12 6298932                    /usr/lib/jvm/java-8-oracle/jre/lib/amd64/libzip.so
7f4b4421f000-7f4b44220000 rw-p 0001a000 08:12 6298932                    /usr/lib/jvm/java-8-oracle/jre/lib/amd64/libzip.so
7f4b44220000-7f4b4422b000 r-xp 00000000 08:12 3014746                    /lib/x86_64-linux-gnu/libnss_files-2.23.so
7f4b4422b000-7f4b4442a000 ---p 0000b000 08:12 3014746                    /lib/x86_64-linux-gnu/libnss_files-2.23.so
7f4b4442a000-7f4b4442b000 r--p 0000a000 08:12 3014746                    /lib/x86_64-linux-gnu/libnss_files-2.23.so
7f4b4442b000-7f4b4442c000 rw-p 0000b000 08:12 3014746                    /lib/x86_64-linux-gnu/libnss_files-2.23.so
7f4b4442c000-7f4b44432000 rw-p 00000000 00:00 0 
7f4b44432000-7f4b4443d000 r-xp 00000000 08:12 3014743                    /lib/x86_64-linux-gnu/libnss_nis-2.23.so
7f4b4443d000-7f4b4463c000 ---p 0000b000 08:12 3014743                    /lib/x86_64-linux-gnu/libnss_nis-2.23.so
7f4b4463c000-7f4b4463d000 r--p 0000a000 08:12 3014743                    /lib/x86_64-linux-gnu/libnss_nis-2.23.so
7f4b4463d000-7f4b4463e000 rw-p 0000b000 08:12 3014743                    /lib/x86_64-linux-gnu/libnss_nis-2.23.so
7f4b4463e000-7f4b44654000 r-xp 00000000 08:12 3014741                    /lib/x86_64-linux-gnu/libnsl-2.23.so
7f4b44654000-7f4b44853000 ---p 00016000 08:12 3014741                    /lib/x86_64-linux-gnu/libnsl-2.23.so
7f4b44853000-7f4b44854000 r--p 00015000 08:12 3014741                    /lib/x86_64-linux-gnu/libnsl-2.23.so
7f4b44854000-7f4b44855000 rw-p 00016000 08:12 3014741                    /lib/x86_64-linux-gnu/libnsl-2.23.so
7f4b44855000-7f4b44857000 rw-p 00000000 00:00 0 
7f4b44857000-7f4b4485f000 r-xp 00000000 08:12 3014739                    /lib/x86_64-linux-gnu/libnss_compat-2.23.so
7f4b4485f000-7f4b44a5e000 ---p 00008000 08:12 3014739                    /lib/x86_64-linux-gnu/libnss_compat-2.23.so
7f4b44a5e000-7f4b44a5f000 r--p 00007000 08:12 3014739                    /lib/x86_64-linux-gnu/libnss_compat-2.23.so
7f4b44a5f000-7f4b44a60000 rw-p 00008000 08:12 3014739                    /lib/x86_64-linux-gnu/libnss_compat-2.23.so
7f4b44a60000-7f4b44a8b000 r-xp 00000000 08:12 6298983                    /usr/lib/jvm/java-8-oracle/jre/lib/amd64/libjava.so
7f4b44a8b000-7f4b44c8a000 ---p 0002b000 08:12 6298983                    /usr/lib/jvm/java-8-oracle/jre/lib/amd64/libjava.so
7f4b44c8a000-7f4b44c8c000 rw-p 0002a000 08:12 6298983                    /usr/lib/jvm/java-8-oracle/jre/lib/amd64/libjava.so
7f4b44c8c000-7f4b44c99000 r-xp 00000000 08:12 6298910                    /usr/lib/jvm/java-8-oracle/jre/lib/amd64/libverify.so
7f4b44c99000-7f4b44e98000 ---p 0000d000 08:12 6298910                    /usr/lib/jvm/java-8-oracle/jre/lib/amd64/libverify.so
7f4b44e98000-7f4b44e9a000 rw-p 0000c000 08:12 6298910                    /usr/lib/jvm/java-8-oracle/jre/lib/amd64/libverify.so
7f4b44e9a000-7f4b44ea1000 r-xp 00000000 08:12 3014756                    /lib/x86_64-linux-gnu/librt-2.23.so
7f4b44ea1000-7f4b450a0000 ---p 00007000 08:12 3014756                    /lib/x86_64-linux-gnu/librt-2.23.so
7f4b450a0000-7f4b450a1000 r--p 00006000 08:12 3014756                    /lib/x86_64-linux-gnu/librt-2.23.so
7f4b450a1000-7f4b450a2000 rw-p 00007000 08:12 3014756                    /lib/x86_64-linux-gnu/librt-2.23.so
7f4b450a2000-7f4b451aa000 r-xp 00000000 08:12 3014752                    /lib/x86_64-linux-gnu/libm-2.23.so
7f4b451aa000-7f4b453a9000 ---p 00108000 08:12 3014752                    /lib/x86_64-linux-gnu/libm-2.23.so
7f4b453a9000-7f4b453aa000 r--p 00107000 08:12 3014752                    /lib/x86_64-linux-gnu/libm-2.23.so
7f4b453aa000-7f4b453ab000 rw-p 00108000 08:12 3014752                    /lib/x86_64-linux-gnu/libm-2.23.so
7f4b453ab000-7f4b46078000 r-xp 00000000 08:12 6298987                    /usr/lib/jvm/java-8-oracle/jre/lib/amd64/server/libjvm.so
7f4b46078000-7f4b46277000 ---p 00ccd000 08:12 6298987                    /usr/lib/jvm/java-8-oracle/jre/lib/amd64/server/libjvm.so
7f4b46277000-7f4b46350000 rw-p 00ccc000 08:12 6298987                    /usr/lib/jvm/java-8-oracle/jre/lib/amd64/server/libjvm.so
7f4b46350000-7f4b4639b000 rw-p 00000000 00:00 0 
7f4b4639b000-7f4b4655a000 r-xp 00000000 08:12 3014997                    /lib/x86_64-linux-gnu/libc-2.23.so
7f4b4655a000-7f4b4675a000 ---p 001bf000 08:12 3014997                    /lib/x86_64-linux-gnu/libc-2.23.so
7f4b4675a000-7f4b4675e000 r--p 001bf000 08:12 3014997                    /lib/x86_64-linux-gnu/libc-2.23.so
7f4b4675e000-7f4b46760000 rw-p 001c3000 08:12 3014997                    /lib/x86_64-linux-gnu/libc-2.23.so
7f4b46760000-7f4b46764000 rw-p 00000000 00:00 0 
7f4b46764000-7f4b46767000 r-xp 00000000 08:12 3014998                    /lib/x86_64-linux-gnu/libdl-2.23.so
7f4b46767000-7f4b46966000 ---p 00003000 08:12 3014998                    /lib/x86_64-linux-gnu/libdl-2.23.so
7f4b46966000-7f4b46967000 r--p 00002000 08:12 3014998                    /lib/x86_64-linux-gnu/libdl-2.23.so
7f4b46967000-7f4b46968000 rw-p 00003000 08:12 3014998                    /lib/x86_64-linux-gnu/libdl-2.23.so
7f4b46968000-7f4b4697d000 r-xp 00000000 08:12 6296869                    /usr/lib/jvm/java-8-oracle/lib/amd64/jli/libjli.so
7f4b4697d000-7f4b46b7d000 ---p 00015000 08:12 6296869                    /usr/lib/jvm/java-8-oracle/lib/amd64/jli/libjli.so
7f4b46b7d000-7f4b46b7e000 rw-p 00015000 08:12 6296869                    /usr/lib/jvm/java-8-oracle/lib/amd64/jli/libjli.so
7f4b46b7e000-7f4b46b96000 r-xp 00000000 08:12 3014996                    /lib/x86_64-linux-gnu/libpthread-2.23.so
7f4b46b96000-7f4b46d95000 ---p 00018000 08:12 3014996                    /lib/x86_64-linux-gnu/libpthread-2.23.so
7f4b46d95000-7f4b46d96000 r--p 00017000 08:12 3014996                    /lib/x86_64-linux-gnu/libpthread-2.23.so
7f4b46d96000-7f4b46d97000 rw-p 00018000 08:12 3014996                    /lib/x86_64-linux-gnu/libpthread-2.23.so
7f4b46d97000-7f4b46d9b000 rw-p 00000000 00:00 0 
7f4b46d9b000-7f4b46dc1000 r-xp 00000000 08:12 3014993                    /lib/x86_64-linux-gnu/ld-2.23.so
7f4b46dc6000-7f4b46dcd000 r--s 0005d000 08:12 4199808                    /home/imasa/.m2/repository/org/apache/commons/commons-compress/1.10/commons-compress-1.10.jar
7f4b46dcd000-7f4b46dd4000 r--s 0003f000 08:12 4199806                    /home/imasa/.m2/repository/commons-codec/commons-codec/1.10/commons-codec-1.10.jar
7f4b46dd4000-7f4b46e9f000 rw-p 00000000 00:00 0 
7f4b46e9f000-7f4b46ea2000 ---p 00000000 00:00 0 
7f4b46ea2000-7f4b46fa4000 rw-p 00000000 00:00 0 
7f4b46fa4000-7f4b46fa6000 r--s 00006000 08:12 4326904                    /home/imasa/Movie/_35a4Gr4U9MGmswmMRFtgK2erNo8/movies.jar
7f4b46fa6000-7f4b46faa000 r--s 00097000 08:12 6297570                    /usr/lib/jvm/java-8-oracle/jre/lib/jsse.jar
7f4b46faa000-7f4b46fb4000 r--s 00116000 08:12 6299013                    /usr/lib/jvm/java-8-oracle/jre/lib/ext/localedata.jar
7f4b46fb4000-7f4b46fbc000 rw-s 00000000 08:12 3277232                    /tmp/hsperfdata_imasa/5662
7f4b46fbc000-7f4b46fbd000 rw-p 00000000 00:00 0 
7f4b46fbd000-7f4b46fbe000 r--p 00000000 00:00 0 
7f4b46fbe000-7f4b46fc0000 rw-p 00000000 00:00 0 
7f4b46fc0000-7f4b46fc1000 r--p 00025000 08:12 3014993                    /lib/x86_64-linux-gnu/ld-2.23.so
7f4b46fc1000-7f4b46fc2000 rw-p 00026000 08:12 3014993                    /lib/x86_64-linux-gnu/ld-2.23.so
7f4b46fc2000-7f4b46fc3000 rw-p 00000000 00:00 0 
7fffb552a000-7fffb554b000 rw-p 00000000 00:00 0                          [stack]
7fffb5576000-7fffb5578000 r--p 00000000 00:00 0                          [vvar]
7fffb5578000-7fffb557a000 r-xp 00000000 00:00 0                          [vdso]
ffffffffff600000-ffffffffff601000 r-xp 00000000 00:00 0                  [vsyscall]

VM Arguments:
jvm_args: -Dfile.encoding=UTF-8 
java_command: gdt.jgui.console.JMainConsole
java_class_path (initial): /home/imasa/github/JEntigrator/target/classes:/home/imasa/.m2/repository/commons-codec/commons-codec/1.10/commons-codec-1.10.jar:/home/imasa/.m2/repository/org/apache/commons/commons-compress/1.10/commons-compress-1.10.jar
Launcher Type: SUN_STANDARD

Environment Variables:
JAVA_HOME=/usr/lib/jvm/java-8-oracle
PATH=/home/imasa/bin:/home/imasa/.local/bin:/usr/local/sbin:/usr/local/bin:/usr/sbin:/usr/bin:/sbin:/bin:/usr/games:/usr/local/games:/snap/bin:/usr/lib/jvm/java-8-oracle/bin:/usr/lib/jvm/java-8-oracle/db/bin:/usr/lib/jvm/java-8-oracle/jre/bin
SHELL=/bin/bash
DISPLAY=:0

Signal Handlers:
SIGSEGV: [libjvm.so+0xac64b0], sa_mask[0]=11111111011111111101111111111110, sa_flags=SA_RESTART|SA_SIGINFO
SIGBUS: [libjvm.so+0xac64b0], sa_mask[0]=11111111011111111101111111111110, sa_flags=SA_RESTART|SA_SIGINFO
SIGFPE: [libjvm.so+0x91f950], sa_mask[0]=11111111011111111101111111111110, sa_flags=SA_RESTART|SA_SIGINFO
SIGPIPE: [libjvm.so+0x91f950], sa_mask[0]=11111111011111111101111111111110, sa_flags=SA_RESTART|SA_SIGINFO
SIGXFSZ: [libjvm.so+0x91f950], sa_mask[0]=11111111011111111101111111111110, sa_flags=SA_RESTART|SA_SIGINFO
SIGILL: [libjvm.so+0x91f950], sa_mask[0]=11111111011111111101111111111110, sa_flags=SA_RESTART|SA_SIGINFO
SIGUSR1: SIG_DFL, sa_mask[0]=00000000000000000000000000000000, sa_flags=none
SIGUSR2: [libjvm.so+0x920f80], sa_mask[0]=00100000000000000000000000000000, sa_flags=SA_RESTART|SA_SIGINFO
SIGHUP: [libjvm.so+0x922380], sa_mask[0]=11111111011111111101111111111110, sa_flags=SA_RESTART|SA_SIGINFO
SIGINT: [libjvm.so+0x922380], sa_mask[0]=11111111011111111101111111111110, sa_flags=SA_RESTART|SA_SIGINFO
SIGTERM: [libjvm.so+0x922380], sa_mask[0]=11111111011111111101111111111110, sa_flags=SA_RESTART|SA_SIGINFO
SIGQUIT: [libjvm.so+0x922380], sa_mask[0]=11111111011111111101111111111110, sa_flags=SA_RESTART|SA_SIGINFO


---------------  S Y S T E M  ---------------

OS:DISTRIB_ID=Ubuntu
DISTRIB_RELEASE=16.04
DISTRIB_CODENAME=xenial
DISTRIB_DESCRIPTION="Ubuntu 16.04.1 LTS"

uname:Linux 4.4.0-53-generic #74-Ubuntu SMP Fri Dec 2 15:59:10 UTC 2016 x86_64
libc:glibc 2.23 NPTL 2.23 
rlimit: STACK 8192k, CORE 0k, NPROC 30392, NOFILE 65536, AS infinity
load average:0,11 0,11 0,09

/proc/meminfo:
MemTotal:        8050160 kB
MemFree:         2593728 kB
MemAvailable:    3871956 kB
Buffers:          107900 kB
Cached:          1657216 kB
SwapCached:            0 kB
Active:          4212408 kB
Inactive:         980140 kB
Active(anon):    3442760 kB
Inactive(anon):   310704 kB
Active(file):     769648 kB
Inactive(file):   669436 kB
Unevictable:           0 kB
Mlocked:               0 kB
SwapTotal:       8263676 kB
SwapFree:        8263676 kB
Dirty:               168 kB
Writeback:             0 kB
AnonPages:       3426792 kB
Mapped:           338332 kB
Shmem:            325908 kB
Slab:             161992 kB
SReclaimable:     117128 kB
SUnreclaim:        44864 kB
KernelStack:       12032 kB
PageTables:        23820 kB
NFS_Unstable:          0 kB
Bounce:                0 kB
WritebackTmp:          0 kB
CommitLimit:    12288756 kB
Committed_AS:    6391940 kB
VmallocTotal:   34359738367 kB
VmallocUsed:           0 kB
VmallocChunk:          0 kB
HardwareCorrupted:     0 kB
AnonHugePages:   2799616 kB
CmaTotal:              0 kB
CmaFree:               0 kB
HugePages_Total:       0
HugePages_Free:        0
HugePages_Rsvd:        0
HugePages_Surp:        0
Hugepagesize:       2048 kB
DirectMap4k:      133580 kB
DirectMap2M:     6033408 kB
DirectMap1G:     3145728 kB


CPU:total 8 (4 cores per cpu, 2 threads per core) family 6 model 60 stepping 3, cmov, cx8, fxsr, mmx, sse, sse2, sse3, ssse3, sse4.1, sse4.2, popcnt, avx, avx2, aes, clmul, erms, lzcnt, ht, tsc, tscinvbit, bmi1, bmi2

/proc/cpuinfo:
processor	: 0
vendor_id	: GenuineIntel
cpu family	: 6
model		: 60
model name	: Intel(R) Core(TM) i7-4770 CPU @ 3.40GHz
stepping	: 3
microcode	: 0x1e
cpu MHz		: 3699.890
cache size	: 8192 KB
physical id	: 0
siblings	: 8
core id		: 0
cpu cores	: 4
apicid		: 0
initial apicid	: 0
fpu		: yes
fpu_exception	: yes
cpuid level	: 13
wp		: yes
flags		: fpu vme de pse tsc msr pae mce cx8 apic sep mtrr pge mca cmov pat pse36 clflush dts acpi mmx fxsr sse sse2 ss ht tm pbe syscall nx pdpe1gb rdtscp lm constant_tsc arch_perfmon pebs bts rep_good nopl xtopology nonstop_tsc aperfmperf eagerfpu pni pclmulqdq dtes64 monitor ds_cpl vmx smx est tm2 ssse3 sdbg fma cx16 xtpr pdcm pcid sse4_1 sse4_2 x2apic movbe popcnt tsc_deadline_timer aes xsave avx f16c rdrand lahf_lm abm tpr_shadow vnmi flexpriority ept vpid fsgsbase tsc_adjust bmi1 avx2 smep bmi2 erms invpcid xsaveopt dtherm ida arat pln pts
bugs		:
bogomips	: 6800.46
clflush size	: 64
cache_alignment	: 64
address sizes	: 39 bits physical, 48 bits virtual
power management:

processor	: 1
vendor_id	: GenuineIntel
cpu family	: 6
model		: 60
model name	: Intel(R) Core(TM) i7-4770 CPU @ 3.40GHz
stepping	: 3
microcode	: 0x1e
cpu MHz		: 3699.890
cache size	: 8192 KB
physical id	: 0
siblings	: 8
core id		: 1
cpu cores	: 4
apicid		: 2
initial apicid	: 2
fpu		: yes
fpu_exception	: yes
cpuid level	: 13
wp		: yes
flags		: fpu vme de pse tsc msr pae mce cx8 apic sep mtrr pge mca cmov pat pse36 clflush dts acpi mmx fxsr sse sse2 ss ht tm pbe syscall nx pdpe1gb rdtscp lm constant_tsc arch_perfmon pebs bts rep_good nopl xtopology nonstop_tsc aperfmperf eagerfpu pni pclmulqdq dtes64 monitor ds_cpl vmx smx est tm2 ssse3 sdbg fma cx16 xtpr pdcm pcid sse4_1 sse4_2 x2apic movbe popcnt tsc_deadline_timer aes xsave avx f16c rdrand lahf_lm abm tpr_shadow vnmi flexpriority ept vpid fsgsbase tsc_adjust bmi1 avx2 smep bmi2 erms invpcid xsaveopt dtherm ida arat pln pts
bugs		:
bogomips	: 6800.46
clflush size	: 64
cache_alignment	: 64
address sizes	: 39 bits physical, 48 bits virtual
power management:

processor	: 2
vendor_id	: GenuineIntel
cpu family	: 6
model		: 60
model name	: Intel(R) Core(TM) i7-4770 CPU @ 3.40GHz
stepping	: 3
microcode	: 0x1e
cpu MHz		: 3699.890
cache size	: 8192 KB
physical id	: 0
siblings	: 8
core id		: 2
cpu cores	: 4
apicid		: 4
initial apicid	: 4
fpu		: yes
fpu_exception	: yes
cpuid level	: 13
wp		: yes
flags		: fpu vme de pse tsc msr pae mce cx8 apic sep mtrr pge mca cmov pat pse36 clflush dts acpi mmx fxsr sse sse2 ss ht tm pbe syscall nx pdpe1gb rdtscp lm constant_tsc arch_perfmon pebs bts rep_good nopl xtopology nonstop_tsc aperfmperf eagerfpu pni pclmulqdq dtes64 monitor ds_cpl vmx smx est tm2 ssse3 sdbg fma cx16 xtpr pdcm pcid sse4_1 sse4_2 x2apic movbe popcnt tsc_deadline_timer aes xsave avx f16c rdrand lahf_lm abm tpr_shadow vnmi flexpriority ept vpid fsgsbase tsc_adjust bmi1 avx2 smep bmi2 erms invpcid xsaveopt dtherm ida arat pln pts
bugs		:
bogomips	: 6800.46
clflush size	: 64
cache_alignment	: 64
address sizes	: 39 bits physical, 48 bits virtual
power management:

processor	: 3
vendor_id	: GenuineIntel
cpu family	: 6
model		: 60
model name	: Intel(R) Core(TM) i7-4770 CPU @ 3.40GHz
stepping	: 3
microcode	: 0x1e
cpu MHz		: 3699.890
cache size	: 8192 KB
physical id	: 0
siblings	: 8
core id		: 3
cpu cores	: 4
apicid		: 6
initial apicid	: 6
fpu		: yes
fpu_exception	: yes
cpuid level	: 13
wp		: yes
flags		: fpu vme de pse tsc msr pae mce cx8 apic sep mtrr pge mca cmov pat pse36 clflush dts acpi mmx fxsr sse sse2 ss ht tm pbe syscall nx pdpe1gb rdtscp lm constant_tsc arch_perfmon pebs bts rep_good nopl xtopology nonstop_tsc aperfmperf eagerfpu pni pclmulqdq dtes64 monitor ds_cpl vmx smx est tm2 ssse3 sdbg fma cx16 xtpr pdcm pcid sse4_1 sse4_2 x2apic movbe popcnt tsc_deadline_timer aes xsave avx f16c rdrand lahf_lm abm tpr_shadow vnmi flexpriority ept vpid fsgsbase tsc_adjust bmi1 avx2 smep bmi2 erms invpcid xsaveopt dtherm ida arat pln pts
bugs		:
bogomips	: 6800.46
clflush size	: 64
cache_alignment	: 64
address sizes	: 39 bits physical, 48 bits virtual
power management:

processor	: 4
vendor_id	: GenuineIntel
cpu family	: 6
model		: 60
model name	: Intel(R) Core(TM) i7-4770 CPU @ 3.40GHz
stepping	: 3
microcode	: 0x1e
cpu MHz		: 3699.890
cache size	: 8192 KB
physical id	: 0
siblings	: 8
core id		: 0
cpu cores	: 4
apicid		: 1
initial apicid	: 1
fpu		: yes
fpu_exception	: yes
cpuid level	: 13
wp		: yes
flags		: fpu vme de pse tsc msr pae mce cx8 apic sep mtrr pge mca cmov pat pse36 clflush dts acpi mmx fxsr sse sse2 ss ht tm pbe syscall nx pdpe1gb rdtscp lm constant_tsc arch_perfmon pebs bts rep_good nopl xtopology nonstop_tsc aperfmperf eagerfpu pni pclmulqdq dtes64 monitor ds_cpl vmx smx est tm2 ssse3 sdbg fma cx16 xtpr pdcm pcid sse4_1 sse4_2 x2apic movbe popcnt tsc_deadline_timer aes xsave avx f16c rdrand lahf_lm abm tpr_shadow vnmi flexpriority ept vpid fsgsbase tsc_adjust bmi1 avx2 smep bmi2 erms invpcid xsaveopt dtherm ida arat pln pts
bugs		:
bogomips	: 6800.46
clflush size	: 64
cache_alignment	: 64
address sizes	: 39 bits physical, 48 bits virtual
power management:

processor	: 5
vendor_id	: GenuineIntel
cpu family	: 6
model		: 60
model name	: Intel(R) Core(TM) i7-4770 CPU @ 3.40GHz
stepping	: 3
microcode	: 0x1e
cpu MHz		: 3699.890
cache size	: 8192 KB
physical id	: 0
siblings	: 8
core id		: 1
cpu cores	: 4
apicid		: 3
initial apicid	: 3
fpu		: yes
fpu_exception	: yes
cpuid level	: 13
wp		: yes
flags		: fpu vme de pse tsc msr pae mce cx8 apic sep mtrr pge mca cmov pat pse36 clflush dts acpi mmx fxsr sse sse2 ss ht tm pbe syscall nx pdpe1gb rdtscp lm constant_tsc arch_perfmon pebs bts rep_good nopl xtopology nonstop_tsc aperfmperf eagerfpu pni pclmulqdq dtes64 monitor ds_cpl vmx smx est tm2 ssse3 sdbg fma cx16 xtpr pdcm pcid sse4_1 sse4_2 x2apic movbe popcnt tsc_deadline_timer aes xsave avx f16c rdrand lahf_lm abm tpr_shadow vnmi flexpriority ept vpid fsgsbase tsc_adjust bmi1 avx2 smep bmi2 erms invpcid xsaveopt dtherm ida arat pln pts
bugs		:
bogomips	: 6800.46
clflush size	: 64
cache_alignment	: 64
address sizes	: 39 bits physical, 48 bits virtual
power management:

processor	: 6
vendor_id	: GenuineIntel
cpu family	: 6
model		: 60
model name	: Intel(R) Core(TM) i7-4770 CPU @ 3.40GHz
stepping	: 3
microcode	: 0x1e
cpu MHz		: 3699.890
cache size	: 8192 KB
physical id	: 0
siblings	: 8
core id		: 2
cpu cores	: 4
apicid		: 5
initial apicid	: 5
fpu		: yes
fpu_exception	: yes
cpuid level	: 13
wp		: yes
flags		: fpu vme de pse tsc msr pae mce cx8 apic sep mtrr pge mca cmov pat pse36 clflush dts acpi mmx fxsr sse sse2 ss ht tm pbe syscall nx pdpe1gb rdtscp lm constant_tsc arch_perfmon pebs bts rep_good nopl xtopology nonstop_tsc aperfmperf eagerfpu pni pclmulqdq dtes64 monitor ds_cpl vmx smx est tm2 ssse3 sdbg fma cx16 xtpr pdcm pcid sse4_1 sse4_2 x2apic movbe popcnt tsc_deadline_timer aes xsave avx f16c rdrand lahf_lm abm tpr_shadow vnmi flexpriority ept vpid fsgsbase tsc_adjust bmi1 avx2 smep bmi2 erms invpcid xsaveopt dtherm ida arat pln pts
bugs		:
bogomips	: 6800.46
clflush size	: 64
cache_alignment	: 64
address sizes	: 39 bits physical, 48 bits virtual
power management:

processor	: 7
vendor_id	: GenuineIntel
cpu family	: 6
model		: 60
model name	: Intel(R) Core(TM) i7-4770 CPU @ 3.40GHz
stepping	: 3
microcode	: 0x1e
cpu MHz		: 3699.890
cache size	: 8192 KB
physical id	: 0
siblings	: 8
core id		: 3
cpu cores	: 4
apicid		: 7
initial apicid	: 7
fpu		: yes
fpu_exception	: yes
cpuid level	: 13
wp		: yes
flags		: fpu vme de pse tsc msr pae mce cx8 apic sep mtrr pge mca cmov pat pse36 clflush dts acpi mmx fxsr sse sse2 ss ht tm pbe syscall nx pdpe1gb rdtscp lm constant_tsc arch_perfmon pebs bts rep_good nopl xtopology nonstop_tsc aperfmperf eagerfpu pni pclmulqdq dtes64 monitor ds_cpl vmx smx est tm2 ssse3 sdbg fma cx16 xtpr pdcm pcid sse4_1 sse4_2 x2apic movbe popcnt tsc_deadline_timer aes xsave avx f16c rdrand lahf_lm abm tpr_shadow vnmi flexpriority ept vpid fsgsbase tsc_adjust bmi1 avx2 smep bmi2 erms invpcid xsaveopt dtherm ida arat pln pts
bugs		:
bogomips	: 6800.46
clflush size	: 64
cache_alignment	: 64
address sizes	: 39 bits physical, 48 bits virtual
power management:



Memory: 4k page, physical 8050160k(2593728k free), swap 8263676k(8263676k free)

vm_info: Java HotSpot(TM) 64-Bit Server VM (25.111-b14) for linux-amd64 JRE (1.8.0_111-b14), built on Sep 22 2016 16:14:03 by "java_re" with gcc 4.3.0 20080428 (Red Hat 4.3.0-8)

time: Fri Dec 16 00:39:41 2016
elapsed time: 3562 seconds (0d 0h 59m 22s)

