#
# A fatal error has been detected by the Java Runtime Environment:
#
#  SIGSEGV (0xb) at pc=0x00007fcddd069a7a, pid=12930, tid=0x00007fcdc46fb700
#
# JRE version: Java(TM) SE Runtime Environment (8.0_111-b14) (build 1.8.0_111-b14)
# Java VM: Java HotSpot(TM) 64-Bit Server VM (25.111-b14 mixed mode linux-amd64 compressed oops)
# Problematic frame:
# v  ~BufferBlob::jni_fast_GetLongField
#
# Failed to write core dump. Core dumps have been disabled. To enable core dumping, try "ulimit -c unlimited" before starting Java again
#
# If you would like to submit a bug report, please visit:
#   http://bugreport.java.com/bugreport/crash.jsp
# The crash happened outside the Java Virtual Machine in native code.
# See problematic frame for where to report the bug.
#

---------------  T H R E A D  ---------------

Current thread (0x00007fcdec208000):  JavaThread "AWT-XAWT" daemon [_thread_in_native, id=12956, stack(0x00007fcdc45fb000,0x00007fcdc46fc000)]

siginfo: si_signo: 11 (SIGSEGV), si_code: 1 (SEGV_MAPERR), si_addr: 0x0000000000000000

Registers:
RAX=0x00007fcdf4584520, RBX=0x00007fcdec2081f8, RCX=0x00007fcdf4feb2c0, RDX=0x0000000000000042
RSP=0x00007fcdc46fa688, RBP=0x00007fcdc46fa6b0, RSI=0x0000000000000000, RDI=0x00007fcdec2081f8
R8 =0x00000000d96dcc78, R9 =0x0000000000000000, R10=0x0000000000000204, R11=0x0000000000000320
R12=0x00007fcd70160d80, R13=0x0000000000000000, R14=0x00007fcdc648c7e0, R15=0x00007fcdec208000
RIP=0x00007fcddd069a7a, EFLAGS=0x0000000000010246, CSGSFS=0x0000000000000033, ERR=0x0000000000000004
  TRAPNO=0x000000000000000e

Top of Stack: (sp=0x00007fcdc46fa688)
0x00007fcdc46fa688:   00007fcdc626aee1 00007fcdbede2060
0x00007fcdc46fa698:   00007fcd70160d80 00007fcddd5cf184
0x00007fcdc46fa6a8:   00007fcdc46fa730 0000000000000000
0x00007fcdc46fa6b8:   00007fcdc5d4c3c0 00007fcdbede2060
0x00007fcdc46fa6c8:   00007fcdc46fa6f0 0000000000000000
0x00007fcdc46fa6d8:   00007fcdc5d43f93 00007fcddd5cf184
0x00007fcdc46fa6e8:   00007fcdc626411f 00007fcdc46fa740
0x00007fcdc46fa6f8:   00007fcddd5c23b6 00000000d9500550
0x00007fcdc46fa708:   00000000d96dc328 00000000d95f1270
0x00007fcdc46fa718:   00000000d88402e8 00000000d96dca50
0x00007fcdc46fa728:   00000000d8840328 0000000085200f28
0x00007fcdc46fa738:   0000000000000202 00007fcdc46fa980
0x00007fcdc46fa748:   00007fcddd64d97c 00007fcdec1a1428
0x00007fcdc46fa758:   00000000000003d8 00007fcdec207aa0
0x00007fcdc46fa768:   00007fcd78000020 0000000000000040
0x00007fcdc46fa778:   0000000000000040 00007fcddd649810
0x00007fcdc46fa788:   0000000000000000 00007fcdc46fa830
0x00007fcdc46fa798:   00007fcdf46735d4 00007fcdc46fa8f0
0x00007fcdc46fa7a8:   00007fcdf4587284 00007fcdc46fa7f0
0x00007fcdc46fa7b8:   00007fcdf3f1bbd5 00000004c46fa800
0x00007fcdc46fa7c8:   00007fcdc46fa830 0000000000000040
0x00007fcdc46fa7d8:   00007fcdc46fa830 0000000000000040
0x00007fcdc46fa7e8:   00007fcddd649810 00007fcdc46fa890
0x00007fcdc46fa7f8:   00007fcdf3fc1a95 00007fcdc46fa8b0
0x00007fcdc46fa808:   00000000dd020b98 00007fcddd0055d0
0x00007fcdc46fa818:   00000000d9500838 00000000d951f0d0
0x00007fcdc46fa828:   00000000d9500838 0000000000000000
0x00007fcdc46fa838:   00000000d951f0d0 00000000d951f0d0
0x00007fcdc46fa848:   00000000d9500838 00000000d9500838
0x00007fcdc46fa858:   00000000d951f0d0 0000000000000000
0x00007fcdc46fa868:   0000000085200d18 0000000085200d30
0x00007fcdc46fa878:   00000000d95208f8 00007fcd78002da0 

Instructions: (pc=0x00007fcddd069a7a)
0x00007fcddd069a5a:   00 00 00 00 00 00 44 8b 15 21 a5 55 17 4c 8b ce
0x00007fcddd069a6a:   41 f6 c2 01 0f 85 2e 00 00 00 4d 33 ca 4d 33 ca
0x00007fcddd069a7a:   4d 8b 09 4c 8b da 49 c1 eb 02 4b 8b 04 19 49 bb
0x00007fcddd069a8a:   88 3f 5c f4 cd 7f 00 00 4c 33 d8 4c 33 d8 45 3b 

Register to memory mapping:

RAX=0x00007fcdf4584520: <offset 0xf84520> in /usr/lib/jvm/java-8-oracle/jre/lib/amd64/server/libjvm.so at 0x00007fcdf3600000
RBX=0x00007fcdec2081f8 is an unknown value
RCX=0x00007fcdf4feb2c0: <offset 0x2182c0> in /lib/x86_64-linux-gnu/libpthread.so.0 at 0x00007fcdf4dd3000
RDX=0x0000000000000042 is an unknown value
RSP=0x00007fcdc46fa688 is pointing into the stack for thread: 0x00007fcdec208000
RBP=0x00007fcdc46fa6b0 is pointing into the stack for thread: 0x00007fcdec208000
RSI=0x0000000000000000 is an unknown value
RDI=0x00007fcdec2081f8 is an unknown value
R8 =0x00000000d96dcc78 is an oop
java.util.logging.Logger 
 - klass: 'java/util/logging/Logger'
R9 =0x0000000000000000 is an unknown value
R10=0x0000000000000204 is an unknown value
R11=0x0000000000000320 is an unknown value
R12=0x00007fcd70160d80 is an unknown value
R13=0x0000000000000000 is an unknown value
R14=0x00007fcdc648c7e0: <offset 0x2587e0> in /usr/lib/jvm/java-8-oracle/jre/lib/amd64/libawt_xawt.so at 0x00007fcdc6234000
R15=0x00007fcdec208000 is a thread


Stack: [0x00007fcdc45fb000,0x00007fcdc46fc000],  sp=0x00007fcdc46fa688,  free space=1021k
Native frames: (J=compiled Java code, j=interpreted, Vv=VM code, C=native code)
v  ~BufferBlob::jni_fast_GetLongField
C  [libX11.so.6+0x643c0]  _XimServerDestroy+0x70

Java frames: (J=compiled Java code, j=interpreted, Vv=VM code)
J 1829  sun.awt.X11.XlibWrapper.XFilterEvent(JJ)Z (0 bytes) @ 0x00007fcddd5c2344 [0x00007fcddd5c2300+0x44]
J 1980% C1 sun.awt.X11.XToolkit.run(Z)V (410 bytes) @ 0x00007fcddd64d97c [0x00007fcddd64a1e0+0x379c]
j  sun.awt.X11.XToolkit.run()V+5
j  java.lang.Thread.run()V+11
v  ~StubRoutines::call_stub

---------------  P R O C E S S  ---------------

Java Threads: ( => current thread )
  0x00007fcd98003000 JavaThread "SIGHUP handler" daemon [_thread_blocked, id=23405, stack(0x00007fcdbe91f000,0x00007fcdbea20000)]
  0x00007fcd74018000 JavaThread "XToolkt-Shutdown-Thread" [_thread_blocked, id=23400, stack(0x00007fcdbf055000,0x00007fcdbf156000)]
  0x00007fcd98002000 JavaThread "SIGTERM handler" daemon [_thread_blocked, id=23399, stack(0x00007fcdbef54000,0x00007fcdbf055000)]
  0x00007fcd98001000 JavaThread "SIGHUP handler" daemon [_thread_blocked, id=23398, stack(0x00007fcdc40f8000,0x00007fcdc41f9000)]
  0x00007fcd7016d800 JavaThread "TimerQueue" daemon [_thread_blocked, id=12960, stack(0x00007fcdbf156000,0x00007fcdbf257000)]
  0x00007fcdec009800 JavaThread "DestroyJavaVM" [_thread_blocked, id=12936, stack(0x00007fcdf50f4000,0x00007fcdf51f5000)]
  0x00007fcdec20e000 JavaThread "AWT-EventQueue-0" [_thread_blocked, id=12958, stack(0x00007fcdc43f9000,0x00007fcdc44fa000)]
  0x00007fcdec20c800 JavaThread "AWT-Shutdown" [_thread_blocked, id=12957, stack(0x00007fcdc44fa000,0x00007fcdc45fb000)]
=>0x00007fcdec208000 JavaThread "AWT-XAWT" daemon [_thread_in_native, id=12956, stack(0x00007fcdc45fb000,0x00007fcdc46fc000)]
  0x00007fcdec1e3000 JavaThread "Java2D Disposer" daemon [_thread_blocked, id=12955, stack(0x00007fcdc4b0c000,0x00007fcdc4c0d000)]
  0x00007fcdec0cb000 JavaThread "Service Thread" daemon [_thread_blocked, id=12953, stack(0x00007fcdc6860000,0x00007fcdc6961000)]
  0x00007fcdec0c8000 JavaThread "C1 CompilerThread3" daemon [_thread_in_vm, id=12952, stack(0x00007fcdc6961000,0x00007fcdc6a62000)]
  0x00007fcdec0c6000 JavaThread "C2 CompilerThread2" daemon [_thread_blocked, id=12951, stack(0x00007fcdc6a62000,0x00007fcdc6b63000)]
  0x00007fcdec0c4800 JavaThread "C2 CompilerThread1" daemon [_thread_blocked, id=12950, stack(0x00007fcdc6b63000,0x00007fcdc6c64000)]
  0x00007fcdec0c1800 JavaThread "C2 CompilerThread0" daemon [_thread_blocked, id=12949, stack(0x00007fcdc6c64000,0x00007fcdc6d65000)]
  0x00007fcdec0c0000 JavaThread "Signal Dispatcher" daemon [_thread_blocked, id=12948, stack(0x00007fcdc6d65000,0x00007fcdc6e66000)]
  0x00007fcdec08c000 JavaThread "Finalizer" daemon [_thread_blocked, id=12947, stack(0x00007fcdc73f4000,0x00007fcdc74f5000)]
  0x00007fcdec087800 JavaThread "Reference Handler" daemon [_thread_blocked, id=12946, stack(0x00007fcdc74f5000,0x00007fcdc75f6000)]

Other Threads:
  0x00007fcdec080000 VMThread [stack: 0x00007fcdc75f6000,0x00007fcdc76f7000] [id=12945]
  0x00007fcdec0ce000 WatcherThread [stack: 0x00007fcdc675f000,0x00007fcdc6860000] [id=12954]

VM state:not at safepoint (normal execution)

VM Mutex/Monitor currently owned by a thread: None

Heap:
 PSYoungGen      total 36864K, used 28715K [0x00000000d7100000, 0x00000000d9a00000, 0x0000000100000000)
  eden space 31744K, 78% used [0x00000000d7100000,0x00000000d892f598,0x00000000d9000000)
  from space 5120K, 77% used [0x00000000d9500000,0x00000000d98db938,0x00000000d9a00000)
  to   space 5120K, 0% used [0x00000000d9000000,0x00000000d9000000,0x00000000d9500000)
 ParOldGen       total 84992K, used 96K [0x0000000085200000, 0x000000008a500000, 0x00000000d7100000)
  object space 84992K, 0% used [0x0000000085200000,0x0000000085218010,0x000000008a500000)
 Metaspace       used 16716K, capacity 17056K, committed 17280K, reserved 1064960K
  class space    used 1965K, capacity 2115K, committed 2176K, reserved 1048576K

Card table byte_map: [0x00007fcdf1ac2000,0x00007fcdf1e9a000] byte_map_base: 0x00007fcdf1699000

Marking Bits: (ParMarkBitMap*) 0x00007fcdf45c3220
 Begin Bits: [0x00007fcdcc290000, 0x00007fcdce148000)
 End Bits:   [0x00007fcdce148000, 0x00007fcdd0000000)

Polling page: 0x00007fcdf5212000

CodeCache: size=245760Kb used=6507Kb max_used=6507Kb free=239252Kb
 bounds [0x00007fcddd000000, 0x00007fcddd670000, 0x00007fcdec000000]
 total_blobs=2431 nmethods=1859 adapters=485
 compilation: enabled

Compilation events (10 events):
Event: 16183,886 Thread 0x00007fcdec0c8000 1977       3       java.util.Vector::<init> (53 bytes)
Event: 16183,887 Thread 0x00007fcdec0c8000 nmethod 1977 0x00007fcddd3c4990 code [0x00007fcddd3c4b40, 0x00007fcddd3c4ff8]
Event: 16183,887 Thread 0x00007fcdec0c8000 1978  s    3       java.util.Vector::toArray (12 bytes)
Event: 16183,888 Thread 0x00007fcdec0c8000 nmethod 1978 0x00007fcddd647a10 code [0x00007fcddd647b80, 0x00007fcddd647f88]
Event: 16183,888 Thread 0x00007fcdec0c8000 1979   !   3       sun.awt.X11.XToolkit$1::dispatchEvent (34 bytes)
Event: 16183,890 Thread 0x00007fcdec0c8000 nmethod 1979 0x00007fcddd6480d0 code [0x00007fcddd648320, 0x00007fcddd649138]
Event: 28766,466 Thread 0x00007fcdec0c8000 1980 % !   3       sun.awt.X11.XToolkit::run @ 59 (410 bytes)
Event: 28766,472 Thread 0x00007fcdec0c8000 nmethod 1980% 0x00007fcddd649810 code [0x00007fcddd64a1e0, 0x00007fcddd651b58]
Event: 29279,031 Thread 0x00007fcdec0c8000 1981   !   3       sun.awt.X11.XToolkit::run (410 bytes)
Event: 29279,036 Thread 0x00007fcdec0c8000 nmethod 1981 0x00007fcddd656850 code [0x00007fcddd657200, 0x00007fcddd65d5b8]

GC Heap History (4 events):
Event: 4,459 GC heap before
{Heap before GC invocations=1 (full 0):
 PSYoungGen      total 36864K, used 31648K [0x00000000d7100000, 0x00000000d9a00000, 0x0000000100000000)
  eden space 31744K, 99% used [0x00000000d7100000,0x00000000d8fe8398,0x00000000d9000000)
  from space 5120K, 0% used [0x00000000d9500000,0x00000000d9500000,0x00000000d9a00000)
  to   space 5120K, 0% used [0x00000000d9000000,0x00000000d9000000,0x00000000d9500000)
 ParOldGen       total 84992K, used 0K [0x0000000085200000, 0x000000008a500000, 0x00000000d7100000)
  object space 84992K, 0% used [0x0000000085200000,0x0000000085200000,0x000000008a500000)
 Metaspace       used 15366K, capacity 15590K, committed 15872K, reserved 1062912K
  class space    used 1846K, capacity 1932K, committed 2048K, reserved 1048576K
Event: 4,470 GC heap after
Heap after GC invocations=1 (full 0):
 PSYoungGen      total 36864K, used 3998K [0x00000000d7100000, 0x00000000d9a00000, 0x0000000100000000)
  eden space 31744K, 0% used [0x00000000d7100000,0x00000000d7100000,0x00000000d9000000)
  from space 5120K, 78% used [0x00000000d9000000,0x00000000d93e7920,0x00000000d9500000)
  to   space 5120K, 0% used [0x00000000d9500000,0x00000000d9500000,0x00000000d9a00000)
 ParOldGen       total 84992K, used 88K [0x0000000085200000, 0x000000008a500000, 0x00000000d7100000)
  object space 84992K, 0% used [0x0000000085200000,0x0000000085216010,0x000000008a500000)
 Metaspace       used 15366K, capacity 15590K, committed 15872K, reserved 1062912K
  class space    used 1846K, capacity 1932K, committed 2048K, reserved 1048576K
}
Event: 6,569 GC heap before
{Heap before GC invocations=2 (full 0):
 PSYoungGen      total 36864K, used 35673K [0x00000000d7100000, 0x00000000d9a00000, 0x0000000100000000)
  eden space 31744K, 99% used [0x00000000d7100000,0x00000000d8feed40,0x00000000d9000000)
  from space 5120K, 78% used [0x00000000d9000000,0x00000000d93e7920,0x00000000d9500000)
  to   space 5120K, 0% used [0x00000000d9500000,0x00000000d9500000,0x00000000d9a00000)
 ParOldGen       total 84992K, used 88K [0x0000000085200000, 0x000000008a500000, 0x00000000d7100000)
  object space 84992K, 0% used [0x0000000085200000,0x0000000085216010,0x000000008a500000)
 Metaspace       used 15761K, capacity 16056K, committed 16128K, reserved 1062912K
  class space    used 1891K, capacity 2037K, committed 2048K, reserved 1048576K
Event: 6,580 GC heap after
Heap after GC invocations=2 (full 0):
 PSYoungGen      total 36864K, used 3950K [0x00000000d7100000, 0x00000000d9a00000, 0x0000000100000000)
  eden space 31744K, 0% used [0x00000000d7100000,0x00000000d7100000,0x00000000d9000000)
  from space 5120K, 77% used [0x00000000d9500000,0x00000000d98db938,0x00000000d9a00000)
  to   space 5120K, 0% used [0x00000000d9000000,0x00000000d9000000,0x00000000d9500000)
 ParOldGen       total 84992K, used 96K [0x0000000085200000, 0x000000008a500000, 0x00000000d7100000)
  object space 84992K, 0% used [0x0000000085200000,0x0000000085218010,0x000000008a500000)
 Metaspace       used 15761K, capacity 16056K, committed 16128K, reserved 1062912K
  class space    used 1891K, capacity 2037K, committed 2048K, reserved 1048576K
}

Deoptimization events (10 events):
Event: 6,554 Thread 0x00007fcdec20e000 Uncommon trap: reason=array_check action=maybe_recompile pc=0x00007fcddd40bb20 method=java.util.AbstractCollection.toArray([Ljava/lang/Object;)[Ljava/lang/Object; @ 119
Event: 6,556 Thread 0x00007fcdec20e000 Uncommon trap: reason=array_check action=maybe_recompile pc=0x00007fcddd40bb20 method=java.util.AbstractCollection.toArray([Ljava/lang/Object;)[Ljava/lang/Object; @ 119
Event: 7,824 Thread 0x00007fcdec20e000 Uncommon trap: reason=class_check action=maybe_recompile pc=0x00007fcddd4b3440 method=java.util.AbstractCollection.toArray([Ljava/lang/Object;)[Ljava/lang/Object; @ 1
Event: 7,824 Thread 0x00007fcdec20e000 Uncommon trap: reason=class_check action=maybe_recompile pc=0x00007fcddd4b3440 method=java.util.AbstractCollection.toArray([Ljava/lang/Object;)[Ljava/lang/Object; @ 1
Event: 7,824 Thread 0x00007fcdec20e000 Uncommon trap: reason=class_check action=maybe_recompile pc=0x00007fcddd4b3440 method=java.util.AbstractCollection.toArray([Ljava/lang/Object;)[Ljava/lang/Object; @ 1
Event: 7,824 Thread 0x00007fcdec20e000 Uncommon trap: reason=class_check action=maybe_recompile pc=0x00007fcddd4b3440 method=java.util.AbstractCollection.toArray([Ljava/lang/Object;)[Ljava/lang/Object; @ 1
Event: 7,824 Thread 0x00007fcdec20e000 Uncommon trap: reason=unstable_if action=reinterpret pc=0x00007fcddd4f6db0 method=java.lang.CharacterData.of(I)Ljava/lang/CharacterData; @ 4
Event: 7,843 Thread 0x00007fcdec20e000 Uncommon trap: reason=bimorphic action=maybe_recompile pc=0x00007fcddd444f08 method=javax.swing.UIDefaults.getFromHashtable(Ljava/lang/Object;)Ljava/lang/Object; @ 126
Event: 10,295 Thread 0x00007fcdec20e000 Uncommon trap: reason=bimorphic action=maybe_recompile pc=0x00007fcddd444f08 method=javax.swing.UIDefaults.getFromHashtable(Ljava/lang/Object;)Ljava/lang/Object; @ 126
Event: 14,661 Thread 0x00007fcdec20e000 Uncommon trap: reason=bimorphic action=maybe_recompile pc=0x00007fcddd444f08 method=javax.swing.UIDefaults.getFromHashtable(Ljava/lang/Object;)Ljava/lang/Object; @ 126

Internal exceptions (10 events):
Event: 0,081 Thread 0x00007fcdec009800 Exception <a 'java/security/PrivilegedActionException'> (0x00000000d719b2f8) thrown at [/HUDSON3/workspace/8-2-build-linux-amd64/jdk8u111/7883/hotspot/src/share/vm/prims/jvm.cpp, line 1386]
Event: 0,082 Thread 0x00007fcdec009800 Exception <a 'java/security/PrivilegedActionException'> (0x00000000d719d738) thrown at [/HUDSON3/workspace/8-2-build-linux-amd64/jdk8u111/7883/hotspot/src/share/vm/prims/jvm.cpp, line 1386]
Event: 0,082 Thread 0x00007fcdec009800 Exception <a 'java/security/PrivilegedActionException'> (0x00000000d719d948) thrown at [/HUDSON3/workspace/8-2-build-linux-amd64/jdk8u111/7883/hotspot/src/share/vm/prims/jvm.cpp, line 1386]
Event: 0,133 Thread 0x00007fcdec009800 Exception <a 'java/lang/NoSuchFieldError': method resolution failed> (0x00000000d7308728) thrown at [/HUDSON3/workspace/8-2-build-linux-amd64/jdk8u111/7883/hotspot/src/share/vm/prims/methodHandles.cpp, line 1146]
Event: 0,137 Thread 0x00007fcdec009800 Exception <a 'java/lang/NoSuchFieldError': method resolution failed> (0x00000000d7315ef8) thrown at [/HUDSON3/workspace/8-2-build-linux-amd64/jdk8u111/7883/hotspot/src/share/vm/prims/methodHandles.cpp, line 1146]
Event: 0,163 Thread 0x00007fcdec009800 Exception <a 'java/io/FileNotFoundException'> (0x00000000d7397670) thrown at [/HUDSON3/workspace/8-2-build-linux-amd64/jdk8u111/7883/hotspot/src/share/vm/prims/jni.cpp, line 709]
Event: 0,163 Thread 0x00007fcdec009800 Exception <a 'java/io/FileNotFoundException'> (0x00000000d7398020) thrown at [/HUDSON3/workspace/8-2-build-linux-amd64/jdk8u111/7883/hotspot/src/share/vm/prims/jni.cpp, line 709]
Event: 0,247 Thread 0x00007fcdec20e000 Implicit null exception at 0x00007fcddd1724a2 to 0x00007fcddd172675
Event: 0,665 Thread 0x00007fcdec20e000 Implicit null exception at 0x00007fcddd2b3093 to 0x00007fcddd2b30c9
Event: 0,839 Thread 0x00007fcdec20e000 Exception <a 'java/lang/UnsupportedOperationException': > (0x00000000d88a4040) thrown at [/HUDSON3/workspace/8-2-build-linux-amd64/jdk8u111/7883/hotspot/src/share/vm/prims/jni.cpp, line 735]

Events (10 events):
Event: 11,596 Thread 0x00007fcd7014e000 Thread exited: 0x00007fcd7014e000
Event: 14,661 Thread 0x00007fcdec20e000 Uncommon trap: trap_request=0xffffffc6 fr.pc=0x00007fcddd444f08
Event: 14,661 Thread 0x00007fcdec20e000 DEOPT PACKING pc=0x00007fcddd444f08 sp=0x00007fcdc44f55b0
Event: 14,661 Thread 0x00007fcdec20e000 DEOPT UNPACKING pc=0x00007fcddd005229 sp=0x00007fcdc44f5570 mode 2
Event: 1430,809 Thread 0x00007fcdec0c8000 flushing nmethod 0x00007fcddd18c750
Event: 1430,810 Thread 0x00007fcdec0c8000 flushing nmethod 0x00007fcddd1c7bd0
Event: 1430,810 Thread 0x00007fcdec0c8000 flushing nmethod 0x00007fcddd220550
Event: 1617,973 Thread 0x00007fcdec0c1800 flushing nmethod 0x00007fcddd2df410
Event: 10713,972 Thread 0x00007fcdec0c8000 flushing nmethod 0x00007fcddd3bfd50
Event: 10713,972 Thread 0x00007fcdec0c8000 flushing nmethod 0x00007fcddd3c34d0


Dynamic libraries:
00400000-00401000 r-xp 00000000 08:12 6171444                            /usr/lib/jvm/java-8-oracle/bin/java
00600000-00601000 rw-p 00000000 08:12 6171444                            /usr/lib/jvm/java-8-oracle/bin/java
00a28000-00a49000 rw-p 00000000 00:00 0                                  [heap]
85200000-8a500000 rw-p 00000000 00:00 0 
8a500000-d7100000 ---p 00000000 00:00 0 
d7100000-d9a00000 rw-p 00000000 00:00 0 
d9a00000-100000000 ---p 00000000 00:00 0 
100000000-100220000 rw-p 00000000 00:00 0 
100220000-140000000 ---p 00000000 00:00 0 
7fcd60000000-7fcd60021000 rw-p 00000000 00:00 0 
7fcd60021000-7fcd64000000 ---p 00000000 00:00 0 
7fcd64000000-7fcd64021000 rw-p 00000000 00:00 0 
7fcd64021000-7fcd68000000 ---p 00000000 00:00 0 
7fcd68000000-7fcd68021000 rw-p 00000000 00:00 0 
7fcd68021000-7fcd6c000000 ---p 00000000 00:00 0 
7fcd6c000000-7fcd6c021000 rw-p 00000000 00:00 0 
7fcd6c021000-7fcd70000000 ---p 00000000 00:00 0 
7fcd70000000-7fcd703f8000 rw-p 00000000 00:00 0 
7fcd703f8000-7fcd74000000 ---p 00000000 00:00 0 
7fcd74000000-7fcd74043000 rw-p 00000000 00:00 0 
7fcd74043000-7fcd78000000 ---p 00000000 00:00 0 
7fcd78000000-7fcd78028000 rw-p 00000000 00:00 0 
7fcd78028000-7fcd7c000000 ---p 00000000 00:00 0 
7fcd7c000000-7fcd7c021000 rw-p 00000000 00:00 0 
7fcd7c021000-7fcd80000000 ---p 00000000 00:00 0 
7fcd80000000-7fcd80021000 rw-p 00000000 00:00 0 
7fcd80021000-7fcd84000000 ---p 00000000 00:00 0 
7fcd84000000-7fcd84021000 rw-p 00000000 00:00 0 
7fcd84021000-7fcd88000000 ---p 00000000 00:00 0 
7fcd88000000-7fcd8862a000 rw-p 00000000 00:00 0 
7fcd8862a000-7fcd8c000000 ---p 00000000 00:00 0 
7fcd8c000000-7fcd8c021000 rw-p 00000000 00:00 0 
7fcd8c021000-7fcd90000000 ---p 00000000 00:00 0 
7fcd90000000-7fcd90379000 rw-p 00000000 00:00 0 
7fcd90379000-7fcd94000000 ---p 00000000 00:00 0 
7fcd94000000-7fcd941b6000 rw-p 00000000 00:00 0 
7fcd941b6000-7fcd98000000 ---p 00000000 00:00 0 
7fcd98000000-7fcd98021000 rw-p 00000000 00:00 0 
7fcd98021000-7fcd9c000000 ---p 00000000 00:00 0 
7fcd9c000000-7fcd9c208000 rw-p 00000000 00:00 0 
7fcd9c208000-7fcda0000000 ---p 00000000 00:00 0 
7fcda0000000-7fcda0021000 rw-p 00000000 00:00 0 
7fcda0021000-7fcda4000000 ---p 00000000 00:00 0 
7fcda4000000-7fcda4021000 rw-p 00000000 00:00 0 
7fcda4021000-7fcda8000000 ---p 00000000 00:00 0 
7fcda8000000-7fcda8021000 rw-p 00000000 00:00 0 
7fcda8021000-7fcdac000000 ---p 00000000 00:00 0 
7fcdac000000-7fcdac051000 rw-p 00000000 00:00 0 
7fcdac051000-7fcdb0000000 ---p 00000000 00:00 0 
7fcdb0000000-7fcdb0021000 rw-p 00000000 00:00 0 
7fcdb0021000-7fcdb4000000 ---p 00000000 00:00 0 
7fcdb8000000-7fcdb8021000 rw-p 00000000 00:00 0 
7fcdb8021000-7fcdbc000000 ---p 00000000 00:00 0 
7fcdbe91f000-7fcdbe922000 ---p 00000000 00:00 0 
7fcdbe922000-7fcdbea20000 rw-p 00000000 00:00 0 
7fcdbea20000-7fcdbea23000 ---p 00000000 00:00 0 
7fcdbea23000-7fcdbeb21000 rw-p 00000000 00:00 0 
7fcdbeb21000-7fcdbeb33000 r--s 00000000 08:12 6947647                    /usr/share/fonts/type1/gsfonts/b018035l.pfb
7fcdbeb33000-7fcdbeb43000 r--s 00000000 08:12 6947629                    /usr/share/fonts/type1/gsfonts/a010015l.pfb
7fcdbeb43000-7fcdbeb4d000 r--s 00000000 08:12 6946910                    /usr/share/fonts/X11/Type1/c0582bt_.pfb
7fcdbeb4d000-7fcdbeb68000 r--s 00000000 08:12 6947716                    /usr/share/fonts/type1/gsfonts/p052004l.pfb
7fcdbeb68000-7fcdbeb71000 r--s 00000000 08:12 6946916                    /usr/share/fonts/X11/Type1/c0632bt_.pfb
7fcdbeb71000-7fcdbeb89000 r--s 00000000 08:12 6947659                    /usr/share/fonts/type1/gsfonts/c059036l.pfb
7fcdbeb89000-7fcdbeba0000 r--s 00000000 08:12 6947728                    /usr/share/fonts/type1/gsfonts/z003034l.pfb
7fcdbeba0000-7fcdbebb4000 r--s 00000000 08:12 6947665                    /usr/share/fonts/type1/gsfonts/n019003l.pfb
7fcdbebb4000-7fcdbebbd000 r--s 00000000 08:12 6946920                    /usr/share/fonts/X11/Type1/c0648bt_.pfb
7fcdbebbd000-7fcdbebd6000 r--s 00000000 08:12 6947704                    /usr/share/fonts/type1/gsfonts/n022004l.pfb
7fcdbebd6000-7fcdbebee000 r--s 00000000 08:12 6947701                    /usr/share/fonts/type1/gsfonts/n022003l.pfb
7fcdbebee000-7fcdbec00000 r--s 00000000 08:12 6947677                    /usr/share/fonts/type1/gsfonts/n019043l.pfb
7fcdbec00000-7fcdbec1b000 r--s 00000000 08:12 6947719                    /usr/share/fonts/type1/gsfonts/p052023l.pfb
7fcdbec1b000-7fcdbec2c000 r--s 00000000 08:12 6947674                    /usr/share/fonts/type1/gsfonts/n019024l.pfb
7fcdbec2c000-7fcdbec44000 r--s 00000000 08:12 6947656                    /usr/share/fonts/type1/gsfonts/c059033l.pfb
7fcdbec44000-7fcdbec4d000 r--s 00000000 08:12 6946918                    /usr/share/fonts/X11/Type1/c0633bt_.pfb
7fcdbec4d000-7fcdbec5e000 r--s 00000000 08:12 6947671                    /usr/share/fonts/type1/gsfonts/n019023l.pfb
7fcdbec5e000-7fcdbec73000 r--s 00000000 08:12 6947644                    /usr/share/fonts/type1/gsfonts/b018032l.pfb
7fcdbec73000-7fcdbec83000 r--s 00000000 08:12 6947632                    /usr/share/fonts/type1/gsfonts/a010033l.pfb
7fcdbec83000-7fcdbec8c000 r--s 00000000 08:12 6946922                    /usr/share/fonts/X11/Type1/c0649bt_.pfb
7fcdbec8c000-7fcdbec96000 r--s 00000000 08:12 6946908                    /usr/share/fonts/X11/Type1/c0419bt_.pfb
7fcdbec96000-7fcdbecb2000 r--s 00000000 08:12 6947722                    /usr/share/fonts/type1/gsfonts/p052024l.pfb
7fcdbecb2000-7fcdbecbc000 r--s 00000000 08:12 6946914                    /usr/share/fonts/X11/Type1/c0611bt_.pfb
7fcdbecbc000-7fcdbecd5000 r--s 00000000 08:12 6947638                    /usr/share/fonts/type1/gsfonts/b018012l.pfb
7fcdbecd5000-7fcdbece6000 r--s 00000000 08:12 6947635                    /usr/share/fonts/type1/gsfonts/a010035l.pfb
7fcdbece6000-7fcdbecf6000 r--s 00000000 08:12 6947626                    /usr/share/fonts/type1/gsfonts/a010013l.pfb
7fcdbecf6000-7fcdbed11000 r--s 00000000 08:12 6947713                    /usr/share/fonts/type1/gsfonts/p052003l.pfb
7fcdbed11000-7fcdbed23000 r--s 00000000 08:12 6947668                    /usr/share/fonts/type1/gsfonts/n019004l.pfb
7fcdbed23000-7fcdbed39000 r--s 00000000 08:12 6947698                    /usr/share/fonts/type1/gsfonts/n021024l.pfb
7fcdbed39000-7fcdbed54000 r--s 00000000 08:12 6947653                    /usr/share/fonts/type1/gsfonts/c059016l.pfb
7fcdbed54000-7fcdbee14000 rw-p 00000000 00:00 0 
7fcdbee14000-7fcdbef54000 ---p 00000000 00:00 0 
7fcdbef54000-7fcdbef57000 ---p 00000000 00:00 0 
7fcdbef57000-7fcdbf055000 rw-p 00000000 00:00 0 
7fcdbf055000-7fcdbf058000 ---p 00000000 00:00 0 
7fcdbf058000-7fcdbf156000 rw-p 00000000 00:00 0 
7fcdbf156000-7fcdbf159000 ---p 00000000 00:00 0 
7fcdbf159000-7fcdbf457000 rw-p 00000000 00:00 0 
7fcdbf457000-7fcdbf657000 rw-p 00000000 00:00 0 
7fcdbf657000-7fcdbf6c0000 r-xp 00000000 08:12 6298990                    /usr/lib/jvm/java-8-oracle/jre/lib/amd64/libt2k.so
7fcdbf6c0000-7fcdbf8c0000 ---p 00069000 08:12 6298990                    /usr/lib/jvm/java-8-oracle/jre/lib/amd64/libt2k.so
7fcdbf8c0000-7fcdbf8c7000 rw-p 00069000 08:12 6298990                    /usr/lib/jvm/java-8-oracle/jre/lib/amd64/libt2k.so
7fcdbf8c7000-7fcdbf8d7000 rw-p 00000000 00:00 0 
7fcdbf8d7000-7fcdbf8e8000 r-xp 00000000 08:12 6298934                    /usr/lib/jvm/java-8-oracle/jre/lib/amd64/libnio.so
7fcdbf8e8000-7fcdbfae7000 ---p 00011000 08:12 6298934                    /usr/lib/jvm/java-8-oracle/jre/lib/amd64/libnio.so
7fcdbfae7000-7fcdbfae8000 rw-p 00010000 08:12 6298934                    /usr/lib/jvm/java-8-oracle/jre/lib/amd64/libnio.so
7fcdbfae8000-7fcdbfde9000 rw-p 00000000 00:00 0 
7fcdbfde9000-7fcdbfdff000 r-xp 00000000 08:12 6298909                    /usr/lib/jvm/java-8-oracle/jre/lib/amd64/libnet.so
7fcdbfdff000-7fcdbffff000 ---p 00016000 08:12 6298909                    /usr/lib/jvm/java-8-oracle/jre/lib/amd64/libnet.so
7fcdbffff000-7fcdc0000000 rw-p 00016000 08:12 6298909                    /usr/lib/jvm/java-8-oracle/jre/lib/amd64/libnet.so
7fcdc0000000-7fcdc0021000 rw-p 00000000 00:00 0 
7fcdc0021000-7fcdc4000000 ---p 00000000 00:00 0 
7fcdc4001000-7fcdc400b000 r--s 00000000 08:12 6946912                    /usr/share/fonts/X11/Type1/c0583bt_.pfb
7fcdc400b000-7fcdc4021000 r--s 00000000 08:12 6947710                    /usr/share/fonts/type1/gsfonts/n022024l.pfb
7fcdc4021000-7fcdc4034000 r--s 00000000 08:12 6947686                    /usr/share/fonts/type1/gsfonts/n019064l.pfb
7fcdc4034000-7fcdc4040000 r--s 00000000 08:12 6947662                    /usr/share/fonts/type1/gsfonts/d050000l.pfb
7fcdc4040000-7fcdc4059000 r--s 00000000 08:12 6947692                    /usr/share/fonts/type1/gsfonts/n021004l.pfb
7fcdc4059000-7fcdc406a000 r--s 00000000 08:12 6947683                    /usr/share/fonts/type1/gsfonts/n019063l.pfb
7fcdc406a000-7fcdc4084000 r--s 00000000 08:12 6947650                    /usr/share/fonts/type1/gsfonts/c059013l.pfb
7fcdc4084000-7fcdc4096000 r--s 00000000 08:12 6947680                    /usr/share/fonts/type1/gsfonts/n019044l.pfb
7fcdc4096000-7fcdc40af000 r--s 00000000 08:12 6947689                    /usr/share/fonts/type1/gsfonts/n021003l.pfb
7fcdc40af000-7fcdc40c6000 r--s 00000000 08:12 6947695                    /usr/share/fonts/type1/gsfonts/n021023l.pfb
7fcdc40c6000-7fcdc40cf000 r--s 00000000 08:12 6947725                    /usr/share/fonts/type1/gsfonts/s050000l.pfb
7fcdc40cf000-7fcdc40e2000 r--s 00000000 08:12 6947641                    /usr/share/fonts/type1/gsfonts/b018015l.pfb
7fcdc40e2000-7fcdc40f8000 r--s 00000000 08:12 6947707                    /usr/share/fonts/type1/gsfonts/n022023l.pfb
7fcdc40f8000-7fcdc40fb000 ---p 00000000 00:00 0 
7fcdc40fb000-7fcdc43f9000 rw-p 00000000 00:00 0 
7fcdc43f9000-7fcdc43fc000 ---p 00000000 00:00 0 
7fcdc43fc000-7fcdc44fa000 rw-p 00000000 00:00 0 
7fcdc44fa000-7fcdc44fd000 ---p 00000000 00:00 0 
7fcdc44fd000-7fcdc45fb000 rw-p 00000000 00:00 0 
7fcdc45fb000-7fcdc45fe000 ---p 00000000 00:00 0 
7fcdc45fe000-7fcdc46fc000 rw-p 00000000 00:00 0 
7fcdc46fc000-7fcdc4701000 r-xp 00000000 08:12 5906680                    /usr/lib/x86_64-linux-gnu/libXfixes.so.3.1.0
7fcdc4701000-7fcdc4900000 ---p 00005000 08:12 5906680                    /usr/lib/x86_64-linux-gnu/libXfixes.so.3.1.0
7fcdc4900000-7fcdc4901000 r--p 00004000 08:12 5906680                    /usr/lib/x86_64-linux-gnu/libXfixes.so.3.1.0
7fcdc4901000-7fcdc4902000 rw-p 00005000 08:12 5906680                    /usr/lib/x86_64-linux-gnu/libXfixes.so.3.1.0
7fcdc4902000-7fcdc490b000 r-xp 00000000 08:12 5906672                    /usr/lib/x86_64-linux-gnu/libXcursor.so.1.0.2
7fcdc490b000-7fcdc4b0a000 ---p 00009000 08:12 5906672                    /usr/lib/x86_64-linux-gnu/libXcursor.so.1.0.2
7fcdc4b0a000-7fcdc4b0b000 r--p 00008000 08:12 5906672                    /usr/lib/x86_64-linux-gnu/libXcursor.so.1.0.2
7fcdc4b0b000-7fcdc4b0c000 rw-p 00009000 08:12 5906672                    /usr/lib/x86_64-linux-gnu/libXcursor.so.1.0.2
7fcdc4b0c000-7fcdc4b0f000 ---p 00000000 00:00 0 
7fcdc4b0f000-7fcdc4c0d000 rw-p 00000000 00:00 0 
7fcdc4c0d000-7fcdc4c23000 r-xp 00000000 08:12 3019278                    /lib/x86_64-linux-gnu/libgcc_s.so.1
7fcdc4c23000-7fcdc4e22000 ---p 00016000 08:12 3019278                    /lib/x86_64-linux-gnu/libgcc_s.so.1
7fcdc4e22000-7fcdc4e23000 rw-p 00015000 08:12 3019278                    /lib/x86_64-linux-gnu/libgcc_s.so.1
7fcdc4e23000-7fcdc4e88000 r-xp 00000000 08:12 6298928                    /usr/lib/jvm/java-8-oracle/jre/lib/amd64/libfontmanager.so
7fcdc4e88000-7fcdc5087000 ---p 00065000 08:12 6298928                    /usr/lib/jvm/java-8-oracle/jre/lib/amd64/libfontmanager.so
7fcdc5087000-7fcdc508c000 rw-p 00064000 08:12 6298928                    /usr/lib/jvm/java-8-oracle/jre/lib/amd64/libfontmanager.so
7fcdc508c000-7fcdc509c000 rw-p 00000000 00:00 0 
7fcdc509c000-7fcdc50a1000 r-xp 00000000 08:12 5906676                    /usr/lib/x86_64-linux-gnu/libXdmcp.so.6.0.0
7fcdc50a1000-7fcdc52a0000 ---p 00005000 08:12 5906676                    /usr/lib/x86_64-linux-gnu/libXdmcp.so.6.0.0
7fcdc52a0000-7fcdc52a1000 r--p 00004000 08:12 5906676                    /usr/lib/x86_64-linux-gnu/libXdmcp.so.6.0.0
7fcdc52a1000-7fcdc52a2000 rw-p 00005000 08:12 5906676                    /usr/lib/x86_64-linux-gnu/libXdmcp.so.6.0.0
7fcdc52a2000-7fcdc52a4000 r-xp 00000000 08:12 5906665                    /usr/lib/x86_64-linux-gnu/libXau.so.6.0.0
7fcdc52a4000-7fcdc54a4000 ---p 00002000 08:12 5906665                    /usr/lib/x86_64-linux-gnu/libXau.so.6.0.0
7fcdc54a4000-7fcdc54a5000 r--p 00002000 08:12 5906665                    /usr/lib/x86_64-linux-gnu/libXau.so.6.0.0
7fcdc54a5000-7fcdc54a6000 rw-p 00003000 08:12 5906665                    /usr/lib/x86_64-linux-gnu/libXau.so.6.0.0
7fcdc54a6000-7fcdc54c7000 r-xp 00000000 08:12 5908043                    /usr/lib/x86_64-linux-gnu/libxcb.so.1.1.0
7fcdc54c7000-7fcdc56c6000 ---p 00021000 08:12 5908043                    /usr/lib/x86_64-linux-gnu/libxcb.so.1.1.0
7fcdc56c6000-7fcdc56c7000 r--p 00020000 08:12 5908043                    /usr/lib/x86_64-linux-gnu/libxcb.so.1.1.0
7fcdc56c7000-7fcdc56c8000 rw-p 00021000 08:12 5908043                    /usr/lib/x86_64-linux-gnu/libxcb.so.1.1.0
7fcdc56c8000-7fcdc56d7000 r-xp 00000000 08:12 5906686                    /usr/lib/x86_64-linux-gnu/libXi.so.6.1.0
7fcdc56d7000-7fcdc58d6000 ---p 0000f000 08:12 5906686                    /usr/lib/x86_64-linux-gnu/libXi.so.6.1.0
7fcdc58d6000-7fcdc58d7000 r--p 0000e000 08:12 5906686                    /usr/lib/x86_64-linux-gnu/libXi.so.6.1.0
7fcdc58d7000-7fcdc58d8000 rw-p 0000f000 08:12 5906686                    /usr/lib/x86_64-linux-gnu/libXi.so.6.1.0
7fcdc58d8000-7fcdc58dd000 r-xp 00000000 08:12 5906704                    /usr/lib/x86_64-linux-gnu/libXtst.so.6.1.0
7fcdc58dd000-7fcdc5adc000 ---p 00005000 08:12 5906704                    /usr/lib/x86_64-linux-gnu/libXtst.so.6.1.0
7fcdc5adc000-7fcdc5add000 r--p 00004000 08:12 5906704                    /usr/lib/x86_64-linux-gnu/libXtst.so.6.1.0
7fcdc5add000-7fcdc5ade000 rw-p 00005000 08:12 5906704                    /usr/lib/x86_64-linux-gnu/libXtst.so.6.1.0
7fcdc5ade000-7fcdc5ae7000 r-xp 00000000 08:12 5906698                    /usr/lib/x86_64-linux-gnu/libXrender.so.1.3.0
7fcdc5ae7000-7fcdc5ce6000 ---p 00009000 08:12 5906698                    /usr/lib/x86_64-linux-gnu/libXrender.so.1.3.0
7fcdc5ce6000-7fcdc5ce7000 r--p 00008000 08:12 5906698                    /usr/lib/x86_64-linux-gnu/libXrender.so.1.3.0
7fcdc5ce7000-7fcdc5ce8000 rw-p 00009000 08:12 5906698                    /usr/lib/x86_64-linux-gnu/libXrender.so.1.3.0
7fcdc5ce8000-7fcdc5e1d000 r-xp 00000000 08:12 5906661                    /usr/lib/x86_64-linux-gnu/libX11.so.6.3.0
7fcdc5e1d000-7fcdc601d000 ---p 00135000 08:12 5906661                    /usr/lib/x86_64-linux-gnu/libX11.so.6.3.0
7fcdc601d000-7fcdc601e000 r--p 00135000 08:12 5906661                    /usr/lib/x86_64-linux-gnu/libX11.so.6.3.0
7fcdc601e000-7fcdc6022000 rw-p 00136000 08:12 5906661                    /usr/lib/x86_64-linux-gnu/libX11.so.6.3.0
7fcdc6022000-7fcdc6033000 r-xp 00000000 08:12 5906678                    /usr/lib/x86_64-linux-gnu/libXext.so.6.4.0
7fcdc6033000-7fcdc6232000 ---p 00011000 08:12 5906678                    /usr/lib/x86_64-linux-gnu/libXext.so.6.4.0
7fcdc6232000-7fcdc6233000 r--p 00010000 08:12 5906678                    /usr/lib/x86_64-linux-gnu/libXext.so.6.4.0
7fcdc6233000-7fcdc6234000 rw-p 00011000 08:12 5906678                    /usr/lib/x86_64-linux-gnu/libXext.so.6.4.0
7fcdc6234000-7fcdc6288000 r-xp 00000000 08:12 6298936                    /usr/lib/jvm/java-8-oracle/jre/lib/amd64/libawt_xawt.so
7fcdc6288000-7fcdc6488000 ---p 00054000 08:12 6298936                    /usr/lib/jvm/java-8-oracle/jre/lib/amd64/libawt_xawt.so
7fcdc6488000-7fcdc648c000 rw-p 00054000 08:12 6298936                    /usr/lib/jvm/java-8-oracle/jre/lib/amd64/libawt_xawt.so
7fcdc648c000-7fcdc648d000 rw-p 00000000 00:00 0 
7fcdc648d000-7fcdc652f000 r-xp 00000000 08:12 6298993                    /usr/lib/jvm/java-8-oracle/jre/lib/amd64/libawt.so
7fcdc652f000-7fcdc672f000 ---p 000a2000 08:12 6298993                    /usr/lib/jvm/java-8-oracle/jre/lib/amd64/libawt.so
7fcdc672f000-7fcdc673b000 rw-p 000a2000 08:12 6298993                    /usr/lib/jvm/java-8-oracle/jre/lib/amd64/libawt.so
7fcdc673b000-7fcdc675f000 rw-p 00000000 00:00 0 
7fcdc675f000-7fcdc6760000 ---p 00000000 00:00 0 
7fcdc6760000-7fcdc6860000 rw-p 00000000 00:00 0 
7fcdc6860000-7fcdc6863000 ---p 00000000 00:00 0 
7fcdc6863000-7fcdc6961000 rw-p 00000000 00:00 0 
7fcdc6961000-7fcdc6964000 ---p 00000000 00:00 0 
7fcdc6964000-7fcdc6a62000 rw-p 00000000 00:00 0 
7fcdc6a62000-7fcdc6a65000 ---p 00000000 00:00 0 
7fcdc6a65000-7fcdc6b63000 rw-p 00000000 00:00 0 
7fcdc6b63000-7fcdc6b66000 ---p 00000000 00:00 0 
7fcdc6b66000-7fcdc6c64000 rw-p 00000000 00:00 0 
7fcdc6c64000-7fcdc6c67000 ---p 00000000 00:00 0 
7fcdc6c67000-7fcdc6d65000 rw-p 00000000 00:00 0 
7fcdc6d65000-7fcdc6d68000 ---p 00000000 00:00 0 
7fcdc6d68000-7fcdc6e66000 rw-p 00000000 00:00 0 
7fcdc6e66000-7fcdc73f4000 r--p 00000000 08:12 5899079                    /usr/lib/locale/locale-archive
7fcdc73f4000-7fcdc73f7000 ---p 00000000 00:00 0 
7fcdc73f7000-7fcdc74f5000 rw-p 00000000 00:00 0 
7fcdc74f5000-7fcdc74f8000 ---p 00000000 00:00 0 
7fcdc74f8000-7fcdc75f6000 rw-p 00000000 00:00 0 
7fcdc75f6000-7fcdc75f7000 ---p 00000000 00:00 0 
7fcdc75f7000-7fcdc8000000 rw-p 00000000 00:00 0 
7fcdc8000000-7fcdc8021000 rw-p 00000000 00:00 0 
7fcdc8021000-7fcdcc000000 ---p 00000000 00:00 0 
7fcdcc006000-7fcdcc011000 r--s 00000000 08:12 2754221                    /var/cache/fontconfig/945677eb7aeaf62f1d50efc3fb3ec7d8-le64.cache-6
7fcdcc011000-7fcdcc017000 r--s 00000000 08:12 2754219                    /var/cache/fontconfig/2cd17615ca594fa2959ae173292e504c-le64.cache-6
7fcdcc017000-7fcdcc018000 r--s 00000000 08:12 2754218                    /var/cache/fontconfig/0d8c3b2ac0904cb8a57a757ad11a4a08-le64.cache-6
7fcdcc018000-7fcdcc02d000 r--s 00000000 08:12 2754217                    /var/cache/fontconfig/04aabc0a78ac019cf9454389977116d2-le64.cache-6
7fcdcc02d000-7fcdcc031000 r--s 00000000 08:12 2754215                    /var/cache/fontconfig/385c0604a188198f04d133e54aba7fe7-le64.cache-6
7fcdcc031000-7fcdcc034000 r--s 00000000 08:12 2754213                    /var/cache/fontconfig/767a8244fc0220cfb567a839d0392e0b-le64.cache-6
7fcdcc034000-7fcdcc039000 r--s 00000000 08:12 2754210                    /var/cache/fontconfig/8801497958630a81b71ace7c5f9b32a8-le64.cache-6
7fcdcc039000-7fcdcc040000 r--s 00000000 08:12 2754208                    /var/cache/fontconfig/3047814df9a2f067bd2d96a2b9c36e5a-le64.cache-6
7fcdcc040000-7fcdcc046000 r--s 00000000 08:12 2754205                    /var/cache/fontconfig/b47c4e1ecd0709278f4910c18777a504-le64.cache-6
7fcdcc046000-7fcdcc059000 r--s 00000000 08:12 2754204                    /var/cache/fontconfig/d52a8644073d54c13679302ca1180695-le64.cache-6
7fcdcc059000-7fcdcc064000 r--s 00000000 08:12 2753923                    /var/cache/fontconfig/d589a48862398ed80a3d6066f4f56f4c-le64.cache-6
7fcdcc064000-7fcdcc06f000 r--s 00000000 08:12 2753402                    /var/cache/fontconfig/83bf95040141907cd45bb53cf7c1c148-le64.cache-6
7fcdcc06f000-7fcdcc081000 r--s 00000000 08:12 2752695                    /var/cache/fontconfig/9b89f8e3dae116d678bbf48e5f21f69b-le64.cache-6
7fcdcc081000-7fcdcc08e000 r--s 00000000 08:12 2752596                    /var/cache/fontconfig/e13b20fdb08344e0e664864cc2ede53d-le64.cache-6
7fcdcc08e000-7fcdd0000000 rw-p 00000000 00:00 0 
7fcdd0000000-7fcdd0021000 rw-p 00000000 00:00 0 
7fcdd0021000-7fcdd4000000 ---p 00000000 00:00 0 
7fcdd4000000-7fcdd4021000 rw-p 00000000 00:00 0 
7fcdd4021000-7fcdd8000000 ---p 00000000 00:00 0 
7fcdd8000000-7fcdd8021000 rw-p 00000000 00:00 0 
7fcdd8021000-7fcddc000000 ---p 00000000 00:00 0 
7fcddc000000-7fcddc001000 r--s 00000000 08:12 2754216                    /var/cache/fontconfig/1ac9eb803944fde146138c791f5cc56a-le64.cache-6
7fcddc001000-7fcddc019000 r--s 00000000 08:12 6947701                    /usr/share/fonts/type1/gsfonts/n022003l.pfb
7fcddc019000-7fcddc072000 r--s 0056c000 08:12 4327635                    /home/imasa/.local/share/Trash/files/graph.244.jar
7fcddc072000-7fcddc08e000 r--s 00393000 08:12 6299016                    /usr/lib/jvm/java-8-oracle/jre/lib/ext/cldrdata.jar
7fcddc08e000-7fcddd000000 rw-p 00000000 00:00 0 
7fcddd000000-7fcddd670000 rwxp 00000000 00:00 0 
7fcddd670000-7fcdec000000 ---p 00000000 00:00 0 
7fcdec000000-7fcdec210000 rw-p 00000000 00:00 0 
7fcdec210000-7fcdf0000000 ---p 00000000 00:00 0 
7fcdf0000000-7fcdf0001000 r--s 00000000 08:12 2754214                    /var/cache/fontconfig/dc05db6664285cc2f12bf69c139ae4c3-le64.cache-6
7fcdf0001000-7fcdf0002000 r--s 00000000 08:12 2754211                    /var/cache/fontconfig/4794a0821666d79190d59a36cb4f44b5-le64.cache-6
7fcdf0002000-7fcdf0003000 r--s 00000000 08:12 2754209                    /var/cache/fontconfig/bab58bb527bb656aaa9f116d68a48d89-le64.cache-6
7fcdf0003000-7fcdf0004000 r--s 00000000 08:12 2754207                    /var/cache/fontconfig/56cf4f4769d0f4abc89a4895d7bd3ae1-le64.cache-6
7fcdf0004000-7fcdf0005000 r--s 00000000 08:12 2754206                    /var/cache/fontconfig/b9d506c9ac06c20b433354fa67a72993-le64.cache-6
7fcdf0005000-7fcdf0008000 r--s 00000000 08:12 2753409                    /var/cache/fontconfig/75114ca45c98e8a441da0ff356701271-le64.cache-6
7fcdf0008000-7fcdf0010000 r--s 000b8000 08:12 4343210                    /home/imasa/Movie/_v6z8CVgemqMI6Bledpc7F1j0pVY/community.jar
7fcdf0010000-7fcdf0205000 rw-p 00000000 00:00 0 
7fcdf0205000-7fcdf03dd000 r--s 03d2a000 08:12 6298901                    /usr/lib/jvm/java-8-oracle/jre/lib/rt.jar
7fcdf03dd000-7fcdf102a000 rw-p 00000000 00:00 0 
7fcdf102a000-7fcdf102b000 ---p 00000000 00:00 0 
7fcdf102b000-7fcdf112b000 rw-p 00000000 00:00 0 
7fcdf112b000-7fcdf112c000 ---p 00000000 00:00 0 
7fcdf112c000-7fcdf122c000 rw-p 00000000 00:00 0 
7fcdf122c000-7fcdf122d000 ---p 00000000 00:00 0 
7fcdf122d000-7fcdf132d000 rw-p 00000000 00:00 0 
7fcdf132d000-7fcdf132e000 ---p 00000000 00:00 0 
7fcdf132e000-7fcdf142e000 rw-p 00000000 00:00 0 
7fcdf142e000-7fcdf142f000 ---p 00000000 00:00 0 
7fcdf142f000-7fcdf152f000 rw-p 00000000 00:00 0 
7fcdf152f000-7fcdf1530000 ---p 00000000 00:00 0 
7fcdf1530000-7fcdf1630000 rw-p 00000000 00:00 0 
7fcdf1630000-7fcdf1631000 ---p 00000000 00:00 0 
7fcdf1631000-7fcdf1731000 rw-p 00000000 00:00 0 
7fcdf1731000-7fcdf1732000 ---p 00000000 00:00 0 
7fcdf1732000-7fcdf185c000 rw-p 00000000 00:00 0 
7fcdf185c000-7fcdf1ac2000 ---p 00000000 00:00 0 
7fcdf1ac2000-7fcdf1aec000 rw-p 00000000 00:00 0 
7fcdf1aec000-7fcdf1d51000 ---p 00000000 00:00 0 
7fcdf1d51000-7fcdf1d66000 rw-p 00000000 00:00 0 
7fcdf1d66000-7fcdf1e99000 ---p 00000000 00:00 0 
7fcdf1e99000-7fcdf1eb4000 rw-p 00000000 00:00 0 
7fcdf1eb4000-7fcdf225a000 ---p 00000000 00:00 0 
7fcdf225a000-7fcdf2274000 r-xp 00000000 08:12 6298932                    /usr/lib/jvm/java-8-oracle/jre/lib/amd64/libzip.so
7fcdf2274000-7fcdf2474000 ---p 0001a000 08:12 6298932                    /usr/lib/jvm/java-8-oracle/jre/lib/amd64/libzip.so
7fcdf2474000-7fcdf2475000 rw-p 0001a000 08:12 6298932                    /usr/lib/jvm/java-8-oracle/jre/lib/amd64/libzip.so
7fcdf2475000-7fcdf2480000 r-xp 00000000 08:12 3017056                    /lib/x86_64-linux-gnu/libnss_files-2.23.so
7fcdf2480000-7fcdf267f000 ---p 0000b000 08:12 3017056                    /lib/x86_64-linux-gnu/libnss_files-2.23.so
7fcdf267f000-7fcdf2680000 r--p 0000a000 08:12 3017056                    /lib/x86_64-linux-gnu/libnss_files-2.23.so
7fcdf2680000-7fcdf2681000 rw-p 0000b000 08:12 3017056                    /lib/x86_64-linux-gnu/libnss_files-2.23.so
7fcdf2681000-7fcdf2687000 rw-p 00000000 00:00 0 
7fcdf2687000-7fcdf2692000 r-xp 00000000 08:12 3017038                    /lib/x86_64-linux-gnu/libnss_nis-2.23.so
7fcdf2692000-7fcdf2891000 ---p 0000b000 08:12 3017038                    /lib/x86_64-linux-gnu/libnss_nis-2.23.so
7fcdf2891000-7fcdf2892000 r--p 0000a000 08:12 3017038                    /lib/x86_64-linux-gnu/libnss_nis-2.23.so
7fcdf2892000-7fcdf2893000 rw-p 0000b000 08:12 3017038                    /lib/x86_64-linux-gnu/libnss_nis-2.23.so
7fcdf2893000-7fcdf28a9000 r-xp 00000000 08:12 3017052                    /lib/x86_64-linux-gnu/libnsl-2.23.so
7fcdf28a9000-7fcdf2aa8000 ---p 00016000 08:12 3017052                    /lib/x86_64-linux-gnu/libnsl-2.23.so
7fcdf2aa8000-7fcdf2aa9000 r--p 00015000 08:12 3017052                    /lib/x86_64-linux-gnu/libnsl-2.23.so
7fcdf2aa9000-7fcdf2aaa000 rw-p 00016000 08:12 3017052                    /lib/x86_64-linux-gnu/libnsl-2.23.so
7fcdf2aaa000-7fcdf2aac000 rw-p 00000000 00:00 0 
7fcdf2aac000-7fcdf2ab4000 r-xp 00000000 08:12 3017053                    /lib/x86_64-linux-gnu/libnss_compat-2.23.so
7fcdf2ab4000-7fcdf2cb3000 ---p 00008000 08:12 3017053                    /lib/x86_64-linux-gnu/libnss_compat-2.23.so
7fcdf2cb3000-7fcdf2cb4000 r--p 00007000 08:12 3017053                    /lib/x86_64-linux-gnu/libnss_compat-2.23.so
7fcdf2cb4000-7fcdf2cb5000 rw-p 00008000 08:12 3017053                    /lib/x86_64-linux-gnu/libnss_compat-2.23.so
7fcdf2cb5000-7fcdf2ce0000 r-xp 00000000 08:12 6298983                    /usr/lib/jvm/java-8-oracle/jre/lib/amd64/libjava.so
7fcdf2ce0000-7fcdf2edf000 ---p 0002b000 08:12 6298983                    /usr/lib/jvm/java-8-oracle/jre/lib/amd64/libjava.so
7fcdf2edf000-7fcdf2ee1000 rw-p 0002a000 08:12 6298983                    /usr/lib/jvm/java-8-oracle/jre/lib/amd64/libjava.so
7fcdf2ee1000-7fcdf2eee000 r-xp 00000000 08:12 6298910                    /usr/lib/jvm/java-8-oracle/jre/lib/amd64/libverify.so
7fcdf2eee000-7fcdf30ed000 ---p 0000d000 08:12 6298910                    /usr/lib/jvm/java-8-oracle/jre/lib/amd64/libverify.so
7fcdf30ed000-7fcdf30ef000 rw-p 0000c000 08:12 6298910                    /usr/lib/jvm/java-8-oracle/jre/lib/amd64/libverify.so
7fcdf30ef000-7fcdf30f6000 r-xp 00000000 08:12 3017036                    /lib/x86_64-linux-gnu/librt-2.23.so
7fcdf30f6000-7fcdf32f5000 ---p 00007000 08:12 3017036                    /lib/x86_64-linux-gnu/librt-2.23.so
7fcdf32f5000-7fcdf32f6000 r--p 00006000 08:12 3017036                    /lib/x86_64-linux-gnu/librt-2.23.so
7fcdf32f6000-7fcdf32f7000 rw-p 00007000 08:12 3017036                    /lib/x86_64-linux-gnu/librt-2.23.so
7fcdf32f7000-7fcdf33ff000 r-xp 00000000 08:12 3017050                    /lib/x86_64-linux-gnu/libm-2.23.so
7fcdf33ff000-7fcdf35fe000 ---p 00108000 08:12 3017050                    /lib/x86_64-linux-gnu/libm-2.23.so
7fcdf35fe000-7fcdf35ff000 r--p 00107000 08:12 3017050                    /lib/x86_64-linux-gnu/libm-2.23.so
7fcdf35ff000-7fcdf3600000 rw-p 00108000 08:12 3017050                    /lib/x86_64-linux-gnu/libm-2.23.so
7fcdf3600000-7fcdf42cd000 r-xp 00000000 08:12 6298987                    /usr/lib/jvm/java-8-oracle/jre/lib/amd64/server/libjvm.so
7fcdf42cd000-7fcdf44cc000 ---p 00ccd000 08:12 6298987                    /usr/lib/jvm/java-8-oracle/jre/lib/amd64/server/libjvm.so
7fcdf44cc000-7fcdf45a5000 rw-p 00ccc000 08:12 6298987                    /usr/lib/jvm/java-8-oracle/jre/lib/amd64/server/libjvm.so
7fcdf45a5000-7fcdf45f0000 rw-p 00000000 00:00 0 
7fcdf45f0000-7fcdf47af000 r-xp 00000000 08:12 3017045                    /lib/x86_64-linux-gnu/libc-2.23.so
7fcdf47af000-7fcdf49af000 ---p 001bf000 08:12 3017045                    /lib/x86_64-linux-gnu/libc-2.23.so
7fcdf49af000-7fcdf49b3000 r--p 001bf000 08:12 3017045                    /lib/x86_64-linux-gnu/libc-2.23.so
7fcdf49b3000-7fcdf49b5000 rw-p 001c3000 08:12 3017045                    /lib/x86_64-linux-gnu/libc-2.23.so
7fcdf49b5000-7fcdf49b9000 rw-p 00000000 00:00 0 
7fcdf49b9000-7fcdf49bc000 r-xp 00000000 08:12 3017044                    /lib/x86_64-linux-gnu/libdl-2.23.so
7fcdf49bc000-7fcdf4bbb000 ---p 00003000 08:12 3017044                    /lib/x86_64-linux-gnu/libdl-2.23.so
7fcdf4bbb000-7fcdf4bbc000 r--p 00002000 08:12 3017044                    /lib/x86_64-linux-gnu/libdl-2.23.so
7fcdf4bbc000-7fcdf4bbd000 rw-p 00003000 08:12 3017044                    /lib/x86_64-linux-gnu/libdl-2.23.so
7fcdf4bbd000-7fcdf4bd2000 r-xp 00000000 08:12 6296869                    /usr/lib/jvm/java-8-oracle/lib/amd64/jli/libjli.so
7fcdf4bd2000-7fcdf4dd2000 ---p 00015000 08:12 6296869                    /usr/lib/jvm/java-8-oracle/lib/amd64/jli/libjli.so
7fcdf4dd2000-7fcdf4dd3000 rw-p 00015000 08:12 6296869                    /usr/lib/jvm/java-8-oracle/lib/amd64/jli/libjli.so
7fcdf4dd3000-7fcdf4deb000 r-xp 00000000 08:12 3017051                    /lib/x86_64-linux-gnu/libpthread-2.23.so
7fcdf4deb000-7fcdf4fea000 ---p 00018000 08:12 3017051                    /lib/x86_64-linux-gnu/libpthread-2.23.so
7fcdf4fea000-7fcdf4feb000 r--p 00017000 08:12 3017051                    /lib/x86_64-linux-gnu/libpthread-2.23.so
7fcdf4feb000-7fcdf4fec000 rw-p 00018000 08:12 3017051                    /lib/x86_64-linux-gnu/libpthread-2.23.so
7fcdf4fec000-7fcdf4ff0000 rw-p 00000000 00:00 0 
7fcdf4ff0000-7fcdf5016000 r-xp 00000000 08:12 3014673                    /lib/x86_64-linux-gnu/ld-2.23.so
7fcdf5016000-7fcdf5017000 r--s 00000000 08:12 2754161                    /var/cache/fontconfig/551ecf3b0e8b0bca0f25c0944f561853-le64.cache-6
7fcdf5017000-7fcdf501b000 r--s 00000000 08:12 2752715                    /var/cache/fontconfig/7ef2298fde41cc6eeb7af42e48b7d293-le64.cache-6
7fcdf501b000-7fcdf5022000 r--s 0005d000 08:12 4199808                    /home/imasa/.m2/repository/org/apache/commons/commons-compress/1.10/commons-compress-1.10.jar
7fcdf5022000-7fcdf5029000 r--s 0003f000 08:12 4199806                    /home/imasa/.m2/repository/commons-codec/commons-codec/1.10/commons-codec-1.10.jar
7fcdf5029000-7fcdf50f4000 rw-p 00000000 00:00 0 
7fcdf50f4000-7fcdf50f7000 ---p 00000000 00:00 0 
7fcdf50f7000-7fcdf51f9000 rw-p 00000000 00:00 0 
7fcdf51f9000-7fcdf51fa000 r--s 00000000 08:12 2753720                    /var/cache/fontconfig/30829fa25452a46451e813d634d7f916-le64.cache-6
7fcdf51fa000-7fcdf51fb000 r--s 00000000 08:12 2753719                    /var/cache/fontconfig/0c9eb80ebd1c36541ebe2852d3bb0c49-le64.cache-6
7fcdf51fb000-7fcdf51ff000 r--s 00097000 08:12 6297570                    /usr/lib/jvm/java-8-oracle/jre/lib/jsse.jar
7fcdf51ff000-7fcdf5209000 r--s 00116000 08:12 6299013                    /usr/lib/jvm/java-8-oracle/jre/lib/ext/localedata.jar
7fcdf5209000-7fcdf5211000 rw-s 00000000 08:12 3277296                    /tmp/hsperfdata_imasa/12930
7fcdf5211000-7fcdf5212000 rw-p 00000000 00:00 0 
7fcdf5212000-7fcdf5213000 r--p 00000000 00:00 0 
7fcdf5213000-7fcdf5215000 rw-p 00000000 00:00 0 
7fcdf5215000-7fcdf5216000 r--p 00025000 08:12 3014673                    /lib/x86_64-linux-gnu/ld-2.23.so
7fcdf5216000-7fcdf5217000 rw-p 00026000 08:12 3014673                    /lib/x86_64-linux-gnu/ld-2.23.so
7fcdf5217000-7fcdf5218000 rw-p 00000000 00:00 0 
7ffcef350000-7ffcef372000 rw-p 00000000 00:00 0                          [stack]
7ffcef39a000-7ffcef39c000 r--p 00000000 00:00 0                          [vvar]
7ffcef39c000-7ffcef39e000 r-xp 00000000 00:00 0                          [vdso]
ffffffffff600000-ffffffffff601000 r-xp 00000000 00:00 0                  [vsyscall]

VM Arguments:
jvm_args: -Dfile.encoding=UTF-8 
java_command: gdt.jgui.console.JMainConsole
java_class_path (initial): /home/imasa/github/JEntigrator/target/classes:/home/imasa/.m2/repository/commons-codec/commons-codec/1.10/commons-codec-1.10.jar:/home/imasa/.m2/repository/org/apache/commons/commons-compress/1.10/commons-compress-1.10.jar
Launcher Type: SUN_STANDARD

Environment Variables:
JAVA_HOME=/usr/lib/jvm/java-8-oracle
PATH=/home/imasa/.npm-packages/bin:/home/imasa/bin:/home/imasa/.local/bin:/usr/local/sbin:/usr/local/bin:/usr/sbin:/usr/bin:/sbin:/bin:/usr/games:/usr/local/games:/snap/bin:/usr/lib/jvm/java-8-oracle/bin:/usr/lib/jvm/java-8-oracle/db/bin:/usr/lib/jvm/java-8-oracle/jre/bin
SHELL=/bin/bash
DISPLAY=:0

Signal Handlers:
SIGSEGV: [libjvm.so+0xac64b0], sa_mask[0]=11111111011111111101111111111110, sa_flags=SA_RESTART|SA_SIGINFO
SIGBUS: [libjvm.so+0xac64b0], sa_mask[0]=11111111011111111101111111111110, sa_flags=SA_RESTART|SA_SIGINFO
SIGFPE: [libjvm.so+0x91f950], sa_mask[0]=11111111011111111101111111111110, sa_flags=SA_RESTART|SA_SIGINFO
SIGPIPE: [libjvm.so+0x91f950], sa_mask[0]=11111111011111111101111111111110, sa_flags=SA_RESTART|SA_SIGINFO
SIGXFSZ: [libjvm.so+0x91f950], sa_mask[0]=11111111011111111101111111111110, sa_flags=SA_RESTART|SA_SIGINFO
SIGILL: [libjvm.so+0x91f950], sa_mask[0]=11111111011111111101111111111110, sa_flags=SA_RESTART|SA_SIGINFO
SIGUSR1: SIG_DFL, sa_mask[0]=00000000000000000000000000000000, sa_flags=none
SIGUSR2: [libjvm.so+0x920f80], sa_mask[0]=00100000000000000000000000000000, sa_flags=SA_RESTART|SA_SIGINFO
SIGHUP: [libjvm.so+0x922380], sa_mask[0]=11111111011111111101111111111110, sa_flags=SA_RESTART|SA_SIGINFO
SIGINT: [libjvm.so+0x922380], sa_mask[0]=11111111011111111101111111111110, sa_flags=SA_RESTART|SA_SIGINFO
SIGTERM: [libjvm.so+0x922380], sa_mask[0]=11111111011111111101111111111110, sa_flags=SA_RESTART|SA_SIGINFO
SIGQUIT: [libjvm.so+0x922380], sa_mask[0]=11111111011111111101111111111110, sa_flags=SA_RESTART|SA_SIGINFO


---------------  S Y S T E M  ---------------

OS:DISTRIB_ID=Ubuntu
DISTRIB_RELEASE=16.04
DISTRIB_CODENAME=xenial
DISTRIB_DESCRIPTION="Ubuntu 16.04.1 LTS"

uname:Linux 4.4.0-57-generic #78-Ubuntu SMP Fri Dec 9 23:50:32 UTC 2016 x86_64
libc:glibc 2.23 NPTL 2.23 
rlimit: STACK 8192k, CORE 0k, NPROC 30392, NOFILE 65536, AS infinity
load average:0,45 0,18 0,08

/proc/meminfo:
MemTotal:        8050124 kB
MemFree:         1453268 kB
MemAvailable:    2891132 kB
Buffers:          269948 kB
Cached:          2077712 kB
SwapCached:           44 kB
Active:          4410528 kB
Inactive:        1798536 kB
Active(anon):    3611348 kB
Inactive(anon):  1084192 kB
Active(file):     799180 kB
Inactive(file):   714344 kB
Unevictable:          88 kB
Mlocked:              88 kB
SwapTotal:       8263676 kB
SwapFree:        8260460 kB
Dirty:                 0 kB
Writeback:             0 kB
AnonPages:       3768416 kB
Mapped:           826220 kB
Shmem:            833892 kB
Slab:             280752 kB
SReclaimable:     228228 kB
SUnreclaim:        52524 kB
KernelStack:       15152 kB
PageTables:        39024 kB
NFS_Unstable:          0 kB
Bounce:                0 kB
WritebackTmp:          0 kB
CommitLimit:    12288736 kB
Committed_AS:    7999708 kB
VmallocTotal:   34359738367 kB
VmallocUsed:           0 kB
VmallocChunk:          0 kB
HardwareCorrupted:     0 kB
AnonHugePages:   3115008 kB
CmaTotal:              0 kB
CmaFree:               0 kB
HugePages_Total:       0
HugePages_Free:        0
HugePages_Rsvd:        0
HugePages_Surp:        0
Hugepagesize:       2048 kB
DirectMap4k:      213452 kB
DirectMap2M:     7002112 kB
DirectMap1G:     2097152 kB


CPU:total 8 (4 cores per cpu, 2 threads per core) family 6 model 60 stepping 3, cmov, cx8, fxsr, mmx, sse, sse2, sse3, ssse3, sse4.1, sse4.2, popcnt, avx, avx2, aes, clmul, erms, lzcnt, ht, tsc, tscinvbit, bmi1, bmi2

/proc/cpuinfo:
processor	: 0
vendor_id	: GenuineIntel
cpu family	: 6
model		: 60
model name	: Intel(R) Core(TM) i7-4770 CPU @ 3.40GHz
stepping	: 3
microcode	: 0x1e
cpu MHz		: 3699.890
cache size	: 8192 KB
physical id	: 0
siblings	: 8
core id		: 0
cpu cores	: 4
apicid		: 0
initial apicid	: 0
fpu		: yes
fpu_exception	: yes
cpuid level	: 13
wp		: yes
flags		: fpu vme de pse tsc msr pae mce cx8 apic sep mtrr pge mca cmov pat pse36 clflush dts acpi mmx fxsr sse sse2 ss ht tm pbe syscall nx pdpe1gb rdtscp lm constant_tsc arch_perfmon pebs bts rep_good nopl xtopology nonstop_tsc aperfmperf eagerfpu pni pclmulqdq dtes64 monitor ds_cpl vmx smx est tm2 ssse3 sdbg fma cx16 xtpr pdcm pcid sse4_1 sse4_2 x2apic movbe popcnt tsc_deadline_timer aes xsave avx f16c rdrand lahf_lm abm tpr_shadow vnmi flexpriority ept vpid fsgsbase tsc_adjust bmi1 avx2 smep bmi2 erms invpcid xsaveopt dtherm ida arat pln pts
bugs		:
bogomips	: 6800.50
clflush size	: 64
cache_alignment	: 64
address sizes	: 39 bits physical, 48 bits virtual
power management:

processor	: 1
vendor_id	: GenuineIntel
cpu family	: 6
model		: 60
model name	: Intel(R) Core(TM) i7-4770 CPU @ 3.40GHz
stepping	: 3
microcode	: 0x1e
cpu MHz		: 3699.890
cache size	: 8192 KB
physical id	: 0
siblings	: 8
core id		: 1
cpu cores	: 4
apicid		: 2
initial apicid	: 2
fpu		: yes
fpu_exception	: yes
cpuid level	: 13
wp		: yes
flags		: fpu vme de pse tsc msr pae mce cx8 apic sep mtrr pge mca cmov pat pse36 clflush dts acpi mmx fxsr sse sse2 ss ht tm pbe syscall nx pdpe1gb rdtscp lm constant_tsc arch_perfmon pebs bts rep_good nopl xtopology nonstop_tsc aperfmperf eagerfpu pni pclmulqdq dtes64 monitor ds_cpl vmx smx est tm2 ssse3 sdbg fma cx16 xtpr pdcm pcid sse4_1 sse4_2 x2apic movbe popcnt tsc_deadline_timer aes xsave avx f16c rdrand lahf_lm abm tpr_shadow vnmi flexpriority ept vpid fsgsbase tsc_adjust bmi1 avx2 smep bmi2 erms invpcid xsaveopt dtherm ida arat pln pts
bugs		:
bogomips	: 6800.50
clflush size	: 64
cache_alignment	: 64
address sizes	: 39 bits physical, 48 bits virtual
power management:

processor	: 2
vendor_id	: GenuineIntel
cpu family	: 6
model		: 60
model name	: Intel(R) Core(TM) i7-4770 CPU @ 3.40GHz
stepping	: 3
microcode	: 0x1e
cpu MHz		: 3699.890
cache size	: 8192 KB
physical id	: 0
siblings	: 8
core id		: 2
cpu cores	: 4
apicid		: 4
initial apicid	: 4
fpu		: yes
fpu_exception	: yes
cpuid level	: 13
wp		: yes
flags		: fpu vme de pse tsc msr pae mce cx8 apic sep mtrr pge mca cmov pat pse36 clflush dts acpi mmx fxsr sse sse2 ss ht tm pbe syscall nx pdpe1gb rdtscp lm constant_tsc arch_perfmon pebs bts rep_good nopl xtopology nonstop_tsc aperfmperf eagerfpu pni pclmulqdq dtes64 monitor ds_cpl vmx smx est tm2 ssse3 sdbg fma cx16 xtpr pdcm pcid sse4_1 sse4_2 x2apic movbe popcnt tsc_deadline_timer aes xsave avx f16c rdrand lahf_lm abm tpr_shadow vnmi flexpriority ept vpid fsgsbase tsc_adjust bmi1 avx2 smep bmi2 erms invpcid xsaveopt dtherm ida arat pln pts
bugs		:
bogomips	: 6800.50
clflush size	: 64
cache_alignment	: 64
address sizes	: 39 bits physical, 48 bits virtual
power management:

processor	: 3
vendor_id	: GenuineIntel
cpu family	: 6
model		: 60
model name	: Intel(R) Core(TM) i7-4770 CPU @ 3.40GHz
stepping	: 3
microcode	: 0x1e
cpu MHz		: 3699.890
cache size	: 8192 KB
physical id	: 0
siblings	: 8
core id		: 3
cpu cores	: 4
apicid		: 6
initial apicid	: 6
fpu		: yes
fpu_exception	: yes
cpuid level	: 13
wp		: yes
flags		: fpu vme de pse tsc msr pae mce cx8 apic sep mtrr pge mca cmov pat pse36 clflush dts acpi mmx fxsr sse sse2 ss ht tm pbe syscall nx pdpe1gb rdtscp lm constant_tsc arch_perfmon pebs bts rep_good nopl xtopology nonstop_tsc aperfmperf eagerfpu pni pclmulqdq dtes64 monitor ds_cpl vmx smx est tm2 ssse3 sdbg fma cx16 xtpr pdcm pcid sse4_1 sse4_2 x2apic movbe popcnt tsc_deadline_timer aes xsave avx f16c rdrand lahf_lm abm tpr_shadow vnmi flexpriority ept vpid fsgsbase tsc_adjust bmi1 avx2 smep bmi2 erms invpcid xsaveopt dtherm ida arat pln pts
bugs		:
bogomips	: 6800.50
clflush size	: 64
cache_alignment	: 64
address sizes	: 39 bits physical, 48 bits virtual
power management:

processor	: 4
vendor_id	: GenuineIntel
cpu family	: 6
model		: 60
model name	: Intel(R) Core(TM) i7-4770 CPU @ 3.40GHz
stepping	: 3
microcode	: 0x1e
cpu MHz		: 3699.890
cache size	: 8192 KB
physical id	: 0
siblings	: 8
core id		: 0
cpu cores	: 4
apicid		: 1
initial apicid	: 1
fpu		: yes
fpu_exception	: yes
cpuid level	: 13
wp		: yes
flags		: fpu vme de pse tsc msr pae mce cx8 apic sep mtrr pge mca cmov pat pse36 clflush dts acpi mmx fxsr sse sse2 ss ht tm pbe syscall nx pdpe1gb rdtscp lm constant_tsc arch_perfmon pebs bts rep_good nopl xtopology nonstop_tsc aperfmperf eagerfpu pni pclmulqdq dtes64 monitor ds_cpl vmx smx est tm2 ssse3 sdbg fma cx16 xtpr pdcm pcid sse4_1 sse4_2 x2apic movbe popcnt tsc_deadline_timer aes xsave avx f16c rdrand lahf_lm abm tpr_shadow vnmi flexpriority ept vpid fsgsbase tsc_adjust bmi1 avx2 smep bmi2 erms invpcid xsaveopt dtherm ida arat pln pts
bugs		:
bogomips	: 6800.50
clflush size	: 64
cache_alignment	: 64
address sizes	: 39 bits physical, 48 bits virtual
power management:

processor	: 5
vendor_id	: GenuineIntel
cpu family	: 6
model		: 60
model name	: Intel(R) Core(TM) i7-4770 CPU @ 3.40GHz
stepping	: 3
microcode	: 0x1e
cpu MHz		: 3699.890
cache size	: 8192 KB
physical id	: 0
siblings	: 8
core id		: 1
cpu cores	: 4
apicid		: 3
initial apicid	: 3
fpu		: yes
fpu_exception	: yes
cpuid level	: 13
wp		: yes
flags		: fpu vme de pse tsc msr pae mce cx8 apic sep mtrr pge mca cmov pat pse36 clflush dts acpi mmx fxsr sse sse2 ss ht tm pbe syscall nx pdpe1gb rdtscp lm constant_tsc arch_perfmon pebs bts rep_good nopl xtopology nonstop_tsc aperfmperf eagerfpu pni pclmulqdq dtes64 monitor ds_cpl vmx smx est tm2 ssse3 sdbg fma cx16 xtpr pdcm pcid sse4_1 sse4_2 x2apic movbe popcnt tsc_deadline_timer aes xsave avx f16c rdrand lahf_lm abm tpr_shadow vnmi flexpriority ept vpid fsgsbase tsc_adjust bmi1 avx2 smep bmi2 erms invpcid xsaveopt dtherm ida arat pln pts
bugs		:
bogomips	: 6800.50
clflush size	: 64
cache_alignment	: 64
address sizes	: 39 bits physical, 48 bits virtual
power management:

processor	: 6
vendor_id	: GenuineIntel
cpu family	: 6
model		: 60
model name	: Intel(R) Core(TM) i7-4770 CPU @ 3.40GHz
stepping	: 3
microcode	: 0x1e
cpu MHz		: 3699.890
cache size	: 8192 KB
physical id	: 0
siblings	: 8
core id		: 2
cpu cores	: 4
apicid		: 5
initial apicid	: 5
fpu		: yes
fpu_exception	: yes
cpuid level	: 13
wp		: yes
flags		: fpu vme de pse tsc msr pae mce cx8 apic sep mtrr pge mca cmov pat pse36 clflush dts acpi mmx fxsr sse sse2 ss ht tm pbe syscall nx pdpe1gb rdtscp lm constant_tsc arch_perfmon pebs bts rep_good nopl xtopology nonstop_tsc aperfmperf eagerfpu pni pclmulqdq dtes64 monitor ds_cpl vmx smx est tm2 ssse3 sdbg fma cx16 xtpr pdcm pcid sse4_1 sse4_2 x2apic movbe popcnt tsc_deadline_timer aes xsave avx f16c rdrand lahf_lm abm tpr_shadow vnmi flexpriority ept vpid fsgsbase tsc_adjust bmi1 avx2 smep bmi2 erms invpcid xsaveopt dtherm ida arat pln pts
bugs		:
bogomips	: 6800.50
clflush size	: 64
cache_alignment	: 64
address sizes	: 39 bits physical, 48 bits virtual
power management:

processor	: 7
vendor_id	: GenuineIntel
cpu family	: 6
model		: 60
model name	: Intel(R) Core(TM) i7-4770 CPU @ 3.40GHz
stepping	: 3
microcode	: 0x1e
cpu MHz		: 3699.890
cache size	: 8192 KB
physical id	: 0
siblings	: 8
core id		: 3
cpu cores	: 4
apicid		: 7
initial apicid	: 7
fpu		: yes
fpu_exception	: yes
cpuid level	: 13
wp		: yes
flags		: fpu vme de pse tsc msr pae mce cx8 apic sep mtrr pge mca cmov pat pse36 clflush dts acpi mmx fxsr sse sse2 ss ht tm pbe syscall nx pdpe1gb rdtscp lm constant_tsc arch_perfmon pebs bts rep_good nopl xtopology nonstop_tsc aperfmperf eagerfpu pni pclmulqdq dtes64 monitor ds_cpl vmx smx est tm2 ssse3 sdbg fma cx16 xtpr pdcm pcid sse4_1 sse4_2 x2apic movbe popcnt tsc_deadline_timer aes xsave avx f16c rdrand lahf_lm abm tpr_shadow vnmi flexpriority ept vpid fsgsbase tsc_adjust bmi1 avx2 smep bmi2 erms invpcid xsaveopt dtherm ida arat pln pts
bugs		:
bogomips	: 6800.50
clflush size	: 64
cache_alignment	: 64
address sizes	: 39 bits physical, 48 bits virtual
power management:



Memory: 4k page, physical 8050124k(1456172k free), swap 8263676k(8260460k free)

vm_info: Java HotSpot(TM) 64-Bit Server VM (25.111-b14) for linux-amd64 JRE (1.8.0_111-b14), built on Sep 22 2016 16:14:03 by "java_re" with gcc 4.3.0 20080428 (Red Hat 4.3.0-8)

time: Wed Jan  4 23:39:56 2017
elapsed time: 30876 seconds (0d 8h 34m 36s)

