#
# A fatal error has been detected by the Java Runtime Environment:
#
#  SIGSEGV (0xb) at pc=0x00007fd3801e03fa, pid=16775, tid=140545507800832
#
# JRE version: OpenJDK Runtime Environment (8.0_91-b14) (build 1.8.0_91-8u91-b14-3ubuntu1~16.04.1-b14)
# Java VM: OpenJDK 64-Bit Server VM (25.91-b14 mixed mode linux-amd64 compressed oops)
# Problematic frame:
# v  ~BufferBlob::jni_fast_GetLongField
#
# Failed to write core dump. Core dumps have been disabled. To enable core dumping, try "ulimit -c unlimited" before starting Java again
#
# If you would like to submit a bug report, please visit:
#   http://bugreport.java.com/bugreport/crash.jsp
# The crash happened outside the Java Virtual Machine in native code.
# See problematic frame for where to report the bug.
#

---------------  T H R E A D  ---------------

Current thread (0x00007fd390289000):  JavaThread "AWT-XAWT" daemon [_thread_in_native, id=16802, stack(0x00007fd34d013000,0x00007fd34d114000)]

siginfo: si_signo: 11 (SIGSEGV), si_code: 1 (SEGV_MAPERR), si_addr: 0x0000000000000000

Registers:
RAX=0x00007fd395a9ae80, RBX=0x00007fd3902891e0, RCX=0x0000000000000000, RDX=0x0000000000000042
RSP=0x00007fd34d112818, RBP=0x00007fd34d112840, RSI=0x0000000000000000, RDI=0x00007fd3902891e0
R8 =0x00000000d776a5d0, R9 =0x0000000000000000, R10=0x000000000000000c, R11=0x00007fd395505920
R12=0x00007fd32018d030, R13=0x0000000000000000, R14=0x00007fd34f16db00, R15=0x00007fd390289000
RIP=0x00007fd3801e03fa, EFLAGS=0x0000000000010246, CSGSFS=0xef71000000000033, ERR=0x0000000000000004
  TRAPNO=0x000000000000000e

Top of Stack: (sp=0x00007fd34d112818)
0x00007fd34d112818:   00007fd34ef4af34 00007fd37aac36f8
0x00007fd34d112828:   00007fd32018d030 00007fd37aac36f8
0x00007fd34d112838:   00007fd34d112928 0000000000000000
0x00007fd34d112848:   00007fd34ea133c0 00007fd37aac36f8
0x00007fd34d112858:   00007fd34d112880 0000000000000000
0x00007fd34d112868:   00007fd34ea0af93 00007fd37aac36f8
0x00007fd34d112878:   00007fd34ef42caf 00007fd34d1128f0
0x00007fd34d112888:   00007fd38018e754 00007fd34d112970
0x00007fd34d112898:   00007fd3803c284c 00007fd34d112970
0x00007fd34d1128a8:   00007fd38033bbe4 00007fd34d1128b0
0x00007fd34d1128b8:   0000000000000000 00007fd34d112928
0x00007fd34d1128c8:   00007fd37aac7d88 0000000000000000
0x00007fd34d1128d8:   00007fd37aac36f8 0000000000000000
0x00007fd34d1128e8:   00007fd34d112910 00007fd34d112970
0x00007fd34d1128f8:   00007fd38017e7d0 00000000d739f710
0x00007fd34d112908:   00007fd380188260 0000000000000000
0x00007fd34d112918:   00007fd34d112970 00007fd328000e30
0x00007fd34d112928:   00000000d7419c30 00007fd34d112930
0x00007fd34d112938:   00007fd37aa7034c 00007fd34d1129b8
0x00007fd34d112948:   00007fd37aa88000 0000000000000000
0x00007fd34d112958:   00007fd37aa70488 00007fd34d112910
0x00007fd34d112968:   00007fd34d1129b0 00007fd34d112a00
0x00007fd34d112978:   00007fd38017effd 0000000000000000
0x00007fd34d112988:   0000000000000000 0000000000000000
0x00007fd34d112998:   0000000000000000 0000000000000000
0x00007fd34d1129a8:   00000000d7419c30 0000000000000000
0x00007fd34d1129b8:   00000000d73e20e8 00007fd34d1129c0
0x00007fd34d1129c8:   00007fd37aa7018d 00007fd34d112a10
0x00007fd34d1129d8:   00007fd37aa88000 0000000000000000
0x00007fd34d1129e8:   00007fd37aa70198 00007fd34d1129b0
0x00007fd34d1129f8:   00007fd34d112a10 00007fd34d112a58
0x00007fd34d112a08:   00007fd38017f042 00000000d73e20e8 

Instructions: (pc=0x00007fd3801e03fa)
0x00007fd3801e03da:   00 00 00 00 00 00 44 8b 15 ed 74 8e 15 4c 8b ce
0x00007fd3801e03ea:   41 f6 c2 01 0f 85 2e 00 00 00 4d 33 ca 4d 33 ca
0x00007fd3801e03fa:   4d 8b 09 4c 8b da 49 c1 eb 02 4b 8b 04 19 49 bb
0x00007fd3801e040a:   d4 78 ac 95 d3 7f 00 00 4c 33 d8 4c 33 d8 45 3b 

Register to memory mapping:

RAX=0x00007fd395a9ae80: <offset 0xee8e80> in /usr/lib/jvm/java-8-openjdk-amd64/jre/lib/amd64/server/libjvm.so at 0x00007fd394bb2000
RBX=0x00007fd3902891e0 is an unknown value
RCX=0x0000000000000000 is an unknown value
RDX=0x0000000000000042 is an unknown value
RSP=0x00007fd34d112818 is pointing into the stack for thread: 0x00007fd390289000
RBP=0x00007fd34d112840 is pointing into the stack for thread: 0x00007fd390289000
RSI=0x0000000000000000 is an unknown value
RDI=0x00007fd3902891e0 is an unknown value
R8 =0x00000000d776a5d0 is an oop
java.util.logging.Logger 
 - klass: 'java/util/logging/Logger'
R9 =0x0000000000000000 is an unknown value
R10=0x000000000000000c is an unknown value
R11=0x00007fd395505920: <offset 0x953920> in /usr/lib/jvm/java-8-openjdk-amd64/jre/lib/amd64/server/libjvm.so at 0x00007fd394bb2000
R12=0x00007fd32018d030 is an unknown value
R13=0x0000000000000000 is an unknown value
R14=0x00007fd34f16db00: <offset 0x258b00> in /usr/lib/jvm/java-8-openjdk-amd64/jre/lib/amd64/libawt_xawt.so at 0x00007fd34ef15000
R15=0x00007fd390289000 is a thread


Stack: [0x00007fd34d013000,0x00007fd34d114000],  sp=0x00007fd34d112818,  free space=1022k
Native frames: (J=compiled Java code, j=interpreted, Vv=VM code, C=native code)
v  ~BufferBlob::jni_fast_GetLongField
C  [libX11.so.6+0x643c0]  _XimServerDestroy+0x70

Java frames: (J=compiled Java code, j=interpreted, Vv=VM code)
j  sun.awt.X11.XlibWrapper.XFilterEvent(JJ)Z+0
j  sun.awt.X11.XToolkit.run(Z)V+300
j  sun.awt.X11.XToolkit.run()V+5
j  java.lang.Thread.run()V+11
v  ~StubRoutines::call_stub

---------------  P R O C E S S  ---------------

Java Threads: ( => current thread )
  0x00007fd32015d800 JavaThread "TimerQueue" daemon [_thread_blocked, id=16832, stack(0x00007fd34c1e4000,0x00007fd34c2e5000)]
  0x00007fd39000a000 JavaThread "DestroyJavaVM" [_thread_blocked, id=16776, stack(0x00007fd3967f9000,0x00007fd3968fa000)]
  0x00007fd390291000 JavaThread "AWT-EventQueue-0" [_thread_blocked, id=16817, stack(0x00007fd34ce11000,0x00007fd34cf12000)]
  0x00007fd39028f800 JavaThread "AWT-Shutdown" [_thread_blocked, id=16816, stack(0x00007fd34cf12000,0x00007fd34d013000)]
=>0x00007fd390289000 JavaThread "AWT-XAWT" daemon [_thread_in_native, id=16802, stack(0x00007fd34d013000,0x00007fd34d114000)]
  0x00007fd390268000 JavaThread "Java2D Disposer" daemon [_thread_blocked, id=16799, stack(0x00007fd34d524000,0x00007fd34d625000)]
  0x00007fd3900dc800 JavaThread "Service Thread" daemon [_thread_blocked, id=16797, stack(0x00007fd34f540000,0x00007fd34f641000)]
  0x00007fd3900bf800 JavaThread "C1 CompilerThread3" daemon [_thread_blocked, id=16796, stack(0x00007fd378045000,0x00007fd378146000)]
  0x00007fd3900bb000 JavaThread "C2 CompilerThread2" daemon [_thread_blocked, id=16795, stack(0x00007fd378146000,0x00007fd378247000)]
  0x00007fd3900b9000 JavaThread "C2 CompilerThread1" daemon [_thread_blocked, id=16794, stack(0x00007fd378247000,0x00007fd378348000)]
  0x00007fd3900b6800 JavaThread "C2 CompilerThread0" daemon [_thread_blocked, id=16793, stack(0x00007fd378348000,0x00007fd378449000)]
  0x00007fd3900b4000 JavaThread "Signal Dispatcher" daemon [_thread_blocked, id=16792, stack(0x00007fd378449000,0x00007fd37854a000)]
  0x00007fd39008b800 JavaThread "Finalizer" daemon [_thread_blocked, id=16791, stack(0x00007fd37854a000,0x00007fd37864b000)]
  0x00007fd390087000 JavaThread "Reference Handler" daemon [_thread_blocked, id=16790, stack(0x00007fd37864b000,0x00007fd37874c000)]

Other Threads:
  0x00007fd39007f800 VMThread [stack: 0x00007fd37874c000,0x00007fd37884d000] [id=16785]
  0x00007fd3900df000 WatcherThread [stack: 0x00007fd34f43f000,0x00007fd34f540000] [id=16798]

VM state:not at safepoint (normal execution)

VM Mutex/Monitor currently owned by a thread: None

Heap:
 PSYoungGen      total 36864K, used 14161K [0x00000000d7100000, 0x00000000d9a00000, 0x0000000100000000)
  eden space 31744K, 44% used [0x00000000d7100000,0x00000000d7ed4680,0x00000000d9000000)
  from space 5120K, 0% used [0x00000000d9500000,0x00000000d9500000,0x00000000d9a00000)
  to   space 5120K, 0% used [0x00000000d9000000,0x00000000d9000000,0x00000000d9500000)
 ParOldGen       total 84992K, used 0K [0x0000000085200000, 0x000000008a500000, 0x00000000d7100000)
  object space 84992K, 0% used [0x0000000085200000,0x0000000085200000,0x000000008a500000)
 Metaspace       used 15042K, capacity 15266K, committed 15616K, reserved 1062912K
  class space    used 1851K, capacity 1932K, committed 2048K, reserved 1048576K

Card table byte_map: [0x00007fd37f9df000,0x00007fd37fdb7000] byte_map_base: 0x00007fd37f5b6000

Marking Bits: (ParMarkBitMap*) 0x00007fd395ac6fc0
 Begin Bits: [0x00007fd37b2d8000, 0x00007fd37d190000)
 End Bits:   [0x00007fd37d190000, 0x00007fd37f048000)

Polling page: 0x00007fd396918000

CodeCache: size=245760Kb used=2553Kb max_used=2564Kb free=243206Kb
 bounds [0x00007fd380177000, 0x00007fd380407000, 0x00007fd38f177000]
 total_blobs=1256 nmethods=684 adapters=487
 compilation: enabled

Compilation events (10 events):
Event: 1165,329 Thread 0x00007fd3900b9000  680       4       sun.awt.X11.XToolkit::getDisplay (20 bytes)
Event: 1165,329 Thread 0x00007fd3900b9000 nmethod 680 0x00007fd3803e2d90 code [0x00007fd3803e2ec0, 0x00007fd3803e2f18]
Event: 1563,266 Thread 0x00007fd3900b9000  681       4       sun.util.logging.PlatformLogger::isLoggable (38 bytes)
Event: 1563,270 Thread 0x00007fd3900b9000 nmethod 681 0x00007fd3803f5710 code [0x00007fd3803f5880, 0x00007fd3803f5a78]
Event: 2567,371 Thread 0x00007fd3900bb000  682   !   4       sun.awt.X11.XToolkit::callTimeoutTasks (220 bytes)
Event: 2567,372 Thread 0x00007fd3900bb000 nmethod 682 0x00007fd3803f4f10 code [0x00007fd3803f50a0, 0x00007fd3803f5298]
Event: 2632,944 Thread 0x00007fd3900b9000  683   !   4       sun.awt.X11.XToolkit::getNextTaskTime (55 bytes)
Event: 2632,952 Thread 0x00007fd3900b9000 nmethod 683 0x00007fd3803f4750 code [0x00007fd3803f48e0, 0x00007fd3803f4b70]
Event: 2656,470 Thread 0x00007fd3900bb000  684       4       sun.awt.SunToolkit::awtUnlock (7 bytes)
Event: 2656,473 Thread 0x00007fd3900bb000 nmethod 684 0x00007fd3803f9650 code [0x00007fd3803f97a0, 0x00007fd3803f9888]

GC Heap History (0 events):
No events

Deoptimization events (3 events):
Event: 0,945 Thread 0x00007fd390291000 Uncommon trap: reason=class_check action=maybe_recompile pc=0x00007fd3802b8670 method=java.lang.String.equals(Ljava/lang/Object;)Z @ 8
Event: 0,973 Thread 0x00007fd390291000 Uncommon trap: reason=class_check action=maybe_recompile pc=0x00007fd3802b8670 method=java.lang.String.equals(Ljava/lang/Object;)Z @ 8
Event: 0,973 Thread 0x00007fd390291000 Uncommon trap: reason=class_check action=maybe_recompile pc=0x00007fd3802b8670 method=java.lang.String.equals(Ljava/lang/Object;)Z @ 8

Internal exceptions (10 events):
Event: 0,085 Thread 0x00007fd39000a000 Exception <a 'java/security/PrivilegedActionException'> (0x00000000d719caa0) thrown at [/build/openjdk-8-W1Ghxo/openjdk-8-8u91-b14/src/hotspot/src/share/vm/prims/jvm.cpp, line 1386]
Event: 0,086 Thread 0x00007fd39000a000 Exception <a 'java/security/PrivilegedActionException'> (0x00000000d719eb08) thrown at [/build/openjdk-8-W1Ghxo/openjdk-8-8u91-b14/src/hotspot/src/share/vm/prims/jvm.cpp, line 1386]
Event: 0,086 Thread 0x00007fd39000a000 Exception <a 'java/security/PrivilegedActionException'> (0x00000000d723d8e8) thrown at [/build/openjdk-8-W1Ghxo/openjdk-8-8u91-b14/src/hotspot/src/share/vm/prims/jvm.cpp, line 1386]
Event: 0,086 Thread 0x00007fd39000a000 Exception <a 'java/security/PrivilegedActionException'> (0x00000000d723e3b8) thrown at [/build/openjdk-8-W1Ghxo/openjdk-8-8u91-b14/src/hotspot/src/share/vm/prims/jvm.cpp, line 1386]
Event: 0,086 Thread 0x00007fd39000a000 Exception <a 'java/security/PrivilegedActionException'> (0x00000000d723e5c8) thrown at [/build/openjdk-8-W1Ghxo/openjdk-8-8u91-b14/src/hotspot/src/share/vm/prims/jvm.cpp, line 1386]
Event: 0,135 Thread 0x00007fd39000a000 Exception <a 'java/lang/NoSuchFieldError': method resolution failed> (0x00000000d730bed8) thrown at [/build/openjdk-8-W1Ghxo/openjdk-8-8u91-b14/src/hotspot/src/share/vm/prims/methodHandles.cpp, line 1146]
Event: 0,138 Thread 0x00007fd39000a000 Exception <a 'java/lang/NoSuchFieldError': method resolution failed> (0x00000000d73196d8) thrown at [/build/openjdk-8-W1Ghxo/openjdk-8-8u91-b14/src/hotspot/src/share/vm/prims/methodHandles.cpp, line 1146]
Event: 0,161 Thread 0x00007fd39000a000 Exception <a 'java/io/FileNotFoundException'> (0x00000000d73990b8) thrown at [/build/openjdk-8-W1Ghxo/openjdk-8-8u91-b14/src/hotspot/src/share/vm/prims/jni.cpp, line 709]
Event: 0,161 Thread 0x00007fd39000a000 Exception <a 'java/io/FileNotFoundException'> (0x00000000d7399ad0) thrown at [/build/openjdk-8-W1Ghxo/openjdk-8-8u91-b14/src/hotspot/src/share/vm/prims/jni.cpp, line 709]
Event: 0,176 Thread 0x00007fd39000a000 Exception <a 'java/lang/ClassNotFoundException': sun/dc/DuctusRenderingEngine> (0x00000000d73a52a0) thrown at [/build/openjdk-8-W1Ghxo/openjdk-8-8u91-b14/src/hotspot/src/share/vm/classfile/systemDictionary.cpp, line 210]

Events (10 events):
Event: 0,994 loading class sun/awt/CausedFocusEvent$Cause done
Event: 0,994 loading class java/awt/KeyboardFocusManager$HeavyweightFocusRequest
Event: 0,994 loading class java/awt/KeyboardFocusManager$HeavyweightFocusRequest done
Event: 4,064 Executing VM operation: EnableBiasedLocking
Event: 4,064 Executing VM operation: EnableBiasedLocking done
Event: 5,928 Thread 0x00007fd32017a000 Thread exited: 0x00007fd32017a000
Event: 459,901 loading class sun/awt/X11/XAWTXSettings$1
Event: 459,901 loading class sun/awt/X11/XAWTXSettings$1 done
Event: 20831,483 loading class sun/awt/X11/XDestroyWindowEvent
Event: 20831,483 loading class sun/awt/X11/XDestroyWindowEvent done


Dynamic libraries:
00400000-00401000 r-xp 00000000 08:12 6297931                            /usr/lib/jvm/java-8-openjdk-amd64/jre/bin/java
00600000-00601000 r--p 00000000 08:12 6297931                            /usr/lib/jvm/java-8-openjdk-amd64/jre/bin/java
00601000-00602000 rw-p 00001000 08:12 6297931                            /usr/lib/jvm/java-8-openjdk-amd64/jre/bin/java
00b6f000-00b90000 rw-p 00000000 00:00 0                                  [heap]
85200000-8a500000 rw-p 00000000 00:00 0 
8a500000-d7100000 ---p 00000000 00:00 0 
d7100000-d9a00000 rw-p 00000000 00:00 0 
d9a00000-100000000 ---p 00000000 00:00 0 
100000000-100200000 rw-p 00000000 00:00 0 
100200000-140000000 ---p 00000000 00:00 0 
7fd310000000-7fd310021000 rw-p 00000000 00:00 0 
7fd310021000-7fd314000000 ---p 00000000 00:00 0 
7fd314000000-7fd314021000 rw-p 00000000 00:00 0 
7fd314021000-7fd318000000 ---p 00000000 00:00 0 
7fd31be00000-7fd31bf40000 rw-p 00000000 00:00 0 
7fd31bf40000-7fd31c000000 ---p 00000000 00:00 0 
7fd31c000000-7fd31c021000 rw-p 00000000 00:00 0 
7fd31c021000-7fd320000000 ---p 00000000 00:00 0 
7fd320000000-7fd320195000 rw-p 00000000 00:00 0 
7fd320195000-7fd324000000 ---p 00000000 00:00 0 
7fd324000000-7fd324021000 rw-p 00000000 00:00 0 
7fd324021000-7fd328000000 ---p 00000000 00:00 0 
7fd328000000-7fd328021000 rw-p 00000000 00:00 0 
7fd328021000-7fd32c000000 ---p 00000000 00:00 0 
7fd32c000000-7fd32c021000 rw-p 00000000 00:00 0 
7fd32c021000-7fd330000000 ---p 00000000 00:00 0 
7fd330000000-7fd330021000 rw-p 00000000 00:00 0 
7fd330021000-7fd334000000 ---p 00000000 00:00 0 
7fd334000000-7fd33409f000 rw-p 00000000 00:00 0 
7fd33409f000-7fd338000000 ---p 00000000 00:00 0 
7fd338000000-7fd3381b3000 rw-p 00000000 00:00 0 
7fd3381b3000-7fd33c000000 ---p 00000000 00:00 0 
7fd33c000000-7fd33c0ac000 rw-p 00000000 00:00 0 
7fd33c0ac000-7fd340000000 ---p 00000000 00:00 0 
7fd340000000-7fd3400a0000 rw-p 00000000 00:00 0 
7fd3400a0000-7fd344000000 ---p 00000000 00:00 0 
7fd344000000-7fd344021000 rw-p 00000000 00:00 0 
7fd344021000-7fd348000000 ---p 00000000 00:00 0 
7fd348000000-7fd348021000 rw-p 00000000 00:00 0 
7fd348021000-7fd34c000000 ---p 00000000 00:00 0 
7fd34c0e3000-7fd34c0e6000 ---p 00000000 00:00 0 
7fd34c0e6000-7fd34c1e4000 rw-p 00000000 00:00 0 
7fd34c1e4000-7fd34c1e7000 ---p 00000000 00:00 0 
7fd34c1e7000-7fd34c4e5000 rw-p 00000000 00:00 0 
7fd34c4e5000-7fd34c4f6000 r-xp 00000000 08:12 6435898                    /usr/lib/jvm/java-8-openjdk-amd64/jre/lib/amd64/libnio.so
7fd34c4f6000-7fd34c6f6000 ---p 00011000 08:12 6435898                    /usr/lib/jvm/java-8-openjdk-amd64/jre/lib/amd64/libnio.so
7fd34c6f6000-7fd34c6f7000 r--p 00011000 08:12 6435898                    /usr/lib/jvm/java-8-openjdk-amd64/jre/lib/amd64/libnio.so
7fd34c6f7000-7fd34c6f8000 rw-p 00012000 08:12 6435898                    /usr/lib/jvm/java-8-openjdk-amd64/jre/lib/amd64/libnio.so
7fd34c6f8000-7fd34c9f9000 rw-p 00000000 00:00 0 
7fd34c9f9000-7fd34ca10000 r-xp 00000000 08:12 6435874                    /usr/lib/jvm/java-8-openjdk-amd64/jre/lib/amd64/libnet.so
7fd34ca10000-7fd34cc0f000 ---p 00017000 08:12 6435874                    /usr/lib/jvm/java-8-openjdk-amd64/jre/lib/amd64/libnet.so
7fd34cc0f000-7fd34cc10000 r--p 00016000 08:12 6435874                    /usr/lib/jvm/java-8-openjdk-amd64/jre/lib/amd64/libnet.so
7fd34cc10000-7fd34cc11000 rw-p 00017000 08:12 6435874                    /usr/lib/jvm/java-8-openjdk-amd64/jre/lib/amd64/libnet.so
7fd34cc11000-7fd34ce11000 rw-p 00000000 00:00 0 
7fd34ce11000-7fd34ce14000 ---p 00000000 00:00 0 
7fd34ce14000-7fd34cf12000 rw-p 00000000 00:00 0 
7fd34cf12000-7fd34cf15000 ---p 00000000 00:00 0 
7fd34cf15000-7fd34d013000 rw-p 00000000 00:00 0 
7fd34d013000-7fd34d016000 ---p 00000000 00:00 0 
7fd34d016000-7fd34d114000 rw-p 00000000 00:00 0 
7fd34d114000-7fd34d119000 r-xp 00000000 08:12 5906680                    /usr/lib/x86_64-linux-gnu/libXfixes.so.3.1.0
7fd34d119000-7fd34d318000 ---p 00005000 08:12 5906680                    /usr/lib/x86_64-linux-gnu/libXfixes.so.3.1.0
7fd34d318000-7fd34d319000 r--p 00004000 08:12 5906680                    /usr/lib/x86_64-linux-gnu/libXfixes.so.3.1.0
7fd34d319000-7fd34d31a000 rw-p 00005000 08:12 5906680                    /usr/lib/x86_64-linux-gnu/libXfixes.so.3.1.0
7fd34d31a000-7fd34d323000 r-xp 00000000 08:12 5906672                    /usr/lib/x86_64-linux-gnu/libXcursor.so.1.0.2
7fd34d323000-7fd34d522000 ---p 00009000 08:12 5906672                    /usr/lib/x86_64-linux-gnu/libXcursor.so.1.0.2
7fd34d522000-7fd34d523000 r--p 00008000 08:12 5906672                    /usr/lib/x86_64-linux-gnu/libXcursor.so.1.0.2
7fd34d523000-7fd34d524000 rw-p 00009000 08:12 5906672                    /usr/lib/x86_64-linux-gnu/libXcursor.so.1.0.2
7fd34d524000-7fd34d527000 ---p 00000000 00:00 0 
7fd34d527000-7fd34d625000 rw-p 00000000 00:00 0 
7fd34d625000-7fd34d649000 r-xp 00000000 08:12 3019381                    /lib/x86_64-linux-gnu/libpng12.so.0.54.0
7fd34d649000-7fd34d848000 ---p 00024000 08:12 3019381                    /lib/x86_64-linux-gnu/libpng12.so.0.54.0
7fd34d848000-7fd34d849000 r--p 00023000 08:12 3019381                    /lib/x86_64-linux-gnu/libpng12.so.0.54.0
7fd34d849000-7fd34d84a000 rw-p 00024000 08:12 3019381                    /lib/x86_64-linux-gnu/libpng12.so.0.54.0
7fd34d84a000-7fd34d8ee000 r-xp 00000000 08:12 5907096                    /usr/lib/x86_64-linux-gnu/libfreetype.so.6.12.1
7fd34d8ee000-7fd34daed000 ---p 000a4000 08:12 5907096                    /usr/lib/x86_64-linux-gnu/libfreetype.so.6.12.1
7fd34daed000-7fd34daf3000 r--p 000a3000 08:12 5907096                    /usr/lib/x86_64-linux-gnu/libfreetype.so.6.12.1
7fd34daf3000-7fd34daf4000 rw-p 000a9000 08:12 5907096                    /usr/lib/x86_64-linux-gnu/libfreetype.so.6.12.1
7fd34db0e000-7fd34db60000 r-xp 00000000 08:12 6435872                    /usr/lib/jvm/java-8-openjdk-amd64/jre/lib/amd64/libfontmanager.so
7fd34db60000-7fd34dd60000 ---p 00052000 08:12 6435872                    /usr/lib/jvm/java-8-openjdk-amd64/jre/lib/amd64/libfontmanager.so
7fd34dd60000-7fd34dd62000 r--p 00052000 08:12 6435872                    /usr/lib/jvm/java-8-openjdk-amd64/jre/lib/amd64/libfontmanager.so
7fd34dd62000-7fd34dd63000 rw-p 00054000 08:12 6435872                    /usr/lib/jvm/java-8-openjdk-amd64/jre/lib/amd64/libfontmanager.so
7fd34dd63000-7fd34dd68000 r-xp 00000000 08:12 5906676                    /usr/lib/x86_64-linux-gnu/libXdmcp.so.6.0.0
7fd34dd68000-7fd34df67000 ---p 00005000 08:12 5906676                    /usr/lib/x86_64-linux-gnu/libXdmcp.so.6.0.0
7fd34df67000-7fd34df68000 r--p 00004000 08:12 5906676                    /usr/lib/x86_64-linux-gnu/libXdmcp.so.6.0.0
7fd34df68000-7fd34df69000 rw-p 00005000 08:12 5906676                    /usr/lib/x86_64-linux-gnu/libXdmcp.so.6.0.0
7fd34df69000-7fd34df6b000 r-xp 00000000 08:12 5906665                    /usr/lib/x86_64-linux-gnu/libXau.so.6.0.0
7fd34df6b000-7fd34e16b000 ---p 00002000 08:12 5906665                    /usr/lib/x86_64-linux-gnu/libXau.so.6.0.0
7fd34e16b000-7fd34e16c000 r--p 00002000 08:12 5906665                    /usr/lib/x86_64-linux-gnu/libXau.so.6.0.0
7fd34e16c000-7fd34e16d000 rw-p 00003000 08:12 5906665                    /usr/lib/x86_64-linux-gnu/libXau.so.6.0.0
7fd34e16d000-7fd34e18e000 r-xp 00000000 08:12 5908043                    /usr/lib/x86_64-linux-gnu/libxcb.so.1.1.0
7fd34e18e000-7fd34e38d000 ---p 00021000 08:12 5908043                    /usr/lib/x86_64-linux-gnu/libxcb.so.1.1.0
7fd34e38d000-7fd34e38e000 r--p 00020000 08:12 5908043                    /usr/lib/x86_64-linux-gnu/libxcb.so.1.1.0
7fd34e38e000-7fd34e38f000 rw-p 00021000 08:12 5908043                    /usr/lib/x86_64-linux-gnu/libxcb.so.1.1.0
7fd34e38f000-7fd34e39e000 r-xp 00000000 08:12 5906686                    /usr/lib/x86_64-linux-gnu/libXi.so.6.1.0
7fd34e39e000-7fd34e59d000 ---p 0000f000 08:12 5906686                    /usr/lib/x86_64-linux-gnu/libXi.so.6.1.0
7fd34e59d000-7fd34e59e000 r--p 0000e000 08:12 5906686                    /usr/lib/x86_64-linux-gnu/libXi.so.6.1.0
7fd34e59e000-7fd34e59f000 rw-p 0000f000 08:12 5906686                    /usr/lib/x86_64-linux-gnu/libXi.so.6.1.0
7fd34e59f000-7fd34e5a4000 r-xp 00000000 08:12 5906704                    /usr/lib/x86_64-linux-gnu/libXtst.so.6.1.0
7fd34e5a4000-7fd34e7a3000 ---p 00005000 08:12 5906704                    /usr/lib/x86_64-linux-gnu/libXtst.so.6.1.0
7fd34e7a3000-7fd34e7a4000 r--p 00004000 08:12 5906704                    /usr/lib/x86_64-linux-gnu/libXtst.so.6.1.0
7fd34e7a4000-7fd34e7a5000 rw-p 00005000 08:12 5906704                    /usr/lib/x86_64-linux-gnu/libXtst.so.6.1.0
7fd34e7a5000-7fd34e7ae000 r-xp 00000000 08:12 5906698                    /usr/lib/x86_64-linux-gnu/libXrender.so.1.3.0
7fd34e7ae000-7fd34e9ad000 ---p 00009000 08:12 5906698                    /usr/lib/x86_64-linux-gnu/libXrender.so.1.3.0
7fd34e9ad000-7fd34e9ae000 r--p 00008000 08:12 5906698                    /usr/lib/x86_64-linux-gnu/libXrender.so.1.3.0
7fd34e9ae000-7fd34e9af000 rw-p 00009000 08:12 5906698                    /usr/lib/x86_64-linux-gnu/libXrender.so.1.3.0
7fd34e9af000-7fd34eae4000 r-xp 00000000 08:12 5906661                    /usr/lib/x86_64-linux-gnu/libX11.so.6.3.0
7fd34eae4000-7fd34ece4000 ---p 00135000 08:12 5906661                    /usr/lib/x86_64-linux-gnu/libX11.so.6.3.0
7fd34ece4000-7fd34ece5000 r--p 00135000 08:12 5906661                    /usr/lib/x86_64-linux-gnu/libX11.so.6.3.0
7fd34ece5000-7fd34ece9000 rw-p 00136000 08:12 5906661                    /usr/lib/x86_64-linux-gnu/libX11.so.6.3.0
7fd34ece9000-7fd34ecfa000 r-xp 00000000 08:12 5906678                    /usr/lib/x86_64-linux-gnu/libXext.so.6.4.0
7fd34ecfa000-7fd34eef9000 ---p 00011000 08:12 5906678                    /usr/lib/x86_64-linux-gnu/libXext.so.6.4.0
7fd34eef9000-7fd34eefa000 r--p 00010000 08:12 5906678                    /usr/lib/x86_64-linux-gnu/libXext.so.6.4.0
7fd34eefa000-7fd34eefb000 rw-p 00011000 08:12 5906678                    /usr/lib/x86_64-linux-gnu/libXext.so.6.4.0
7fd34ef02000-7fd34ef15000 r--s 00345000 08:12 6435901                    /usr/lib/jvm/java-8-openjdk-amd64/jre/lib/resources.jar
7fd34ef15000-7fd34ef69000 r-xp 00000000 08:12 6435897                    /usr/lib/jvm/java-8-openjdk-amd64/jre/lib/amd64/libawt_xawt.so
7fd34ef69000-7fd34f169000 ---p 00054000 08:12 6435897                    /usr/lib/jvm/java-8-openjdk-amd64/jre/lib/amd64/libawt_xawt.so
7fd34f169000-7fd34f16a000 r--p 00054000 08:12 6435897                    /usr/lib/jvm/java-8-openjdk-amd64/jre/lib/amd64/libawt_xawt.so
7fd34f16a000-7fd34f16d000 rw-p 00055000 08:12 6435897                    /usr/lib/jvm/java-8-openjdk-amd64/jre/lib/amd64/libawt_xawt.so
7fd34f16d000-7fd34f16e000 rw-p 00000000 00:00 0 
7fd34f16e000-7fd34f20e000 r-xp 00000000 08:12 6435871                    /usr/lib/jvm/java-8-openjdk-amd64/jre/lib/amd64/libawt.so
7fd34f20e000-7fd34f40e000 ---p 000a0000 08:12 6435871                    /usr/lib/jvm/java-8-openjdk-amd64/jre/lib/amd64/libawt.so
7fd34f40e000-7fd34f40f000 r--p 000a0000 08:12 6435871                    /usr/lib/jvm/java-8-openjdk-amd64/jre/lib/amd64/libawt.so
7fd34f40f000-7fd34f41a000 rw-p 000a1000 08:12 6435871                    /usr/lib/jvm/java-8-openjdk-amd64/jre/lib/amd64/libawt.so
7fd34f41a000-7fd34f43f000 rw-p 00000000 00:00 0 
7fd34f43f000-7fd34f440000 ---p 00000000 00:00 0 
7fd34f440000-7fd34f540000 rw-p 00000000 00:00 0 
7fd34f540000-7fd34f543000 ---p 00000000 00:00 0 
7fd34f543000-7fd34f641000 rw-p 00000000 00:00 0 
7fd34f641000-7fd350000000 r--p 00000000 08:12 5905624                    /usr/lib/locale/locale-archive
7fd350000000-7fd350021000 rw-p 00000000 00:00 0 
7fd350021000-7fd354000000 ---p 00000000 00:00 0 
7fd354000000-7fd354021000 rw-p 00000000 00:00 0 
7fd354021000-7fd358000000 ---p 00000000 00:00 0 
7fd358000000-7fd358021000 rw-p 00000000 00:00 0 
7fd358021000-7fd35c000000 ---p 00000000 00:00 0 
7fd35c000000-7fd35c021000 rw-p 00000000 00:00 0 
7fd35c021000-7fd360000000 ---p 00000000 00:00 0 
7fd360000000-7fd360021000 rw-p 00000000 00:00 0 
7fd360021000-7fd364000000 ---p 00000000 00:00 0 
7fd364000000-7fd364021000 rw-p 00000000 00:00 0 
7fd364021000-7fd368000000 ---p 00000000 00:00 0 
7fd368000000-7fd368021000 rw-p 00000000 00:00 0 
7fd368021000-7fd36c000000 ---p 00000000 00:00 0 
7fd36c000000-7fd36c021000 rw-p 00000000 00:00 0 
7fd36c021000-7fd370000000 ---p 00000000 00:00 0 
7fd370000000-7fd370021000 rw-p 00000000 00:00 0 
7fd370021000-7fd374000000 ---p 00000000 00:00 0 
7fd374000000-7fd374021000 rw-p 00000000 00:00 0 
7fd374021000-7fd378000000 ---p 00000000 00:00 0 
7fd37800a000-7fd37800e000 r--s 00097000 08:12 6435909                    /usr/lib/jvm/java-8-openjdk-amd64/jre/lib/jsse.jar
7fd37800e000-7fd378029000 r--s 001d7000 08:12 6564999                    /usr/lib/jvm/java-8-openjdk-amd64/jre/lib/ext/nashorn.jar
7fd378029000-7fd378045000 r--s 00393000 08:12 6565001                    /usr/lib/jvm/java-8-openjdk-amd64/jre/lib/ext/cldrdata.jar
7fd378045000-7fd378048000 ---p 00000000 00:00 0 
7fd378048000-7fd378146000 rw-p 00000000 00:00 0 
7fd378146000-7fd378149000 ---p 00000000 00:00 0 
7fd378149000-7fd378247000 rw-p 00000000 00:00 0 
7fd378247000-7fd37824a000 ---p 00000000 00:00 0 
7fd37824a000-7fd378348000 rw-p 00000000 00:00 0 
7fd378348000-7fd37834b000 ---p 00000000 00:00 0 
7fd37834b000-7fd378449000 rw-p 00000000 00:00 0 
7fd378449000-7fd37844c000 ---p 00000000 00:00 0 
7fd37844c000-7fd37854a000 rw-p 00000000 00:00 0 
7fd37854a000-7fd37854d000 ---p 00000000 00:00 0 
7fd37854d000-7fd37864b000 rw-p 00000000 00:00 0 
7fd37864b000-7fd37864e000 ---p 00000000 00:00 0 
7fd37864e000-7fd37874c000 rw-p 00000000 00:00 0 
7fd37874c000-7fd37874d000 ---p 00000000 00:00 0 
7fd37874d000-7fd37a4bd000 rw-p 00000000 00:00 0 
7fd37a4bd000-7fd37a68b000 r--s 03beb000 08:12 6435904                    /usr/lib/jvm/java-8-openjdk-amd64/jre/lib/rt.jar
7fd37a68b000-7fd37f048000 rw-p 00000000 00:00 0 
7fd37f048000-7fd37f049000 ---p 00000000 00:00 0 
7fd37f049000-7fd37f149000 rw-p 00000000 00:00 0 
7fd37f149000-7fd37f14a000 ---p 00000000 00:00 0 
7fd37f14a000-7fd37f24a000 rw-p 00000000 00:00 0 
7fd37f24a000-7fd37f24b000 ---p 00000000 00:00 0 
7fd37f24b000-7fd37f34b000 rw-p 00000000 00:00 0 
7fd37f34b000-7fd37f34c000 ---p 00000000 00:00 0 
7fd37f34c000-7fd37f44c000 rw-p 00000000 00:00 0 
7fd37f44c000-7fd37f44d000 ---p 00000000 00:00 0 
7fd37f44d000-7fd37f54d000 rw-p 00000000 00:00 0 
7fd37f54d000-7fd37f54e000 ---p 00000000 00:00 0 
7fd37f54e000-7fd37f64e000 rw-p 00000000 00:00 0 
7fd37f64e000-7fd37f64f000 ---p 00000000 00:00 0 
7fd37f64f000-7fd37f779000 rw-p 00000000 00:00 0 
7fd37f779000-7fd37f9df000 ---p 00000000 00:00 0 
7fd37f9df000-7fd37fa09000 rw-p 00000000 00:00 0 
7fd37fa09000-7fd37fc6e000 ---p 00000000 00:00 0 
7fd37fc6e000-7fd37fc83000 rw-p 00000000 00:00 0 
7fd37fc83000-7fd37fdb6000 ---p 00000000 00:00 0 
7fd37fdb6000-7fd37fdc2000 rw-p 00000000 00:00 0 
7fd37fdc2000-7fd380177000 ---p 00000000 00:00 0 
7fd380177000-7fd380407000 rwxp 00000000 00:00 0 
7fd380407000-7fd38f177000 ---p 00000000 00:00 0 
7fd38f177000-7fd38f17f000 r-xp 00000000 08:12 6435881                    /usr/lib/jvm/java-8-openjdk-amd64/jre/lib/amd64/libzip.so
7fd38f17f000-7fd38f37e000 ---p 00008000 08:12 6435881                    /usr/lib/jvm/java-8-openjdk-amd64/jre/lib/amd64/libzip.so
7fd38f37e000-7fd38f37f000 r--p 00007000 08:12 6435881                    /usr/lib/jvm/java-8-openjdk-amd64/jre/lib/amd64/libzip.so
7fd38f37f000-7fd38f380000 rw-p 00008000 08:12 6435881                    /usr/lib/jvm/java-8-openjdk-amd64/jre/lib/amd64/libzip.so
7fd38f380000-7fd38f38b000 r-xp 00000000 08:12 3019339                    /lib/x86_64-linux-gnu/libnss_files-2.23.so
7fd38f38b000-7fd38f58a000 ---p 0000b000 08:12 3019339                    /lib/x86_64-linux-gnu/libnss_files-2.23.so
7fd38f58a000-7fd38f58b000 r--p 0000a000 08:12 3019339                    /lib/x86_64-linux-gnu/libnss_files-2.23.so
7fd38f58b000-7fd38f58c000 rw-p 0000b000 08:12 3019339                    /lib/x86_64-linux-gnu/libnss_files-2.23.so
7fd38f58c000-7fd38f592000 rw-p 00000000 00:00 0 
7fd38f592000-7fd38f59d000 r-xp 00000000 08:12 3019349                    /lib/x86_64-linux-gnu/libnss_nis-2.23.so
7fd38f59d000-7fd38f79c000 ---p 0000b000 08:12 3019349                    /lib/x86_64-linux-gnu/libnss_nis-2.23.so
7fd38f79c000-7fd38f79d000 r--p 0000a000 08:12 3019349                    /lib/x86_64-linux-gnu/libnss_nis-2.23.so
7fd38f79d000-7fd38f79e000 rw-p 0000b000 08:12 3019349                    /lib/x86_64-linux-gnu/libnss_nis-2.23.so
7fd38f79e000-7fd38f7b4000 r-xp 00000000 08:12 3019333                    /lib/x86_64-linux-gnu/libnsl-2.23.so
7fd38f7b4000-7fd38f9b3000 ---p 00016000 08:12 3019333                    /lib/x86_64-linux-gnu/libnsl-2.23.so
7fd38f9b3000-7fd38f9b4000 r--p 00015000 08:12 3019333                    /lib/x86_64-linux-gnu/libnsl-2.23.so
7fd38f9b4000-7fd38f9b5000 rw-p 00016000 08:12 3019333                    /lib/x86_64-linux-gnu/libnsl-2.23.so
7fd38f9b5000-7fd38f9b7000 rw-p 00000000 00:00 0 
7fd38f9b7000-7fd38f9bf000 r-xp 00000000 08:12 3019335                    /lib/x86_64-linux-gnu/libnss_compat-2.23.so
7fd38f9bf000-7fd38fbbe000 ---p 00008000 08:12 3019335                    /lib/x86_64-linux-gnu/libnss_compat-2.23.so
7fd38fbbe000-7fd38fbbf000 r--p 00007000 08:12 3019335                    /lib/x86_64-linux-gnu/libnss_compat-2.23.so
7fd38fbbf000-7fd38fbc0000 rw-p 00008000 08:12 3019335                    /lib/x86_64-linux-gnu/libnss_compat-2.23.so
7fd38fbc0000-7fd38fbed000 r-xp 00000000 08:12 6435866                    /usr/lib/jvm/java-8-openjdk-amd64/jre/lib/amd64/libjava.so
7fd38fbed000-7fd38fdec000 ---p 0002d000 08:12 6435866                    /usr/lib/jvm/java-8-openjdk-amd64/jre/lib/amd64/libjava.so
7fd38fdec000-7fd38fded000 r--p 0002c000 08:12 6435866                    /usr/lib/jvm/java-8-openjdk-amd64/jre/lib/amd64/libjava.so
7fd38fded000-7fd38fdef000 rw-p 0002d000 08:12 6435866                    /usr/lib/jvm/java-8-openjdk-amd64/jre/lib/amd64/libjava.so
7fd38fdef000-7fd38fdfe000 r-xp 00000000 08:12 6435867                    /usr/lib/jvm/java-8-openjdk-amd64/jre/lib/amd64/libverify.so
7fd38fdfe000-7fd38fffd000 ---p 0000f000 08:12 6435867                    /usr/lib/jvm/java-8-openjdk-amd64/jre/lib/amd64/libverify.so
7fd38fffd000-7fd38ffff000 r--p 0000e000 08:12 6435867                    /usr/lib/jvm/java-8-openjdk-amd64/jre/lib/amd64/libverify.so
7fd38ffff000-7fd390000000 rw-p 00010000 08:12 6435867                    /usr/lib/jvm/java-8-openjdk-amd64/jre/lib/amd64/libverify.so
7fd390000000-7fd390293000 rw-p 00000000 00:00 0 
7fd390293000-7fd394000000 ---p 00000000 00:00 0 
7fd394001000-7fd394008000 r--s 0005d000 08:12 4199808                    /home/imasa/.m2/repository/org/apache/commons/commons-compress/1.10/commons-compress-1.10.jar
7fd394008000-7fd394009000 ---p 00000000 00:00 0 
7fd394009000-7fd394109000 rw-p 00000000 00:00 0 
7fd394109000-7fd394110000 r-xp 00000000 08:12 3019394                    /lib/x86_64-linux-gnu/librt-2.23.so
7fd394110000-7fd39430f000 ---p 00007000 08:12 3019394                    /lib/x86_64-linux-gnu/librt-2.23.so
7fd39430f000-7fd394310000 r--p 00006000 08:12 3019394                    /lib/x86_64-linux-gnu/librt-2.23.so
7fd394310000-7fd394311000 rw-p 00007000 08:12 3019394                    /lib/x86_64-linux-gnu/librt-2.23.so
7fd394311000-7fd394327000 r-xp 00000000 08:12 3019278                    /lib/x86_64-linux-gnu/libgcc_s.so.1
7fd394327000-7fd394526000 ---p 00016000 08:12 3019278                    /lib/x86_64-linux-gnu/libgcc_s.so.1
7fd394526000-7fd394527000 rw-p 00015000 08:12 3019278                    /lib/x86_64-linux-gnu/libgcc_s.so.1
7fd394527000-7fd39462f000 r-xp 00000000 08:12 3019310                    /lib/x86_64-linux-gnu/libm-2.23.so
7fd39462f000-7fd39482e000 ---p 00108000 08:12 3019310                    /lib/x86_64-linux-gnu/libm-2.23.so
7fd39482e000-7fd39482f000 r--p 00107000 08:12 3019310                    /lib/x86_64-linux-gnu/libm-2.23.so
7fd39482f000-7fd394830000 rw-p 00108000 08:12 3019310                    /lib/x86_64-linux-gnu/libm-2.23.so
7fd394830000-7fd3949a2000 r-xp 00000000 08:12 5900286                    /usr/lib/x86_64-linux-gnu/libstdc++.so.6.0.21
7fd3949a2000-7fd394ba2000 ---p 00172000 08:12 5900286                    /usr/lib/x86_64-linux-gnu/libstdc++.so.6.0.21
7fd394ba2000-7fd394bac000 r--p 00172000 08:12 5900286                    /usr/lib/x86_64-linux-gnu/libstdc++.so.6.0.21
7fd394bac000-7fd394bae000 rw-p 0017c000 08:12 5900286                    /usr/lib/x86_64-linux-gnu/libstdc++.so.6.0.21
7fd394bae000-7fd394bb2000 rw-p 00000000 00:00 0 
7fd394bb2000-7fd3957f8000 r-xp 00000000 08:12 6435879                    /usr/lib/jvm/java-8-openjdk-amd64/jre/lib/amd64/server/libjvm.so
7fd3957f8000-7fd3959f8000 ---p 00c46000 08:12 6435879                    /usr/lib/jvm/java-8-openjdk-amd64/jre/lib/amd64/server/libjvm.so
7fd3959f8000-7fd395a8b000 r--p 00c46000 08:12 6435879                    /usr/lib/jvm/java-8-openjdk-amd64/jre/lib/amd64/server/libjvm.so
7fd395a8b000-7fd395ab3000 rw-p 00cd9000 08:12 6435879                    /usr/lib/jvm/java-8-openjdk-amd64/jre/lib/amd64/server/libjvm.so
7fd395ab3000-7fd395ae3000 rw-p 00000000 00:00 0 
7fd395ae3000-7fd395afb000 r-xp 00000000 08:12 3019386                    /lib/x86_64-linux-gnu/libpthread-2.23.so
7fd395afb000-7fd395cfa000 ---p 00018000 08:12 3019386                    /lib/x86_64-linux-gnu/libpthread-2.23.so
7fd395cfa000-7fd395cfb000 r--p 00017000 08:12 3019386                    /lib/x86_64-linux-gnu/libpthread-2.23.so
7fd395cfb000-7fd395cfc000 rw-p 00018000 08:12 3019386                    /lib/x86_64-linux-gnu/libpthread-2.23.so
7fd395cfc000-7fd395d00000 rw-p 00000000 00:00 0 
7fd395d00000-7fd395d03000 r-xp 00000000 08:12 3019264                    /lib/x86_64-linux-gnu/libdl-2.23.so
7fd395d03000-7fd395f02000 ---p 00003000 08:12 3019264                    /lib/x86_64-linux-gnu/libdl-2.23.so
7fd395f02000-7fd395f03000 r--p 00002000 08:12 3019264                    /lib/x86_64-linux-gnu/libdl-2.23.so
7fd395f03000-7fd395f04000 rw-p 00003000 08:12 3019264                    /lib/x86_64-linux-gnu/libdl-2.23.so
7fd395f04000-7fd395f1d000 r-xp 00000000 08:12 3019431                    /lib/x86_64-linux-gnu/libz.so.1.2.8
7fd395f1d000-7fd39611c000 ---p 00019000 08:12 3019431                    /lib/x86_64-linux-gnu/libz.so.1.2.8
7fd39611c000-7fd39611d000 r--p 00018000 08:12 3019431                    /lib/x86_64-linux-gnu/libz.so.1.2.8
7fd39611d000-7fd39611e000 rw-p 00019000 08:12 3019431                    /lib/x86_64-linux-gnu/libz.so.1.2.8
7fd39611e000-7fd3962de000 r-xp 00000000 08:12 3019240                    /lib/x86_64-linux-gnu/libc-2.23.so
7fd3962de000-7fd3964dd000 ---p 001c0000 08:12 3019240                    /lib/x86_64-linux-gnu/libc-2.23.so
7fd3964dd000-7fd3964e1000 r--p 001bf000 08:12 3019240                    /lib/x86_64-linux-gnu/libc-2.23.so
7fd3964e1000-7fd3964e3000 rw-p 001c3000 08:12 3019240                    /lib/x86_64-linux-gnu/libc-2.23.so
7fd3964e3000-7fd3964e7000 rw-p 00000000 00:00 0 
7fd3964e7000-7fd3964f4000 r-xp 00000000 08:12 6435895                    /usr/lib/jvm/java-8-openjdk-amd64/jre/lib/amd64/jli/libjli.so
7fd3964f4000-7fd3966f4000 ---p 0000d000 08:12 6435895                    /usr/lib/jvm/java-8-openjdk-amd64/jre/lib/amd64/jli/libjli.so
7fd3966f4000-7fd3966f5000 r--p 0000d000 08:12 6435895                    /usr/lib/jvm/java-8-openjdk-amd64/jre/lib/amd64/jli/libjli.so
7fd3966f5000-7fd3966f6000 rw-p 0000e000 08:12 6435895                    /usr/lib/jvm/java-8-openjdk-amd64/jre/lib/amd64/jli/libjli.so
7fd3966f6000-7fd39671c000 r-xp 00000000 08:12 3019212                    /lib/x86_64-linux-gnu/ld-2.23.so
7fd39671c000-7fd396723000 r--s 0003f000 08:12 4199806                    /home/imasa/.m2/repository/commons-codec/commons-codec/1.10/commons-codec-1.10.jar
7fd396723000-7fd396724000 r--s 0000a000 08:12 6565003                    /usr/lib/jvm/java-8-openjdk-amd64/jre/lib/ext/jaccess.jar
7fd396724000-7fd39672e000 r--s 00116000 08:12 6565007                    /usr/lib/jvm/java-8-openjdk-amd64/jre/lib/ext/localedata.jar
7fd39672e000-7fd3967f9000 rw-p 00000000 00:00 0 
7fd3967f9000-7fd3967fc000 ---p 00000000 00:00 0 
7fd3967fc000-7fd3968ff000 rw-p 00000000 00:00 0 
7fd3968ff000-7fd396903000 r--s 00037000 08:12 6565008                    /usr/lib/jvm/java-8-openjdk-amd64/jre/lib/ext/sunpkcs11.jar
7fd396903000-7fd396906000 r--s 0000f000 08:12 6565006                    /usr/lib/jvm/java-8-openjdk-amd64/jre/lib/ext/icedtea-sound.jar
7fd396906000-7fd39690b000 r--s 0003b000 08:12 6565005                    /usr/lib/jvm/java-8-openjdk-amd64/jre/lib/ext/sunjce_provider.jar
7fd39690b000-7fd39690d000 r--s 00001000 08:12 6565000                    /usr/lib/jvm/java-8-openjdk-amd64/jre/lib/ext/dnsns.jar
7fd39690d000-7fd39690e000 r--s 00010000 08:12 6565004                    /usr/lib/jvm/java-8-openjdk-amd64/jre/lib/ext/zipfs.jar
7fd39690e000-7fd39690f000 r--s 00008000 08:12 6565002                    /usr/lib/jvm/java-8-openjdk-amd64/jre/lib/ext/sunec.jar
7fd39690f000-7fd396917000 rw-s 00000000 08:12 3276823                    /tmp/hsperfdata_imasa/16775
7fd396917000-7fd396918000 rw-p 00000000 00:00 0 
7fd396918000-7fd396919000 r--p 00000000 00:00 0 
7fd396919000-7fd39691b000 rw-p 00000000 00:00 0 
7fd39691b000-7fd39691c000 r--p 00025000 08:12 3019212                    /lib/x86_64-linux-gnu/ld-2.23.so
7fd39691c000-7fd39691d000 rw-p 00026000 08:12 3019212                    /lib/x86_64-linux-gnu/ld-2.23.so
7fd39691d000-7fd39691e000 rw-p 00000000 00:00 0 
7ffc6c14c000-7ffc6c16d000 rw-p 00000000 00:00 0                          [stack]
7ffc6c1d2000-7ffc6c1d4000 r--p 00000000 00:00 0                          [vvar]
7ffc6c1d4000-7ffc6c1d6000 r-xp 00000000 00:00 0                          [vdso]
ffffffffff600000-ffffffffff601000 r-xp 00000000 00:00 0                  [vsyscall]

VM Arguments:
jvm_args: -Dfile.encoding=UTF-8 
java_command: gdt.jgui.console.JMainConsole
java_class_path (initial): /home/imasa/github/JEntigrator/target/classes:/home/imasa/.m2/repository/commons-codec/commons-codec/1.10/commons-codec-1.10.jar:/home/imasa/.m2/repository/org/apache/commons/commons-compress/1.10/commons-compress-1.10.jar
Launcher Type: SUN_STANDARD

Environment Variables:
PATH=/home/imasa/bin:/home/imasa/.local/bin:/usr/local/sbin:/usr/local/bin:/usr/sbin:/usr/bin:/sbin:/bin:/usr/games:/usr/local/games:/snap/bin
SHELL=/bin/bash
DISPLAY=:0

Signal Handlers:
SIGSEGV: [libjvm.so+0xa5e970], sa_mask[0]=11111111011111111101111111111110, sa_flags=SA_RESTART|SA_SIGINFO
SIGBUS: [libjvm.so+0xa5e970], sa_mask[0]=11111111011111111101111111111110, sa_flags=SA_RESTART|SA_SIGINFO
SIGFPE: [libjvm.so+0x8a9ff0], sa_mask[0]=11111111011111111101111111111110, sa_flags=SA_RESTART|SA_SIGINFO
SIGPIPE: [libjvm.so+0x8a9ff0], sa_mask[0]=11111111011111111101111111111110, sa_flags=SA_RESTART|SA_SIGINFO
SIGXFSZ: [libjvm.so+0x8a9ff0], sa_mask[0]=11111111011111111101111111111110, sa_flags=SA_RESTART|SA_SIGINFO
SIGILL: [libjvm.so+0x8a9ff0], sa_mask[0]=11111111011111111101111111111110, sa_flags=SA_RESTART|SA_SIGINFO
SIGUSR1: SIG_DFL, sa_mask[0]=00000000000000000000000000000000, sa_flags=none
SIGUSR2: [libjvm.so+0x8a9ea0], sa_mask[0]=00100000000000000000000000000000, sa_flags=SA_RESTART|SA_SIGINFO
SIGHUP: [libjvm.so+0x8aa370], sa_mask[0]=11111111011111111101111111111110, sa_flags=SA_RESTART|SA_SIGINFO
SIGINT: [libjvm.so+0x8aa370], sa_mask[0]=11111111011111111101111111111110, sa_flags=SA_RESTART|SA_SIGINFO
SIGTERM: [libjvm.so+0x8aa370], sa_mask[0]=11111111011111111101111111111110, sa_flags=SA_RESTART|SA_SIGINFO
SIGQUIT: [libjvm.so+0x8aa370], sa_mask[0]=11111111011111111101111111111110, sa_flags=SA_RESTART|SA_SIGINFO


---------------  S Y S T E M  ---------------

OS:DISTRIB_ID=Ubuntu
DISTRIB_RELEASE=16.04
DISTRIB_CODENAME=xenial
DISTRIB_DESCRIPTION="Ubuntu 16.04.1 LTS"

uname:Linux 4.4.0-38-generic #57-Ubuntu SMP Tue Sep 6 15:42:33 UTC 2016 x86_64
libc:glibc 2.23 NPTL 2.23 
rlimit: STACK 8192k, CORE 0k, NPROC 30399, NOFILE 65536, AS infinity
load average:0,19 0,11 0,03

/proc/meminfo:
MemTotal:        8050200 kB
MemFree:         3911264 kB
MemAvailable:    5292640 kB
Buffers:          282636 kB
Cached:          1611484 kB
SwapCached:            0 kB
Active:          2877532 kB
Inactive:         952232 kB
Active(anon):    1939748 kB
Inactive(anon):   384560 kB
Active(file):     937784 kB
Inactive(file):   567672 kB
Unevictable:          16 kB
Mlocked:              16 kB
SwapTotal:       8263676 kB
SwapFree:        8263676 kB
Dirty:               296 kB
Writeback:             0 kB
AnonPages:       1863052 kB
Mapped:           264108 kB
Shmem:            388576 kB
Slab:             225704 kB
SReclaimable:     179572 kB
SUnreclaim:        46132 kB
KernelStack:       12592 kB
PageTables:        18936 kB
NFS_Unstable:          0 kB
Bounce:                0 kB
WritebackTmp:          0 kB
CommitLimit:    12288776 kB
Committed_AS:    4987952 kB
VmallocTotal:   34359738367 kB
VmallocUsed:           0 kB
VmallocChunk:          0 kB
HardwareCorrupted:     0 kB
AnonHugePages:   1411072 kB
CmaTotal:              0 kB
CmaFree:               0 kB
HugePages_Total:       0
HugePages_Free:        0
HugePages_Rsvd:        0
HugePages_Surp:        0
Hugepagesize:       2048 kB
DirectMap4k:      117196 kB
DirectMap2M:     2904064 kB
DirectMap1G:     6291456 kB


CPU:total 8 (4 cores per cpu, 2 threads per core) family 6 model 60 stepping 3, cmov, cx8, fxsr, mmx, sse, sse2, sse3, ssse3, sse4.1, sse4.2, popcnt, avx, avx2, aes, clmul, erms, lzcnt, ht, tsc, tscinvbit, bmi1, bmi2

/proc/cpuinfo:
processor	: 0
vendor_id	: GenuineIntel
cpu family	: 6
model		: 60
model name	: Intel(R) Core(TM) i7-4770 CPU @ 3.40GHz
stepping	: 3
microcode	: 0x1e
cpu MHz		: 3699.890
cache size	: 8192 KB
physical id	: 0
siblings	: 8
core id		: 0
cpu cores	: 4
apicid		: 0
initial apicid	: 0
fpu		: yes
fpu_exception	: yes
cpuid level	: 13
wp		: yes
flags		: fpu vme de pse tsc msr pae mce cx8 apic sep mtrr pge mca cmov pat pse36 clflush dts acpi mmx fxsr sse sse2 ss ht tm pbe syscall nx pdpe1gb rdtscp lm constant_tsc arch_perfmon pebs bts rep_good nopl xtopology nonstop_tsc aperfmperf eagerfpu pni pclmulqdq dtes64 monitor ds_cpl vmx smx est tm2 ssse3 sdbg fma cx16 xtpr pdcm pcid sse4_1 sse4_2 x2apic movbe popcnt tsc_deadline_timer aes xsave avx f16c rdrand lahf_lm abm tpr_shadow vnmi flexpriority ept vpid fsgsbase tsc_adjust bmi1 avx2 smep bmi2 erms invpcid xsaveopt dtherm ida arat pln pts
bugs		:
bogomips	: 6800.43
clflush size	: 64
cache_alignment	: 64
address sizes	: 39 bits physical, 48 bits virtual
power management:

processor	: 1
vendor_id	: GenuineIntel
cpu family	: 6
model		: 60
model name	: Intel(R) Core(TM) i7-4770 CPU @ 3.40GHz
stepping	: 3
microcode	: 0x1e
cpu MHz		: 3699.890
cache size	: 8192 KB
physical id	: 0
siblings	: 8
core id		: 1
cpu cores	: 4
apicid		: 2
initial apicid	: 2
fpu		: yes
fpu_exception	: yes
cpuid level	: 13
wp		: yes
flags		: fpu vme de pse tsc msr pae mce cx8 apic sep mtrr pge mca cmov pat pse36 clflush dts acpi mmx fxsr sse sse2 ss ht tm pbe syscall nx pdpe1gb rdtscp lm constant_tsc arch_perfmon pebs bts rep_good nopl xtopology nonstop_tsc aperfmperf eagerfpu pni pclmulqdq dtes64 monitor ds_cpl vmx smx est tm2 ssse3 sdbg fma cx16 xtpr pdcm pcid sse4_1 sse4_2 x2apic movbe popcnt tsc_deadline_timer aes xsave avx f16c rdrand lahf_lm abm tpr_shadow vnmi flexpriority ept vpid fsgsbase tsc_adjust bmi1 avx2 smep bmi2 erms invpcid xsaveopt dtherm ida arat pln pts
bugs		:
bogomips	: 6800.43
clflush size	: 64
cache_alignment	: 64
address sizes	: 39 bits physical, 48 bits virtual
power management:

processor	: 2
vendor_id	: GenuineIntel
cpu family	: 6
model		: 60
model name	: Intel(R) Core(TM) i7-4770 CPU @ 3.40GHz
stepping	: 3
microcode	: 0x1e
cpu MHz		: 3699.890
cache size	: 8192 KB
physical id	: 0
siblings	: 8
core id		: 2
cpu cores	: 4
apicid		: 4
initial apicid	: 4
fpu		: yes
fpu_exception	: yes
cpuid level	: 13
wp		: yes
flags		: fpu vme de pse tsc msr pae mce cx8 apic sep mtrr pge mca cmov pat pse36 clflush dts acpi mmx fxsr sse sse2 ss ht tm pbe syscall nx pdpe1gb rdtscp lm constant_tsc arch_perfmon pebs bts rep_good nopl xtopology nonstop_tsc aperfmperf eagerfpu pni pclmulqdq dtes64 monitor ds_cpl vmx smx est tm2 ssse3 sdbg fma cx16 xtpr pdcm pcid sse4_1 sse4_2 x2apic movbe popcnt tsc_deadline_timer aes xsave avx f16c rdrand lahf_lm abm tpr_shadow vnmi flexpriority ept vpid fsgsbase tsc_adjust bmi1 avx2 smep bmi2 erms invpcid xsaveopt dtherm ida arat pln pts
bugs		:
bogomips	: 6800.43
clflush size	: 64
cache_alignment	: 64
address sizes	: 39 bits physical, 48 bits virtual
power management:

processor	: 3
vendor_id	: GenuineIntel
cpu family	: 6
model		: 60
model name	: Intel(R) Core(TM) i7-4770 CPU @ 3.40GHz
stepping	: 3
microcode	: 0x1e
cpu MHz		: 3699.890
cache size	: 8192 KB
physical id	: 0
siblings	: 8
core id		: 3
cpu cores	: 4
apicid		: 6
initial apicid	: 6
fpu		: yes
fpu_exception	: yes
cpuid level	: 13
wp		: yes
flags		: fpu vme de pse tsc msr pae mce cx8 apic sep mtrr pge mca cmov pat pse36 clflush dts acpi mmx fxsr sse sse2 ss ht tm pbe syscall nx pdpe1gb rdtscp lm constant_tsc arch_perfmon pebs bts rep_good nopl xtopology nonstop_tsc aperfmperf eagerfpu pni pclmulqdq dtes64 monitor ds_cpl vmx smx est tm2 ssse3 sdbg fma cx16 xtpr pdcm pcid sse4_1 sse4_2 x2apic movbe popcnt tsc_deadline_timer aes xsave avx f16c rdrand lahf_lm abm tpr_shadow vnmi flexpriority ept vpid fsgsbase tsc_adjust bmi1 avx2 smep bmi2 erms invpcid xsaveopt dtherm ida arat pln pts
bugs		:
bogomips	: 6800.43
clflush size	: 64
cache_alignment	: 64
address sizes	: 39 bits physical, 48 bits virtual
power management:

processor	: 4
vendor_id	: GenuineIntel
cpu family	: 6
model		: 60
model name	: Intel(R) Core(TM) i7-4770 CPU @ 3.40GHz
stepping	: 3
microcode	: 0x1e
cpu MHz		: 3699.890
cache size	: 8192 KB
physical id	: 0
siblings	: 8
core id		: 0
cpu cores	: 4
apicid		: 1
initial apicid	: 1
fpu		: yes
fpu_exception	: yes
cpuid level	: 13
wp		: yes
flags		: fpu vme de pse tsc msr pae mce cx8 apic sep mtrr pge mca cmov pat pse36 clflush dts acpi mmx fxsr sse sse2 ss ht tm pbe syscall nx pdpe1gb rdtscp lm constant_tsc arch_perfmon pebs bts rep_good nopl xtopology nonstop_tsc aperfmperf eagerfpu pni pclmulqdq dtes64 monitor ds_cpl vmx smx est tm2 ssse3 sdbg fma cx16 xtpr pdcm pcid sse4_1 sse4_2 x2apic movbe popcnt tsc_deadline_timer aes xsave avx f16c rdrand lahf_lm abm tpr_shadow vnmi flexpriority ept vpid fsgsbase tsc_adjust bmi1 avx2 smep bmi2 erms invpcid xsaveopt dtherm ida arat pln pts
bugs		:
bogomips	: 6800.43
clflush size	: 64
cache_alignment	: 64
address sizes	: 39 bits physical, 48 bits virtual
power management:

processor	: 5
vendor_id	: GenuineIntel
cpu family	: 6
model		: 60
model name	: Intel(R) Core(TM) i7-4770 CPU @ 3.40GHz
stepping	: 3
microcode	: 0x1e
cpu MHz		: 3699.890
cache size	: 8192 KB
physical id	: 0
siblings	: 8
core id		: 1
cpu cores	: 4
apicid		: 3
initial apicid	: 3
fpu		: yes
fpu_exception	: yes
cpuid level	: 13
wp		: yes
flags		: fpu vme de pse tsc msr pae mce cx8 apic sep mtrr pge mca cmov pat pse36 clflush dts acpi mmx fxsr sse sse2 ss ht tm pbe syscall nx pdpe1gb rdtscp lm constant_tsc arch_perfmon pebs bts rep_good nopl xtopology nonstop_tsc aperfmperf eagerfpu pni pclmulqdq dtes64 monitor ds_cpl vmx smx est tm2 ssse3 sdbg fma cx16 xtpr pdcm pcid sse4_1 sse4_2 x2apic movbe popcnt tsc_deadline_timer aes xsave avx f16c rdrand lahf_lm abm tpr_shadow vnmi flexpriority ept vpid fsgsbase tsc_adjust bmi1 avx2 smep bmi2 erms invpcid xsaveopt dtherm ida arat pln pts
bugs		:
bogomips	: 6800.43
clflush size	: 64
cache_alignment	: 64
address sizes	: 39 bits physical, 48 bits virtual
power management:

processor	: 6
vendor_id	: GenuineIntel
cpu family	: 6
model		: 60
model name	: Intel(R) Core(TM) i7-4770 CPU @ 3.40GHz
stepping	: 3
microcode	: 0x1e
cpu MHz		: 3699.890
cache size	: 8192 KB
physical id	: 0
siblings	: 8
core id		: 2
cpu cores	: 4
apicid		: 5
initial apicid	: 5
fpu		: yes
fpu_exception	: yes
cpuid level	: 13
wp		: yes
flags		: fpu vme de pse tsc msr pae mce cx8 apic sep mtrr pge mca cmov pat pse36 clflush dts acpi mmx fxsr sse sse2 ss ht tm pbe syscall nx pdpe1gb rdtscp lm constant_tsc arch_perfmon pebs bts rep_good nopl xtopology nonstop_tsc aperfmperf eagerfpu pni pclmulqdq dtes64 monitor ds_cpl vmx smx est tm2 ssse3 sdbg fma cx16 xtpr pdcm pcid sse4_1 sse4_2 x2apic movbe popcnt tsc_deadline_timer aes xsave avx f16c rdrand lahf_lm abm tpr_shadow vnmi flexpriority ept vpid fsgsbase tsc_adjust bmi1 avx2 smep bmi2 erms invpcid xsaveopt dtherm ida arat pln pts
bugs		:
bogomips	: 6800.43
clflush size	: 64
cache_alignment	: 64
address sizes	: 39 bits physical, 48 bits virtual
power management:

processor	: 7
vendor_id	: GenuineIntel
cpu family	: 6
model		: 60
model name	: Intel(R) Core(TM) i7-4770 CPU @ 3.40GHz
stepping	: 3
microcode	: 0x1e
cpu MHz		: 3699.890
cache size	: 8192 KB
physical id	: 0
siblings	: 8
core id		: 3
cpu cores	: 4
apicid		: 7
initial apicid	: 7
fpu		: yes
fpu_exception	: yes
cpuid level	: 13
wp		: yes
flags		: fpu vme de pse tsc msr pae mce cx8 apic sep mtrr pge mca cmov pat pse36 clflush dts acpi mmx fxsr sse sse2 ss ht tm pbe syscall nx pdpe1gb rdtscp lm constant_tsc arch_perfmon pebs bts rep_good nopl xtopology nonstop_tsc aperfmperf eagerfpu pni pclmulqdq dtes64 monitor ds_cpl vmx smx est tm2 ssse3 sdbg fma cx16 xtpr pdcm pcid sse4_1 sse4_2 x2apic movbe popcnt tsc_deadline_timer aes xsave avx f16c rdrand lahf_lm abm tpr_shadow vnmi flexpriority ept vpid fsgsbase tsc_adjust bmi1 avx2 smep bmi2 erms invpcid xsaveopt dtherm ida arat pln pts
bugs		:
bogomips	: 6800.43
clflush size	: 64
cache_alignment	: 64
address sizes	: 39 bits physical, 48 bits virtual
power management:



Memory: 4k page, physical 8050200k(3925156k free), swap 8263676k(8263676k free)

vm_info: OpenJDK 64-Bit Server VM (25.91-b14) for linux-amd64 JRE (1.8.0_91-8u91-b14-3ubuntu1~16.04.1-b14), built on Jul 21 2016 04:13:34 by "buildd" with gcc 5.3.1 20160413

time: Thu Sep 29 22:56:22 2016
elapsed time: 20831 seconds (0d 5h 47m 11s)

