#
# A fatal error has been detected by the Java Runtime Environment:
#
#  SIGSEGV (0xb) at pc=0x00007f2bcd069a7a, pid=6743, tid=0x00007f2b7f459700
#
# JRE version: Java(TM) SE Runtime Environment (8.0_111-b14) (build 1.8.0_111-b14)
# Java VM: Java HotSpot(TM) 64-Bit Server VM (25.111-b14 mixed mode linux-amd64 compressed oops)
# Problematic frame:
# v  ~BufferBlob::jni_fast_GetLongField
#
# Failed to write core dump. Core dumps have been disabled. To enable core dumping, try "ulimit -c unlimited" before starting Java again
#
# If you would like to submit a bug report, please visit:
#   http://bugreport.java.com/bugreport/crash.jsp
# The crash happened outside the Java Virtual Machine in native code.
# See problematic frame for where to report the bug.
#

---------------  T H R E A D  ---------------

Current thread (0x00007f2bdc219000):  JavaThread "AWT-XAWT" daemon [_thread_in_native, id=6769, stack(0x00007f2b7f359000,0x00007f2b7f45a000)]

siginfo: si_signo: 11 (SIGSEGV), si_code: 1 (SEGV_MAPERR), si_addr: 0x0000000000000000

Registers:
RAX=0x00007f2be3221520, RBX=0x00007f2bdc2191f8, RCX=0x00007f2be3c882c0, RDX=0x0000000000000042
RSP=0x00007f2b7f458678, RBP=0x00007f2b7f4586a0, RSI=0x0000000000000000, RDI=0x00007f2bdc2191f8
R8 =0x0000000000000000, R9 =0x0000000000000000, R10=0x000000000000059c, R11=0x0000000020026a61
R12=0x00007f2b641dd6b0, R13=0x0000000000000000, R14=0x00007f2ba52387e0, R15=0x00007f2bdc219000
RIP=0x00007f2bcd069a7a, EFLAGS=0x0000000000010246, CSGSFS=0x0000000000000033, ERR=0x0000000000000004
  TRAPNO=0x000000000000000e

Top of Stack: (sp=0x00007f2b7f458678)
0x00007f2b7f458678:   00007f2ba5016ee1 0000000000000000
0x00007f2b7f458688:   00007f2b641dd6b0 00007f2bcd8ded8c
0x00007f2b7f458698:   00007f2b7f458720 0000000000000000
0x00007f2b7f4586a8:   00007f2ba4ade3c0 0000000000000000
0x00007f2b7f4586b8:   00007f2b7f4586e0 0000000000000000
0x00007f2b7f4586c8:   00007f2ba4ad5f93 00007f2bcd8ded8c
0x00007f2b7f4586d8:   00007f2ba501011f 00007f2b7f458730
0x00007f2b7f4586e8:   00007f2bcd469776 00007f2b7f458730
0x00007f2b7f4586f8:   00007f2b7f458720 00007f2bcc38a520
0x00007f2b7f458708:   0000000000000007 0000000000000000
0x00007f2b7f458718:   00007f2bcd8dcce0 0000000085201560
0x00007f2b7f458728:   0000000000000202 00000000000001f4
0x00007f2b7f458738:   00007f2bcdda16bc 000000008525d710
0x00007f2b7f458748:   8526f1d000000000 000000008526dbe0
0x00007f2b7f458758:   000000010007e070 00000001000bfa28
0x00007f2b7f458768:   0000000100011570 000000008526f1d0
0x00007f2b7f458778:   0000000000400003 000000008526f1d0
0x00007f2b7f458788:   0000000000000000 0000000000000031
0x00007f2b7f458798:   0000000000000000 00007f2b7f458800
0x00007f2b7f4587a8:   00007f2bcd0082bd deaddeaf00000000
0x00007f2b7f4587b8:   000000008525d710 00007f2b7f4587c0
0x00007f2b7f4587c8:   00007f2bcc38a6ed 00007f2b7f458810
0x00007f2b7f4587d8:   00007f2bcc3a2710 0000000000000000
0x00007f2b7f4587e8:   00007f2bcc38a6f8 00007f2b7f4587b0
0x00007f2b7f4587f8:   00007f2b7f458810 00007f2b7f458858
0x00007f2b7f458808:   00007f2bcd008302 000000008525d710
0x00007f2b7f458818:   00007f2b7f458818 00007f2bcc05294b
0x00007f2b7f458828:   00007f2b7f458868 00007f2bcc0d9fd0
0x00007f2b7f458838:   0000000000000000 00007f2bcc052958
0x00007f2b7f458848:   00007f2b7f458810 00007f2b7f458868
0x00007f2b7f458858:   00007f2b7f4588d0 00007f2bcd0007a7
0x00007f2b7f458868:   000000008526d8f8 00007f2b00001fa0 

Instructions: (pc=0x00007f2bcd069a7a)
0x00007f2bcd069a5a:   00 00 00 00 00 00 44 8b 15 21 75 1f 16 4c 8b ce
0x00007f2bcd069a6a:   41 f6 c2 01 0f 85 2e 00 00 00 4d 33 ca 4d 33 ca
0x00007f2bcd069a7a:   4d 8b 09 4c 8b da 49 c1 eb 02 4b 8b 04 19 49 bb
0x00007f2bcd069a8a:   88 0f 26 e3 2b 7f 00 00 4c 33 d8 4c 33 d8 45 3b 

Register to memory mapping:

RAX=0x00007f2be3221520: <offset 0xf84520> in /usr/lib/jvm/java-8-oracle/jre/lib/amd64/server/libjvm.so at 0x00007f2be229d000
RBX=0x00007f2bdc2191f8 is an unknown value
RCX=0x00007f2be3c882c0: <offset 0x2182c0> in /lib/x86_64-linux-gnu/libpthread.so.0 at 0x00007f2be3a70000
RDX=0x0000000000000042 is an unknown value
RSP=0x00007f2b7f458678 is pointing into the stack for thread: 0x00007f2bdc219000
RBP=0x00007f2b7f4586a0 is pointing into the stack for thread: 0x00007f2bdc219000
RSI=0x0000000000000000 is an unknown value
RDI=0x00007f2bdc2191f8 is an unknown value
R8 =0x0000000000000000 is an unknown value
R9 =0x0000000000000000 is an unknown value
R10=0x000000000000059c is an unknown value
R11=0x0000000020026a61 is an unknown value
R12=0x00007f2b641dd6b0 is an unknown value
R13=0x0000000000000000 is an unknown value
R14=0x00007f2ba52387e0: <offset 0x2587e0> in /usr/lib/jvm/java-8-oracle/jre/lib/amd64/libawt_xawt.so at 0x00007f2ba4fe0000
R15=0x00007f2bdc219000 is a thread


Stack: [0x00007f2b7f359000,0x00007f2b7f45a000],  sp=0x00007f2b7f458678,  free space=1021k
Native frames: (J=compiled Java code, j=interpreted, Vv=VM code, C=native code)
v  ~BufferBlob::jni_fast_GetLongField
C  [libX11.so.6+0x643c0]  _XimServerDestroy+0x70

Java frames: (J=compiled Java code, j=interpreted, Vv=VM code)
J 1350  sun.awt.X11.XlibWrapper.XFilterEvent(JJ)Z (0 bytes) @ 0x00007f2bcd469704 [0x00007f2bcd4696c0+0x44]
J 5035% C2 sun.awt.X11.XToolkit.run(Z)V (410 bytes) @ 0x00007f2bcdda16bc [0x00007f2bcdda0ee0+0x7dc]
j  sun.awt.X11.XToolkit.run()V+5
j  java.lang.Thread.run()V+11
v  ~StubRoutines::call_stub

---------------  P R O C E S S  ---------------

Java Threads: ( => current thread )
  0x00007f2b90002000 JavaThread "SIGHUP handler" daemon [_thread_blocked, id=24060, stack(0x00007f2b7e2ad000,0x00007f2b7e3ae000)]
  0x00007f2b90001000 JavaThread "SIGTERM handler" daemon [_thread_in_vm, id=24056, stack(0x00007f2b7de91000,0x00007f2b7df92000)]
  0x00007f2b641e9800 JavaThread "TimerQueue" daemon [_thread_blocked, id=6775, stack(0x00007f2b7e1ac000,0x00007f2b7e2ad000)]
  0x00007f2bdc009800 JavaThread "DestroyJavaVM" [_thread_blocked, id=6749, stack(0x00007f2be3d91000,0x00007f2be3e92000)]
  0x00007f2bdc21e800 JavaThread "AWT-EventQueue-0" [_thread_blocked, id=6771, stack(0x00007f2b7f157000,0x00007f2b7f258000)]
  0x00007f2bdc21d000 JavaThread "AWT-Shutdown" [_thread_blocked, id=6770, stack(0x00007f2b7f258000,0x00007f2b7f359000)]
=>0x00007f2bdc219000 JavaThread "AWT-XAWT" daemon [_thread_in_native, id=6769, stack(0x00007f2b7f359000,0x00007f2b7f45a000)]
  0x00007f2bdc1f3800 JavaThread "Java2D Disposer" daemon [_thread_blocked, id=6768, stack(0x00007f2b7f86a000,0x00007f2b7f96b000)]
  0x00007f2bdc0dd800 JavaThread "Service Thread" daemon [_thread_blocked, id=6766, stack(0x00007f2ba560c000,0x00007f2ba570d000)]
  0x00007f2bdc0c8800 JavaThread "C1 CompilerThread3" daemon [_thread_blocked, id=6765, stack(0x00007f2ba570d000,0x00007f2ba580e000)]
  0x00007f2bdc0c6000 JavaThread "C2 CompilerThread2" daemon [_thread_blocked, id=6764, stack(0x00007f2ba580e000,0x00007f2ba590f000)]
  0x00007f2bdc0c4800 JavaThread "C2 CompilerThread1" daemon [_thread_blocked, id=6763, stack(0x00007f2ba590f000,0x00007f2ba5a10000)]
  0x00007f2bdc0c1800 JavaThread "C2 CompilerThread0" daemon [_thread_blocked, id=6762, stack(0x00007f2ba5a10000,0x00007f2ba5b11000)]
  0x00007f2bdc0c0000 JavaThread "Signal Dispatcher" daemon [_thread_blocked, id=6761, stack(0x00007f2ba5b11000,0x00007f2ba5c12000)]
  0x00007f2bdc08c000 JavaThread "Finalizer" daemon [_thread_blocked, id=6760, stack(0x00007f2ba61a0000,0x00007f2ba62a1000)]
  0x00007f2bdc087800 JavaThread "Reference Handler" daemon [_thread_blocked, id=6759, stack(0x00007f2ba62a1000,0x00007f2ba63a2000)]

Other Threads:
  0x00007f2bdc080000 VMThread [stack: 0x00007f2ba63a2000,0x00007f2ba64a3000] [id=6758]
  0x00007f2bdc0e8800 WatcherThread [stack: 0x00007f2ba550b000,0x00007f2ba560c000] [id=6767]

VM state:not at safepoint (normal execution)

VM Mutex/Monitor currently owned by a thread:  ([mutex/lock_event])
[0x00007f2bdc006030] Threads_lock - owner thread: 0x00007f2b90001000

Heap:
 PSYoungGen      total 35328K, used 13804K [0x00000000d7100000, 0x00000000d9980000, 0x0000000100000000)
  eden space 30720K, 44% used [0x00000000d7100000,0x00000000d7e7b0d8,0x00000000d8f00000)
  from space 4608K, 0% used [0x00000000d9500000,0x00000000d9500000,0x00000000d9980000)
  to   space 5120K, 0% used [0x00000000d8f80000,0x00000000d8f80000,0x00000000d9480000)
 ParOldGen       total 35840K, used 4271K [0x0000000085200000, 0x0000000087500000, 0x00000000d7100000)
  object space 35840K, 11% used [0x0000000085200000,0x000000008562bf28,0x0000000087500000)
 Metaspace       used 20940K, capacity 21242K, committed 21504K, reserved 1069056K
  class space    used 2421K, capacity 2538K, committed 2560K, reserved 1048576K

Card table byte_map: [0x00007f2be075f000,0x00007f2be0b37000] byte_map_base: 0x00007f2be0336000

Marking Bits: (ParMarkBitMap*) 0x00007f2be3260220
 Begin Bits: [0x00007f2bc4290000, 0x00007f2bc6148000)
 End Bits:   [0x00007f2bc6148000, 0x00007f2bc8000000)

Polling page: 0x00007f2be3eaf000

CodeCache: size=245760Kb used=13877Kb max_used=13892Kb free=231882Kb
 bounds [0x00007f2bcd000000, 0x00007f2bcddb0000, 0x00007f2bdc000000]
 total_blobs=4760 nmethods=4161 adapters=509
 compilation: enabled

Compilation events (10 events):
Event: 3483,432 Thread 0x00007f2bdc0c8800 5033       3       sun.awt.X11.XMSelection$1::dispatchEvent (10 bytes)
Event: 3483,432 Thread 0x00007f2bdc0c8800 nmethod 5033 0x00007f2bcdc2d010 code [0x00007f2bcdc2d1c0, 0x00007f2bcdc2d618]
Event: 3491,592 Thread 0x00007f2bdc0c8800 5034       3       sun.awt.X11.XWindowPeer::getNETWMState (24 bytes)
Event: 3491,593 Thread 0x00007f2bdc0c8800 nmethod 5034 0x00007f2bcdd87c90 code [0x00007f2bcdd87ea0, 0x00007f2bcdd88ab8]
Event: 22800,654 Thread 0x00007f2bdc0c6000 5035 % !   4       sun.awt.X11.XToolkit::run @ 59 (410 bytes)
Event: 22800,759 Thread 0x00007f2bdc0c6000 nmethod 5035% 0x00007f2bcdda0850 code [0x00007f2bcdda0ee0, 0x00007f2bcdda4398]
Event: 24302,237 Thread 0x00007f2bdc0c4800 5036       4       sun.awt.X11.XDropTargetEventProcessor::doProcessEvent (221 bytes)
Event: 24302,262 Thread 0x00007f2bdc0c4800 nmethod 5036 0x00007f2bcdda9710 code [0x00007f2bcdda9ae0, 0x00007f2bcddaaf40]
Event: 24886,006 Thread 0x00007f2bdc0c8800 5037       3       sun.awt.X11.XAtom::getAtom (5 bytes)
Event: 24886,006 Thread 0x00007f2bdc0c8800 nmethod 5037 0x00007f2bcdc2cb90 code [0x00007f2bcdc2cd00, 0x00007f2bcdc2cf10]

GC Heap History (10 events):
Event: 270,948 GC heap before
{Heap before GC invocations=3 (full 0):
 PSYoungGen      total 36864K, used 36018K [0x00000000d7100000, 0x00000000d9a00000, 0x0000000100000000)
  eden space 31744K, 100% used [0x00000000d7100000,0x00000000d9000000,0x00000000d9000000)
  from space 5120K, 83% used [0x00000000d9500000,0x00000000d992c8d8,0x00000000d9a00000)
  to   space 5120K, 0% used [0x00000000d9000000,0x00000000d9000000,0x00000000d9500000)
 ParOldGen       total 84992K, used 112K [0x0000000085200000, 0x000000008a500000, 0x00000000d7100000)
  object space 84992K, 0% used [0x0000000085200000,0x000000008521c010,0x000000008a500000)
 Metaspace       used 20090K, capacity 20380K, committed 20736K, reserved 1067008K
  class space    used 2381K, capacity 2471K, committed 2560K, reserved 1048576K
Event: 270,953 GC heap after
Heap after GC invocations=3 (full 0):
 PSYoungGen      total 36864K, used 4578K [0x00000000d7100000, 0x00000000d9a00000, 0x0000000100000000)
  eden space 31744K, 0% used [0x00000000d7100000,0x00000000d7100000,0x00000000d9000000)
  from space 5120K, 89% used [0x00000000d9000000,0x00000000d94788c8,0x00000000d9500000)
  to   space 5120K, 0% used [0x00000000d9500000,0x00000000d9500000,0x00000000d9a00000)
 ParOldGen       total 84992K, used 120K [0x0000000085200000, 0x000000008a500000, 0x00000000d7100000)
  object space 84992K, 0% used [0x0000000085200000,0x000000008521e010,0x000000008a500000)
 Metaspace       used 20090K, capacity 20380K, committed 20736K, reserved 1067008K
  class space    used 2381K, capacity 2471K, committed 2560K, reserved 1048576K
}
Event: 1210,543 GC heap before
{Heap before GC invocations=4 (full 0):
 PSYoungGen      total 36864K, used 36322K [0x00000000d7100000, 0x00000000d9a00000, 0x0000000100000000)
  eden space 31744K, 100% used [0x00000000d7100000,0x00000000d9000000,0x00000000d9000000)
  from space 5120K, 89% used [0x00000000d9000000,0x00000000d94788c8,0x00000000d9500000)
  to   space 5120K, 0% used [0x00000000d9500000,0x00000000d9500000,0x00000000d9a00000)
 ParOldGen       total 84992K, used 120K [0x0000000085200000, 0x000000008a500000, 0x00000000d7100000)
  object space 84992K, 0% used [0x0000000085200000,0x000000008521e010,0x000000008a500000)
 Metaspace       used 20424K, capacity 20722K, committed 20992K, reserved 1067008K
  class space    used 2388K, capacity 2476K, committed 2560K, reserved 1048576K
Event: 1210,549 GC heap after
Heap after GC invocations=4 (full 0):
 PSYoungGen      total 36864K, used 4484K [0x00000000d7100000, 0x00000000d9a00000, 0x0000000100000000)
  eden space 31744K, 0% used [0x00000000d7100000,0x00000000d7100000,0x00000000d9000000)
  from space 5120K, 87% used [0x00000000d9500000,0x00000000d99610f8,0x00000000d9a00000)
  to   space 5120K, 0% used [0x00000000d9000000,0x00000000d9000000,0x00000000d9500000)
 ParOldGen       total 84992K, used 128K [0x0000000085200000, 0x000000008a500000, 0x00000000d7100000)
  object space 84992K, 0% used [0x0000000085200000,0x0000000085220010,0x000000008a500000)
 Metaspace       used 20424K, capacity 20722K, committed 20992K, reserved 1067008K
  class space    used 2388K, capacity 2476K, committed 2560K, reserved 1048576K
}
Event: 2647,865 GC heap before
{Heap before GC invocations=5 (full 0):
 PSYoungGen      total 36864K, used 36228K [0x00000000d7100000, 0x00000000d9a00000, 0x0000000100000000)
  eden space 31744K, 100% used [0x00000000d7100000,0x00000000d9000000,0x00000000d9000000)
  from space 5120K, 87% used [0x00000000d9500000,0x00000000d99610f8,0x00000000d9a00000)
  to   space 5120K, 0% used [0x00000000d9000000,0x00000000d9000000,0x00000000d9500000)
 ParOldGen       total 84992K, used 128K [0x0000000085200000, 0x000000008a500000, 0x00000000d7100000)
  object space 84992K, 0% used [0x0000000085200000,0x0000000085220010,0x000000008a500000)
 Metaspace       used 20765K, capacity 20978K, committed 21248K, reserved 1069056K
  class space    used 2404K, capacity 2476K, committed 2560K, reserved 1048576K
Event: 2647,874 GC heap after
Heap after GC invocations=5 (full 0):
 PSYoungGen      total 36352K, used 4612K [0x00000000d7100000, 0x00000000d9980000, 0x0000000100000000)
  eden space 31232K, 0% used [0x00000000d7100000,0x00000000d7100000,0x00000000d8f80000)
  from space 5120K, 90% used [0x00000000d9000000,0x00000000d94810f8,0x00000000d9500000)
  to   space 4608K, 0% used [0x00000000d9500000,0x00000000d9500000,0x00000000d9980000)
 ParOldGen       total 84992K, used 136K [0x0000000085200000, 0x000000008a500000, 0x00000000d7100000)
  object space 84992K, 0% used [0x0000000085200000,0x0000000085222010,0x000000008a500000)
 Metaspace       used 20765K, capacity 20978K, committed 21248K, reserved 1069056K
  class space    used 2404K, capacity 2476K, committed 2560K, reserved 1048576K
}
Event: 2649,042 GC heap before
{Heap before GC invocations=6 (full 0):
 PSYoungGen      total 36352K, used 10110K [0x00000000d7100000, 0x00000000d9980000, 0x0000000100000000)
  eden space 31232K, 17% used [0x00000000d7100000,0x00000000d765e988,0x00000000d8f80000)
  from space 5120K, 90% used [0x00000000d9000000,0x00000000d94810f8,0x00000000d9500000)
  to   space 4608K, 0% used [0x00000000d9500000,0x00000000d9500000,0x00000000d9980000)
 ParOldGen       total 84992K, used 136K [0x0000000085200000, 0x000000008a500000, 0x00000000d7100000)
  object space 84992K, 0% used [0x0000000085200000,0x0000000085222010,0x000000008a500000)
 Metaspace       used 20837K, capacity 21042K, committed 21248K, reserved 1069056K
  class space    used 2407K, capacity 2476K, committed 2560K, reserved 1048576K
Event: 2649,048 GC heap after
Heap after GC invocations=6 (full 0):
 PSYoungGen      total 35328K, used 4274K [0x00000000d7100000, 0x00000000d9980000, 0x0000000100000000)
  eden space 30720K, 0% used [0x00000000d7100000,0x00000000d7100000,0x00000000d8f00000)
  from space 4608K, 92% used [0x00000000d9500000,0x00000000d992c840,0x00000000d9980000)
  to   space 5120K, 0% used [0x00000000d8f80000,0x00000000d8f80000,0x00000000d9480000)
 ParOldGen       total 84992K, used 144K [0x0000000085200000, 0x000000008a500000, 0x00000000d7100000)
  object space 84992K, 0% used [0x0000000085200000,0x0000000085224010,0x000000008a500000)
 Metaspace       used 20837K, capacity 21042K, committed 21248K, reserved 1069056K
  class space    used 2407K, capacity 2476K, committed 2560K, reserved 1048576K
}
Event: 2649,048 GC heap before
{Heap before GC invocations=7 (full 1):
 PSYoungGen      total 35328K, used 4274K [0x00000000d7100000, 0x00000000d9980000, 0x0000000100000000)
  eden space 30720K, 0% used [0x00000000d7100000,0x00000000d7100000,0x00000000d8f00000)
  from space 4608K, 92% used [0x00000000d9500000,0x00000000d992c840,0x00000000d9980000)
  to   space 5120K, 0% used [0x00000000d8f80000,0x00000000d8f80000,0x00000000d9480000)
 ParOldGen       total 84992K, used 144K [0x0000000085200000, 0x000000008a500000, 0x00000000d7100000)
  object space 84992K, 0% used [0x0000000085200000,0x0000000085224010,0x000000008a500000)
 Metaspace       used 20837K, capacity 21042K, committed 21248K, reserved 1069056K
  class space    used 2407K, capacity 2476K, committed 2560K, reserved 1048576K
Event: 2649,082 GC heap after
Heap after GC invocations=7 (full 1):
 PSYoungGen      total 35328K, used 0K [0x00000000d7100000, 0x00000000d9980000, 0x0000000100000000)
  eden space 30720K, 0% used [0x00000000d7100000,0x00000000d7100000,0x00000000d8f00000)
  from space 4608K, 0% used [0x00000000d9500000,0x00000000d9500000,0x00000000d9980000)
  to   space 5120K, 0% used [0x00000000d8f80000,0x00000000d8f80000,0x00000000d9480000)
 ParOldGen       total 35840K, used 4271K [0x0000000085200000, 0x0000000087500000, 0x00000000d7100000)
  object space 35840K, 11% used [0x0000000085200000,0x000000008562bf28,0x0000000087500000)
 Metaspace       used 20829K, capacity 21030K, committed 21248K, reserved 1069056K
  class space    used 2404K, capacity 2470K, committed 2560K, reserved 1048576K
}

Deoptimization events (10 events):
Event: 2643,411 Thread 0x00007f2bdc21e800 Uncommon trap: reason=bimorphic action=maybe_recompile pc=0x00007f2bcdd02068 method=java.awt.LightweightDispatcher.eventDispatched(Ljava/awt/AWTEvent;)V @ 70
Event: 2643,483 Thread 0x00007f2bdc21e800 Uncommon trap: reason=unstable_if action=reinterpret pc=0x00007f2bcdbf1d68 method=sun.java2d.pipe.Region.getIntersectionXYXY(IIII)Lsun/java2d/pipe/Region; @ 39
Event: 2647,860 Thread 0x00007f2bdc21e800 Uncommon trap: reason=unstable_if action=reinterpret pc=0x00007f2bcd2c1e94 method=java.nio.Buffer.limit(I)Ljava/nio/Buffer; @ 33
Event: 2647,863 Thread 0x00007f2bdc21e800 Uncommon trap: reason=unstable_if action=reinterpret pc=0x00007f2bcd362584 method=java.nio.Buffer.limit(I)Ljava/nio/Buffer; @ 33
Event: 2647,882 Thread 0x00007f2bdc21e800 Uncommon trap: reason=unstable_if action=reinterpret pc=0x00007f2bcd8f6210 method=sun.swing.SwingUtilities2.getLeftSideBearing(Ljavax/swing/JComponent;Ljava/awt/FontMetrics;C)I @ 11
Event: 2647,883 Thread 0x00007f2bdc21e800 Uncommon trap: reason=unstable_if action=reinterpret pc=0x00007f2bcd6dd61c method=java.lang.StrictMath.floorOrCeil(DDDD)D @ 8
Event: 2649,086 Thread 0x00007f2bdc21e800 Uncommon trap: reason=null_check action=make_not_entrant pc=0x00007f2bcd9e2afc method=gdt.data.grain.Sack.getElementItem(Ljava/lang/String;Ljava/lang/String;)Lgdt/data/grain/Core; @ 33
Event: 2649,087 Thread 0x00007f2bdc21e800 Uncommon trap: reason=class_check action=maybe_recompile pc=0x00007f2bcda8645c method=sun.misc.URLClassPath.getLoader(I)Lsun/misc/URLClassPath$Loader; @ 94
Event: 2649,098 Thread 0x00007f2bdc21e800 Uncommon trap: reason=class_check action=maybe_recompile pc=0x00007f2bcda8645c method=sun.misc.URLClassPath.getLoader(I)Lsun/misc/URLClassPath$Loader; @ 94
Event: 2649,110 Thread 0x00007f2bdc21e800 Uncommon trap: reason=unstable_if action=reinterpret pc=0x00007f2bcd49a8d0 method=java.lang.String.split(Ljava/lang/String;I)[Ljava/lang/String; @ 207

Internal exceptions (10 events):
Event: 1239,884 Thread 0x00007f2bdc21e800 Exception <a 'java/io/FileNotFoundException'> (0x00000000d7c83508) thrown at [/HUDSON3/workspace/8-2-build-linux-amd64/jdk8u111/7883/hotspot/src/share/vm/prims/jni.cpp, line 709]
Event: 1493,290 Thread 0x00007f2b6423a800 Implicit null exception at 0x00007f2bcd17d6a5 to 0x00007f2bcd17db25
Event: 1493,355 Thread 0x00007f2bdc21e800 Exception <a 'java/lang/UnsupportedOperationException': > (0x00000000d8361768) thrown at [/HUDSON3/workspace/8-2-build-linux-amd64/jdk8u111/7883/hotspot/src/share/vm/prims/jni.cpp, line 735]
Event: 1613,636 Thread 0x00007f2bdc21e800 Exception <a 'java/lang/ArrayIndexOutOfBoundsException'> (0x00000000d8489d30) thrown at [/HUDSON3/workspace/8-2-build-linux-amd64/jdk8u111/7883/hotspot/src/share/vm/prims/jvm.cpp, line 1390]
Event: 1613,636 Thread 0x00007f2bdc21e800 Exception <a 'java/lang/ArrayIndexOutOfBoundsException'> (0x00000000d8489d30) thrown at [/HUDSON3/workspace/8-2-build-linux-amd64/jdk8u111/7883/hotspot/src/share/vm/prims/jvm.cpp, line 1390]
Event: 1617,681 Thread 0x00007f2bdc21e800 Exception <a 'java/lang/ArrayIndexOutOfBoundsException'> (0x00000000d84a2d00) thrown at [/HUDSON3/workspace/8-2-build-linux-amd64/jdk8u111/7883/hotspot/src/share/vm/prims/jvm.cpp, line 1390]
Event: 1617,681 Thread 0x00007f2bdc21e800 Exception <a 'java/lang/ArrayIndexOutOfBoundsException'> (0x00000000d84a2d00) thrown at [/HUDSON3/workspace/8-2-build-linux-amd64/jdk8u111/7883/hotspot/src/share/vm/prims/jvm.cpp, line 1390]
Event: 1710,514 Thread 0x00007f2bdc21e800 Exception <a 'java/io/FileNotFoundException'> (0x00000000d89fcfd8) thrown at [/HUDSON3/workspace/8-2-build-linux-amd64/jdk8u111/7883/hotspot/src/share/vm/prims/jni.cpp, line 709]
Event: 1710,515 Thread 0x00007f2bdc21e800 Exception <a 'java/io/FileNotFoundException'> (0x00000000d8a50ff8) thrown at [/HUDSON3/workspace/8-2-build-linux-amd64/jdk8u111/7883/hotspot/src/share/vm/prims/jni.cpp, line 709]
Event: 2649,086 Thread 0x00007f2bdc21e800 Implicit null exception at 0x00007f2bcd9e2a20 to 0x00007f2bcd9e2af1

Events (10 events):
Event: 2655,663 Executing VM operation: RevokeBias done
Event: 2655,663 Thread 0x00007f2b64263000 Thread exited: 0x00007f2b64263000
Event: 26636,724 Thread 0x00007f2bdc219000 DEOPT PACKING pc=0x00007f2bcdd80053 sp=0x00007f2b7f4585d0
Event: 26636,724 Thread 0x00007f2bdc219000 DEOPT UNPACKING pc=0x00007f2bcd047633 sp=0x00007f2b7f458490 mode 0
Event: 31665,926 loading class sun/misc/Signal$1
Event: 31665,938 loading class sun/awt/X11/XDestroyWindowEvent
Event: 31665,950 loading class sun/misc/Signal$1 done
Event: 31665,961 Thread 0x00007f2b90001000 Thread added: 0x00007f2b90001000
Event: 31665,961 loading class sun/awt/X11/XDestroyWindowEvent done
Event: 31665,961 Thread 0x00007f2b90002000 Thread added: 0x00007f2b90002000


Dynamic libraries:
00400000-00401000 r-xp 00000000 08:12 6171444                            /usr/lib/jvm/java-8-oracle/bin/java
00600000-00601000 rw-p 00000000 08:12 6171444                            /usr/lib/jvm/java-8-oracle/bin/java
024d3000-024f4000 rw-p 00000000 00:00 0                                  [heap]
85200000-87500000 rw-p 00000000 00:00 0 
87500000-d7100000 ---p 00000000 00:00 0 
d7100000-d9980000 rw-p 00000000 00:00 0 
d9980000-100000000 ---p 00000000 00:00 0 
100000000-100280000 rw-p 00000000 00:00 0 
100280000-140000000 ---p 00000000 00:00 0 
7f2b54000000-7f2b54038000 rw-p 00000000 00:00 0 
7f2b54038000-7f2b58000000 ---p 00000000 00:00 0 
7f2b5c000000-7f2b5c021000 rw-p 00000000 00:00 0 
7f2b5c021000-7f2b60000000 ---p 00000000 00:00 0 
7f2b60000000-7f2b600dd000 rw-p 00000000 00:00 0 
7f2b600dd000-7f2b64000000 ---p 00000000 00:00 0 
7f2b64000000-7f2b6445c000 rw-p 00000000 00:00 0 
7f2b6445c000-7f2b68000000 ---p 00000000 00:00 0 
7f2b68000000-7f2b6806a000 rw-p 00000000 00:00 0 
7f2b6806a000-7f2b6c000000 ---p 00000000 00:00 0 
7f2b6c000000-7f2b6c033000 rw-p 00000000 00:00 0 
7f2b6c033000-7f2b70000000 ---p 00000000 00:00 0 
7f2b70000000-7f2b70021000 rw-p 00000000 00:00 0 
7f2b70021000-7f2b74000000 ---p 00000000 00:00 0 
7f2b74000000-7f2b74021000 rw-p 00000000 00:00 0 
7f2b74021000-7f2b78000000 ---p 00000000 00:00 0 
7f2b78000000-7f2b78021000 rw-p 00000000 00:00 0 
7f2b78021000-7f2b7c000000 ---p 00000000 00:00 0 
7f2b7d5fd000-7f2b7d608000 r--s 00000000 08:12 2754221                    /var/cache/fontconfig/945677eb7aeaf62f1d50efc3fb3ec7d8-le64.cache-6
7f2b7d608000-7f2b7d60e000 r--s 00000000 08:12 2754219                    /var/cache/fontconfig/2cd17615ca594fa2959ae173292e504c-le64.cache-6
7f2b7d60e000-7f2b7d623000 r--s 00000000 08:12 2754217                    /var/cache/fontconfig/04aabc0a78ac019cf9454389977116d2-le64.cache-6
7f2b7d623000-7f2b7d62a000 r--s 00000000 08:12 2754208                    /var/cache/fontconfig/3047814df9a2f067bd2d96a2b9c36e5a-le64.cache-6
7f2b7d62a000-7f2b7d63d000 r--s 00000000 08:12 2754204                    /var/cache/fontconfig/d52a8644073d54c13679302ca1180695-le64.cache-6
7f2b7d70d000-7f2b7d767000 r--s 0056a000 08:12 4332559                    /home/imasa/.local/share/Trash/files/graph.170.jar
7f2b7d767000-7f2b7d7e7000 rw-p 00000000 00:00 0 
7f2b7d7e7000-7f2b7d96a000 ---p 00000000 00:00 0 
7f2b7d96a000-7f2b7dc68000 rw-p 00000000 00:00 0 
7f2b7dc68000-7f2b7de68000 rw-p 00000000 00:00 0 
7f2b7de89000-7f2b7de91000 r--s 000b8000 08:12 4343210                    /home/imasa/Movie/_v6z8CVgemqMI6Bledpc7F1j0pVY/community.jar
7f2b7de91000-7f2b7de94000 ---p 00000000 00:00 0 
7f2b7de94000-7f2b7e192000 rw-p 00000000 00:00 0 
7f2b7e192000-7f2b7e196000 r--s 00000000 08:12 2754215                    /var/cache/fontconfig/385c0604a188198f04d133e54aba7fe7-le64.cache-6
7f2b7e196000-7f2b7e1a1000 r--s 00000000 08:12 2753923                    /var/cache/fontconfig/d589a48862398ed80a3d6066f4f56f4c-le64.cache-6
7f2b7e1a1000-7f2b7e1ac000 r--s 00000000 08:12 2753402                    /var/cache/fontconfig/83bf95040141907cd45bb53cf7c1c148-le64.cache-6
7f2b7e1ac000-7f2b7e1af000 ---p 00000000 00:00 0 
7f2b7e1af000-7f2b7e2ad000 rw-p 00000000 00:00 0 
7f2b7e2ad000-7f2b7e2b0000 ---p 00000000 00:00 0 
7f2b7e2b0000-7f2b7e5ae000 rw-p 00000000 00:00 0 
7f2b7e5ae000-7f2b7e617000 r-xp 00000000 08:12 6298990                    /usr/lib/jvm/java-8-oracle/jre/lib/amd64/libt2k.so
7f2b7e617000-7f2b7e817000 ---p 00069000 08:12 6298990                    /usr/lib/jvm/java-8-oracle/jre/lib/amd64/libt2k.so
7f2b7e817000-7f2b7e81e000 rw-p 00069000 08:12 6298990                    /usr/lib/jvm/java-8-oracle/jre/lib/amd64/libt2k.so
7f2b7e81e000-7f2b7e82e000 rw-p 00000000 00:00 0 
7f2b7e82e000-7f2b7e83f000 r-xp 00000000 08:12 6298934                    /usr/lib/jvm/java-8-oracle/jre/lib/amd64/libnio.so
7f2b7e83f000-7f2b7ea3e000 ---p 00011000 08:12 6298934                    /usr/lib/jvm/java-8-oracle/jre/lib/amd64/libnio.so
7f2b7ea3e000-7f2b7ea3f000 rw-p 00010000 08:12 6298934                    /usr/lib/jvm/java-8-oracle/jre/lib/amd64/libnio.so
7f2b7ea3f000-7f2b7ed40000 rw-p 00000000 00:00 0 
7f2b7ed40000-7f2b7ed56000 r-xp 00000000 08:12 6298909                    /usr/lib/jvm/java-8-oracle/jre/lib/amd64/libnet.so
7f2b7ed56000-7f2b7ef56000 ---p 00016000 08:12 6298909                    /usr/lib/jvm/java-8-oracle/jre/lib/amd64/libnet.so
7f2b7ef56000-7f2b7ef57000 rw-p 00016000 08:12 6298909                    /usr/lib/jvm/java-8-oracle/jre/lib/amd64/libnet.so
7f2b7ef57000-7f2b7f157000 rw-p 00000000 00:00 0 
7f2b7f157000-7f2b7f15a000 ---p 00000000 00:00 0 
7f2b7f15a000-7f2b7f258000 rw-p 00000000 00:00 0 
7f2b7f258000-7f2b7f25b000 ---p 00000000 00:00 0 
7f2b7f25b000-7f2b7f359000 rw-p 00000000 00:00 0 
7f2b7f359000-7f2b7f35c000 ---p 00000000 00:00 0 
7f2b7f35c000-7f2b7f45a000 rw-p 00000000 00:00 0 
7f2b7f45a000-7f2b7f45f000 r-xp 00000000 08:12 5906680                    /usr/lib/x86_64-linux-gnu/libXfixes.so.3.1.0
7f2b7f45f000-7f2b7f65e000 ---p 00005000 08:12 5906680                    /usr/lib/x86_64-linux-gnu/libXfixes.so.3.1.0
7f2b7f65e000-7f2b7f65f000 r--p 00004000 08:12 5906680                    /usr/lib/x86_64-linux-gnu/libXfixes.so.3.1.0
7f2b7f65f000-7f2b7f660000 rw-p 00005000 08:12 5906680                    /usr/lib/x86_64-linux-gnu/libXfixes.so.3.1.0
7f2b7f660000-7f2b7f669000 r-xp 00000000 08:12 5906672                    /usr/lib/x86_64-linux-gnu/libXcursor.so.1.0.2
7f2b7f669000-7f2b7f868000 ---p 00009000 08:12 5906672                    /usr/lib/x86_64-linux-gnu/libXcursor.so.1.0.2
7f2b7f868000-7f2b7f869000 r--p 00008000 08:12 5906672                    /usr/lib/x86_64-linux-gnu/libXcursor.so.1.0.2
7f2b7f869000-7f2b7f86a000 rw-p 00009000 08:12 5906672                    /usr/lib/x86_64-linux-gnu/libXcursor.so.1.0.2
7f2b7f86a000-7f2b7f86d000 ---p 00000000 00:00 0 
7f2b7f86d000-7f2b7f96b000 rw-p 00000000 00:00 0 
7f2b7f96b000-7f2b7f981000 r-xp 00000000 08:12 3019278                    /lib/x86_64-linux-gnu/libgcc_s.so.1
7f2b7f981000-7f2b7fb80000 ---p 00016000 08:12 3019278                    /lib/x86_64-linux-gnu/libgcc_s.so.1
7f2b7fb80000-7f2b7fb81000 rw-p 00015000 08:12 3019278                    /lib/x86_64-linux-gnu/libgcc_s.so.1
7f2b7fb81000-7f2b7fbe6000 r-xp 00000000 08:12 6298928                    /usr/lib/jvm/java-8-oracle/jre/lib/amd64/libfontmanager.so
7f2b7fbe6000-7f2b7fde5000 ---p 00065000 08:12 6298928                    /usr/lib/jvm/java-8-oracle/jre/lib/amd64/libfontmanager.so
7f2b7fde5000-7f2b7fdea000 rw-p 00064000 08:12 6298928                    /usr/lib/jvm/java-8-oracle/jre/lib/amd64/libfontmanager.so
7f2b7fdea000-7f2b7fdfa000 rw-p 00000000 00:00 0 
7f2b7fdfa000-7f2b7fdff000 r-xp 00000000 08:12 5906676                    /usr/lib/x86_64-linux-gnu/libXdmcp.so.6.0.0
7f2b7fdff000-7f2b7fffe000 ---p 00005000 08:12 5906676                    /usr/lib/x86_64-linux-gnu/libXdmcp.so.6.0.0
7f2b7fffe000-7f2b7ffff000 r--p 00004000 08:12 5906676                    /usr/lib/x86_64-linux-gnu/libXdmcp.so.6.0.0
7f2b7ffff000-7f2b80000000 rw-p 00005000 08:12 5906676                    /usr/lib/x86_64-linux-gnu/libXdmcp.so.6.0.0
7f2b80000000-7f2b807db000 rw-p 00000000 00:00 0 
7f2b807db000-7f2b84000000 ---p 00000000 00:00 0 
7f2b84000000-7f2b84021000 rw-p 00000000 00:00 0 
7f2b84021000-7f2b88000000 ---p 00000000 00:00 0 
7f2b88000000-7f2b894b1000 rw-p 00000000 00:00 0 
7f2b894b1000-7f2b8c000000 ---p 00000000 00:00 0 
7f2b8c000000-7f2b8d3b2000 rw-p 00000000 00:00 0 
7f2b8d3b2000-7f2b90000000 ---p 00000000 00:00 0 
7f2b90000000-7f2b90021000 rw-p 00000000 00:00 0 
7f2b90021000-7f2b94000000 ---p 00000000 00:00 0 
7f2b94000000-7f2b94f73000 rw-p 00000000 00:00 0 
7f2b94f73000-7f2b98000000 ---p 00000000 00:00 0 
7f2b98000000-7f2b98021000 rw-p 00000000 00:00 0 
7f2b98021000-7f2b9c000000 ---p 00000000 00:00 0 
7f2b9c000000-7f2b9c021000 rw-p 00000000 00:00 0 
7f2b9c021000-7f2ba0000000 ---p 00000000 00:00 0 
7f2ba0000000-7f2ba0061000 rw-p 00000000 00:00 0 
7f2ba0061000-7f2ba4000000 ---p 00000000 00:00 0 
7f2ba4000000-7f2ba4001000 r--s 00000000 08:12 2754218                    /var/cache/fontconfig/0d8c3b2ac0904cb8a57a757ad11a4a08-le64.cache-6
7f2ba4001000-7f2ba4006000 r--s 00000000 08:12 2754210                    /var/cache/fontconfig/8801497958630a81b71ace7c5f9b32a8-le64.cache-6
7f2ba4006000-7f2ba4018000 r--s 00000000 08:12 2752695                    /var/cache/fontconfig/9b89f8e3dae116d678bbf48e5f21f69b-le64.cache-6
7f2ba4018000-7f2ba4034000 r--s 00393000 08:12 6299016                    /usr/lib/jvm/java-8-oracle/jre/lib/ext/cldrdata.jar
7f2ba4034000-7f2ba4036000 r-xp 00000000 08:12 5906665                    /usr/lib/x86_64-linux-gnu/libXau.so.6.0.0
7f2ba4036000-7f2ba4236000 ---p 00002000 08:12 5906665                    /usr/lib/x86_64-linux-gnu/libXau.so.6.0.0
7f2ba4236000-7f2ba4237000 r--p 00002000 08:12 5906665                    /usr/lib/x86_64-linux-gnu/libXau.so.6.0.0
7f2ba4237000-7f2ba4238000 rw-p 00003000 08:12 5906665                    /usr/lib/x86_64-linux-gnu/libXau.so.6.0.0
7f2ba4238000-7f2ba4259000 r-xp 00000000 08:12 5908043                    /usr/lib/x86_64-linux-gnu/libxcb.so.1.1.0
7f2ba4259000-7f2ba4458000 ---p 00021000 08:12 5908043                    /usr/lib/x86_64-linux-gnu/libxcb.so.1.1.0
7f2ba4458000-7f2ba4459000 r--p 00020000 08:12 5908043                    /usr/lib/x86_64-linux-gnu/libxcb.so.1.1.0
7f2ba4459000-7f2ba445a000 rw-p 00021000 08:12 5908043                    /usr/lib/x86_64-linux-gnu/libxcb.so.1.1.0
7f2ba445a000-7f2ba4469000 r-xp 00000000 08:12 5906686                    /usr/lib/x86_64-linux-gnu/libXi.so.6.1.0
7f2ba4469000-7f2ba4668000 ---p 0000f000 08:12 5906686                    /usr/lib/x86_64-linux-gnu/libXi.so.6.1.0
7f2ba4668000-7f2ba4669000 r--p 0000e000 08:12 5906686                    /usr/lib/x86_64-linux-gnu/libXi.so.6.1.0
7f2ba4669000-7f2ba466a000 rw-p 0000f000 08:12 5906686                    /usr/lib/x86_64-linux-gnu/libXi.so.6.1.0
7f2ba466a000-7f2ba466f000 r-xp 00000000 08:12 5906704                    /usr/lib/x86_64-linux-gnu/libXtst.so.6.1.0
7f2ba466f000-7f2ba486e000 ---p 00005000 08:12 5906704                    /usr/lib/x86_64-linux-gnu/libXtst.so.6.1.0
7f2ba486e000-7f2ba486f000 r--p 00004000 08:12 5906704                    /usr/lib/x86_64-linux-gnu/libXtst.so.6.1.0
7f2ba486f000-7f2ba4870000 rw-p 00005000 08:12 5906704                    /usr/lib/x86_64-linux-gnu/libXtst.so.6.1.0
7f2ba4870000-7f2ba4879000 r-xp 00000000 08:12 5906698                    /usr/lib/x86_64-linux-gnu/libXrender.so.1.3.0
7f2ba4879000-7f2ba4a78000 ---p 00009000 08:12 5906698                    /usr/lib/x86_64-linux-gnu/libXrender.so.1.3.0
7f2ba4a78000-7f2ba4a79000 r--p 00008000 08:12 5906698                    /usr/lib/x86_64-linux-gnu/libXrender.so.1.3.0
7f2ba4a79000-7f2ba4a7a000 rw-p 00009000 08:12 5906698                    /usr/lib/x86_64-linux-gnu/libXrender.so.1.3.0
7f2ba4a7a000-7f2ba4baf000 r-xp 00000000 08:12 5906661                    /usr/lib/x86_64-linux-gnu/libX11.so.6.3.0
7f2ba4baf000-7f2ba4daf000 ---p 00135000 08:12 5906661                    /usr/lib/x86_64-linux-gnu/libX11.so.6.3.0
7f2ba4daf000-7f2ba4db0000 r--p 00135000 08:12 5906661                    /usr/lib/x86_64-linux-gnu/libX11.so.6.3.0
7f2ba4db0000-7f2ba4db4000 rw-p 00136000 08:12 5906661                    /usr/lib/x86_64-linux-gnu/libX11.so.6.3.0
7f2ba4db4000-7f2ba4dc5000 r-xp 00000000 08:12 5906678                    /usr/lib/x86_64-linux-gnu/libXext.so.6.4.0
7f2ba4dc5000-7f2ba4fc4000 ---p 00011000 08:12 5906678                    /usr/lib/x86_64-linux-gnu/libXext.so.6.4.0
7f2ba4fc4000-7f2ba4fc5000 r--p 00010000 08:12 5906678                    /usr/lib/x86_64-linux-gnu/libXext.so.6.4.0
7f2ba4fc5000-7f2ba4fc6000 rw-p 00011000 08:12 5906678                    /usr/lib/x86_64-linux-gnu/libXext.so.6.4.0
7f2ba4fc6000-7f2ba4fc7000 r--s 00000000 08:12 2754216                    /var/cache/fontconfig/1ac9eb803944fde146138c791f5cc56a-le64.cache-6
7f2ba4fc7000-7f2ba4fc8000 r--s 00000000 08:12 2754214                    /var/cache/fontconfig/dc05db6664285cc2f12bf69c139ae4c3-le64.cache-6
7f2ba4fcd000-7f2ba4fe0000 r--s 00345000 08:12 6299157                    /usr/lib/jvm/java-8-oracle/jre/lib/resources.jar
7f2ba4fe0000-7f2ba5034000 r-xp 00000000 08:12 6298936                    /usr/lib/jvm/java-8-oracle/jre/lib/amd64/libawt_xawt.so
7f2ba5034000-7f2ba5234000 ---p 00054000 08:12 6298936                    /usr/lib/jvm/java-8-oracle/jre/lib/amd64/libawt_xawt.so
7f2ba5234000-7f2ba5238000 rw-p 00054000 08:12 6298936                    /usr/lib/jvm/java-8-oracle/jre/lib/amd64/libawt_xawt.so
7f2ba5238000-7f2ba5239000 rw-p 00000000 00:00 0 
7f2ba5239000-7f2ba52db000 r-xp 00000000 08:12 6298993                    /usr/lib/jvm/java-8-oracle/jre/lib/amd64/libawt.so
7f2ba52db000-7f2ba54db000 ---p 000a2000 08:12 6298993                    /usr/lib/jvm/java-8-oracle/jre/lib/amd64/libawt.so
7f2ba54db000-7f2ba54e7000 rw-p 000a2000 08:12 6298993                    /usr/lib/jvm/java-8-oracle/jre/lib/amd64/libawt.so
7f2ba54e7000-7f2ba550b000 rw-p 00000000 00:00 0 
7f2ba550b000-7f2ba550c000 ---p 00000000 00:00 0 
7f2ba550c000-7f2ba560c000 rw-p 00000000 00:00 0 
7f2ba560c000-7f2ba560f000 ---p 00000000 00:00 0 
7f2ba560f000-7f2ba570d000 rw-p 00000000 00:00 0 
7f2ba570d000-7f2ba5710000 ---p 00000000 00:00 0 
7f2ba5710000-7f2ba580e000 rw-p 00000000 00:00 0 
7f2ba580e000-7f2ba5811000 ---p 00000000 00:00 0 
7f2ba5811000-7f2ba590f000 rw-p 00000000 00:00 0 
7f2ba590f000-7f2ba5912000 ---p 00000000 00:00 0 
7f2ba5912000-7f2ba5a10000 rw-p 00000000 00:00 0 
7f2ba5a10000-7f2ba5a13000 ---p 00000000 00:00 0 
7f2ba5a13000-7f2ba5b11000 rw-p 00000000 00:00 0 
7f2ba5b11000-7f2ba5b14000 ---p 00000000 00:00 0 
7f2ba5b14000-7f2ba5c12000 rw-p 00000000 00:00 0 
7f2ba5c12000-7f2ba61a0000 r--p 00000000 08:12 5899079                    /usr/lib/locale/locale-archive
7f2ba61a0000-7f2ba61a3000 ---p 00000000 00:00 0 
7f2ba61a3000-7f2ba62a1000 rw-p 00000000 00:00 0 
7f2ba62a1000-7f2ba62a4000 ---p 00000000 00:00 0 
7f2ba62a4000-7f2ba63a2000 rw-p 00000000 00:00 0 
7f2ba63a2000-7f2ba63a3000 ---p 00000000 00:00 0 
7f2ba63a3000-7f2ba8000000 rw-p 00000000 00:00 0 
7f2ba8000000-7f2ba8021000 rw-p 00000000 00:00 0 
7f2ba8021000-7f2bac000000 ---p 00000000 00:00 0 
7f2bac000000-7f2bac021000 rw-p 00000000 00:00 0 
7f2bac021000-7f2bb0000000 ---p 00000000 00:00 0 
7f2bb0000000-7f2bb0021000 rw-p 00000000 00:00 0 
7f2bb0021000-7f2bb4000000 ---p 00000000 00:00 0 
7f2bb4000000-7f2bb4021000 rw-p 00000000 00:00 0 
7f2bb4021000-7f2bb8000000 ---p 00000000 00:00 0 
7f2bb8000000-7f2bb8021000 rw-p 00000000 00:00 0 
7f2bb8021000-7f2bbc000000 ---p 00000000 00:00 0 
7f2bbc000000-7f2bbc021000 rw-p 00000000 00:00 0 
7f2bbc021000-7f2bc0000000 ---p 00000000 00:00 0 
7f2bc0000000-7f2bc0021000 rw-p 00000000 00:00 0 
7f2bc0021000-7f2bc4000000 ---p 00000000 00:00 0 
7f2bc4000000-7f2bc4006000 r--s 00000000 08:12 2754205                    /var/cache/fontconfig/b47c4e1ecd0709278f4910c18777a504-le64.cache-6
7f2bc4006000-7f2bc4013000 r--s 00000000 08:12 2752596                    /var/cache/fontconfig/e13b20fdb08344e0e664864cc2ede53d-le64.cache-6
7f2bc4013000-7f2bc40b8000 rw-p 00000000 00:00 0 
7f2bc40b8000-7f2bc4290000 r--s 03d2a000 08:12 6298901                    /usr/lib/jvm/java-8-oracle/jre/lib/rt.jar
7f2bc4290000-7f2bc8000000 rw-p 00000000 00:00 0 
7f2bc8000000-7f2bc8021000 rw-p 00000000 00:00 0 
7f2bc8021000-7f2bcc000000 ---p 00000000 00:00 0 
7f2bcc000000-7f2bcc003000 r--s 00000000 08:12 2754213                    /var/cache/fontconfig/767a8244fc0220cfb567a839d0392e0b-le64.cache-6
7f2bcc003000-7f2bcc004000 r--s 00000000 08:12 2754211                    /var/cache/fontconfig/4794a0821666d79190d59a36cb4f44b5-le64.cache-6
7f2bcc004000-7f2bccbfc000 rw-p 00000000 00:00 0 
7f2bccbfc000-7f2bccbfd000 ---p 00000000 00:00 0 
7f2bccbfd000-7f2bcccfd000 rw-p 00000000 00:00 0 
7f2bcccfd000-7f2bcccfe000 ---p 00000000 00:00 0 
7f2bcccfe000-7f2bccdfe000 rw-p 00000000 00:00 0 
7f2bccdfe000-7f2bccdff000 ---p 00000000 00:00 0 
7f2bccdff000-7f2bcceff000 rw-p 00000000 00:00 0 
7f2bcceff000-7f2bccf00000 ---p 00000000 00:00 0 
7f2bccf00000-7f2bcd000000 rw-p 00000000 00:00 0 
7f2bcd000000-7f2bcddb0000 rwxp 00000000 00:00 0 
7f2bcddb0000-7f2bdc000000 ---p 00000000 00:00 0 
7f2bdc000000-7f2bdc221000 rw-p 00000000 00:00 0 
7f2bdc221000-7f2be0000000 ---p 00000000 00:00 0 
7f2be0000000-7f2be0001000 r--s 00000000 08:12 2754209                    /var/cache/fontconfig/bab58bb527bb656aaa9f116d68a48d89-le64.cache-6
7f2be0001000-7f2be0002000 r--s 00000000 08:12 2754207                    /var/cache/fontconfig/56cf4f4769d0f4abc89a4895d7bd3ae1-le64.cache-6
7f2be0002000-7f2be0003000 r--s 00000000 08:12 2754206                    /var/cache/fontconfig/b9d506c9ac06c20b433354fa67a72993-le64.cache-6
7f2be0003000-7f2be0006000 r--s 00000000 08:12 2753409                    /var/cache/fontconfig/75114ca45c98e8a441da0ff356701271-le64.cache-6
7f2be0006000-7f2be00cb000 rw-p 00000000 00:00 0 
7f2be00cb000-7f2be00cc000 ---p 00000000 00:00 0 
7f2be00cc000-7f2be01cc000 rw-p 00000000 00:00 0 
7f2be01cc000-7f2be01cd000 ---p 00000000 00:00 0 
7f2be01cd000-7f2be02cd000 rw-p 00000000 00:00 0 
7f2be02cd000-7f2be02ce000 ---p 00000000 00:00 0 
7f2be02ce000-7f2be03ce000 rw-p 00000000 00:00 0 
7f2be03ce000-7f2be03cf000 ---p 00000000 00:00 0 
7f2be03cf000-7f2be04e1000 rw-p 00000000 00:00 0 
7f2be04e1000-7f2be075f000 ---p 00000000 00:00 0 
7f2be075f000-7f2be0771000 rw-p 00000000 00:00 0 
7f2be0771000-7f2be09ee000 ---p 00000000 00:00 0 
7f2be09ee000-7f2be0a03000 rw-p 00000000 00:00 0 
7f2be0a03000-7f2be0b36000 ---p 00000000 00:00 0 
7f2be0b36000-7f2be0b6e000 rw-p 00000000 00:00 0 
7f2be0b6e000-7f2be0ef7000 ---p 00000000 00:00 0 
7f2be0ef7000-7f2be0f11000 r-xp 00000000 08:12 6298932                    /usr/lib/jvm/java-8-oracle/jre/lib/amd64/libzip.so
7f2be0f11000-7f2be1111000 ---p 0001a000 08:12 6298932                    /usr/lib/jvm/java-8-oracle/jre/lib/amd64/libzip.so
7f2be1111000-7f2be1112000 rw-p 0001a000 08:12 6298932                    /usr/lib/jvm/java-8-oracle/jre/lib/amd64/libzip.so
7f2be1112000-7f2be111d000 r-xp 00000000 08:12 3017056                    /lib/x86_64-linux-gnu/libnss_files-2.23.so
7f2be111d000-7f2be131c000 ---p 0000b000 08:12 3017056                    /lib/x86_64-linux-gnu/libnss_files-2.23.so
7f2be131c000-7f2be131d000 r--p 0000a000 08:12 3017056                    /lib/x86_64-linux-gnu/libnss_files-2.23.so
7f2be131d000-7f2be131e000 rw-p 0000b000 08:12 3017056                    /lib/x86_64-linux-gnu/libnss_files-2.23.so
7f2be131e000-7f2be1324000 rw-p 00000000 00:00 0 
7f2be1324000-7f2be132f000 r-xp 00000000 08:12 3017038                    /lib/x86_64-linux-gnu/libnss_nis-2.23.so
7f2be132f000-7f2be152e000 ---p 0000b000 08:12 3017038                    /lib/x86_64-linux-gnu/libnss_nis-2.23.so
7f2be152e000-7f2be152f000 r--p 0000a000 08:12 3017038                    /lib/x86_64-linux-gnu/libnss_nis-2.23.so
7f2be152f000-7f2be1530000 rw-p 0000b000 08:12 3017038                    /lib/x86_64-linux-gnu/libnss_nis-2.23.so
7f2be1530000-7f2be1546000 r-xp 00000000 08:12 3017052                    /lib/x86_64-linux-gnu/libnsl-2.23.so
7f2be1546000-7f2be1745000 ---p 00016000 08:12 3017052                    /lib/x86_64-linux-gnu/libnsl-2.23.so
7f2be1745000-7f2be1746000 r--p 00015000 08:12 3017052                    /lib/x86_64-linux-gnu/libnsl-2.23.so
7f2be1746000-7f2be1747000 rw-p 00016000 08:12 3017052                    /lib/x86_64-linux-gnu/libnsl-2.23.so
7f2be1747000-7f2be1749000 rw-p 00000000 00:00 0 
7f2be1749000-7f2be1751000 r-xp 00000000 08:12 3017053                    /lib/x86_64-linux-gnu/libnss_compat-2.23.so
7f2be1751000-7f2be1950000 ---p 00008000 08:12 3017053                    /lib/x86_64-linux-gnu/libnss_compat-2.23.so
7f2be1950000-7f2be1951000 r--p 00007000 08:12 3017053                    /lib/x86_64-linux-gnu/libnss_compat-2.23.so
7f2be1951000-7f2be1952000 rw-p 00008000 08:12 3017053                    /lib/x86_64-linux-gnu/libnss_compat-2.23.so
7f2be1952000-7f2be197d000 r-xp 00000000 08:12 6298983                    /usr/lib/jvm/java-8-oracle/jre/lib/amd64/libjava.so
7f2be197d000-7f2be1b7c000 ---p 0002b000 08:12 6298983                    /usr/lib/jvm/java-8-oracle/jre/lib/amd64/libjava.so
7f2be1b7c000-7f2be1b7e000 rw-p 0002a000 08:12 6298983                    /usr/lib/jvm/java-8-oracle/jre/lib/amd64/libjava.so
7f2be1b7e000-7f2be1b8b000 r-xp 00000000 08:12 6298910                    /usr/lib/jvm/java-8-oracle/jre/lib/amd64/libverify.so
7f2be1b8b000-7f2be1d8a000 ---p 0000d000 08:12 6298910                    /usr/lib/jvm/java-8-oracle/jre/lib/amd64/libverify.so
7f2be1d8a000-7f2be1d8c000 rw-p 0000c000 08:12 6298910                    /usr/lib/jvm/java-8-oracle/jre/lib/amd64/libverify.so
7f2be1d8c000-7f2be1d93000 r-xp 00000000 08:12 3017036                    /lib/x86_64-linux-gnu/librt-2.23.so
7f2be1d93000-7f2be1f92000 ---p 00007000 08:12 3017036                    /lib/x86_64-linux-gnu/librt-2.23.so
7f2be1f92000-7f2be1f93000 r--p 00006000 08:12 3017036                    /lib/x86_64-linux-gnu/librt-2.23.so
7f2be1f93000-7f2be1f94000 rw-p 00007000 08:12 3017036                    /lib/x86_64-linux-gnu/librt-2.23.so
7f2be1f94000-7f2be209c000 r-xp 00000000 08:12 3017050                    /lib/x86_64-linux-gnu/libm-2.23.so
7f2be209c000-7f2be229b000 ---p 00108000 08:12 3017050                    /lib/x86_64-linux-gnu/libm-2.23.so
7f2be229b000-7f2be229c000 r--p 00107000 08:12 3017050                    /lib/x86_64-linux-gnu/libm-2.23.so
7f2be229c000-7f2be229d000 rw-p 00108000 08:12 3017050                    /lib/x86_64-linux-gnu/libm-2.23.so
7f2be229d000-7f2be2f6a000 r-xp 00000000 08:12 6298987                    /usr/lib/jvm/java-8-oracle/jre/lib/amd64/server/libjvm.so
7f2be2f6a000-7f2be3169000 ---p 00ccd000 08:12 6298987                    /usr/lib/jvm/java-8-oracle/jre/lib/amd64/server/libjvm.so
7f2be3169000-7f2be3242000 rw-p 00ccc000 08:12 6298987                    /usr/lib/jvm/java-8-oracle/jre/lib/amd64/server/libjvm.so
7f2be3242000-7f2be328d000 rw-p 00000000 00:00 0 
7f2be328d000-7f2be344c000 r-xp 00000000 08:12 3017045                    /lib/x86_64-linux-gnu/libc-2.23.so
7f2be344c000-7f2be364c000 ---p 001bf000 08:12 3017045                    /lib/x86_64-linux-gnu/libc-2.23.so
7f2be364c000-7f2be3650000 r--p 001bf000 08:12 3017045                    /lib/x86_64-linux-gnu/libc-2.23.so
7f2be3650000-7f2be3652000 rw-p 001c3000 08:12 3017045                    /lib/x86_64-linux-gnu/libc-2.23.so
7f2be3652000-7f2be3656000 rw-p 00000000 00:00 0 
7f2be3656000-7f2be3659000 r-xp 00000000 08:12 3017044                    /lib/x86_64-linux-gnu/libdl-2.23.so
7f2be3659000-7f2be3858000 ---p 00003000 08:12 3017044                    /lib/x86_64-linux-gnu/libdl-2.23.so
7f2be3858000-7f2be3859000 r--p 00002000 08:12 3017044                    /lib/x86_64-linux-gnu/libdl-2.23.so
7f2be3859000-7f2be385a000 rw-p 00003000 08:12 3017044                    /lib/x86_64-linux-gnu/libdl-2.23.so
7f2be385a000-7f2be386f000 r-xp 00000000 08:12 6296869                    /usr/lib/jvm/java-8-oracle/lib/amd64/jli/libjli.so
7f2be386f000-7f2be3a6f000 ---p 00015000 08:12 6296869                    /usr/lib/jvm/java-8-oracle/lib/amd64/jli/libjli.so
7f2be3a6f000-7f2be3a70000 rw-p 00015000 08:12 6296869                    /usr/lib/jvm/java-8-oracle/lib/amd64/jli/libjli.so
7f2be3a70000-7f2be3a88000 r-xp 00000000 08:12 3017051                    /lib/x86_64-linux-gnu/libpthread-2.23.so
7f2be3a88000-7f2be3c87000 ---p 00018000 08:12 3017051                    /lib/x86_64-linux-gnu/libpthread-2.23.so
7f2be3c87000-7f2be3c88000 r--p 00017000 08:12 3017051                    /lib/x86_64-linux-gnu/libpthread-2.23.so
7f2be3c88000-7f2be3c89000 rw-p 00018000 08:12 3017051                    /lib/x86_64-linux-gnu/libpthread-2.23.so
7f2be3c89000-7f2be3c8d000 rw-p 00000000 00:00 0 
7f2be3c8d000-7f2be3cb3000 r-xp 00000000 08:12 3014673                    /lib/x86_64-linux-gnu/ld-2.23.so
7f2be3cb3000-7f2be3cb4000 r--s 00000000 08:12 2754161                    /var/cache/fontconfig/551ecf3b0e8b0bca0f25c0944f561853-le64.cache-6
7f2be3cb4000-7f2be3cb8000 r--s 00000000 08:12 2752715                    /var/cache/fontconfig/7ef2298fde41cc6eeb7af42e48b7d293-le64.cache-6
7f2be3cb8000-7f2be3cbf000 r--s 0005d000 08:12 4199808                    /home/imasa/.m2/repository/org/apache/commons/commons-compress/1.10/commons-compress-1.10.jar
7f2be3cbf000-7f2be3cc6000 r--s 0003f000 08:12 4199806                    /home/imasa/.m2/repository/commons-codec/commons-codec/1.10/commons-codec-1.10.jar
7f2be3cc6000-7f2be3d91000 rw-p 00000000 00:00 0 
7f2be3d91000-7f2be3d94000 ---p 00000000 00:00 0 
7f2be3d94000-7f2be3e96000 rw-p 00000000 00:00 0 
7f2be3e96000-7f2be3e97000 r--s 00000000 08:12 2753720                    /var/cache/fontconfig/30829fa25452a46451e813d634d7f916-le64.cache-6
7f2be3e97000-7f2be3e98000 r--s 00000000 08:12 2753719                    /var/cache/fontconfig/0c9eb80ebd1c36541ebe2852d3bb0c49-le64.cache-6
7f2be3e98000-7f2be3e9c000 r--s 00097000 08:12 6297570                    /usr/lib/jvm/java-8-oracle/jre/lib/jsse.jar
7f2be3e9c000-7f2be3ea6000 r--s 00116000 08:12 6299013                    /usr/lib/jvm/java-8-oracle/jre/lib/ext/localedata.jar
7f2be3ea6000-7f2be3eae000 rw-s 00000000 08:12 3277261                    /tmp/hsperfdata_imasa/6743
7f2be3eae000-7f2be3eaf000 rw-p 00000000 00:00 0 
7f2be3eaf000-7f2be3eb0000 r--p 00000000 00:00 0 
7f2be3eb0000-7f2be3eb2000 rw-p 00000000 00:00 0 
7f2be3eb2000-7f2be3eb3000 r--p 00025000 08:12 3014673                    /lib/x86_64-linux-gnu/ld-2.23.so
7f2be3eb3000-7f2be3eb4000 rw-p 00026000 08:12 3014673                    /lib/x86_64-linux-gnu/ld-2.23.so
7f2be3eb4000-7f2be3eb5000 rw-p 00000000 00:00 0 
7fff4d666000-7fff4d687000 rw-p 00000000 00:00 0                          [stack]
7fff4d705000-7fff4d707000 r--p 00000000 00:00 0                          [vvar]
7fff4d707000-7fff4d709000 r-xp 00000000 00:00 0                          [vdso]
ffffffffff600000-ffffffffff601000 r-xp 00000000 00:00 0                  [vsyscall]

VM Arguments:
jvm_args: -Dfile.encoding=UTF-8 
java_command: gdt.jgui.console.JMainConsole
java_class_path (initial): /home/imasa/github/JEntigrator/target/classes:/home/imasa/.m2/repository/commons-codec/commons-codec/1.10/commons-codec-1.10.jar:/home/imasa/.m2/repository/org/apache/commons/commons-compress/1.10/commons-compress-1.10.jar
Launcher Type: SUN_STANDARD

Environment Variables:
JAVA_HOME=/usr/lib/jvm/java-8-oracle
PATH=/home/imasa/bin:/home/imasa/.local/bin:/usr/local/sbin:/usr/local/bin:/usr/sbin:/usr/bin:/sbin:/bin:/usr/games:/usr/local/games:/snap/bin:/usr/lib/jvm/java-8-oracle/bin:/usr/lib/jvm/java-8-oracle/db/bin:/usr/lib/jvm/java-8-oracle/jre/bin
SHELL=/bin/bash
DISPLAY=:0

Signal Handlers:
SIGSEGV: [libjvm.so+0xac64b0], sa_mask[0]=11111111011111111101111111111110, sa_flags=SA_RESTART|SA_SIGINFO
SIGBUS: [libjvm.so+0xac64b0], sa_mask[0]=11111111011111111101111111111110, sa_flags=SA_RESTART|SA_SIGINFO
SIGFPE: [libjvm.so+0x91f950], sa_mask[0]=11111111011111111101111111111110, sa_flags=SA_RESTART|SA_SIGINFO
SIGPIPE: [libjvm.so+0x91f950], sa_mask[0]=11111111011111111101111111111110, sa_flags=SA_RESTART|SA_SIGINFO
SIGXFSZ: [libjvm.so+0x91f950], sa_mask[0]=11111111011111111101111111111110, sa_flags=SA_RESTART|SA_SIGINFO
SIGILL: [libjvm.so+0x91f950], sa_mask[0]=11111111011111111101111111111110, sa_flags=SA_RESTART|SA_SIGINFO
SIGUSR1: SIG_DFL, sa_mask[0]=00000000000000000000000000000000, sa_flags=none
SIGUSR2: [libjvm.so+0x920f80], sa_mask[0]=00100000000000000000000000000000, sa_flags=SA_RESTART|SA_SIGINFO
SIGHUP: [libjvm.so+0x922380], sa_mask[0]=11111111011111111101111111111110, sa_flags=SA_RESTART|SA_SIGINFO
SIGINT: [libjvm.so+0x922380], sa_mask[0]=11111111011111111101111111111110, sa_flags=SA_RESTART|SA_SIGINFO
SIGTERM: [libjvm.so+0x922380], sa_mask[0]=11111111011111111101111111111110, sa_flags=SA_RESTART|SA_SIGINFO
SIGQUIT: [libjvm.so+0x922380], sa_mask[0]=11111111011111111101111111111110, sa_flags=SA_RESTART|SA_SIGINFO


---------------  S Y S T E M  ---------------

OS:DISTRIB_ID=Ubuntu
DISTRIB_RELEASE=16.04
DISTRIB_CODENAME=xenial
DISTRIB_DESCRIPTION="Ubuntu 16.04.1 LTS"

uname:Linux 4.4.0-57-generic #78-Ubuntu SMP Fri Dec 9 23:50:32 UTC 2016 x86_64
libc:glibc 2.23 NPTL 2.23 
rlimit: STACK 8192k, CORE 0k, NPROC 30392, NOFILE 65536, AS infinity
load average:0,51 0,47 0,47

/proc/meminfo:
MemTotal:        8050124 kB
MemFree:         1492492 kB
MemAvailable:    3161108 kB
Buffers:          279784 kB
Cached:          1970488 kB
SwapCached:          112 kB
Active:          4559440 kB
Inactive:        1594676 kB
Active(anon):    3654112 kB
Inactive(anon):   783716 kB
Active(file):     905328 kB
Inactive(file):   810960 kB
Unevictable:          32 kB
Mlocked:              32 kB
SwapTotal:       8263676 kB
SwapFree:        8257620 kB
Dirty:                96 kB
Writeback:             0 kB
AnonPages:       3853300 kB
Mapped:           517964 kB
Shmem:            534352 kB
Slab:             305856 kB
SReclaimable:     256020 kB
SUnreclaim:        49836 kB
KernelStack:       10320 kB
PageTables:        31368 kB
NFS_Unstable:          0 kB
Bounce:                0 kB
WritebackTmp:          0 kB
CommitLimit:    12288736 kB
Committed_AS:    6466036 kB
VmallocTotal:   34359738367 kB
VmallocUsed:           0 kB
VmallocChunk:          0 kB
HardwareCorrupted:     0 kB
AnonHugePages:   2588672 kB
CmaTotal:              0 kB
CmaFree:               0 kB
HugePages_Total:       0
HugePages_Free:        0
HugePages_Rsvd:        0
HugePages_Surp:        0
Hugepagesize:       2048 kB
DirectMap4k:      192972 kB
DirectMap2M:     7022592 kB
DirectMap1G:     2097152 kB


CPU:total 8 (4 cores per cpu, 2 threads per core) family 6 model 60 stepping 3, cmov, cx8, fxsr, mmx, sse, sse2, sse3, ssse3, sse4.1, sse4.2, popcnt, avx, avx2, aes, clmul, erms, lzcnt, ht, tsc, tscinvbit, bmi1, bmi2

/proc/cpuinfo:
processor	: 0
vendor_id	: GenuineIntel
cpu family	: 6
model		: 60
model name	: Intel(R) Core(TM) i7-4770 CPU @ 3.40GHz
stepping	: 3
microcode	: 0x1e
cpu MHz		: 3699.890
cache size	: 8192 KB
physical id	: 0
siblings	: 8
core id		: 0
cpu cores	: 4
apicid		: 0
initial apicid	: 0
fpu		: yes
fpu_exception	: yes
cpuid level	: 13
wp		: yes
flags		: fpu vme de pse tsc msr pae mce cx8 apic sep mtrr pge mca cmov pat pse36 clflush dts acpi mmx fxsr sse sse2 ss ht tm pbe syscall nx pdpe1gb rdtscp lm constant_tsc arch_perfmon pebs bts rep_good nopl xtopology nonstop_tsc aperfmperf eagerfpu pni pclmulqdq dtes64 monitor ds_cpl vmx smx est tm2 ssse3 sdbg fma cx16 xtpr pdcm pcid sse4_1 sse4_2 x2apic movbe popcnt tsc_deadline_timer aes xsave avx f16c rdrand lahf_lm abm tpr_shadow vnmi flexpriority ept vpid fsgsbase tsc_adjust bmi1 avx2 smep bmi2 erms invpcid xsaveopt dtherm ida arat pln pts
bugs		:
bogomips	: 6799.83
clflush size	: 64
cache_alignment	: 64
address sizes	: 39 bits physical, 48 bits virtual
power management:

processor	: 1
vendor_id	: GenuineIntel
cpu family	: 6
model		: 60
model name	: Intel(R) Core(TM) i7-4770 CPU @ 3.40GHz
stepping	: 3
microcode	: 0x1e
cpu MHz		: 3699.890
cache size	: 8192 KB
physical id	: 0
siblings	: 8
core id		: 1
cpu cores	: 4
apicid		: 2
initial apicid	: 2
fpu		: yes
fpu_exception	: yes
cpuid level	: 13
wp		: yes
flags		: fpu vme de pse tsc msr pae mce cx8 apic sep mtrr pge mca cmov pat pse36 clflush dts acpi mmx fxsr sse sse2 ss ht tm pbe syscall nx pdpe1gb rdtscp lm constant_tsc arch_perfmon pebs bts rep_good nopl xtopology nonstop_tsc aperfmperf eagerfpu pni pclmulqdq dtes64 monitor ds_cpl vmx smx est tm2 ssse3 sdbg fma cx16 xtpr pdcm pcid sse4_1 sse4_2 x2apic movbe popcnt tsc_deadline_timer aes xsave avx f16c rdrand lahf_lm abm tpr_shadow vnmi flexpriority ept vpid fsgsbase tsc_adjust bmi1 avx2 smep bmi2 erms invpcid xsaveopt dtherm ida arat pln pts
bugs		:
bogomips	: 6799.83
clflush size	: 64
cache_alignment	: 64
address sizes	: 39 bits physical, 48 bits virtual
power management:

processor	: 2
vendor_id	: GenuineIntel
cpu family	: 6
model		: 60
model name	: Intel(R) Core(TM) i7-4770 CPU @ 3.40GHz
stepping	: 3
microcode	: 0x1e
cpu MHz		: 3699.890
cache size	: 8192 KB
physical id	: 0
siblings	: 8
core id		: 2
cpu cores	: 4
apicid		: 4
initial apicid	: 4
fpu		: yes
fpu_exception	: yes
cpuid level	: 13
wp		: yes
flags		: fpu vme de pse tsc msr pae mce cx8 apic sep mtrr pge mca cmov pat pse36 clflush dts acpi mmx fxsr sse sse2 ss ht tm pbe syscall nx pdpe1gb rdtscp lm constant_tsc arch_perfmon pebs bts rep_good nopl xtopology nonstop_tsc aperfmperf eagerfpu pni pclmulqdq dtes64 monitor ds_cpl vmx smx est tm2 ssse3 sdbg fma cx16 xtpr pdcm pcid sse4_1 sse4_2 x2apic movbe popcnt tsc_deadline_timer aes xsave avx f16c rdrand lahf_lm abm tpr_shadow vnmi flexpriority ept vpid fsgsbase tsc_adjust bmi1 avx2 smep bmi2 erms invpcid xsaveopt dtherm ida arat pln pts
bugs		:
bogomips	: 6799.83
clflush size	: 64
cache_alignment	: 64
address sizes	: 39 bits physical, 48 bits virtual
power management:

processor	: 3
vendor_id	: GenuineIntel
cpu family	: 6
model		: 60
model name	: Intel(R) Core(TM) i7-4770 CPU @ 3.40GHz
stepping	: 3
microcode	: 0x1e
cpu MHz		: 3699.890
cache size	: 8192 KB
physical id	: 0
siblings	: 8
core id		: 3
cpu cores	: 4
apicid		: 6
initial apicid	: 6
fpu		: yes
fpu_exception	: yes
cpuid level	: 13
wp		: yes
flags		: fpu vme de pse tsc msr pae mce cx8 apic sep mtrr pge mca cmov pat pse36 clflush dts acpi mmx fxsr sse sse2 ss ht tm pbe syscall nx pdpe1gb rdtscp lm constant_tsc arch_perfmon pebs bts rep_good nopl xtopology nonstop_tsc aperfmperf eagerfpu pni pclmulqdq dtes64 monitor ds_cpl vmx smx est tm2 ssse3 sdbg fma cx16 xtpr pdcm pcid sse4_1 sse4_2 x2apic movbe popcnt tsc_deadline_timer aes xsave avx f16c rdrand lahf_lm abm tpr_shadow vnmi flexpriority ept vpid fsgsbase tsc_adjust bmi1 avx2 smep bmi2 erms invpcid xsaveopt dtherm ida arat pln pts
bugs		:
bogomips	: 6799.83
clflush size	: 64
cache_alignment	: 64
address sizes	: 39 bits physical, 48 bits virtual
power management:

processor	: 4
vendor_id	: GenuineIntel
cpu family	: 6
model		: 60
model name	: Intel(R) Core(TM) i7-4770 CPU @ 3.40GHz
stepping	: 3
microcode	: 0x1e
cpu MHz		: 3699.890
cache size	: 8192 KB
physical id	: 0
siblings	: 8
core id		: 0
cpu cores	: 4
apicid		: 1
initial apicid	: 1
fpu		: yes
fpu_exception	: yes
cpuid level	: 13
wp		: yes
flags		: fpu vme de pse tsc msr pae mce cx8 apic sep mtrr pge mca cmov pat pse36 clflush dts acpi mmx fxsr sse sse2 ss ht tm pbe syscall nx pdpe1gb rdtscp lm constant_tsc arch_perfmon pebs bts rep_good nopl xtopology nonstop_tsc aperfmperf eagerfpu pni pclmulqdq dtes64 monitor ds_cpl vmx smx est tm2 ssse3 sdbg fma cx16 xtpr pdcm pcid sse4_1 sse4_2 x2apic movbe popcnt tsc_deadline_timer aes xsave avx f16c rdrand lahf_lm abm tpr_shadow vnmi flexpriority ept vpid fsgsbase tsc_adjust bmi1 avx2 smep bmi2 erms invpcid xsaveopt dtherm ida arat pln pts
bugs		:
bogomips	: 6799.83
clflush size	: 64
cache_alignment	: 64
address sizes	: 39 bits physical, 48 bits virtual
power management:

processor	: 5
vendor_id	: GenuineIntel
cpu family	: 6
model		: 60
model name	: Intel(R) Core(TM) i7-4770 CPU @ 3.40GHz
stepping	: 3
microcode	: 0x1e
cpu MHz		: 3699.890
cache size	: 8192 KB
physical id	: 0
siblings	: 8
core id		: 1
cpu cores	: 4
apicid		: 3
initial apicid	: 3
fpu		: yes
fpu_exception	: yes
cpuid level	: 13
wp		: yes
flags		: fpu vme de pse tsc msr pae mce cx8 apic sep mtrr pge mca cmov pat pse36 clflush dts acpi mmx fxsr sse sse2 ss ht tm pbe syscall nx pdpe1gb rdtscp lm constant_tsc arch_perfmon pebs bts rep_good nopl xtopology nonstop_tsc aperfmperf eagerfpu pni pclmulqdq dtes64 monitor ds_cpl vmx smx est tm2 ssse3 sdbg fma cx16 xtpr pdcm pcid sse4_1 sse4_2 x2apic movbe popcnt tsc_deadline_timer aes xsave avx f16c rdrand lahf_lm abm tpr_shadow vnmi flexpriority ept vpid fsgsbase tsc_adjust bmi1 avx2 smep bmi2 erms invpcid xsaveopt dtherm ida arat pln pts
bugs		:
bogomips	: 6799.83
clflush size	: 64
cache_alignment	: 64
address sizes	: 39 bits physical, 48 bits virtual
power management:

processor	: 6
vendor_id	: GenuineIntel
cpu family	: 6
model		: 60
model name	: Intel(R) Core(TM) i7-4770 CPU @ 3.40GHz
stepping	: 3
microcode	: 0x1e
cpu MHz		: 3699.890
cache size	: 8192 KB
physical id	: 0
siblings	: 8
core id		: 2
cpu cores	: 4
apicid		: 5
initial apicid	: 5
fpu		: yes
fpu_exception	: yes
cpuid level	: 13
wp		: yes
flags		: fpu vme de pse tsc msr pae mce cx8 apic sep mtrr pge mca cmov pat pse36 clflush dts acpi mmx fxsr sse sse2 ss ht tm pbe syscall nx pdpe1gb rdtscp lm constant_tsc arch_perfmon pebs bts rep_good nopl xtopology nonstop_tsc aperfmperf eagerfpu pni pclmulqdq dtes64 monitor ds_cpl vmx smx est tm2 ssse3 sdbg fma cx16 xtpr pdcm pcid sse4_1 sse4_2 x2apic movbe popcnt tsc_deadline_timer aes xsave avx f16c rdrand lahf_lm abm tpr_shadow vnmi flexpriority ept vpid fsgsbase tsc_adjust bmi1 avx2 smep bmi2 erms invpcid xsaveopt dtherm ida arat pln pts
bugs		:
bogomips	: 6799.83
clflush size	: 64
cache_alignment	: 64
address sizes	: 39 bits physical, 48 bits virtual
power management:

processor	: 7
vendor_id	: GenuineIntel
cpu family	: 6
model		: 60
model name	: Intel(R) Core(TM) i7-4770 CPU @ 3.40GHz
stepping	: 3
microcode	: 0x1e
cpu MHz		: 3699.890
cache size	: 8192 KB
physical id	: 0
siblings	: 8
core id		: 3
cpu cores	: 4
apicid		: 7
initial apicid	: 7
fpu		: yes
fpu_exception	: yes
cpuid level	: 13
wp		: yes
flags		: fpu vme de pse tsc msr pae mce cx8 apic sep mtrr pge mca cmov pat pse36 clflush dts acpi mmx fxsr sse sse2 ss ht tm pbe syscall nx pdpe1gb rdtscp lm constant_tsc arch_perfmon pebs bts rep_good nopl xtopology nonstop_tsc aperfmperf eagerfpu pni pclmulqdq dtes64 monitor ds_cpl vmx smx est tm2 ssse3 sdbg fma cx16 xtpr pdcm pcid sse4_1 sse4_2 x2apic movbe popcnt tsc_deadline_timer aes xsave avx f16c rdrand lahf_lm abm tpr_shadow vnmi flexpriority ept vpid fsgsbase tsc_adjust bmi1 avx2 smep bmi2 erms invpcid xsaveopt dtherm ida arat pln pts
bugs		:
bogomips	: 6799.83
clflush size	: 64
cache_alignment	: 64
address sizes	: 39 bits physical, 48 bits virtual
power management:



Memory: 4k page, physical 8050124k(1494260k free), swap 8263676k(8257620k free)

vm_info: Java HotSpot(TM) 64-Bit Server VM (25.111-b14) for linux-amd64 JRE (1.8.0_111-b14), built on Sep 22 2016 16:14:03 by "java_re" with gcc 4.3.0 20080428 (Red Hat 4.3.0-8)

time: Mon Jan  2 00:49:24 2017
elapsed time: 31666 seconds (0d 8h 47m 46s)

