#
# A fatal error has been detected by the Java Runtime Environment:
#
#  SIGSEGV (0xb) at pc=0x00007fe475069a7a, pid=2977, tid=0x00007fe464aff700
#
# JRE version: Java(TM) SE Runtime Environment (8.0_121-b13) (build 1.8.0_121-b13)
# Java VM: Java HotSpot(TM) 64-Bit Server VM (25.121-b13 mixed mode linux-amd64 compressed oops)
# Problematic frame:
# v  ~BufferBlob::jni_fast_GetLongField
#
# Failed to write core dump. Core dumps have been disabled. To enable core dumping, try "ulimit -c unlimited" before starting Java again
#
# If you would like to submit a bug report, please visit:
#   http://bugreport.java.com/bugreport/crash.jsp
# The crash happened outside the Java Virtual Machine in native code.
# See problematic frame for where to report the bug.
#

---------------  T H R E A D  ---------------

Current thread (0x00007fe4841f3000):  JavaThread "AWT-XAWT" daemon [_thread_in_native, id=3002, stack(0x00007fe4649ff000,0x00007fe464b00000)]

siginfo: si_signo: 11 (SIGSEGV), si_code: 1 (SEGV_MAPERR), si_addr: 0x0000000000000000

Registers:
RAX=0x00007fe48c97cf60, RBX=0x00007fe4841f31f8, RCX=0x00007fe48d3e42c0, RDX=0x0000000000000042
RSP=0x00007fe464afe738, RBP=0x00007fe464afe760, RSI=0x0000000000000000, RDI=0x00007fe4841f31f8
R8 =0x00000000d96351a8, R9 =0x0000000000000000, R10=0x0000000000000336, R11=0x00007fe4754fe2d8
R12=0x00007fe4001a17e0, R13=0x0000000000000000, R14=0x00007fe4668907e0, R15=0x00007fe4841f3000
RIP=0x00007fe475069a7a, EFLAGS=0x0000000000010246, CSGSFS=0x0000000000000033, ERR=0x0000000000000004
  TRAPNO=0x000000000000000e

Top of Stack: (sp=0x00007fe464afe738)
0x00007fe464afe738:   00007fe46666eee1 00007fe488c1a338
0x00007fe464afe748:   00007fe4001a17e0 00007fe464afe810
0x00007fe464afe758:   00007fe464afe7e0 0000000000000000
0x00007fe464afe768:   00007fe4661503c0 00007fe488c1a338
0x00007fe464afe778:   00007fe464afe7a0 0000000000000000
0x00007fe464afe788:   00007fe466147f93 00007fe464afe810
0x00007fe464afe798:   00007fe46666811f 00007fe464afe7f0
0x00007fe464afe7a8:   00007fe4754fe376 0000000000000000
0x00007fe464afe7b8:   00007fe475368976 00007fe464afe810
0x00007fe464afe7c8:   00007fe4751694ec 00000000d96346b8
0x00007fe464afe7d8:   00007fe4753fe7b4 00000000852007b0
0x00007fe464afe7e8:   00000000d9966b48 00007fe464afe870
0x00007fe464afe7f8:   00007fe475007a90 00007fe464afe870
0x00007fe464afe808:   00007fe475007a90 0000000000000000
0x00007fe464afe818:   00007fe475007dd0 00007fe408002e20
0x00007fe464afe828:   00000000d96346b8 00007fe464afe830
0x00007fe464afe838:   00007fe488bc73a4 00007fe464afe8b8
0x00007fe464afe848:   00007fe488bdf098 0000000000000000
0x00007fe464afe858:   00007fe488bc74e0 00007fe464afe810
0x00007fe464afe868:   00007fe464afe8b0 00007fe464afe900
0x00007fe464afe878:   00007fe4750082bd 0000000000000000
0x00007fe464afe888:   00000000d9621aa8 0000000000000000
0x00007fe464afe898:   0000000000000000 0000000000000000
0x00007fe464afe8a8:   00000000d96346b8 0000000000000000
0x00007fe464afe8b8:   00000000d95540e8 00007fe464afe8c0
0x00007fe464afe8c8:   00007fe488bc71e5 00007fe464afe910
0x00007fe464afe8d8:   00007fe488bdf098 0000000000000000
0x00007fe464afe8e8:   00007fe488bc71f0 00007fe464afe8b0
0x00007fe464afe8f8:   00007fe464afe910 00007fe464afe958
0x00007fe464afe908:   00007fe475008302 00000000d95540e8
0x00007fe464afe918:   00007fe464afe918 00007fe488877993
0x00007fe464afe928:   00007fe464afe968 00007fe4888ff010 

Instructions: (pc=0x00007fe475069a7a)
0x00007fe475069a5a:   00 00 00 00 00 00 44 8b 15 81 2f 95 17 4c 8b ce
0x00007fe475069a6a:   41 f6 c2 01 0f 85 2e 00 00 00 4d 33 ca 4d 33 ca
0x00007fe475069a7a:   4d 8b 09 4c 8b da 49 c1 eb 02 4b 8b 04 19 49 bb
0x00007fe475069a8a:   e8 c9 9b 8c e4 7f 00 00 4c 33 d8 4c 33 d8 45 3b 

Register to memory mapping:

RAX=0x00007fe48c97cf60: <offset 0xf85f60> in /usr/lib/jvm/java-8-oracle/jre/lib/amd64/server/libjvm.so at 0x00007fe48b9f7000
RBX=0x00007fe4841f31f8 is an unknown value
RCX=0x00007fe48d3e42c0: <offset 0x2182c0> in /lib/x86_64-linux-gnu/libpthread.so.0 at 0x00007fe48d1cc000
RDX=0x0000000000000042 is an unknown value
RSP=0x00007fe464afe738 is pointing into the stack for thread: 0x00007fe4841f3000
RBP=0x00007fe464afe760 is pointing into the stack for thread: 0x00007fe4841f3000
RSI=0x0000000000000000 is an unknown value
RDI=0x00007fe4841f31f8 is an unknown value
R8 =0x00000000d96351a8 is an oop
java.util.logging.Logger 
 - klass: 'java/util/logging/Logger'
R9 =0x0000000000000000 is an unknown value
R10=0x0000000000000336 is an unknown value
R11=0x00007fe4754fe2d8 is at entry_point+24 in (nmethod*)0x00007fe4754fe150
R12=0x00007fe4001a17e0 is an unknown value
R13=0x0000000000000000 is an unknown value
R14=0x00007fe4668907e0: <offset 0x2587e0> in /usr/lib/jvm/java-8-oracle/jre/lib/amd64/libawt_xawt.so at 0x00007fe466638000
R15=0x00007fe4841f3000 is a thread


Stack: [0x00007fe4649ff000,0x00007fe464b00000],  sp=0x00007fe464afe738,  free space=1021k
Native frames: (J=compiled Java code, j=interpreted, Vv=VM code, C=native code)
v  ~BufferBlob::jni_fast_GetLongField
C  [libX11.so.6+0x643c0]  _XimServerDestroy+0x70

Java frames: (J=compiled Java code, j=interpreted, Vv=VM code)
J 1481  sun.awt.X11.XlibWrapper.XFilterEvent(JJ)Z (0 bytes) @ 0x00007fe4754fe304 [0x00007fe4754fe2c0+0x44]
j  sun.awt.X11.XToolkit.run(Z)V+300
j  sun.awt.X11.XToolkit.run()V+5
j  java.lang.Thread.run()V+11
v  ~StubRoutines::call_stub

---------------  P R O C E S S  ---------------

Java Threads: ( => current thread )
  0x00007fe3f8018000 JavaThread "Thread-0" [_thread_blocked, id=4606, stack(0x00007fe45ef69000,0x00007fe45f06a000)]
  0x00007fe3f8011800 JavaThread "XToolkt-Shutdown-Thread" [_thread_blocked, id=4605, stack(0x00007fe45f66c000,0x00007fe45f76d000)]
  0x00007fe428002000 JavaThread "SIGTERM handler" daemon [_thread_blocked, id=4604, stack(0x00007fe45f86e000,0x00007fe45f96f000)]
  0x00007fe428001000 JavaThread "SIGHUP handler" daemon [_thread_blocked, id=4602, stack(0x00007fe45f76d000,0x00007fe45f86e000)]
  0x00007fe4001b1000 JavaThread "TimerQueue" daemon [_thread_blocked, id=3012, stack(0x00007fe45f36b000,0x00007fe45f46c000)]
  0x00007fe484009800 JavaThread "DestroyJavaVM" [_thread_blocked, id=2978, stack(0x00007fe48d4ec000,0x00007fe48d5ed000)]
  0x00007fe4841f7000 JavaThread "AWT-EventQueue-0" [_thread_blocked, id=3004, stack(0x00007fe4647fd000,0x00007fe4648fe000)]
  0x00007fe4841f5800 JavaThread "AWT-Shutdown" [_thread_blocked, id=3003, stack(0x00007fe4648fe000,0x00007fe4649ff000)]
=>0x00007fe4841f3000 JavaThread "AWT-XAWT" daemon [_thread_in_native, id=3002, stack(0x00007fe4649ff000,0x00007fe464b00000)]
  0x00007fe4841cc000 JavaThread "Java2D Disposer" daemon [_thread_blocked, id=3001, stack(0x00007fe464f10000,0x00007fe465011000)]
  0x00007fe4840dd800 JavaThread "Service Thread" daemon [_thread_blocked, id=2999, stack(0x00007fe466c64000,0x00007fe466d65000)]
  0x00007fe4840c8800 JavaThread "C1 CompilerThread3" daemon [_thread_blocked, id=2998, stack(0x00007fe466d65000,0x00007fe466e66000)]
  0x00007fe4840c6000 JavaThread "C2 CompilerThread2" daemon [_thread_blocked, id=2997, stack(0x00007fe466e66000,0x00007fe466f67000)]
  0x00007fe4840c4800 JavaThread "C2 CompilerThread1" daemon [_thread_blocked, id=2996, stack(0x00007fe466f67000,0x00007fe467068000)]
  0x00007fe4840c1800 JavaThread "C2 CompilerThread0" daemon [_thread_blocked, id=2995, stack(0x00007fe467068000,0x00007fe467169000)]
  0x00007fe4840c0000 JavaThread "Signal Dispatcher" daemon [_thread_blocked, id=2994, stack(0x00007fe467169000,0x00007fe46726a000)]
  0x00007fe48408c000 JavaThread "Finalizer" daemon [_thread_blocked, id=2993, stack(0x00007fe4677f8000,0x00007fe4678f9000)]
  0x00007fe484087800 JavaThread "Reference Handler" daemon [_thread_blocked, id=2991, stack(0x00007fe4678f9000,0x00007fe4679fa000)]

Other Threads:
  0x00007fe484080000 VMThread [stack: 0x00007fe4679fa000,0x00007fe467afb000] [id=2987]
  0x00007fe4840e0800 WatcherThread [stack: 0x00007fe466b63000,0x00007fe466c64000] [id=3000]

VM state:not at safepoint (normal execution)

VM Mutex/Monitor currently owned by a thread: None

Heap:
 PSYoungGen      total 36864K, used 13722K [0x00000000d7100000, 0x00000000d9a00000, 0x0000000100000000)
  eden space 31744K, 27% used [0x00000000d7100000,0x00000000d7969770,0x00000000d9000000)
  from space 5120K, 99% used [0x00000000d9500000,0x00000000d99fd0e8,0x00000000d9a00000)
  to   space 5120K, 0% used [0x00000000d9000000,0x00000000d9000000,0x00000000d9500000)
 ParOldGen       total 84992K, used 842K [0x0000000085200000, 0x000000008a500000, 0x00000000d7100000)
  object space 84992K, 0% used [0x0000000085200000,0x00000000852d28e0,0x000000008a500000)
 Metaspace       used 19417K, capacity 19848K, committed 19968K, reserved 1067008K
  class space    used 2337K, capacity 2497K, committed 2560K, reserved 1048576K

Card table byte_map: [0x00007fe489eb9000,0x00007fe48a291000] byte_map_base: 0x00007fe489a90000

Marking Bits: (ParMarkBitMap*) 0x00007fe48c9bbc80
 Begin Bits: [0x00007fe46c290000, 0x00007fe46e148000)
 End Bits:   [0x00007fe46e148000, 0x00007fe470000000)

Polling page: 0x00007fe48d60b000

CodeCache: size=245760Kb used=8529Kb max_used=8557Kb free=237230Kb
 bounds [0x00007fe475000000, 0x00007fe475870000, 0x00007fe484000000]
 total_blobs=3198 nmethods=2600 adapters=509
 compilation: enabled

Compilation events (10 events):
Event: 2136,368 Thread 0x00007fe4840c8800 2937       3       java.util.Vector$Itr::<init> (26 bytes)
Event: 2136,368 Thread 0x00007fe4840c8800 nmethod 2937 0x00007fe475867750 code [0x00007fe4758678c0, 0x00007fe475867a90]
Event: 2447,015 Thread 0x00007fe4840c8800 2938  s    3       java.util.Vector::iterator (10 bytes)
Event: 2447,015 Thread 0x00007fe4840c8800 nmethod 2938 0x00007fe475867b50 code [0x00007fe475867ce0, 0x00007fe475868150]
Event: 2448,248 Thread 0x00007fe4840c8800 2939       3       sun.awt.X11.Native::getULong (29 bytes)
Event: 2448,248 Thread 0x00007fe4840c8800 nmethod 2939 0x00007fe475166650 code [0x00007fe4751667c0, 0x00007fe475166990]
Event: 2448,255 Thread 0x00007fe4840c8800 2940       3       sun.awt.X11.XFramePeer::getMenuBarHeight (17 bytes)
Event: 2448,256 Thread 0x00007fe4840c8800 nmethod 2940 0x00007fe475188490 code [0x00007fe475188600, 0x00007fe475188868]
Event: 2448,399 Thread 0x00007fe4840c8800 2941       3       sun.awt.XSettings$Update::needBytes (65 bytes)
Event: 2448,399 Thread 0x00007fe4840c8800 nmethod 2941 0x00007fe4752110d0 code [0x00007fe475211320, 0x00007fe475211fd8]

GC Heap History (4 events):
Event: 8,451 GC heap before
{Heap before GC invocations=1 (full 0):
 PSYoungGen      total 36864K, used 31744K [0x00000000d7100000, 0x00000000d9a00000, 0x0000000100000000)
  eden space 31744K, 100% used [0x00000000d7100000,0x00000000d9000000,0x00000000d9000000)
  from space 5120K, 0% used [0x00000000d9500000,0x00000000d9500000,0x00000000d9a00000)
  to   space 5120K, 0% used [0x00000000d9000000,0x00000000d9000000,0x00000000d9500000)
 ParOldGen       total 84992K, used 0K [0x0000000085200000, 0x000000008a500000, 0x00000000d7100000)
  object space 84992K, 0% used [0x0000000085200000,0x0000000085200000,0x000000008a500000)
 Metaspace       used 16615K, capacity 16806K, committed 17152K, reserved 1064960K
  class space    used 2092K, capacity 2190K, committed 2304K, reserved 1048576K
Event: 8,464 GC heap after
Heap after GC invocations=1 (full 0):
 PSYoungGen      total 36864K, used 4862K [0x00000000d7100000, 0x00000000d9a00000, 0x0000000100000000)
  eden space 31744K, 0% used [0x00000000d7100000,0x00000000d7100000,0x00000000d9000000)
  from space 5120K, 94% used [0x00000000d9000000,0x00000000d94bfac8,0x00000000d9500000)
  to   space 5120K, 0% used [0x00000000d9500000,0x00000000d9500000,0x00000000d9a00000)
 ParOldGen       total 84992K, used 88K [0x0000000085200000, 0x000000008a500000, 0x00000000d7100000)
  object space 84992K, 0% used [0x0000000085200000,0x0000000085216010,0x000000008a500000)
 Metaspace       used 16615K, capacity 16806K, committed 17152K, reserved 1064960K
  class space    used 2092K, capacity 2190K, committed 2304K, reserved 1048576K
}
Event: 2044,323 GC heap before
{Heap before GC invocations=2 (full 0):
 PSYoungGen      total 36864K, used 36606K [0x00000000d7100000, 0x00000000d9a00000, 0x0000000100000000)
  eden space 31744K, 100% used [0x00000000d7100000,0x00000000d9000000,0x00000000d9000000)
  from space 5120K, 94% used [0x00000000d9000000,0x00000000d94bfac8,0x00000000d9500000)
  to   space 5120K, 0% used [0x00000000d9500000,0x00000000d9500000,0x00000000d9a00000)
 ParOldGen       total 84992K, used 88K [0x0000000085200000, 0x000000008a500000, 0x00000000d7100000)
  object space 84992K, 0% used [0x0000000085200000,0x0000000085216010,0x000000008a500000)
 Metaspace       used 19219K, capacity 19644K, committed 19968K, reserved 1067008K
  class space    used 2330K, capacity 2495K, committed 2560K, reserved 1048576K
Event: 2044,333 GC heap after
Heap after GC invocations=2 (full 0):
 PSYoungGen      total 36864K, used 5108K [0x00000000d7100000, 0x00000000d9a00000, 0x0000000100000000)
  eden space 31744K, 0% used [0x00000000d7100000,0x00000000d7100000,0x00000000d9000000)
  from space 5120K, 99% used [0x00000000d9500000,0x00000000d99fd0e8,0x00000000d9a00000)
  to   space 5120K, 0% used [0x00000000d9000000,0x00000000d9000000,0x00000000d9500000)
 ParOldGen       total 84992K, used 842K [0x0000000085200000, 0x000000008a500000, 0x00000000d7100000)
  object space 84992K, 0% used [0x0000000085200000,0x00000000852d28e0,0x000000008a500000)
 Metaspace       used 19219K, capacity 19644K, committed 19968K, reserved 1067008K
  class space    used 2330K, capacity 2495K, committed 2560K, reserved 1048576K
}

Deoptimization events (10 events):
Event: 8,429 Thread 0x00007fe4841f7000 Uncommon trap: reason=bimorphic action=maybe_recompile pc=0x00007fe475441130 method=javax.swing.UIDefaults.getFromHashtable(Ljava/lang/Object;)Ljava/lang/Object; @ 126
Event: 9,660 Thread 0x00007fe4841f7000 Uncommon trap: reason=bimorphic action=maybe_recompile pc=0x00007fe47536ee74 method=com.sun.org.apache.xerces.internal.dom.DeepNodeListImpl.nextMatchingElementAfter(Lorg/w3c/dom/Node;)Lorg/w3c/dom/Node; @ 5
Event: 9,660 Thread 0x00007fe4841f7000 Uncommon trap: reason=unstable_if action=reinterpret pc=0x00007fe47531dbfc method=com.sun.org.apache.xerces.internal.dom.DeferredElementImpl.synchronizeData()V @ 50
Event: 9,660 Thread 0x00007fe4841f7000 Uncommon trap: reason=unstable_if action=reinterpret pc=0x00007fe475371270 method=com.sun.org.apache.xerces.internal.dom.DeferredElementImpl.synchronizeData()V @ 50
Event: 9,684 Thread 0x00007fe4841f7000 Uncommon trap: reason=unstable_if action=reinterpret pc=0x00007fe4753bb0fc method=java.util.logging.Logger.isLoggable(Ljava/util/logging/Level;)Z @ 8
Event: 15,825 Thread 0x00007fe4841f7000 Uncommon trap: reason=unstable_if action=reinterpret pc=0x00007fe4753a7eb8 method=com.sun.org.apache.xerces.internal.xni.XMLString.toString()Ljava/lang/String; @ 4
Event: 33,456 Thread 0x00007fe4841f7000 Uncommon trap: reason=unstable_if action=reinterpret pc=0x00007fe47530f32c method=java.security.AccessControlContext.optimize()Ljava/security/AccessControlContext; @ 233
Event: 34,442 Thread 0x00007fe40014d000 Uncommon trap: reason=unstable_if action=reinterpret pc=0x00007fe475242d80 method=sun.awt.image.PNGImageDecoder.filterRow([B[BIII)V @ 221
Event: 51,367 Thread 0x00007fe40028c800 Uncommon trap: reason=unstable_if action=reinterpret pc=0x00007fe4757291cc method=java.util.regex.Pattern$Start.match(Ljava/util/regex/Matcher;ILjava/lang/CharSequence;)Z @ 10
Event: 2044,334 Thread 0x00007fe4841cc000 Uncommon trap: reason=unstable_if action=reinterpret pc=0x00007fe47518e96c method=java.util.Vector.removeElementAt(I)V @ 75

Internal exceptions (10 events):
Event: 23,564 Thread 0x00007fe4841f7000 Exception <a 'java/lang/NullPointerException'> (0x00000000d8407178) thrown at [/HUDSON3/workspace/8-2-build-linux-amd64/jdk8u121/8372/hotspot/src/share/vm/interpreter/linkResolver.cpp, line 1178]
Event: 34,442 Thread 0x00007fe40014d000 Implicit null exception at 0x00007fe475242784 to 0x00007fe475242d59
Event: 34,507 Thread 0x00007fe4841f7000 Exception <a 'java/lang/UnsupportedOperationException': > (0x00000000d8627778) thrown at [/HUDSON3/workspace/8-2-build-linux-amd64/jdk8u121/8372/hotspot/src/share/vm/prims/jni.cpp, line 735]
Event: 41,795 Thread 0x00007fe4841f7000 Exception <a 'java/lang/UnsupportedOperationException': > (0x00000000d86e55f0) thrown at [/HUDSON3/workspace/8-2-build-linux-amd64/jdk8u121/8372/hotspot/src/share/vm/prims/jni.cpp, line 735]
Event: 50,092 Thread 0x00007fe4841f7000 Exception <a 'java/lang/UnsupportedOperationException': > (0x00000000d89c9468) thrown at [/HUDSON3/workspace/8-2-build-linux-amd64/jdk8u121/8372/hotspot/src/share/vm/prims/jni.cpp, line 735]
Event: 51,369 Thread 0x00007fe4841f7000 Implicit null exception at 0x00007fe475711451 to 0x00007fe475711b26
Event: 51,369 Thread 0x00007fe4841f7000 Exception <a 'java/lang/NullPointerException'> (0x00000000d8a34808) thrown at [/HUDSON3/workspace/8-2-build-linux-amd64/jdk8u121/8372/hotspot/src/share/vm/runtime/sharedRuntime.cpp, line 605]
Event: 2019,942 Thread 0x00007fe4841f7000 Exception <a 'java/lang/UnsupportedOperationException': > (0x00000000d8d235e0) thrown at [/HUDSON3/workspace/8-2-build-linux-amd64/jdk8u121/8372/hotspot/src/share/vm/prims/jni.cpp, line 735]
Event: 2048,173 Thread 0x00007fe4841f7000 Exception <a 'java/lang/UnsupportedOperationException': > (0x00000000d716f9a8) thrown at [/HUDSON3/workspace/8-2-build-linux-amd64/jdk8u121/8372/hotspot/src/share/vm/prims/jni.cpp, line 735]
Event: 2111,478 Thread 0x00007fe4841f7000 Exception <a 'java/lang/UnsupportedOperationException': > (0x00000000d7557b60) thrown at [/HUDSON3/workspace/8-2-build-linux-amd64/jdk8u121/8372/hotspot/src/share/vm/prims/jni.cpp, line 735]

Events (10 events):
Event: 2448,290 loading class sun/awt/X11/XMSelection$2 done
Event: 2448,334 loading class sun/awt/X11/XAWTXSettings$1
Event: 2448,334 loading class sun/awt/X11/XAWTXSettings$1 done
Event: 2448,399 Thread 0x00007fe4840c8800 flushing nmethod 0x00007fe475304250
Event: 2448,399 Thread 0x00007fe4840c8800 flushing nmethod 0x00007fe475339d90
Event: 2448,399 Thread 0x00007fe4840c8800 flushing nmethod 0x00007fe47534f3d0
Event: 2448,492 loading class sun/awt/X11/XkbEvent
Event: 2448,493 loading class sun/awt/X11/XkbEvent done
Event: 2448,493 loading class sun/awt/X11/XkbAnyEvent
Event: 2448,494 loading class sun/awt/X11/XkbAnyEvent done


Dynamic libraries:
00400000-00401000 r-xp 00000000 08:12 6171217                            /usr/lib/jvm/java-8-oracle/bin/java
00600000-00601000 rw-p 00000000 08:12 6171217                            /usr/lib/jvm/java-8-oracle/bin/java
01697000-016b8000 rw-p 00000000 00:00 0                                  [heap]
85200000-8a500000 rw-p 00000000 00:00 0 
8a500000-d7100000 ---p 00000000 00:00 0 
d7100000-d9a00000 rw-p 00000000 00:00 0 
d9a00000-100000000 ---p 00000000 00:00 0 
100000000-100280000 rw-p 00000000 00:00 0 
100280000-140000000 ---p 00000000 00:00 0 
7fe3e8000000-7fe3e8021000 rw-p 00000000 00:00 0 
7fe3e8021000-7fe3ec000000 ---p 00000000 00:00 0 
7fe3f0000000-7fe3f0021000 rw-p 00000000 00:00 0 
7fe3f0021000-7fe3f4000000 ---p 00000000 00:00 0 
7fe3f4000000-7fe3f4021000 rw-p 00000000 00:00 0 
7fe3f4021000-7fe3f8000000 ---p 00000000 00:00 0 
7fe3f8000000-7fe3f804a000 rw-p 00000000 00:00 0 
7fe3f804a000-7fe3fc000000 ---p 00000000 00:00 0 
7fe3fc000000-7fe3fc067000 rw-p 00000000 00:00 0 
7fe3fc067000-7fe400000000 ---p 00000000 00:00 0 
7fe400000000-7fe400439000 rw-p 00000000 00:00 0 
7fe400439000-7fe404000000 ---p 00000000 00:00 0 
7fe404000000-7fe404027000 rw-p 00000000 00:00 0 
7fe404027000-7fe408000000 ---p 00000000 00:00 0 
7fe408000000-7fe408030000 rw-p 00000000 00:00 0 
7fe408030000-7fe40c000000 ---p 00000000 00:00 0 
7fe40c000000-7fe40c021000 rw-p 00000000 00:00 0 
7fe40c021000-7fe410000000 ---p 00000000 00:00 0 
7fe410000000-7fe410021000 rw-p 00000000 00:00 0 
7fe410021000-7fe414000000 ---p 00000000 00:00 0 
7fe414000000-7fe414021000 rw-p 00000000 00:00 0 
7fe414021000-7fe418000000 ---p 00000000 00:00 0 
7fe418000000-7fe4187c0000 rw-p 00000000 00:00 0 
7fe4187c0000-7fe41c000000 ---p 00000000 00:00 0 
7fe41c000000-7fe41c021000 rw-p 00000000 00:00 0 
7fe41c021000-7fe420000000 ---p 00000000 00:00 0 
7fe420000000-7fe4209e1000 rw-p 00000000 00:00 0 
7fe4209e1000-7fe424000000 ---p 00000000 00:00 0 
7fe424000000-7fe42480b000 rw-p 00000000 00:00 0 
7fe42480b000-7fe428000000 ---p 00000000 00:00 0 
7fe428000000-7fe428021000 rw-p 00000000 00:00 0 
7fe428021000-7fe42c000000 ---p 00000000 00:00 0 
7fe42c000000-7fe42c9ee000 rw-p 00000000 00:00 0 
7fe42c9ee000-7fe430000000 ---p 00000000 00:00 0 
7fe430000000-7fe430021000 rw-p 00000000 00:00 0 
7fe430021000-7fe434000000 ---p 00000000 00:00 0 
7fe434000000-7fe434021000 rw-p 00000000 00:00 0 
7fe434021000-7fe438000000 ---p 00000000 00:00 0 
7fe438000000-7fe438021000 rw-p 00000000 00:00 0 
7fe438021000-7fe43c000000 ---p 00000000 00:00 0 
7fe43c000000-7fe43c039000 rw-p 00000000 00:00 0 
7fe43c039000-7fe440000000 ---p 00000000 00:00 0 
7fe440000000-7fe440021000 rw-p 00000000 00:00 0 
7fe440021000-7fe444000000 ---p 00000000 00:00 0 
7fe448000000-7fe448021000 rw-p 00000000 00:00 0 
7fe448021000-7fe44c000000 ---p 00000000 00:00 0 
7fe450000000-7fe450021000 rw-p 00000000 00:00 0 
7fe450021000-7fe454000000 ---p 00000000 00:00 0 
7fe458000000-7fe458021000 rw-p 00000000 00:00 0 
7fe458021000-7fe45c000000 ---p 00000000 00:00 0 
7fe45ed69000-7fe45ee69000 rw-p 00000000 00:00 0 
7fe45ee69000-7fe45ef69000 ---p 00000000 00:00 0 
7fe45ef69000-7fe45ef6c000 ---p 00000000 00:00 0 
7fe45ef6c000-7fe45f06a000 rw-p 00000000 00:00 0 
7fe45f06a000-7fe45f06d000 ---p 00000000 00:00 0 
7fe45f06d000-7fe45f36b000 rw-p 00000000 00:00 0 
7fe45f36b000-7fe45f36e000 ---p 00000000 00:00 0 
7fe45f36e000-7fe45f66c000 rw-p 00000000 00:00 0 
7fe45f66c000-7fe45f66f000 ---p 00000000 00:00 0 
7fe45f66f000-7fe45f76d000 rw-p 00000000 00:00 0 
7fe45f76d000-7fe45f770000 ---p 00000000 00:00 0 
7fe45f770000-7fe45f86e000 rw-p 00000000 00:00 0 
7fe45f86e000-7fe45f871000 ---p 00000000 00:00 0 
7fe45f871000-7fe45fb6f000 rw-p 00000000 00:00 0 
7fe45fb6f000-7fe45fbd8000 r-xp 00000000 08:12 6171320                    /usr/lib/jvm/java-8-oracle/jre/lib/amd64/libt2k.so
7fe45fbd8000-7fe45fdd8000 ---p 00069000 08:12 6171320                    /usr/lib/jvm/java-8-oracle/jre/lib/amd64/libt2k.so
7fe45fdd8000-7fe45fddf000 rw-p 00069000 08:12 6171320                    /usr/lib/jvm/java-8-oracle/jre/lib/amd64/libt2k.so
7fe45fddf000-7fe45fdef000 rw-p 00000000 00:00 0 
7fe45fdef000-7fe45fe00000 r-xp 00000000 08:12 6171294                    /usr/lib/jvm/java-8-oracle/jre/lib/amd64/libnio.so
7fe45fe00000-7fe45ffff000 ---p 00011000 08:12 6171294                    /usr/lib/jvm/java-8-oracle/jre/lib/amd64/libnio.so
7fe45ffff000-7fe460000000 rw-p 00010000 08:12 6171294                    /usr/lib/jvm/java-8-oracle/jre/lib/amd64/libnio.so
7fe460000000-7fe460021000 rw-p 00000000 00:00 0 
7fe460021000-7fe464000000 ---p 00000000 00:00 0 
7fe4640e5000-7fe4643e6000 rw-p 00000000 00:00 0 
7fe4643e6000-7fe4643fc000 r-xp 00000000 08:12 6171269                    /usr/lib/jvm/java-8-oracle/jre/lib/amd64/libnet.so
7fe4643fc000-7fe4645fc000 ---p 00016000 08:12 6171269                    /usr/lib/jvm/java-8-oracle/jre/lib/amd64/libnet.so
7fe4645fc000-7fe4645fd000 rw-p 00016000 08:12 6171269                    /usr/lib/jvm/java-8-oracle/jre/lib/amd64/libnet.so
7fe4645fd000-7fe4647fd000 rw-p 00000000 00:00 0 
7fe4647fd000-7fe464800000 ---p 00000000 00:00 0 
7fe464800000-7fe4648fe000 rw-p 00000000 00:00 0 
7fe4648fe000-7fe464901000 ---p 00000000 00:00 0 
7fe464901000-7fe4649ff000 rw-p 00000000 00:00 0 
7fe4649ff000-7fe464a02000 ---p 00000000 00:00 0 
7fe464a02000-7fe464b00000 rw-p 00000000 00:00 0 
7fe464b00000-7fe464b05000 r-xp 00000000 08:12 5906680                    /usr/lib/x86_64-linux-gnu/libXfixes.so.3.1.0
7fe464b05000-7fe464d04000 ---p 00005000 08:12 5906680                    /usr/lib/x86_64-linux-gnu/libXfixes.so.3.1.0
7fe464d04000-7fe464d05000 r--p 00004000 08:12 5906680                    /usr/lib/x86_64-linux-gnu/libXfixes.so.3.1.0
7fe464d05000-7fe464d06000 rw-p 00005000 08:12 5906680                    /usr/lib/x86_64-linux-gnu/libXfixes.so.3.1.0
7fe464d06000-7fe464d0f000 r-xp 00000000 08:12 5906672                    /usr/lib/x86_64-linux-gnu/libXcursor.so.1.0.2
7fe464d0f000-7fe464f0e000 ---p 00009000 08:12 5906672                    /usr/lib/x86_64-linux-gnu/libXcursor.so.1.0.2
7fe464f0e000-7fe464f0f000 r--p 00008000 08:12 5906672                    /usr/lib/x86_64-linux-gnu/libXcursor.so.1.0.2
7fe464f0f000-7fe464f10000 rw-p 00009000 08:12 5906672                    /usr/lib/x86_64-linux-gnu/libXcursor.so.1.0.2
7fe464f10000-7fe464f13000 ---p 00000000 00:00 0 
7fe464f13000-7fe465011000 rw-p 00000000 00:00 0 
7fe465011000-7fe465027000 r-xp 00000000 08:12 3019278                    /lib/x86_64-linux-gnu/libgcc_s.so.1
7fe465027000-7fe465226000 ---p 00016000 08:12 3019278                    /lib/x86_64-linux-gnu/libgcc_s.so.1
7fe465226000-7fe465227000 rw-p 00015000 08:12 3019278                    /lib/x86_64-linux-gnu/libgcc_s.so.1
7fe465227000-7fe46528c000 r-xp 00000000 08:12 6171288                    /usr/lib/jvm/java-8-oracle/jre/lib/amd64/libfontmanager.so
7fe46528c000-7fe46548b000 ---p 00065000 08:12 6171288                    /usr/lib/jvm/java-8-oracle/jre/lib/amd64/libfontmanager.so
7fe46548b000-7fe465490000 rw-p 00064000 08:12 6171288                    /usr/lib/jvm/java-8-oracle/jre/lib/amd64/libfontmanager.so
7fe465490000-7fe4654a0000 rw-p 00000000 00:00 0 
7fe4654a0000-7fe4654a5000 r-xp 00000000 08:12 5906676                    /usr/lib/x86_64-linux-gnu/libXdmcp.so.6.0.0
7fe4654a5000-7fe4656a4000 ---p 00005000 08:12 5906676                    /usr/lib/x86_64-linux-gnu/libXdmcp.so.6.0.0
7fe4656a4000-7fe4656a5000 r--p 00004000 08:12 5906676                    /usr/lib/x86_64-linux-gnu/libXdmcp.so.6.0.0
7fe4656a5000-7fe4656a6000 rw-p 00005000 08:12 5906676                    /usr/lib/x86_64-linux-gnu/libXdmcp.so.6.0.0
7fe4656a6000-7fe4656a8000 r-xp 00000000 08:12 5906665                    /usr/lib/x86_64-linux-gnu/libXau.so.6.0.0
7fe4656a8000-7fe4658a8000 ---p 00002000 08:12 5906665                    /usr/lib/x86_64-linux-gnu/libXau.so.6.0.0
7fe4658a8000-7fe4658a9000 r--p 00002000 08:12 5906665                    /usr/lib/x86_64-linux-gnu/libXau.so.6.0.0
7fe4658a9000-7fe4658aa000 rw-p 00003000 08:12 5906665                    /usr/lib/x86_64-linux-gnu/libXau.so.6.0.0
7fe4658aa000-7fe4658cb000 r-xp 00000000 08:12 5908043                    /usr/lib/x86_64-linux-gnu/libxcb.so.1.1.0
7fe4658cb000-7fe465aca000 ---p 00021000 08:12 5908043                    /usr/lib/x86_64-linux-gnu/libxcb.so.1.1.0
7fe465aca000-7fe465acb000 r--p 00020000 08:12 5908043                    /usr/lib/x86_64-linux-gnu/libxcb.so.1.1.0
7fe465acb000-7fe465acc000 rw-p 00021000 08:12 5908043                    /usr/lib/x86_64-linux-gnu/libxcb.so.1.1.0
7fe465acc000-7fe465adb000 r-xp 00000000 08:12 5906686                    /usr/lib/x86_64-linux-gnu/libXi.so.6.1.0
7fe465adb000-7fe465cda000 ---p 0000f000 08:12 5906686                    /usr/lib/x86_64-linux-gnu/libXi.so.6.1.0
7fe465cda000-7fe465cdb000 r--p 0000e000 08:12 5906686                    /usr/lib/x86_64-linux-gnu/libXi.so.6.1.0
7fe465cdb000-7fe465cdc000 rw-p 0000f000 08:12 5906686                    /usr/lib/x86_64-linux-gnu/libXi.so.6.1.0
7fe465cdc000-7fe465ce1000 r-xp 00000000 08:12 5906704                    /usr/lib/x86_64-linux-gnu/libXtst.so.6.1.0
7fe465ce1000-7fe465ee0000 ---p 00005000 08:12 5906704                    /usr/lib/x86_64-linux-gnu/libXtst.so.6.1.0
7fe465ee0000-7fe465ee1000 r--p 00004000 08:12 5906704                    /usr/lib/x86_64-linux-gnu/libXtst.so.6.1.0
7fe465ee1000-7fe465ee2000 rw-p 00005000 08:12 5906704                    /usr/lib/x86_64-linux-gnu/libXtst.so.6.1.0
7fe465ee2000-7fe465eeb000 r-xp 00000000 08:12 5906698                    /usr/lib/x86_64-linux-gnu/libXrender.so.1.3.0
7fe465eeb000-7fe4660ea000 ---p 00009000 08:12 5906698                    /usr/lib/x86_64-linux-gnu/libXrender.so.1.3.0
7fe4660ea000-7fe4660eb000 r--p 00008000 08:12 5906698                    /usr/lib/x86_64-linux-gnu/libXrender.so.1.3.0
7fe4660eb000-7fe4660ec000 rw-p 00009000 08:12 5906698                    /usr/lib/x86_64-linux-gnu/libXrender.so.1.3.0
7fe4660ec000-7fe466221000 r-xp 00000000 08:12 5906661                    /usr/lib/x86_64-linux-gnu/libX11.so.6.3.0
7fe466221000-7fe466421000 ---p 00135000 08:12 5906661                    /usr/lib/x86_64-linux-gnu/libX11.so.6.3.0
7fe466421000-7fe466422000 r--p 00135000 08:12 5906661                    /usr/lib/x86_64-linux-gnu/libX11.so.6.3.0
7fe466422000-7fe466426000 rw-p 00136000 08:12 5906661                    /usr/lib/x86_64-linux-gnu/libX11.so.6.3.0
7fe466426000-7fe466437000 r-xp 00000000 08:12 5906678                    /usr/lib/x86_64-linux-gnu/libXext.so.6.4.0
7fe466437000-7fe466636000 ---p 00011000 08:12 5906678                    /usr/lib/x86_64-linux-gnu/libXext.so.6.4.0
7fe466636000-7fe466637000 r--p 00010000 08:12 5906678                    /usr/lib/x86_64-linux-gnu/libXext.so.6.4.0
7fe466637000-7fe466638000 rw-p 00011000 08:12 5906678                    /usr/lib/x86_64-linux-gnu/libXext.so.6.4.0
7fe466638000-7fe46668c000 r-xp 00000000 08:12 6171296                    /usr/lib/jvm/java-8-oracle/jre/lib/amd64/libawt_xawt.so
7fe46668c000-7fe46688c000 ---p 00054000 08:12 6171296                    /usr/lib/jvm/java-8-oracle/jre/lib/amd64/libawt_xawt.so
7fe46688c000-7fe466890000 rw-p 00054000 08:12 6171296                    /usr/lib/jvm/java-8-oracle/jre/lib/amd64/libawt_xawt.so
7fe466890000-7fe466891000 rw-p 00000000 00:00 0 
7fe466891000-7fe466933000 r-xp 00000000 08:12 6171323                    /usr/lib/jvm/java-8-oracle/jre/lib/amd64/libawt.so
7fe466933000-7fe466b33000 ---p 000a2000 08:12 6171323                    /usr/lib/jvm/java-8-oracle/jre/lib/amd64/libawt.so
7fe466b33000-7fe466b3f000 rw-p 000a2000 08:12 6171323                    /usr/lib/jvm/java-8-oracle/jre/lib/amd64/libawt.so
7fe466b3f000-7fe466b63000 rw-p 00000000 00:00 0 
7fe466b63000-7fe466b64000 ---p 00000000 00:00 0 
7fe466b64000-7fe466c64000 rw-p 00000000 00:00 0 
7fe466c64000-7fe466c67000 ---p 00000000 00:00 0 
7fe466c67000-7fe466d65000 rw-p 00000000 00:00 0 
7fe466d65000-7fe466d68000 ---p 00000000 00:00 0 
7fe466d68000-7fe466e66000 rw-p 00000000 00:00 0 
7fe466e66000-7fe466e69000 ---p 00000000 00:00 0 
7fe466e69000-7fe466f67000 rw-p 00000000 00:00 0 
7fe466f67000-7fe466f6a000 ---p 00000000 00:00 0 
7fe466f6a000-7fe467068000 rw-p 00000000 00:00 0 
7fe467068000-7fe46706b000 ---p 00000000 00:00 0 
7fe46706b000-7fe467169000 rw-p 00000000 00:00 0 
7fe467169000-7fe46716c000 ---p 00000000 00:00 0 
7fe46716c000-7fe46726a000 rw-p 00000000 00:00 0 
7fe46726a000-7fe4677f8000 r--p 00000000 08:12 5898814                    /usr/lib/locale/locale-archive
7fe4677f8000-7fe4677fb000 ---p 00000000 00:00 0 
7fe4677fb000-7fe4678f9000 rw-p 00000000 00:00 0 
7fe4678f9000-7fe4678fc000 ---p 00000000 00:00 0 
7fe4678fc000-7fe4679fa000 rw-p 00000000 00:00 0 
7fe4679fa000-7fe4679fb000 ---p 00000000 00:00 0 
7fe4679fb000-7fe468000000 rw-p 00000000 00:00 0 
7fe468000000-7fe468021000 rw-p 00000000 00:00 0 
7fe468021000-7fe46c000000 ---p 00000000 00:00 0 
7fe46c08e000-7fe470000000 rw-p 00000000 00:00 0 
7fe470000000-7fe470021000 rw-p 00000000 00:00 0 
7fe470021000-7fe474000000 ---p 00000000 00:00 0 
7fe47405f000-7fe474072000 r--s 00345000 08:12 6171343                    /usr/lib/jvm/java-8-oracle/jre/lib/resources.jar
7fe474072000-7fe47408e000 r--s 00393000 08:12 6295452                    /usr/lib/jvm/java-8-oracle/jre/lib/ext/cldrdata.jar
7fe47408e000-7fe475000000 rw-p 00000000 00:00 0 
7fe475000000-7fe475870000 rwxp 00000000 00:00 0 
7fe475870000-7fe484000000 ---p 00000000 00:00 0 
7fe484000000-7fe4841f9000 rw-p 00000000 00:00 0 
7fe4841f9000-7fe488000000 ---p 00000000 00:00 0 
7fe488002000-7fe4885fb000 rw-p 00000000 00:00 0 
7fe4885fb000-7fe4887d4000 r--s 03d3e000 08:12 6171261                    /usr/lib/jvm/java-8-oracle/jre/lib/rt.jar
7fe4887d4000-7fe489421000 rw-p 00000000 00:00 0 
7fe489421000-7fe489422000 ---p 00000000 00:00 0 
7fe489422000-7fe489522000 rw-p 00000000 00:00 0 
7fe489522000-7fe489523000 ---p 00000000 00:00 0 
7fe489523000-7fe489623000 rw-p 00000000 00:00 0 
7fe489623000-7fe489624000 ---p 00000000 00:00 0 
7fe489624000-7fe489724000 rw-p 00000000 00:00 0 
7fe489724000-7fe489725000 ---p 00000000 00:00 0 
7fe489725000-7fe489825000 rw-p 00000000 00:00 0 
7fe489825000-7fe489826000 ---p 00000000 00:00 0 
7fe489826000-7fe489926000 rw-p 00000000 00:00 0 
7fe489926000-7fe489927000 ---p 00000000 00:00 0 
7fe489927000-7fe489a27000 rw-p 00000000 00:00 0 
7fe489a27000-7fe489a28000 ---p 00000000 00:00 0 
7fe489a28000-7fe489b28000 rw-p 00000000 00:00 0 
7fe489b28000-7fe489b29000 ---p 00000000 00:00 0 
7fe489b29000-7fe489c53000 rw-p 00000000 00:00 0 
7fe489c53000-7fe489eb9000 ---p 00000000 00:00 0 
7fe489eb9000-7fe489ee3000 rw-p 00000000 00:00 0 
7fe489ee3000-7fe48a148000 ---p 00000000 00:00 0 
7fe48a148000-7fe48a15d000 rw-p 00000000 00:00 0 
7fe48a15d000-7fe48a290000 ---p 00000000 00:00 0 
7fe48a290000-7fe48a2b3000 rw-p 00000000 00:00 0 
7fe48a2b3000-7fe48a651000 ---p 00000000 00:00 0 
7fe48a651000-7fe48a66b000 r-xp 00000000 08:12 6171292                    /usr/lib/jvm/java-8-oracle/jre/lib/amd64/libzip.so
7fe48a66b000-7fe48a86b000 ---p 0001a000 08:12 6171292                    /usr/lib/jvm/java-8-oracle/jre/lib/amd64/libzip.so
7fe48a86b000-7fe48a86c000 rw-p 0001a000 08:12 6171292                    /usr/lib/jvm/java-8-oracle/jre/lib/amd64/libzip.so
7fe48a86c000-7fe48a877000 r-xp 00000000 08:12 3014854                    /lib/x86_64-linux-gnu/libnss_files-2.23.so
7fe48a877000-7fe48aa76000 ---p 0000b000 08:12 3014854                    /lib/x86_64-linux-gnu/libnss_files-2.23.so
7fe48aa76000-7fe48aa77000 r--p 0000a000 08:12 3014854                    /lib/x86_64-linux-gnu/libnss_files-2.23.so
7fe48aa77000-7fe48aa78000 rw-p 0000b000 08:12 3014854                    /lib/x86_64-linux-gnu/libnss_files-2.23.so
7fe48aa78000-7fe48aa7e000 rw-p 00000000 00:00 0 
7fe48aa7e000-7fe48aa89000 r-xp 00000000 08:12 3014847                    /lib/x86_64-linux-gnu/libnss_nis-2.23.so
7fe48aa89000-7fe48ac88000 ---p 0000b000 08:12 3014847                    /lib/x86_64-linux-gnu/libnss_nis-2.23.so
7fe48ac88000-7fe48ac89000 r--p 0000a000 08:12 3014847                    /lib/x86_64-linux-gnu/libnss_nis-2.23.so
7fe48ac89000-7fe48ac8a000 rw-p 0000b000 08:12 3014847                    /lib/x86_64-linux-gnu/libnss_nis-2.23.so
7fe48ac8a000-7fe48aca0000 r-xp 00000000 08:12 3014849                    /lib/x86_64-linux-gnu/libnsl-2.23.so
7fe48aca0000-7fe48ae9f000 ---p 00016000 08:12 3014849                    /lib/x86_64-linux-gnu/libnsl-2.23.so
7fe48ae9f000-7fe48aea0000 r--p 00015000 08:12 3014849                    /lib/x86_64-linux-gnu/libnsl-2.23.so
7fe48aea0000-7fe48aea1000 rw-p 00016000 08:12 3014849                    /lib/x86_64-linux-gnu/libnsl-2.23.so
7fe48aea1000-7fe48aea3000 rw-p 00000000 00:00 0 
7fe48aea3000-7fe48aeab000 r-xp 00000000 08:12 3014856                    /lib/x86_64-linux-gnu/libnss_compat-2.23.so
7fe48aeab000-7fe48b0aa000 ---p 00008000 08:12 3014856                    /lib/x86_64-linux-gnu/libnss_compat-2.23.so
7fe48b0aa000-7fe48b0ab000 r--p 00007000 08:12 3014856                    /lib/x86_64-linux-gnu/libnss_compat-2.23.so
7fe48b0ab000-7fe48b0ac000 rw-p 00008000 08:12 3014856                    /lib/x86_64-linux-gnu/libnss_compat-2.23.so
7fe48b0ac000-7fe48b0d7000 r-xp 00000000 08:12 6171317                    /usr/lib/jvm/java-8-oracle/jre/lib/amd64/libjava.so
7fe48b0d7000-7fe48b2d6000 ---p 0002b000 08:12 6171317                    /usr/lib/jvm/java-8-oracle/jre/lib/amd64/libjava.so
7fe48b2d6000-7fe48b2d8000 rw-p 0002a000 08:12 6171317                    /usr/lib/jvm/java-8-oracle/jre/lib/amd64/libjava.so
7fe48b2d8000-7fe48b2e5000 r-xp 00000000 08:12 6171270                    /usr/lib/jvm/java-8-oracle/jre/lib/amd64/libverify.so
7fe48b2e5000-7fe48b4e4000 ---p 0000d000 08:12 6171270                    /usr/lib/jvm/java-8-oracle/jre/lib/amd64/libverify.so
7fe48b4e4000-7fe48b4e6000 rw-p 0000c000 08:12 6171270                    /usr/lib/jvm/java-8-oracle/jre/lib/amd64/libverify.so
7fe48b4e6000-7fe48b4ed000 r-xp 00000000 08:12 3014857                    /lib/x86_64-linux-gnu/librt-2.23.so
7fe48b4ed000-7fe48b6ec000 ---p 00007000 08:12 3014857                    /lib/x86_64-linux-gnu/librt-2.23.so
7fe48b6ec000-7fe48b6ed000 r--p 00006000 08:12 3014857                    /lib/x86_64-linux-gnu/librt-2.23.so
7fe48b6ed000-7fe48b6ee000 rw-p 00007000 08:12 3014857                    /lib/x86_64-linux-gnu/librt-2.23.so
7fe48b6ee000-7fe48b7f6000 r-xp 00000000 08:12 3014848                    /lib/x86_64-linux-gnu/libm-2.23.so
7fe48b7f6000-7fe48b9f5000 ---p 00108000 08:12 3014848                    /lib/x86_64-linux-gnu/libm-2.23.so
7fe48b9f5000-7fe48b9f6000 r--p 00107000 08:12 3014848                    /lib/x86_64-linux-gnu/libm-2.23.so
7fe48b9f6000-7fe48b9f7000 rw-p 00108000 08:12 3014848                    /lib/x86_64-linux-gnu/libm-2.23.so
7fe48b9f7000-7fe48c6c5000 r-xp 00000000 08:12 6295395                    /usr/lib/jvm/java-8-oracle/jre/lib/amd64/server/libjvm.so
7fe48c6c5000-7fe48c8c5000 ---p 00cce000 08:12 6295395                    /usr/lib/jvm/java-8-oracle/jre/lib/amd64/server/libjvm.so
7fe48c8c5000-7fe48c99e000 rw-p 00cce000 08:12 6295395                    /usr/lib/jvm/java-8-oracle/jre/lib/amd64/server/libjvm.so
7fe48c99e000-7fe48c9e9000 rw-p 00000000 00:00 0 
7fe48c9e9000-7fe48cba8000 r-xp 00000000 08:12 3014850                    /lib/x86_64-linux-gnu/libc-2.23.so
7fe48cba8000-7fe48cda8000 ---p 001bf000 08:12 3014850                    /lib/x86_64-linux-gnu/libc-2.23.so
7fe48cda8000-7fe48cdac000 r--p 001bf000 08:12 3014850                    /lib/x86_64-linux-gnu/libc-2.23.so
7fe48cdac000-7fe48cdae000 rw-p 001c3000 08:12 3014850                    /lib/x86_64-linux-gnu/libc-2.23.so
7fe48cdae000-7fe48cdb2000 rw-p 00000000 00:00 0 
7fe48cdb2000-7fe48cdb5000 r-xp 00000000 08:12 3014846                    /lib/x86_64-linux-gnu/libdl-2.23.so
7fe48cdb5000-7fe48cfb4000 ---p 00003000 08:12 3014846                    /lib/x86_64-linux-gnu/libdl-2.23.so
7fe48cfb4000-7fe48cfb5000 r--p 00002000 08:12 3014846                    /lib/x86_64-linux-gnu/libdl-2.23.so
7fe48cfb5000-7fe48cfb6000 rw-p 00003000 08:12 3014846                    /lib/x86_64-linux-gnu/libdl-2.23.so
7fe48cfb6000-7fe48cfcb000 r-xp 00000000 08:12 6030213                    /usr/lib/jvm/java-8-oracle/lib/amd64/jli/libjli.so
7fe48cfcb000-7fe48d1cb000 ---p 00015000 08:12 6030213                    /usr/lib/jvm/java-8-oracle/lib/amd64/jli/libjli.so
7fe48d1cb000-7fe48d1cc000 rw-p 00015000 08:12 6030213                    /usr/lib/jvm/java-8-oracle/lib/amd64/jli/libjli.so
7fe48d1cc000-7fe48d1e4000 r-xp 00000000 08:12 3014861                    /lib/x86_64-linux-gnu/libpthread-2.23.so
7fe48d1e4000-7fe48d3e3000 ---p 00018000 08:12 3014861                    /lib/x86_64-linux-gnu/libpthread-2.23.so
7fe48d3e3000-7fe48d3e4000 r--p 00017000 08:12 3014861                    /lib/x86_64-linux-gnu/libpthread-2.23.so
7fe48d3e4000-7fe48d3e5000 rw-p 00018000 08:12 3014861                    /lib/x86_64-linux-gnu/libpthread-2.23.so
7fe48d3e5000-7fe48d3e9000 rw-p 00000000 00:00 0 
7fe48d3e9000-7fe48d40f000 r-xp 00000000 08:12 3014851                    /lib/x86_64-linux-gnu/ld-2.23.so
7fe48d412000-7fe48d414000 r--s 00009000 08:12 3834059                    /home/imasa/Security/__ZZMb_JuVLoqq1Jgk8AMsuK2oZ0/security.jar
7fe48d414000-7fe48d416000 r--s 00009000 08:12 3834059                    /home/imasa/Security/__ZZMb_JuVLoqq1Jgk8AMsuK2oZ0/security.jar
7fe48d416000-7fe48d41a000 r--s 0009a000 08:12 6171243                    /usr/lib/jvm/java-8-oracle/jre/lib/jsse.jar
7fe48d41a000-7fe48d421000 r--s 0005d000 08:12 4199808                    /home/imasa/.m2/repository/org/apache/commons/commons-compress/1.10/commons-compress-1.10.jar
7fe48d421000-7fe48d4ec000 rw-p 00000000 00:00 0 
7fe48d4ec000-7fe48d4ef000 ---p 00000000 00:00 0 
7fe48d4ef000-7fe48d5f1000 rw-p 00000000 00:00 0 
7fe48d5f1000-7fe48d5f8000 r--s 0003f000 08:12 4199806                    /home/imasa/.m2/repository/commons-codec/commons-codec/1.10/commons-codec-1.10.jar
7fe48d5f8000-7fe48d602000 r--s 00116000 08:12 6295430                    /usr/lib/jvm/java-8-oracle/jre/lib/ext/localedata.jar
7fe48d602000-7fe48d60a000 rw-s 00000000 08:12 3276936                    /tmp/hsperfdata_imasa/2977
7fe48d60a000-7fe48d60b000 rw-p 00000000 00:00 0 
7fe48d60b000-7fe48d60c000 r--p 00000000 00:00 0 
7fe48d60c000-7fe48d60e000 rw-p 00000000 00:00 0 
7fe48d60e000-7fe48d60f000 r--p 00025000 08:12 3014851                    /lib/x86_64-linux-gnu/ld-2.23.so
7fe48d60f000-7fe48d610000 rw-p 00026000 08:12 3014851                    /lib/x86_64-linux-gnu/ld-2.23.so
7fe48d610000-7fe48d611000 rw-p 00000000 00:00 0 
7ffc7d636000-7ffc7d657000 rw-p 00000000 00:00 0                          [stack]
7ffc7d6f2000-7ffc7d6f4000 r--p 00000000 00:00 0                          [vvar]
7ffc7d6f4000-7ffc7d6f6000 r-xp 00000000 00:00 0                          [vdso]
ffffffffff600000-ffffffffff601000 r-xp 00000000 00:00 0                  [vsyscall]

VM Arguments:
jvm_args: -Dfile.encoding=UTF-8 
java_command: gdt.jgui.console.JMainConsole
java_class_path (initial): /home/imasa/github/JEntigrator/target/classes:/home/imasa/.m2/repository/commons-codec/commons-codec/1.10/commons-codec-1.10.jar:/home/imasa/.m2/repository/org/apache/commons/commons-compress/1.10/commons-compress-1.10.jar
Launcher Type: SUN_STANDARD

Environment Variables:
JAVA_HOME=/usr/lib/jvm/java-8-oracle
PATH=/home/imasa/bin:/home/imasa/.local/bin:/usr/local/sbin:/usr/local/bin:/usr/sbin:/usr/bin:/sbin:/bin:/usr/games:/usr/local/games:/snap/bin:/usr/lib/jvm/java-8-oracle/bin:/usr/lib/jvm/java-8-oracle/db/bin:/usr/lib/jvm/java-8-oracle/jre/bin
SHELL=/bin/bash
DISPLAY=:0

Signal Handlers:
SIGSEGV: [libjvm.so+0xac78c0], sa_mask[0]=11111111011111111101111111111110, sa_flags=SA_RESTART|SA_SIGINFO
SIGBUS: [libjvm.so+0xac78c0], sa_mask[0]=11111111011111111101111111111110, sa_flags=SA_RESTART|SA_SIGINFO
SIGFPE: [libjvm.so+0x920ac0], sa_mask[0]=11111111011111111101111111111110, sa_flags=SA_RESTART|SA_SIGINFO
SIGPIPE: [libjvm.so+0x920ac0], sa_mask[0]=11111111011111111101111111111110, sa_flags=SA_RESTART|SA_SIGINFO
SIGXFSZ: [libjvm.so+0x920ac0], sa_mask[0]=11111111011111111101111111111110, sa_flags=SA_RESTART|SA_SIGINFO
SIGILL: [libjvm.so+0x920ac0], sa_mask[0]=11111111011111111101111111111110, sa_flags=SA_RESTART|SA_SIGINFO
SIGUSR1: SIG_DFL, sa_mask[0]=00000000000000000000000000000000, sa_flags=none
SIGUSR2: [libjvm.so+0x922300], sa_mask[0]=00100000000000000000000000000000, sa_flags=SA_RESTART|SA_SIGINFO
SIGHUP: [libjvm.so+0x923700], sa_mask[0]=11111111011111111101111111111110, sa_flags=SA_RESTART|SA_SIGINFO
SIGINT: [libjvm.so+0x923700], sa_mask[0]=11111111011111111101111111111110, sa_flags=SA_RESTART|SA_SIGINFO
SIGTERM: [libjvm.so+0x923700], sa_mask[0]=11111111011111111101111111111110, sa_flags=SA_RESTART|SA_SIGINFO
SIGQUIT: [libjvm.so+0x923700], sa_mask[0]=11111111011111111101111111111110, sa_flags=SA_RESTART|SA_SIGINFO


---------------  S Y S T E M  ---------------

OS:DISTRIB_ID=Ubuntu
DISTRIB_RELEASE=16.04
DISTRIB_CODENAME=xenial
DISTRIB_DESCRIPTION="Ubuntu 16.04.2 LTS"

uname:Linux 4.4.0-79-generic #100-Ubuntu SMP Wed May 17 19:58:14 UTC 2017 x86_64
libc:glibc 2.23 NPTL 2.23 
rlimit: STACK 8192k, CORE 0k, NPROC 30392, NOFILE 65536, AS infinity
load average:0,03 0,18 0,24

/proc/meminfo:
MemTotal:        8050060 kB
MemFree:         4938280 kB
MemAvailable:    6368048 kB
Buffers:          173072 kB
Cached:          1559132 kB
SwapCached:            0 kB
Active:          1991008 kB
Inactive:         882188 kB
Active(anon):    1143176 kB
Inactive(anon):   138332 kB
Active(file):     847832 kB
Inactive(file):   743856 kB
Unevictable:          72 kB
Mlocked:              72 kB
SwapTotal:       8263676 kB
SwapFree:        8263676 kB
Dirty:               156 kB
Writeback:             0 kB
AnonPages:       1079872 kB
Mapped:           331104 kB
Shmem:            140820 kB
Slab:             158576 kB
SReclaimable:     115000 kB
SUnreclaim:        43576 kB
KernelStack:       12400 kB
PageTables:        17028 kB
NFS_Unstable:          0 kB
Bounce:                0 kB
WritebackTmp:          0 kB
CommitLimit:    12288704 kB
Committed_AS:    4055876 kB
VmallocTotal:   34359738367 kB
VmallocUsed:           0 kB
VmallocChunk:          0 kB
HardwareCorrupted:     0 kB
AnonHugePages:    858112 kB
CmaTotal:              0 kB
CmaFree:               0 kB
HugePages_Total:       0
HugePages_Free:        0
HugePages_Rsvd:        0
HugePages_Surp:        0
Hugepagesize:       2048 kB
DirectMap4k:      145868 kB
DirectMap2M:     6021120 kB
DirectMap1G:     3145728 kB


CPU:total 8 (4 cores per cpu, 2 threads per core) family 6 model 60 stepping 3, cmov, cx8, fxsr, mmx, sse, sse2, sse3, ssse3, sse4.1, sse4.2, popcnt, avx, avx2, aes, clmul, erms, lzcnt, ht, tsc, tscinvbit, bmi1, bmi2

/proc/cpuinfo:
processor	: 0
vendor_id	: GenuineIntel
cpu family	: 6
model		: 60
model name	: Intel(R) Core(TM) i7-4770 CPU @ 3.40GHz
stepping	: 3
microcode	: 0x1e
cpu MHz		: 3699.890
cache size	: 8192 KB
physical id	: 0
siblings	: 8
core id		: 0
cpu cores	: 4
apicid		: 0
initial apicid	: 0
fpu		: yes
fpu_exception	: yes
cpuid level	: 13
wp		: yes
flags		: fpu vme de pse tsc msr pae mce cx8 apic sep mtrr pge mca cmov pat pse36 clflush dts acpi mmx fxsr sse sse2 ss ht tm pbe syscall nx pdpe1gb rdtscp lm constant_tsc arch_perfmon pebs bts rep_good nopl xtopology nonstop_tsc aperfmperf eagerfpu pni pclmulqdq dtes64 monitor ds_cpl vmx smx est tm2 ssse3 sdbg fma cx16 xtpr pdcm pcid sse4_1 sse4_2 x2apic movbe popcnt tsc_deadline_timer aes xsave avx f16c rdrand lahf_lm abm tpr_shadow vnmi flexpriority ept vpid fsgsbase tsc_adjust bmi1 avx2 smep bmi2 erms invpcid xsaveopt dtherm ida arat pln pts
bugs		:
bogomips	: 6799.32
clflush size	: 64
cache_alignment	: 64
address sizes	: 39 bits physical, 48 bits virtual
power management:

processor	: 1
vendor_id	: GenuineIntel
cpu family	: 6
model		: 60
model name	: Intel(R) Core(TM) i7-4770 CPU @ 3.40GHz
stepping	: 3
microcode	: 0x1e
cpu MHz		: 3699.890
cache size	: 8192 KB
physical id	: 0
siblings	: 8
core id		: 1
cpu cores	: 4
apicid		: 2
initial apicid	: 2
fpu		: yes
fpu_exception	: yes
cpuid level	: 13
wp		: yes
flags		: fpu vme de pse tsc msr pae mce cx8 apic sep mtrr pge mca cmov pat pse36 clflush dts acpi mmx fxsr sse sse2 ss ht tm pbe syscall nx pdpe1gb rdtscp lm constant_tsc arch_perfmon pebs bts rep_good nopl xtopology nonstop_tsc aperfmperf eagerfpu pni pclmulqdq dtes64 monitor ds_cpl vmx smx est tm2 ssse3 sdbg fma cx16 xtpr pdcm pcid sse4_1 sse4_2 x2apic movbe popcnt tsc_deadline_timer aes xsave avx f16c rdrand lahf_lm abm tpr_shadow vnmi flexpriority ept vpid fsgsbase tsc_adjust bmi1 avx2 smep bmi2 erms invpcid xsaveopt dtherm ida arat pln pts
bugs		:
bogomips	: 6799.32
clflush size	: 64
cache_alignment	: 64
address sizes	: 39 bits physical, 48 bits virtual
power management:

processor	: 2
vendor_id	: GenuineIntel
cpu family	: 6
model		: 60
model name	: Intel(R) Core(TM) i7-4770 CPU @ 3.40GHz
stepping	: 3
microcode	: 0x1e
cpu MHz		: 3699.890
cache size	: 8192 KB
physical id	: 0
siblings	: 8
core id		: 2
cpu cores	: 4
apicid		: 4
initial apicid	: 4
fpu		: yes
fpu_exception	: yes
cpuid level	: 13
wp		: yes
flags		: fpu vme de pse tsc msr pae mce cx8 apic sep mtrr pge mca cmov pat pse36 clflush dts acpi mmx fxsr sse sse2 ss ht tm pbe syscall nx pdpe1gb rdtscp lm constant_tsc arch_perfmon pebs bts rep_good nopl xtopology nonstop_tsc aperfmperf eagerfpu pni pclmulqdq dtes64 monitor ds_cpl vmx smx est tm2 ssse3 sdbg fma cx16 xtpr pdcm pcid sse4_1 sse4_2 x2apic movbe popcnt tsc_deadline_timer aes xsave avx f16c rdrand lahf_lm abm tpr_shadow vnmi flexpriority ept vpid fsgsbase tsc_adjust bmi1 avx2 smep bmi2 erms invpcid xsaveopt dtherm ida arat pln pts
bugs		:
bogomips	: 6799.32
clflush size	: 64
cache_alignment	: 64
address sizes	: 39 bits physical, 48 bits virtual
power management:

processor	: 3
vendor_id	: GenuineIntel
cpu family	: 6
model		: 60
model name	: Intel(R) Core(TM) i7-4770 CPU @ 3.40GHz
stepping	: 3
microcode	: 0x1e
cpu MHz		: 3699.890
cache size	: 8192 KB
physical id	: 0
siblings	: 8
core id		: 3
cpu cores	: 4
apicid		: 6
initial apicid	: 6
fpu		: yes
fpu_exception	: yes
cpuid level	: 13
wp		: yes
flags		: fpu vme de pse tsc msr pae mce cx8 apic sep mtrr pge mca cmov pat pse36 clflush dts acpi mmx fxsr sse sse2 ss ht tm pbe syscall nx pdpe1gb rdtscp lm constant_tsc arch_perfmon pebs bts rep_good nopl xtopology nonstop_tsc aperfmperf eagerfpu pni pclmulqdq dtes64 monitor ds_cpl vmx smx est tm2 ssse3 sdbg fma cx16 xtpr pdcm pcid sse4_1 sse4_2 x2apic movbe popcnt tsc_deadline_timer aes xsave avx f16c rdrand lahf_lm abm tpr_shadow vnmi flexpriority ept vpid fsgsbase tsc_adjust bmi1 avx2 smep bmi2 erms invpcid xsaveopt dtherm ida arat pln pts
bugs		:
bogomips	: 6799.32
clflush size	: 64
cache_alignment	: 64
address sizes	: 39 bits physical, 48 bits virtual
power management:

processor	: 4
vendor_id	: GenuineIntel
cpu family	: 6
model		: 60
model name	: Intel(R) Core(TM) i7-4770 CPU @ 3.40GHz
stepping	: 3
microcode	: 0x1e
cpu MHz		: 3699.890
cache size	: 8192 KB
physical id	: 0
siblings	: 8
core id		: 0
cpu cores	: 4
apicid		: 1
initial apicid	: 1
fpu		: yes
fpu_exception	: yes
cpuid level	: 13
wp		: yes
flags		: fpu vme de pse tsc msr pae mce cx8 apic sep mtrr pge mca cmov pat pse36 clflush dts acpi mmx fxsr sse sse2 ss ht tm pbe syscall nx pdpe1gb rdtscp lm constant_tsc arch_perfmon pebs bts rep_good nopl xtopology nonstop_tsc aperfmperf eagerfpu pni pclmulqdq dtes64 monitor ds_cpl vmx smx est tm2 ssse3 sdbg fma cx16 xtpr pdcm pcid sse4_1 sse4_2 x2apic movbe popcnt tsc_deadline_timer aes xsave avx f16c rdrand lahf_lm abm tpr_shadow vnmi flexpriority ept vpid fsgsbase tsc_adjust bmi1 avx2 smep bmi2 erms invpcid xsaveopt dtherm ida arat pln pts
bugs		:
bogomips	: 6799.32
clflush size	: 64
cache_alignment	: 64
address sizes	: 39 bits physical, 48 bits virtual
power management:

processor	: 5
vendor_id	: GenuineIntel
cpu family	: 6
model		: 60
model name	: Intel(R) Core(TM) i7-4770 CPU @ 3.40GHz
stepping	: 3
microcode	: 0x1e
cpu MHz		: 3699.890
cache size	: 8192 KB
physical id	: 0
siblings	: 8
core id		: 1
cpu cores	: 4
apicid		: 3
initial apicid	: 3
fpu		: yes
fpu_exception	: yes
cpuid level	: 13
wp		: yes
flags		: fpu vme de pse tsc msr pae mce cx8 apic sep mtrr pge mca cmov pat pse36 clflush dts acpi mmx fxsr sse sse2 ss ht tm pbe syscall nx pdpe1gb rdtscp lm constant_tsc arch_perfmon pebs bts rep_good nopl xtopology nonstop_tsc aperfmperf eagerfpu pni pclmulqdq dtes64 monitor ds_cpl vmx smx est tm2 ssse3 sdbg fma cx16 xtpr pdcm pcid sse4_1 sse4_2 x2apic movbe popcnt tsc_deadline_timer aes xsave avx f16c rdrand lahf_lm abm tpr_shadow vnmi flexpriority ept vpid fsgsbase tsc_adjust bmi1 avx2 smep bmi2 erms invpcid xsaveopt dtherm ida arat pln pts
bugs		:
bogomips	: 6799.32
clflush size	: 64
cache_alignment	: 64
address sizes	: 39 bits physical, 48 bits virtual
power management:

processor	: 6
vendor_id	: GenuineIntel
cpu family	: 6
model		: 60
model name	: Intel(R) Core(TM) i7-4770 CPU @ 3.40GHz
stepping	: 3
microcode	: 0x1e
cpu MHz		: 3699.890
cache size	: 8192 KB
physical id	: 0
siblings	: 8
core id		: 2
cpu cores	: 4
apicid		: 5
initial apicid	: 5
fpu		: yes
fpu_exception	: yes
cpuid level	: 13
wp		: yes
flags		: fpu vme de pse tsc msr pae mce cx8 apic sep mtrr pge mca cmov pat pse36 clflush dts acpi mmx fxsr sse sse2 ss ht tm pbe syscall nx pdpe1gb rdtscp lm constant_tsc arch_perfmon pebs bts rep_good nopl xtopology nonstop_tsc aperfmperf eagerfpu pni pclmulqdq dtes64 monitor ds_cpl vmx smx est tm2 ssse3 sdbg fma cx16 xtpr pdcm pcid sse4_1 sse4_2 x2apic movbe popcnt tsc_deadline_timer aes xsave avx f16c rdrand lahf_lm abm tpr_shadow vnmi flexpriority ept vpid fsgsbase tsc_adjust bmi1 avx2 smep bmi2 erms invpcid xsaveopt dtherm ida arat pln pts
bugs		:
bogomips	: 6799.32
clflush size	: 64
cache_alignment	: 64
address sizes	: 39 bits physical, 48 bits virtual
power management:

processor	: 7
vendor_id	: GenuineIntel
cpu family	: 6
model		: 60
model name	: Intel(R) Core(TM) i7-4770 CPU @ 3.40GHz
stepping	: 3
microcode	: 0x1e
cpu MHz		: 3699.890
cache size	: 8192 KB
physical id	: 0
siblings	: 8
core id		: 3
cpu cores	: 4
apicid		: 7
initial apicid	: 7
fpu		: yes
fpu_exception	: yes
cpuid level	: 13
wp		: yes
flags		: fpu vme de pse tsc msr pae mce cx8 apic sep mtrr pge mca cmov pat pse36 clflush dts acpi mmx fxsr sse sse2 ss ht tm pbe syscall nx pdpe1gb rdtscp lm constant_tsc arch_perfmon pebs bts rep_good nopl xtopology nonstop_tsc aperfmperf eagerfpu pni pclmulqdq dtes64 monitor ds_cpl vmx smx est tm2 ssse3 sdbg fma cx16 xtpr pdcm pcid sse4_1 sse4_2 x2apic movbe popcnt tsc_deadline_timer aes xsave avx f16c rdrand lahf_lm abm tpr_shadow vnmi flexpriority ept vpid fsgsbase tsc_adjust bmi1 avx2 smep bmi2 erms invpcid xsaveopt dtherm ida arat pln pts
bugs		:
bogomips	: 6799.32
clflush size	: 64
cache_alignment	: 64
address sizes	: 39 bits physical, 48 bits virtual
power management:



Memory: 4k page, physical 8050060k(4959084k free), swap 8263676k(8263676k free)

vm_info: Java HotSpot(TM) 64-Bit Server VM (25.121-b13) for linux-amd64 JRE (1.8.0_121-b13), built on Dec 12 2016 16:36:53 by "java_re" with gcc 4.3.0 20080428 (Red Hat 4.3.0-8)

time: Mon Jun 12 23:12:30 2017
elapsed time: 2448 seconds (0d 0h 40m 48s)

