#
# A fatal error has been detected by the Java Runtime Environment:
#
#  SIGSEGV (0xb) at pc=0x00007fb3b9069a7a, pid=3097, tid=0x00007fb393134700
#
# JRE version: Java(TM) SE Runtime Environment (8.0_121-b13) (build 1.8.0_121-b13)
# Java VM: Java HotSpot(TM) 64-Bit Server VM (25.121-b13 mixed mode linux-amd64 compressed oops)
# Problematic frame:
# v  ~BufferBlob::jni_fast_GetLongField
#
# Failed to write core dump. Core dumps have been disabled. To enable core dumping, try "ulimit -c unlimited" before starting Java again
#
# If you would like to submit a bug report, please visit:
#   http://bugreport.java.com/bugreport/crash.jsp
# The crash happened outside the Java Virtual Machine in native code.
# See problematic frame for where to report the bug.
#

---------------  T H R E A D  ---------------

Current thread (0x00007fb3c8271000):  JavaThread "AWT-XAWT" daemon [_thread_in_native, id=3123, stack(0x00007fb393034000,0x00007fb393135000)]

siginfo: si_signo: 11 (SIGSEGV), si_code: 1 (SEGV_MAPERR), si_addr: 0x0000000000000000

Registers:
RAX=0x00007fb3ceff7f60, RBX=0x00007fb3c82711f8, RCX=0x00007fb3cfa602c0, RDX=0x0000000000000042
RSP=0x00007fb393133738, RBP=0x00007fb393133760, RSI=0x0000000000000000, RDI=0x00007fb3c82711f8
R8 =0x00000000d91919a0, R9 =0x0000000000000000, R10=0x00000000000001d6, R11=0x00007fb3b93f2998
R12=0x00007fb3581478a0, R13=0x0000000000000000, R14=0x00007fb3a0f7f7e0, R15=0x00007fb3c8271000
RIP=0x00007fb3b9069a7a, EFLAGS=0x0000000000010246, CSGSFS=0x0000000000000033, ERR=0x0000000000000004
  TRAPNO=0x000000000000000e

Top of Stack: (sp=0x00007fb393133738)
0x00007fb393133738:   00007fb3a0d5dee1 00007fb3a3bce7a8
0x00007fb393133748:   00007fb3581478a0 00007fb393133810
0x00007fb393133758:   00007fb3931337e0 0000000000000000
0x00007fb393133768:   00007fb3a083f3c0 00007fb3a3bce7a8
0x00007fb393133778:   00007fb3931337a0 0000000000000000
0x00007fb393133788:   00007fb3a0836f93 00007fb393133810
0x00007fb393133798:   00007fb3a0d5711f 00007fb3931337f0
0x00007fb3931337a8:   00007fb3b93f2a36 00000000d9020668
0x00007fb3931337b8:   00007fb3b9248f36 00007fb393133810
0x00007fb3931337c8:   00007fb3b917fa2c 00007fb393133870
0x00007fb3931337d8:   00007fb3b92f8ef4 0000000085212fd0
0x00007fb3931337e8:   00000000d91b8170 00007fb393133870
0x00007fb3931337f8:   00007fb3b9007a90 00007fb393133870
0x00007fb393133808:   00007fb3b9007a90 0000000000000000
0x00007fb393133818:   00007fb3b9007dd0 00007fb360002e20
0x00007fb393133828:   00000000d9020668 00007fb393133830
0x00007fb393133838:   00007fb3a3b7b6a4 00007fb3931338b8
0x00007fb393133848:   00007fb3a3b93398 0000000000000000
0x00007fb393133858:   00007fb3a3b7b7e0 00007fb393133810
0x00007fb393133868:   00007fb3931338b0 00007fb393133900
0x00007fb393133878:   00007fb3b90082bd 0000000000000000
0x00007fb393133888:   00000000d7614150 0000000000000000
0x00007fb393133898:   0000000000000000 0000000000000000
0x00007fb3931338a8:   00000000d9020668 0000000000000000
0x00007fb3931338b8:   00000000d9020610 00007fb3931338c0
0x00007fb3931338c8:   00007fb3a3b7b4e5 00007fb393133910
0x00007fb3931338d8:   00007fb3a3b93398 0000000000000000
0x00007fb3931338e8:   00007fb3a3b7b4f0 00007fb3931338b0
0x00007fb3931338f8:   00007fb393133910 00007fb393133958
0x00007fb393133908:   00007fb3b9008302 00000000d9020610
0x00007fb393133918:   00007fb393133918 00007fb3a382d993
0x00007fb393133928:   00007fb393133968 00007fb3a38b5010 

Instructions: (pc=0x00007fb3b9069a7a)
0x00007fb3b9069a5a:   00 00 00 00 00 00 44 8b 15 81 df fc 15 4c 8b ce
0x00007fb3b9069a6a:   41 f6 c2 01 0f 85 2e 00 00 00 4d 33 ca 4d 33 ca
0x00007fb3b9069a7a:   4d 8b 09 4c 8b da 49 c1 eb 02 4b 8b 04 19 49 bb
0x00007fb3b9069a8a:   e8 79 03 cf b3 7f 00 00 4c 33 d8 4c 33 d8 45 3b 

Register to memory mapping:

RAX=0x00007fb3ceff7f60: <offset 0xf85f60> in /usr/lib/jvm/java-8-oracle/jre/lib/amd64/server/libjvm.so at 0x00007fb3ce072000
RBX=0x00007fb3c82711f8 is an unknown value
RCX=0x00007fb3cfa602c0: <offset 0x2182c0> in /lib/x86_64-linux-gnu/libpthread.so.0 at 0x00007fb3cf848000
RDX=0x0000000000000042 is an unknown value
RSP=0x00007fb393133738 is pointing into the stack for thread: 0x00007fb3c8271000
RBP=0x00007fb393133760 is pointing into the stack for thread: 0x00007fb3c8271000
RSI=0x0000000000000000 is an unknown value
RDI=0x00007fb3c82711f8 is an unknown value
R8 =0x00000000d91919a0 is an oop
java.util.logging.Logger 
 - klass: 'java/util/logging/Logger'
R9 =0x0000000000000000 is an unknown value
R10=0x00000000000001d6 is an unknown value
R11=0x00007fb3b93f2998 is at entry_point+24 in (nmethod*)0x00007fb3b93f2810
R12=0x00007fb3581478a0 is an unknown value
R13=0x0000000000000000 is an unknown value
R14=0x00007fb3a0f7f7e0: <offset 0x2587e0> in /usr/lib/jvm/java-8-oracle/jre/lib/amd64/libawt_xawt.so at 0x00007fb3a0d27000
R15=0x00007fb3c8271000 is a thread


Stack: [0x00007fb393034000,0x00007fb393135000],  sp=0x00007fb393133738,  free space=1021k
Native frames: (J=compiled Java code, j=interpreted, Vv=VM code, C=native code)
v  ~BufferBlob::jni_fast_GetLongField
C  [libX11.so.6+0x643c0]  _XimServerDestroy+0x70

Java frames: (J=compiled Java code, j=interpreted, Vv=VM code)
J 1247  sun.awt.X11.XlibWrapper.XFilterEvent(JJ)Z (0 bytes) @ 0x00007fb3b93f29c4 [0x00007fb3b93f2980+0x44]
j  sun.awt.X11.XToolkit.run(Z)V+300
j  sun.awt.X11.XToolkit.run()V+5
j  java.lang.Thread.run()V+11
v  ~StubRoutines::call_stub

---------------  P R O C E S S  ---------------

Java Threads: ( => current thread )
  0x00007fb350001000 JavaThread "XToolkt-Shutdown-Thread" [_thread_in_Java, id=8958, stack(0x00007fb391b86000,0x00007fb391c87000)]
  0x00007fb380001000 JavaThread "SIGTERM handler" daemon [_thread_in_vm, id=8954, stack(0x00007fb391c87000,0x00007fb391d88000)]
  0x00007fb35815e000 JavaThread "TimerQueue" daemon [_thread_blocked, id=3126, stack(0x00007fb391f88000,0x00007fb392089000)]
  0x00007fb3c8009800 JavaThread "DestroyJavaVM" [_thread_blocked, id=3103, stack(0x00007fb3cfb68000,0x00007fb3cfc69000)]
  0x00007fb3c8277800 JavaThread "AWT-EventQueue-0" [_thread_blocked, id=3125, stack(0x00007fb392e32000,0x00007fb392f33000)]
  0x00007fb3c8275800 JavaThread "AWT-Shutdown" [_thread_blocked, id=3124, stack(0x00007fb392f33000,0x00007fb393034000)]
=>0x00007fb3c8271000 JavaThread "AWT-XAWT" daemon [_thread_in_native, id=3123, stack(0x00007fb393034000,0x00007fb393135000)]
  0x00007fb3c824e000 JavaThread "Java2D Disposer" daemon [_thread_blocked, id=3122, stack(0x00007fb3a00ba000,0x00007fb3a01bb000)]
  0x00007fb3c80d3800 JavaThread "Service Thread" daemon [_thread_blocked, id=3120, stack(0x00007fb3a1353000,0x00007fb3a1454000)]
  0x00007fb3c80c8800 JavaThread "C1 CompilerThread3" daemon [_thread_blocked, id=3119, stack(0x00007fb3a1454000,0x00007fb3a1555000)]
  0x00007fb3c80c6000 JavaThread "C2 CompilerThread2" daemon [_thread_blocked, id=3118, stack(0x00007fb3a1555000,0x00007fb3a1656000)]
  0x00007fb3c80c4800 JavaThread "C2 CompilerThread1" daemon [_thread_blocked, id=3117, stack(0x00007fb3a1656000,0x00007fb3a1757000)]
  0x00007fb3c80c1800 JavaThread "C2 CompilerThread0" daemon [_thread_blocked, id=3116, stack(0x00007fb3a1757000,0x00007fb3a1858000)]
  0x00007fb3c80c0000 JavaThread "Signal Dispatcher" daemon [_thread_blocked, id=3115, stack(0x00007fb3a1858000,0x00007fb3a1959000)]
  0x00007fb3c808c000 JavaThread "Finalizer" daemon [_thread_blocked, id=3114, stack(0x00007fb3a1ee7000,0x00007fb3a1fe8000)]
  0x00007fb3c8087800 JavaThread "Reference Handler" daemon [_thread_blocked, id=3113, stack(0x00007fb3a1fe8000,0x00007fb3a20e9000)]

Other Threads:
  0x00007fb3c8080000 VMThread [stack: 0x00007fb3a20e9000,0x00007fb3a21ea000] [id=3112]
  0x00007fb3c80d6800 WatcherThread [stack: 0x00007fb3a1252000,0x00007fb3a1353000] [id=3121]

VM state:not at safepoint (normal execution)

VM Mutex/Monitor currently owned by a thread:  ([mutex/lock_event])
[0x00007fb3c8006030] Threads_lock - owner thread: 0x00007fb380001000

Heap:
 PSYoungGen      total 36864K, used 12596K [0x00000000d7100000, 0x00000000d9a00000, 0x0000000100000000)
  eden space 31744K, 27% used [0x00000000d7100000,0x00000000d799d7c8,0x00000000d9000000)
  from space 5120K, 73% used [0x00000000d9000000,0x00000000d93afae8,0x00000000d9500000)
  to   space 5120K, 0% used [0x00000000d9500000,0x00000000d9500000,0x00000000d9a00000)
 ParOldGen       total 84992K, used 96K [0x0000000085200000, 0x000000008a500000, 0x00000000d7100000)
  object space 84992K, 0% used [0x0000000085200000,0x0000000085218010,0x000000008a500000)
 Metaspace       used 18073K, capacity 18338K, committed 18432K, reserved 1064960K
  class space    used 2171K, capacity 2284K, committed 2304K, reserved 1048576K

Card table byte_map: [0x00007fb3cc534000,0x00007fb3cc90c000] byte_map_base: 0x00007fb3cc10b000

Marking Bits: (ParMarkBitMap*) 0x00007fb3cf036c80
 Begin Bits: [0x00007fb3a8290000, 0x00007fb3aa148000)
 End Bits:   [0x00007fb3aa148000, 0x00007fb3ac000000)

Polling page: 0x00007fb3cfc87000

CodeCache: size=245760Kb used=6885Kb max_used=6885Kb free=238874Kb
 bounds [0x00007fb3b9000000, 0x00007fb3b96c0000, 0x00007fb3c8000000]
 total_blobs=2672 nmethods=2080 adapters=504
 compilation: enabled

Compilation events (10 events):
Event: 24159,746 Thread 0x00007fb3c80c8800 2200       3       sun.awt.X11.XWindowPeer::getNETWMState (24 bytes)
Event: 24159,748 Thread 0x00007fb3c80c8800 nmethod 2200 0x00007fb3b96bbe50 code [0x00007fb3b96bc060, 0x00007fb3b96bcc78]
Event: 24178,904 Thread 0x00007fb3c80c8800 2203       3       sun.awt.X11.WindowPropertyGetter::getNumberOfItems (43 bytes)
Event: 24178,904 Thread 0x00007fb3c80c8800 nmethod 2203 0x00007fb3b96baed0 code [0x00007fb3b96bb080, 0x00007fb3b96bb518]
Event: 24215,101 Thread 0x00007fb3c80c8800 2204       3       sun.awt.X11.XWindowPeer::setNETWMState (19 bytes)
Event: 24215,101 Thread 0x00007fb3c80c8800 nmethod 2204 0x00007fb3b96bd610 code [0x00007fb3b96bd800, 0x00007fb3b96be048]
Event: 24215,154 Thread 0x00007fb3c80c8800 2205       3       sun.awt.X11.XNETProtocol::getState (6 bytes)
Event: 24215,155 Thread 0x00007fb3c80c8800 nmethod 2205 0x00007fb3b96baad0 code [0x00007fb3b96bac40, 0x00007fb3b96bae48]
Event: 24215,155 Thread 0x00007fb3c80c8800 2206       3       sun.awt.X11.XNETProtocol::getStateImpl (48 bytes)
Event: 24215,155 Thread 0x00007fb3c80c8800 nmethod 2206 0x00007fb3b96be4d0 code [0x00007fb3b96be6a0, 0x00007fb3b96bed58]

GC Heap History (2 events):
Event: 24,103 GC heap before
{Heap before GC invocations=1 (full 0):
 PSYoungGen      total 36864K, used 31744K [0x00000000d7100000, 0x00000000d9a00000, 0x0000000100000000)
  eden space 31744K, 100% used [0x00000000d7100000,0x00000000d9000000,0x00000000d9000000)
  from space 5120K, 0% used [0x00000000d9500000,0x00000000d9500000,0x00000000d9a00000)
  to   space 5120K, 0% used [0x00000000d9000000,0x00000000d9000000,0x00000000d9500000)
 ParOldGen       total 84992K, used 0K [0x0000000085200000, 0x000000008a500000, 0x00000000d7100000)
  object space 84992K, 0% used [0x0000000085200000,0x0000000085200000,0x000000008a500000)
 Metaspace       used 17903K, capacity 18114K, committed 18432K, reserved 1064960K
  class space    used 2158K, capacity 2252K, committed 2304K, reserved 1048576K
Event: 24,119 GC heap after
Heap after GC invocations=1 (full 0):
 PSYoungGen      total 36864K, used 3774K [0x00000000d7100000, 0x00000000d9a00000, 0x0000000100000000)
  eden space 31744K, 0% used [0x00000000d7100000,0x00000000d7100000,0x00000000d9000000)
  from space 5120K, 73% used [0x00000000d9000000,0x00000000d93afae8,0x00000000d9500000)
  to   space 5120K, 0% used [0x00000000d9500000,0x00000000d9500000,0x00000000d9a00000)
 ParOldGen       total 84992K, used 96K [0x0000000085200000, 0x000000008a500000, 0x00000000d7100000)
  object space 84992K, 0% used [0x0000000085200000,0x0000000085218010,0x000000008a500000)
 Metaspace       used 17903K, capacity 18114K, committed 18432K, reserved 1064960K
  class space    used 2158K, capacity 2252K, committed 2304K, reserved 1048576K
}

Deoptimization events (10 events):
Event: 0,473 Thread 0x00007fb3c8277800 Uncommon trap: reason=class_check action=maybe_recompile pc=0x00007fb3b91921b0 method=java.lang.String.equals(Ljava/lang/Object;)Z @ 8
Event: 0,485 Thread 0x00007fb3c8277800 Uncommon trap: reason=class_check action=maybe_recompile pc=0x00007fb3b91921b0 method=java.lang.String.equals(Ljava/lang/Object;)Z @ 8
Event: 0,485 Thread 0x00007fb3c8277800 Uncommon trap: reason=class_check action=maybe_recompile pc=0x00007fb3b91921b0 method=java.lang.String.equals(Ljava/lang/Object;)Z @ 8
Event: 4,873 Thread 0x00007fb3c8277800 Uncommon trap: reason=class_check action=maybe_recompile pc=0x00007fb3b91921b0 method=java.lang.String.equals(Ljava/lang/Object;)Z @ 8
Event: 19,166 Thread 0x00007fb3c8277800 Uncommon trap: reason=unstable_if action=reinterpret pc=0x00007fb3b9274cfc method=java.util.logging.Logger.isLoggable(Ljava/util/logging/Level;)Z @ 8
Event: 24,123 Thread 0x00007fb3c8277800 Uncommon trap: reason=unstable_if action=reinterpret pc=0x00007fb3b963ebf0 method=java.lang.CharacterData.of(I)Ljava/lang/CharacterData; @ 4
Event: 24,135 Thread 0x00007fb3c8277800 Uncommon trap: reason=unstable_if action=reinterpret pc=0x00007fb3b9527fa0 method=java.lang.ref.SoftReference.get()Ljava/lang/Object; @ 17
Event: 24,137 Thread 0x00007fb3c8277800 Uncommon trap: reason=unstable_if action=reinterpret pc=0x00007fb3b944d168 method=java.lang.ref.SoftReference.get()Ljava/lang/Object; @ 17
Event: 24,140 Thread 0x00007fb3c8277800 Uncommon trap: reason=bimorphic action=maybe_recompile pc=0x00007fb3b92f1d1c method=javax.swing.UIDefaults.getFromHashtable(Ljava/lang/Object;)Ljava/lang/Object; @ 126
Event: 31,326 Thread 0x00007fb3c8277800 Uncommon trap: reason=unstable_if action=reinterpret pc=0x00007fb3b9673064 method=java.awt.Container.getMouseEventTargetImpl(IIZLjava/awt/Container$EventTargetFilter;ZZ)Ljava/awt/Component; @ 218

Internal exceptions (10 events):
Event: 0,098 Thread 0x00007fb3c8009800 Exception <a 'java/lang/NoSuchFieldError': method resolution failed> (0x00000000d730a3e0) thrown at [/HUDSON3/workspace/8-2-build-linux-amd64/jdk8u121/8372/hotspot/src/share/vm/prims/methodHandles.cpp, line 1146]
Event: 0,100 Thread 0x00007fb3c8009800 Exception <a 'java/lang/NoSuchFieldError': method resolution failed> (0x00000000d7317bb0) thrown at [/HUDSON3/workspace/8-2-build-linux-amd64/jdk8u121/8372/hotspot/src/share/vm/prims/methodHandles.cpp, line 1146]
Event: 0,123 Thread 0x00007fb3c8009800 Exception <a 'java/io/FileNotFoundException'> (0x00000000d73978b8) thrown at [/HUDSON3/workspace/8-2-build-linux-amd64/jdk8u121/8372/hotspot/src/share/vm/prims/jni.cpp, line 709]
Event: 0,123 Thread 0x00007fb3c8009800 Exception <a 'java/io/FileNotFoundException'> (0x00000000d7398268) thrown at [/HUDSON3/workspace/8-2-build-linux-amd64/jdk8u121/8372/hotspot/src/share/vm/prims/jni.cpp, line 709]
Event: 0,193 Thread 0x00007fb3c8277800 Implicit null exception at 0x00007fb3b9160822 to 0x00007fb3b91609f5
Event: 0,447 Thread 0x00007fb3c8277800 Exception <a 'java/lang/NullPointerException'> (0x00000000d7966d18) thrown at [/HUDSON3/workspace/8-2-build-linux-amd64/jdk8u121/8372/hotspot/src/share/vm/interpreter/linkResolver.cpp, line 1178]
Event: 0,448 Thread 0x00007fb3c8277800 Exception <a 'java/lang/NullPointerException'> (0x00000000d796a4a0) thrown at [/HUDSON3/workspace/8-2-build-linux-amd64/jdk8u121/8372/hotspot/src/share/vm/interpreter/linkResolver.cpp, line 1178]
Event: 0,457 Thread 0x00007fb3c8277800 Exception <a 'java/lang/NullPointerException'> (0x00000000d7995a18) thrown at [/HUDSON3/workspace/8-2-build-linux-amd64/jdk8u121/8372/hotspot/src/share/vm/interpreter/linkResolver.cpp, line 1178]
Event: 0,535 Thread 0x00007fb3c8277800 Exception <a 'java/lang/UnsupportedOperationException': > (0x00000000d79d3168) thrown at [/HUDSON3/workspace/8-2-build-linux-amd64/jdk8u121/8372/hotspot/src/share/vm/prims/jni.cpp, line 735]
Event: 19,147 Thread 0x00007fb3c8277800 Exception <a 'java/lang/NullPointerException'> (0x00000000d839bc40) thrown at [/HUDSON3/workspace/8-2-build-linux-amd64/jdk8u121/8372/hotspot/src/share/vm/interpreter/linkResolver.cpp, line 1178]

Events (10 events):
Event: 27,652 Executing VM operation: RevokeBias
Event: 27,652 Executing VM operation: RevokeBias done
Event: 27,652 Thread 0x00007fb3581d5800 Thread exited: 0x00007fb3581d5800
Event: 31,326 Thread 0x00007fb3c8277800 Uncommon trap: trap_request=0xffffff65 fr.pc=0x00007fb3b9673064
Event: 31,326 Thread 0x00007fb3c8277800 DEOPT PACKING pc=0x00007fb3b9673064 sp=0x00007fb392f2f9a0
Event: 31,326 Thread 0x00007fb3c8277800 DEOPT UNPACKING pc=0x00007fb3b9005229 sp=0x00007fb392f2f8c8 mode 2
Event: 24231,489 loading class sun/misc/Signal$1
Event: 24231,491 loading class sun/misc/Signal$1 done
Event: 24231,492 Thread 0x00007fb380001000 Thread added: 0x00007fb380001000
Event: 24231,498 Thread 0x00007fb350001000 Thread added: 0x00007fb350001000


Dynamic libraries:
00400000-00401000 r-xp 00000000 08:12 6171217                            /usr/lib/jvm/java-8-oracle/bin/java
00600000-00601000 rw-p 00000000 08:12 6171217                            /usr/lib/jvm/java-8-oracle/bin/java
01119000-0113a000 rw-p 00000000 00:00 0                                  [heap]
85200000-8a500000 rw-p 00000000 00:00 0 
8a500000-d7100000 ---p 00000000 00:00 0 
d7100000-d9a00000 rw-p 00000000 00:00 0 
d9a00000-100000000 ---p 00000000 00:00 0 
100000000-100240000 rw-p 00000000 00:00 0 
100240000-140000000 ---p 00000000 00:00 0 
7fb344000000-7fb344021000 rw-p 00000000 00:00 0 
7fb344021000-7fb348000000 ---p 00000000 00:00 0 
7fb34c000000-7fb34c021000 rw-p 00000000 00:00 0 
7fb34c021000-7fb350000000 ---p 00000000 00:00 0 
7fb350000000-7fb35006b000 rw-p 00000000 00:00 0 
7fb35006b000-7fb354000000 ---p 00000000 00:00 0 
7fb354000000-7fb354021000 rw-p 00000000 00:00 0 
7fb354021000-7fb358000000 ---p 00000000 00:00 0 
7fb358000000-7fb3583c6000 rw-p 00000000 00:00 0 
7fb3583c6000-7fb35c000000 ---p 00000000 00:00 0 
7fb35c000000-7fb35c021000 rw-p 00000000 00:00 0 
7fb35c021000-7fb360000000 ---p 00000000 00:00 0 
7fb360000000-7fb36002c000 rw-p 00000000 00:00 0 
7fb36002c000-7fb364000000 ---p 00000000 00:00 0 
7fb364000000-7fb364021000 rw-p 00000000 00:00 0 
7fb364021000-7fb368000000 ---p 00000000 00:00 0 
7fb368000000-7fb368021000 rw-p 00000000 00:00 0 
7fb368021000-7fb36c000000 ---p 00000000 00:00 0 
7fb36c000000-7fb36c1cc000 rw-p 00000000 00:00 0 
7fb36c1cc000-7fb370000000 ---p 00000000 00:00 0 
7fb370000000-7fb3705e4000 rw-p 00000000 00:00 0 
7fb3705e4000-7fb374000000 ---p 00000000 00:00 0 
7fb374000000-7fb37419d000 rw-p 00000000 00:00 0 
7fb37419d000-7fb378000000 ---p 00000000 00:00 0 
7fb378000000-7fb378100000 rw-p 00000000 00:00 0 
7fb378100000-7fb37c000000 ---p 00000000 00:00 0 
7fb37c000000-7fb37c021000 rw-p 00000000 00:00 0 
7fb37c021000-7fb380000000 ---p 00000000 00:00 0 
7fb380000000-7fb380021000 rw-p 00000000 00:00 0 
7fb380021000-7fb384000000 ---p 00000000 00:00 0 
7fb384000000-7fb384051000 rw-p 00000000 00:00 0 
7fb384051000-7fb388000000 ---p 00000000 00:00 0 
7fb388000000-7fb388021000 rw-p 00000000 00:00 0 
7fb388021000-7fb38c000000 ---p 00000000 00:00 0 
7fb38c000000-7fb38c021000 rw-p 00000000 00:00 0 
7fb38c021000-7fb390000000 ---p 00000000 00:00 0 
7fb391885000-7fb391b46000 rw-p 00000000 00:00 0 
7fb391b46000-7fb391b86000 ---p 00000000 00:00 0 
7fb391b86000-7fb391b89000 ---p 00000000 00:00 0 
7fb391b89000-7fb391c87000 rw-p 00000000 00:00 0 
7fb391c87000-7fb391c8a000 ---p 00000000 00:00 0 
7fb391c8a000-7fb391f88000 rw-p 00000000 00:00 0 
7fb391f88000-7fb391f8b000 ---p 00000000 00:00 0 
7fb391f8b000-7fb392289000 rw-p 00000000 00:00 0 
7fb392289000-7fb3922f2000 r-xp 00000000 08:12 6171320                    /usr/lib/jvm/java-8-oracle/jre/lib/amd64/libt2k.so
7fb3922f2000-7fb3924f2000 ---p 00069000 08:12 6171320                    /usr/lib/jvm/java-8-oracle/jre/lib/amd64/libt2k.so
7fb3924f2000-7fb3924f9000 rw-p 00069000 08:12 6171320                    /usr/lib/jvm/java-8-oracle/jre/lib/amd64/libt2k.so
7fb3924f9000-7fb392509000 rw-p 00000000 00:00 0 
7fb392509000-7fb39251a000 r-xp 00000000 08:12 6171294                    /usr/lib/jvm/java-8-oracle/jre/lib/amd64/libnio.so
7fb39251a000-7fb392719000 ---p 00011000 08:12 6171294                    /usr/lib/jvm/java-8-oracle/jre/lib/amd64/libnio.so
7fb392719000-7fb39271a000 rw-p 00010000 08:12 6171294                    /usr/lib/jvm/java-8-oracle/jre/lib/amd64/libnio.so
7fb39271a000-7fb392a1b000 rw-p 00000000 00:00 0 
7fb392a1b000-7fb392a31000 r-xp 00000000 08:12 6171269                    /usr/lib/jvm/java-8-oracle/jre/lib/amd64/libnet.so
7fb392a31000-7fb392c31000 ---p 00016000 08:12 6171269                    /usr/lib/jvm/java-8-oracle/jre/lib/amd64/libnet.so
7fb392c31000-7fb392c32000 rw-p 00016000 08:12 6171269                    /usr/lib/jvm/java-8-oracle/jre/lib/amd64/libnet.so
7fb392c32000-7fb392e32000 rw-p 00000000 00:00 0 
7fb392e32000-7fb392e35000 ---p 00000000 00:00 0 
7fb392e35000-7fb392f33000 rw-p 00000000 00:00 0 
7fb392f33000-7fb392f36000 ---p 00000000 00:00 0 
7fb392f36000-7fb393034000 rw-p 00000000 00:00 0 
7fb393034000-7fb393037000 ---p 00000000 00:00 0 
7fb393037000-7fb393135000 rw-p 00000000 00:00 0 
7fb393135000-7fb39313a000 r-xp 00000000 08:12 5906680                    /usr/lib/x86_64-linux-gnu/libXfixes.so.3.1.0
7fb39313a000-7fb393339000 ---p 00005000 08:12 5906680                    /usr/lib/x86_64-linux-gnu/libXfixes.so.3.1.0
7fb393339000-7fb39333a000 r--p 00004000 08:12 5906680                    /usr/lib/x86_64-linux-gnu/libXfixes.so.3.1.0
7fb39333a000-7fb39333b000 rw-p 00005000 08:12 5906680                    /usr/lib/x86_64-linux-gnu/libXfixes.so.3.1.0
7fb39333b000-7fb393344000 r-xp 00000000 08:12 5906672                    /usr/lib/x86_64-linux-gnu/libXcursor.so.1.0.2
7fb393344000-7fb393543000 ---p 00009000 08:12 5906672                    /usr/lib/x86_64-linux-gnu/libXcursor.so.1.0.2
7fb393543000-7fb393544000 r--p 00008000 08:12 5906672                    /usr/lib/x86_64-linux-gnu/libXcursor.so.1.0.2
7fb393544000-7fb393545000 rw-p 00009000 08:12 5906672                    /usr/lib/x86_64-linux-gnu/libXcursor.so.1.0.2
7fb393545000-7fb39355b000 r-xp 00000000 08:12 3019278                    /lib/x86_64-linux-gnu/libgcc_s.so.1
7fb39355b000-7fb39375a000 ---p 00016000 08:12 3019278                    /lib/x86_64-linux-gnu/libgcc_s.so.1
7fb39375a000-7fb39375b000 rw-p 00015000 08:12 3019278                    /lib/x86_64-linux-gnu/libgcc_s.so.1
7fb39375b000-7fb3937c0000 r-xp 00000000 08:12 6171288                    /usr/lib/jvm/java-8-oracle/jre/lib/amd64/libfontmanager.so
7fb3937c0000-7fb3939bf000 ---p 00065000 08:12 6171288                    /usr/lib/jvm/java-8-oracle/jre/lib/amd64/libfontmanager.so
7fb3939bf000-7fb3939c4000 rw-p 00064000 08:12 6171288                    /usr/lib/jvm/java-8-oracle/jre/lib/amd64/libfontmanager.so
7fb3939c4000-7fb3939d4000 rw-p 00000000 00:00 0 
7fb3939d4000-7fb3939d9000 r-xp 00000000 08:12 5906676                    /usr/lib/x86_64-linux-gnu/libXdmcp.so.6.0.0
7fb3939d9000-7fb393bd8000 ---p 00005000 08:12 5906676                    /usr/lib/x86_64-linux-gnu/libXdmcp.so.6.0.0
7fb393bd8000-7fb393bd9000 r--p 00004000 08:12 5906676                    /usr/lib/x86_64-linux-gnu/libXdmcp.so.6.0.0
7fb393bd9000-7fb393bda000 rw-p 00005000 08:12 5906676                    /usr/lib/x86_64-linux-gnu/libXdmcp.so.6.0.0
7fb393bda000-7fb393bdc000 r-xp 00000000 08:12 5906665                    /usr/lib/x86_64-linux-gnu/libXau.so.6.0.0
7fb393bdc000-7fb393ddc000 ---p 00002000 08:12 5906665                    /usr/lib/x86_64-linux-gnu/libXau.so.6.0.0
7fb393ddc000-7fb393ddd000 r--p 00002000 08:12 5906665                    /usr/lib/x86_64-linux-gnu/libXau.so.6.0.0
7fb393ddd000-7fb393dde000 rw-p 00003000 08:12 5906665                    /usr/lib/x86_64-linux-gnu/libXau.so.6.0.0
7fb393dde000-7fb393dff000 r-xp 00000000 08:12 5908043                    /usr/lib/x86_64-linux-gnu/libxcb.so.1.1.0
7fb393dff000-7fb393ffe000 ---p 00021000 08:12 5908043                    /usr/lib/x86_64-linux-gnu/libxcb.so.1.1.0
7fb393ffe000-7fb393fff000 r--p 00020000 08:12 5908043                    /usr/lib/x86_64-linux-gnu/libxcb.so.1.1.0
7fb393fff000-7fb394000000 rw-p 00021000 08:12 5908043                    /usr/lib/x86_64-linux-gnu/libxcb.so.1.1.0
7fb394000000-7fb394021000 rw-p 00000000 00:00 0 
7fb394021000-7fb398000000 ---p 00000000 00:00 0 
7fb398000000-7fb398021000 rw-p 00000000 00:00 0 
7fb398021000-7fb39c000000 ---p 00000000 00:00 0 
7fb39c000000-7fb39c021000 rw-p 00000000 00:00 0 
7fb39c021000-7fb3a0000000 ---p 00000000 00:00 0 
7fb3a008e000-7fb3a0099000 r--s 00000000 08:12 2754221                    /var/cache/fontconfig/945677eb7aeaf62f1d50efc3fb3ec7d8-le64.cache-6
7fb3a0099000-7fb3a009f000 r--s 00000000 08:12 2754219                    /var/cache/fontconfig/2cd17615ca594fa2959ae173292e504c-le64.cache-6
7fb3a009f000-7fb3a00a0000 r--s 00000000 08:12 2754218                    /var/cache/fontconfig/0d8c3b2ac0904cb8a57a757ad11a4a08-le64.cache-6
7fb3a00a0000-7fb3a00b5000 r--s 00000000 08:12 2754217                    /var/cache/fontconfig/04aabc0a78ac019cf9454389977116d2-le64.cache-6
7fb3a00b5000-7fb3a00b6000 r--s 00000000 08:12 2754216                    /var/cache/fontconfig/1ac9eb803944fde146138c791f5cc56a-le64.cache-6
7fb3a00b6000-7fb3a00ba000 r--s 00000000 08:12 2754215                    /var/cache/fontconfig/385c0604a188198f04d133e54aba7fe7-le64.cache-6
7fb3a00ba000-7fb3a00bd000 ---p 00000000 00:00 0 
7fb3a00bd000-7fb3a01bb000 rw-p 00000000 00:00 0 
7fb3a01bb000-7fb3a01ca000 r-xp 00000000 08:12 5906686                    /usr/lib/x86_64-linux-gnu/libXi.so.6.1.0
7fb3a01ca000-7fb3a03c9000 ---p 0000f000 08:12 5906686                    /usr/lib/x86_64-linux-gnu/libXi.so.6.1.0
7fb3a03c9000-7fb3a03ca000 r--p 0000e000 08:12 5906686                    /usr/lib/x86_64-linux-gnu/libXi.so.6.1.0
7fb3a03ca000-7fb3a03cb000 rw-p 0000f000 08:12 5906686                    /usr/lib/x86_64-linux-gnu/libXi.so.6.1.0
7fb3a03cb000-7fb3a03d0000 r-xp 00000000 08:12 5906704                    /usr/lib/x86_64-linux-gnu/libXtst.so.6.1.0
7fb3a03d0000-7fb3a05cf000 ---p 00005000 08:12 5906704                    /usr/lib/x86_64-linux-gnu/libXtst.so.6.1.0
7fb3a05cf000-7fb3a05d0000 r--p 00004000 08:12 5906704                    /usr/lib/x86_64-linux-gnu/libXtst.so.6.1.0
7fb3a05d0000-7fb3a05d1000 rw-p 00005000 08:12 5906704                    /usr/lib/x86_64-linux-gnu/libXtst.so.6.1.0
7fb3a05d1000-7fb3a05da000 r-xp 00000000 08:12 5906698                    /usr/lib/x86_64-linux-gnu/libXrender.so.1.3.0
7fb3a05da000-7fb3a07d9000 ---p 00009000 08:12 5906698                    /usr/lib/x86_64-linux-gnu/libXrender.so.1.3.0
7fb3a07d9000-7fb3a07da000 r--p 00008000 08:12 5906698                    /usr/lib/x86_64-linux-gnu/libXrender.so.1.3.0
7fb3a07da000-7fb3a07db000 rw-p 00009000 08:12 5906698                    /usr/lib/x86_64-linux-gnu/libXrender.so.1.3.0
7fb3a07db000-7fb3a0910000 r-xp 00000000 08:12 5906661                    /usr/lib/x86_64-linux-gnu/libX11.so.6.3.0
7fb3a0910000-7fb3a0b10000 ---p 00135000 08:12 5906661                    /usr/lib/x86_64-linux-gnu/libX11.so.6.3.0
7fb3a0b10000-7fb3a0b11000 r--p 00135000 08:12 5906661                    /usr/lib/x86_64-linux-gnu/libX11.so.6.3.0
7fb3a0b11000-7fb3a0b15000 rw-p 00136000 08:12 5906661                    /usr/lib/x86_64-linux-gnu/libX11.so.6.3.0
7fb3a0b15000-7fb3a0b26000 r-xp 00000000 08:12 5906678                    /usr/lib/x86_64-linux-gnu/libXext.so.6.4.0
7fb3a0b26000-7fb3a0d25000 ---p 00011000 08:12 5906678                    /usr/lib/x86_64-linux-gnu/libXext.so.6.4.0
7fb3a0d25000-7fb3a0d26000 r--p 00010000 08:12 5906678                    /usr/lib/x86_64-linux-gnu/libXext.so.6.4.0
7fb3a0d26000-7fb3a0d27000 rw-p 00011000 08:12 5906678                    /usr/lib/x86_64-linux-gnu/libXext.so.6.4.0
7fb3a0d27000-7fb3a0d7b000 r-xp 00000000 08:12 6171296                    /usr/lib/jvm/java-8-oracle/jre/lib/amd64/libawt_xawt.so
7fb3a0d7b000-7fb3a0f7b000 ---p 00054000 08:12 6171296                    /usr/lib/jvm/java-8-oracle/jre/lib/amd64/libawt_xawt.so
7fb3a0f7b000-7fb3a0f7f000 rw-p 00054000 08:12 6171296                    /usr/lib/jvm/java-8-oracle/jre/lib/amd64/libawt_xawt.so
7fb3a0f7f000-7fb3a0f80000 rw-p 00000000 00:00 0 
7fb3a0f80000-7fb3a1022000 r-xp 00000000 08:12 6171323                    /usr/lib/jvm/java-8-oracle/jre/lib/amd64/libawt.so
7fb3a1022000-7fb3a1222000 ---p 000a2000 08:12 6171323                    /usr/lib/jvm/java-8-oracle/jre/lib/amd64/libawt.so
7fb3a1222000-7fb3a122e000 rw-p 000a2000 08:12 6171323                    /usr/lib/jvm/java-8-oracle/jre/lib/amd64/libawt.so
7fb3a122e000-7fb3a1252000 rw-p 00000000 00:00 0 
7fb3a1252000-7fb3a1253000 ---p 00000000 00:00 0 
7fb3a1253000-7fb3a1353000 rw-p 00000000 00:00 0 
7fb3a1353000-7fb3a1356000 ---p 00000000 00:00 0 
7fb3a1356000-7fb3a1454000 rw-p 00000000 00:00 0 
7fb3a1454000-7fb3a1457000 ---p 00000000 00:00 0 
7fb3a1457000-7fb3a1555000 rw-p 00000000 00:00 0 
7fb3a1555000-7fb3a1558000 ---p 00000000 00:00 0 
7fb3a1558000-7fb3a1656000 rw-p 00000000 00:00 0 
7fb3a1656000-7fb3a1659000 ---p 00000000 00:00 0 
7fb3a1659000-7fb3a1757000 rw-p 00000000 00:00 0 
7fb3a1757000-7fb3a175a000 ---p 00000000 00:00 0 
7fb3a175a000-7fb3a1858000 rw-p 00000000 00:00 0 
7fb3a1858000-7fb3a185b000 ---p 00000000 00:00 0 
7fb3a185b000-7fb3a1959000 rw-p 00000000 00:00 0 
7fb3a1959000-7fb3a1ee7000 r--p 00000000 08:12 5922160                    /usr/lib/locale/locale-archive
7fb3a1ee7000-7fb3a1eea000 ---p 00000000 00:00 0 
7fb3a1eea000-7fb3a1fe8000 rw-p 00000000 00:00 0 
7fb3a1fe8000-7fb3a1feb000 ---p 00000000 00:00 0 
7fb3a1feb000-7fb3a20e9000 rw-p 00000000 00:00 0 
7fb3a20e9000-7fb3a20ea000 ---p 00000000 00:00 0 
7fb3a20ea000-7fb3a4000000 rw-p 00000000 00:00 0 
7fb3a4000000-7fb3a4021000 rw-p 00000000 00:00 0 
7fb3a4021000-7fb3a8000000 ---p 00000000 00:00 0 
7fb3a8000000-7fb3a8001000 r--s 00000000 08:12 2754214                    /var/cache/fontconfig/dc05db6664285cc2f12bf69c139ae4c3-le64.cache-6
7fb3a8001000-7fb3a8004000 r--s 00000000 08:12 2754213                    /var/cache/fontconfig/767a8244fc0220cfb567a839d0392e0b-le64.cache-6
7fb3a8004000-7fb3a8009000 r--s 00000000 08:12 2754210                    /var/cache/fontconfig/8801497958630a81b71ace7c5f9b32a8-le64.cache-6
7fb3a8009000-7fb3a8010000 r--s 00000000 08:12 2754208                    /var/cache/fontconfig/3047814df9a2f067bd2d96a2b9c36e5a-le64.cache-6
7fb3a8010000-7fb3a8016000 r--s 00000000 08:12 2754205                    /var/cache/fontconfig/b47c4e1ecd0709278f4910c18777a504-le64.cache-6
7fb3a8016000-7fb3a8029000 r--s 00000000 08:12 2754204                    /var/cache/fontconfig/d52a8644073d54c13679302ca1180695-le64.cache-6
7fb3a8029000-7fb3a8034000 r--s 00000000 08:12 2753923                    /var/cache/fontconfig/d589a48862398ed80a3d6066f4f56f4c-le64.cache-6
7fb3a8034000-7fb3a803f000 r--s 00000000 08:12 2753402                    /var/cache/fontconfig/83bf95040141907cd45bb53cf7c1c148-le64.cache-6
7fb3a803f000-7fb3a8051000 r--s 00000000 08:12 2752695                    /var/cache/fontconfig/9b89f8e3dae116d678bbf48e5f21f69b-le64.cache-6
7fb3a8051000-7fb3a805a000 r--s 00000000 08:12 2764081                    /var/cache/fontconfig/d0972c3d32f097851eb916381fc38920-le64.cache-6
7fb3a8072000-7fb3a808e000 r--s 00393000 08:12 6295452                    /usr/lib/jvm/java-8-oracle/jre/lib/ext/cldrdata.jar
7fb3a808e000-7fb3ac000000 rw-p 00000000 00:00 0 
7fb3ac000000-7fb3ac021000 rw-p 00000000 00:00 0 
7fb3ac021000-7fb3b0000000 ---p 00000000 00:00 0 
7fb3b0000000-7fb3b0021000 rw-p 00000000 00:00 0 
7fb3b0021000-7fb3b4000000 ---p 00000000 00:00 0 
7fb3b4000000-7fb3b4021000 rw-p 00000000 00:00 0 
7fb3b4021000-7fb3b8000000 ---p 00000000 00:00 0 
7fb3b8000000-7fb3b8001000 r--s 00000000 08:12 2773386                    /var/cache/fontconfig/4794a0821666d79190d59a36cb4f44b5-le64.cache-6
7fb3b8001000-7fb3b8002000 r--s 00000000 08:12 2754209                    /var/cache/fontconfig/bab58bb527bb656aaa9f116d68a48d89-le64.cache-6
7fb3b8002000-7fb3b8003000 r--s 00000000 08:12 2754207                    /var/cache/fontconfig/56cf4f4769d0f4abc89a4895d7bd3ae1-le64.cache-6
7fb3b8003000-7fb3b8004000 r--s 00000000 08:12 2754206                    /var/cache/fontconfig/b9d506c9ac06c20b433354fa67a72993-le64.cache-6
7fb3b8004000-7fb3b8011000 r--s 00000000 08:12 2752596                    /var/cache/fontconfig/e13b20fdb08344e0e664864cc2ede53d-le64.cache-6
7fb3b8011000-7fb3b844a000 rw-p 00000000 00:00 0 
7fb3b844a000-7fb3b8623000 r--s 03d3e000 08:12 6171261                    /usr/lib/jvm/java-8-oracle/jre/lib/rt.jar
7fb3b8623000-7fb3b89fa000 rw-p 00000000 00:00 0 
7fb3b89fa000-7fb3b89fb000 ---p 00000000 00:00 0 
7fb3b89fb000-7fb3b8afb000 rw-p 00000000 00:00 0 
7fb3b8afb000-7fb3b8afc000 ---p 00000000 00:00 0 
7fb3b8afc000-7fb3b8bfc000 rw-p 00000000 00:00 0 
7fb3b8bfc000-7fb3b8bfd000 ---p 00000000 00:00 0 
7fb3b8bfd000-7fb3b8cfd000 rw-p 00000000 00:00 0 
7fb3b8cfd000-7fb3b8cfe000 ---p 00000000 00:00 0 
7fb3b8cfe000-7fb3b8dfe000 rw-p 00000000 00:00 0 
7fb3b8dfe000-7fb3b8dff000 ---p 00000000 00:00 0 
7fb3b8dff000-7fb3b8eff000 rw-p 00000000 00:00 0 
7fb3b8eff000-7fb3b8f00000 ---p 00000000 00:00 0 
7fb3b8f00000-7fb3b9000000 rw-p 00000000 00:00 0 
7fb3b9000000-7fb3b96c0000 rwxp 00000000 00:00 0 
7fb3b96c0000-7fb3c8000000 ---p 00000000 00:00 0 
7fb3c8000000-7fb3c8279000 rw-p 00000000 00:00 0 
7fb3c8279000-7fb3cc000000 ---p 00000000 00:00 0 
7fb3cc000000-7fb3cc001000 r--s 00000000 08:12 2754161                    /var/cache/fontconfig/551ecf3b0e8b0bca0f25c0944f561853-le64.cache-6
7fb3cc001000-7fb3cc002000 r--s 00000000 08:12 2753720                    /var/cache/fontconfig/30829fa25452a46451e813d634d7f916-le64.cache-6
7fb3cc002000-7fb3cc003000 r--s 00000000 08:12 2753719                    /var/cache/fontconfig/0c9eb80ebd1c36541ebe2852d3bb0c49-le64.cache-6
7fb3cc003000-7fb3cc00b000 r--s 00059000 08:12 3950640                    /home/imasa/Community/_v6z8CVgemqMI6Bledpc7F1j0pVY/community.jar
7fb3cc00b000-7fb3cc0a2000 rw-p 00000000 00:00 0 
7fb3cc0a2000-7fb3cc0a3000 ---p 00000000 00:00 0 
7fb3cc0a3000-7fb3cc1a3000 rw-p 00000000 00:00 0 
7fb3cc1a3000-7fb3cc1a4000 ---p 00000000 00:00 0 
7fb3cc1a4000-7fb3cc2ce000 rw-p 00000000 00:00 0 
7fb3cc2ce000-7fb3cc534000 ---p 00000000 00:00 0 
7fb3cc534000-7fb3cc55e000 rw-p 00000000 00:00 0 
7fb3cc55e000-7fb3cc7c3000 ---p 00000000 00:00 0 
7fb3cc7c3000-7fb3cc7d8000 rw-p 00000000 00:00 0 
7fb3cc7d8000-7fb3cc90b000 ---p 00000000 00:00 0 
7fb3cc90b000-7fb3cc927000 rw-p 00000000 00:00 0 
7fb3cc927000-7fb3ccccc000 ---p 00000000 00:00 0 
7fb3ccccc000-7fb3ccce6000 r-xp 00000000 08:12 6171292                    /usr/lib/jvm/java-8-oracle/jre/lib/amd64/libzip.so
7fb3ccce6000-7fb3ccee6000 ---p 0001a000 08:12 6171292                    /usr/lib/jvm/java-8-oracle/jre/lib/amd64/libzip.so
7fb3ccee6000-7fb3ccee7000 rw-p 0001a000 08:12 6171292                    /usr/lib/jvm/java-8-oracle/jre/lib/amd64/libzip.so
7fb3ccee7000-7fb3ccef2000 r-xp 00000000 08:12 3014918                    /lib/x86_64-linux-gnu/libnss_files-2.23.so
7fb3ccef2000-7fb3cd0f1000 ---p 0000b000 08:12 3014918                    /lib/x86_64-linux-gnu/libnss_files-2.23.so
7fb3cd0f1000-7fb3cd0f2000 r--p 0000a000 08:12 3014918                    /lib/x86_64-linux-gnu/libnss_files-2.23.so
7fb3cd0f2000-7fb3cd0f3000 rw-p 0000b000 08:12 3014918                    /lib/x86_64-linux-gnu/libnss_files-2.23.so
7fb3cd0f3000-7fb3cd0f9000 rw-p 00000000 00:00 0 
7fb3cd0f9000-7fb3cd104000 r-xp 00000000 08:12 3014924                    /lib/x86_64-linux-gnu/libnss_nis-2.23.so
7fb3cd104000-7fb3cd303000 ---p 0000b000 08:12 3014924                    /lib/x86_64-linux-gnu/libnss_nis-2.23.so
7fb3cd303000-7fb3cd304000 r--p 0000a000 08:12 3014924                    /lib/x86_64-linux-gnu/libnss_nis-2.23.so
7fb3cd304000-7fb3cd305000 rw-p 0000b000 08:12 3014924                    /lib/x86_64-linux-gnu/libnss_nis-2.23.so
7fb3cd305000-7fb3cd31b000 r-xp 00000000 08:12 3014673                    /lib/x86_64-linux-gnu/libnsl-2.23.so
7fb3cd31b000-7fb3cd51a000 ---p 00016000 08:12 3014673                    /lib/x86_64-linux-gnu/libnsl-2.23.so
7fb3cd51a000-7fb3cd51b000 r--p 00015000 08:12 3014673                    /lib/x86_64-linux-gnu/libnsl-2.23.so
7fb3cd51b000-7fb3cd51c000 rw-p 00016000 08:12 3014673                    /lib/x86_64-linux-gnu/libnsl-2.23.so
7fb3cd51c000-7fb3cd51e000 rw-p 00000000 00:00 0 
7fb3cd51e000-7fb3cd526000 r-xp 00000000 08:12 3014936                    /lib/x86_64-linux-gnu/libnss_compat-2.23.so
7fb3cd526000-7fb3cd725000 ---p 00008000 08:12 3014936                    /lib/x86_64-linux-gnu/libnss_compat-2.23.so
7fb3cd725000-7fb3cd726000 r--p 00007000 08:12 3014936                    /lib/x86_64-linux-gnu/libnss_compat-2.23.so
7fb3cd726000-7fb3cd727000 rw-p 00008000 08:12 3014936                    /lib/x86_64-linux-gnu/libnss_compat-2.23.so
7fb3cd727000-7fb3cd752000 r-xp 00000000 08:12 6171317                    /usr/lib/jvm/java-8-oracle/jre/lib/amd64/libjava.so
7fb3cd752000-7fb3cd951000 ---p 0002b000 08:12 6171317                    /usr/lib/jvm/java-8-oracle/jre/lib/amd64/libjava.so
7fb3cd951000-7fb3cd953000 rw-p 0002a000 08:12 6171317                    /usr/lib/jvm/java-8-oracle/jre/lib/amd64/libjava.so
7fb3cd953000-7fb3cd960000 r-xp 00000000 08:12 6171270                    /usr/lib/jvm/java-8-oracle/jre/lib/amd64/libverify.so
7fb3cd960000-7fb3cdb5f000 ---p 0000d000 08:12 6171270                    /usr/lib/jvm/java-8-oracle/jre/lib/amd64/libverify.so
7fb3cdb5f000-7fb3cdb61000 rw-p 0000c000 08:12 6171270                    /usr/lib/jvm/java-8-oracle/jre/lib/amd64/libverify.so
7fb3cdb61000-7fb3cdb68000 r-xp 00000000 08:12 3014928                    /lib/x86_64-linux-gnu/librt-2.23.so
7fb3cdb68000-7fb3cdd67000 ---p 00007000 08:12 3014928                    /lib/x86_64-linux-gnu/librt-2.23.so
7fb3cdd67000-7fb3cdd68000 r--p 00006000 08:12 3014928                    /lib/x86_64-linux-gnu/librt-2.23.so
7fb3cdd68000-7fb3cdd69000 rw-p 00007000 08:12 3014928                    /lib/x86_64-linux-gnu/librt-2.23.so
7fb3cdd69000-7fb3cde71000 r-xp 00000000 08:12 3014946                    /lib/x86_64-linux-gnu/libm-2.23.so
7fb3cde71000-7fb3ce070000 ---p 00108000 08:12 3014946                    /lib/x86_64-linux-gnu/libm-2.23.so
7fb3ce070000-7fb3ce071000 r--p 00107000 08:12 3014946                    /lib/x86_64-linux-gnu/libm-2.23.so
7fb3ce071000-7fb3ce072000 rw-p 00108000 08:12 3014946                    /lib/x86_64-linux-gnu/libm-2.23.so
7fb3ce072000-7fb3ced40000 r-xp 00000000 08:12 6295395                    /usr/lib/jvm/java-8-oracle/jre/lib/amd64/server/libjvm.so
7fb3ced40000-7fb3cef40000 ---p 00cce000 08:12 6295395                    /usr/lib/jvm/java-8-oracle/jre/lib/amd64/server/libjvm.so
7fb3cef40000-7fb3cf019000 rw-p 00cce000 08:12 6295395                    /usr/lib/jvm/java-8-oracle/jre/lib/amd64/server/libjvm.so
7fb3cf019000-7fb3cf064000 rw-p 00000000 00:00 0 
7fb3cf064000-7fb3cf224000 r-xp 00000000 08:12 3014954                    /lib/x86_64-linux-gnu/libc-2.23.so
7fb3cf224000-7fb3cf424000 ---p 001c0000 08:12 3014954                    /lib/x86_64-linux-gnu/libc-2.23.so
7fb3cf424000-7fb3cf428000 r--p 001c0000 08:12 3014954                    /lib/x86_64-linux-gnu/libc-2.23.so
7fb3cf428000-7fb3cf42a000 rw-p 001c4000 08:12 3014954                    /lib/x86_64-linux-gnu/libc-2.23.so
7fb3cf42a000-7fb3cf42e000 rw-p 00000000 00:00 0 
7fb3cf42e000-7fb3cf431000 r-xp 00000000 08:12 3014934                    /lib/x86_64-linux-gnu/libdl-2.23.so
7fb3cf431000-7fb3cf630000 ---p 00003000 08:12 3014934                    /lib/x86_64-linux-gnu/libdl-2.23.so
7fb3cf630000-7fb3cf631000 r--p 00002000 08:12 3014934                    /lib/x86_64-linux-gnu/libdl-2.23.so
7fb3cf631000-7fb3cf632000 rw-p 00003000 08:12 3014934                    /lib/x86_64-linux-gnu/libdl-2.23.so
7fb3cf632000-7fb3cf647000 r-xp 00000000 08:12 6030213                    /usr/lib/jvm/java-8-oracle/lib/amd64/jli/libjli.so
7fb3cf647000-7fb3cf847000 ---p 00015000 08:12 6030213                    /usr/lib/jvm/java-8-oracle/lib/amd64/jli/libjli.so
7fb3cf847000-7fb3cf848000 rw-p 00015000 08:12 6030213                    /usr/lib/jvm/java-8-oracle/lib/amd64/jli/libjli.so
7fb3cf848000-7fb3cf860000 r-xp 00000000 08:12 3014922                    /lib/x86_64-linux-gnu/libpthread-2.23.so
7fb3cf860000-7fb3cfa5f000 ---p 00018000 08:12 3014922                    /lib/x86_64-linux-gnu/libpthread-2.23.so
7fb3cfa5f000-7fb3cfa60000 r--p 00017000 08:12 3014922                    /lib/x86_64-linux-gnu/libpthread-2.23.so
7fb3cfa60000-7fb3cfa61000 rw-p 00018000 08:12 3014922                    /lib/x86_64-linux-gnu/libpthread-2.23.so
7fb3cfa61000-7fb3cfa65000 rw-p 00000000 00:00 0 
7fb3cfa65000-7fb3cfa8b000 r-xp 00000000 08:12 3014912                    /lib/x86_64-linux-gnu/ld-2.23.so
7fb3cfa8b000-7fb3cfa8e000 r--s 00000000 08:12 2753409                    /var/cache/fontconfig/75114ca45c98e8a441da0ff356701271-le64.cache-6
7fb3cfa8e000-7fb3cfa92000 r--s 00000000 08:12 2753861                    /var/cache/fontconfig/7ef2298fde41cc6eeb7af42e48b7d293-le64.cache-6
7fb3cfa92000-7fb3cfa96000 r--s 0009a000 08:12 6171243                    /usr/lib/jvm/java-8-oracle/jre/lib/jsse.jar
7fb3cfa96000-7fb3cfa9d000 r--s 0005d000 08:12 4199808                    /home/imasa/.m2/repository/org/apache/commons/commons-compress/1.10/commons-compress-1.10.jar
7fb3cfa9d000-7fb3cfb68000 rw-p 00000000 00:00 0 
7fb3cfb68000-7fb3cfb6b000 ---p 00000000 00:00 0 
7fb3cfb6b000-7fb3cfc6d000 rw-p 00000000 00:00 0 
7fb3cfc6d000-7fb3cfc74000 r--s 0003f000 08:12 4199806                    /home/imasa/.m2/repository/commons-codec/commons-codec/1.10/commons-codec-1.10.jar
7fb3cfc74000-7fb3cfc7e000 r--s 00116000 08:12 6295430                    /usr/lib/jvm/java-8-oracle/jre/lib/ext/localedata.jar
7fb3cfc7e000-7fb3cfc86000 rw-s 00000000 08:12 4213691                    /tmp/hsperfdata_imasa/3097
7fb3cfc86000-7fb3cfc87000 rw-p 00000000 00:00 0 
7fb3cfc87000-7fb3cfc88000 r--p 00000000 00:00 0 
7fb3cfc88000-7fb3cfc8a000 rw-p 00000000 00:00 0 
7fb3cfc8a000-7fb3cfc8b000 r--p 00025000 08:12 3014912                    /lib/x86_64-linux-gnu/ld-2.23.so
7fb3cfc8b000-7fb3cfc8c000 rw-p 00026000 08:12 3014912                    /lib/x86_64-linux-gnu/ld-2.23.so
7fb3cfc8c000-7fb3cfc8d000 rw-p 00000000 00:00 0 
7ffc19812000-7ffc19833000 rw-p 00000000 00:00 0                          [stack]
7ffc19919000-7ffc1991b000 r--p 00000000 00:00 0                          [vvar]
7ffc1991b000-7ffc1991d000 r-xp 00000000 00:00 0                          [vdso]
ffffffffff600000-ffffffffff601000 r-xp 00000000 00:00 0                  [vsyscall]

VM Arguments:
jvm_args: -Dfile.encoding=UTF-8 
java_command: gdt.jgui.console.JMainConsole
java_class_path (initial): /home/imasa/github/JEntigrator/target/classes:/home/imasa/.m2/repository/commons-codec/commons-codec/1.10/commons-codec-1.10.jar:/home/imasa/.m2/repository/org/apache/commons/commons-compress/1.10/commons-compress-1.10.jar
Launcher Type: SUN_STANDARD

Environment Variables:
JAVA_HOME=/usr/lib/jvm/java-8-oracle
PATH=/home/imasa/bin:/home/imasa/.local/bin:/usr/local/sbin:/usr/local/bin:/usr/sbin:/usr/bin:/sbin:/bin:/usr/games:/usr/local/games:/snap/bin:/usr/lib/jvm/java-8-oracle/bin:/usr/lib/jvm/java-8-oracle/db/bin:/usr/lib/jvm/java-8-oracle/jre/bin
SHELL=/bin/bash
DISPLAY=:0

Signal Handlers:
SIGSEGV: [libjvm.so+0xac78c0], sa_mask[0]=11111111011111111101111111111110, sa_flags=SA_RESTART|SA_SIGINFO
SIGBUS: [libjvm.so+0xac78c0], sa_mask[0]=11111111011111111101111111111110, sa_flags=SA_RESTART|SA_SIGINFO
SIGFPE: [libjvm.so+0x920ac0], sa_mask[0]=11111111011111111101111111111110, sa_flags=SA_RESTART|SA_SIGINFO
SIGPIPE: [libjvm.so+0x920ac0], sa_mask[0]=11111111011111111101111111111110, sa_flags=SA_RESTART|SA_SIGINFO
SIGXFSZ: [libjvm.so+0x920ac0], sa_mask[0]=11111111011111111101111111111110, sa_flags=SA_RESTART|SA_SIGINFO
SIGILL: [libjvm.so+0x920ac0], sa_mask[0]=11111111011111111101111111111110, sa_flags=SA_RESTART|SA_SIGINFO
SIGUSR1: SIG_DFL, sa_mask[0]=00000000000000000000000000000000, sa_flags=none
SIGUSR2: [libjvm.so+0x922300], sa_mask[0]=00100000000000000000000000000000, sa_flags=SA_RESTART|SA_SIGINFO
SIGHUP: [libjvm.so+0x923700], sa_mask[0]=11111111011111111101111111111110, sa_flags=SA_RESTART|SA_SIGINFO
SIGINT: [libjvm.so+0x923700], sa_mask[0]=11111111011111111101111111111110, sa_flags=SA_RESTART|SA_SIGINFO
SIGTERM: [libjvm.so+0x923700], sa_mask[0]=11111111011111111101111111111110, sa_flags=SA_RESTART|SA_SIGINFO
SIGQUIT: [libjvm.so+0x923700], sa_mask[0]=11111111011111111101111111111110, sa_flags=SA_RESTART|SA_SIGINFO


---------------  S Y S T E M  ---------------

OS:DISTRIB_ID=Ubuntu
DISTRIB_RELEASE=16.04
DISTRIB_CODENAME=xenial
DISTRIB_DESCRIPTION="Ubuntu 16.04.2 LTS"

uname:Linux 4.4.0-91-generic #114-Ubuntu SMP Tue Aug 8 11:56:56 UTC 2017 x86_64
libc:glibc 2.23 NPTL 2.23 
rlimit: STACK 8192k, CORE 0k, NPROC 30391, NOFILE 65536, AS infinity
load average:0,29 0,26 0,24

/proc/meminfo:
MemTotal:        8050052 kB
MemFree:         1280784 kB
MemAvailable:    4231640 kB
Buffers:          596892 kB
Cached:          2599764 kB
SwapCached:            0 kB
Active:          4833068 kB
Inactive:        1389536 kB
Active(anon):    3033816 kB
Inactive(anon):   333608 kB
Active(file):    1799252 kB
Inactive(file):  1055928 kB
Unevictable:          40 kB
Mlocked:              40 kB
SwapTotal:       8263676 kB
SwapFree:        8263676 kB
Dirty:                 0 kB
Writeback:           280 kB
AnonPages:       2888280 kB
Mapped:           331240 kB
Shmem:            341712 kB
Slab:             446972 kB
SReclaimable:     399576 kB
SUnreclaim:        47396 kB
KernelStack:       11424 kB
PageTables:        26744 kB
NFS_Unstable:          0 kB
Bounce:                0 kB
WritebackTmp:          0 kB
CommitLimit:    12288700 kB
Committed_AS:    5704096 kB
VmallocTotal:   34359738367 kB
VmallocUsed:           0 kB
VmallocChunk:          0 kB
HardwareCorrupted:     0 kB
AnonHugePages:   2131968 kB
CmaTotal:              0 kB
CmaFree:               0 kB
HugePages_Total:       0
HugePages_Free:        0
HugePages_Rsvd:        0
HugePages_Surp:        0
Hugepagesize:       2048 kB
DirectMap4k:      182732 kB
DirectMap2M:     8081408 kB
DirectMap1G:     1048576 kB


CPU:total 8 (4 cores per cpu, 2 threads per core) family 6 model 60 stepping 3, cmov, cx8, fxsr, mmx, sse, sse2, sse3, ssse3, sse4.1, sse4.2, popcnt, avx, avx2, aes, clmul, erms, lzcnt, ht, tsc, tscinvbit, bmi1, bmi2

/proc/cpuinfo:
processor	: 0
vendor_id	: GenuineIntel
cpu family	: 6
model		: 60
model name	: Intel(R) Core(TM) i7-4770 CPU @ 3.40GHz
stepping	: 3
microcode	: 0x1e
cpu MHz		: 3699.890
cache size	: 8192 KB
physical id	: 0
siblings	: 8
core id		: 0
cpu cores	: 4
apicid		: 0
initial apicid	: 0
fpu		: yes
fpu_exception	: yes
cpuid level	: 13
wp		: yes
flags		: fpu vme de pse tsc msr pae mce cx8 apic sep mtrr pge mca cmov pat pse36 clflush dts acpi mmx fxsr sse sse2 ss ht tm pbe syscall nx pdpe1gb rdtscp lm constant_tsc arch_perfmon pebs bts rep_good nopl xtopology nonstop_tsc aperfmperf eagerfpu pni pclmulqdq dtes64 monitor ds_cpl vmx smx est tm2 ssse3 sdbg fma cx16 xtpr pdcm pcid sse4_1 sse4_2 x2apic movbe popcnt tsc_deadline_timer aes xsave avx f16c rdrand lahf_lm abm tpr_shadow vnmi flexpriority ept vpid fsgsbase tsc_adjust bmi1 avx2 smep bmi2 erms invpcid xsaveopt dtherm ida arat pln pts
bugs		:
bogomips	: 6800.24
clflush size	: 64
cache_alignment	: 64
address sizes	: 39 bits physical, 48 bits virtual
power management:

processor	: 1
vendor_id	: GenuineIntel
cpu family	: 6
model		: 60
model name	: Intel(R) Core(TM) i7-4770 CPU @ 3.40GHz
stepping	: 3
microcode	: 0x1e
cpu MHz		: 3699.890
cache size	: 8192 KB
physical id	: 0
siblings	: 8
core id		: 1
cpu cores	: 4
apicid		: 2
initial apicid	: 2
fpu		: yes
fpu_exception	: yes
cpuid level	: 13
wp		: yes
flags		: fpu vme de pse tsc msr pae mce cx8 apic sep mtrr pge mca cmov pat pse36 clflush dts acpi mmx fxsr sse sse2 ss ht tm pbe syscall nx pdpe1gb rdtscp lm constant_tsc arch_perfmon pebs bts rep_good nopl xtopology nonstop_tsc aperfmperf eagerfpu pni pclmulqdq dtes64 monitor ds_cpl vmx smx est tm2 ssse3 sdbg fma cx16 xtpr pdcm pcid sse4_1 sse4_2 x2apic movbe popcnt tsc_deadline_timer aes xsave avx f16c rdrand lahf_lm abm tpr_shadow vnmi flexpriority ept vpid fsgsbase tsc_adjust bmi1 avx2 smep bmi2 erms invpcid xsaveopt dtherm ida arat pln pts
bugs		:
bogomips	: 6800.24
clflush size	: 64
cache_alignment	: 64
address sizes	: 39 bits physical, 48 bits virtual
power management:

processor	: 2
vendor_id	: GenuineIntel
cpu family	: 6
model		: 60
model name	: Intel(R) Core(TM) i7-4770 CPU @ 3.40GHz
stepping	: 3
microcode	: 0x1e
cpu MHz		: 3699.890
cache size	: 8192 KB
physical id	: 0
siblings	: 8
core id		: 2
cpu cores	: 4
apicid		: 4
initial apicid	: 4
fpu		: yes
fpu_exception	: yes
cpuid level	: 13
wp		: yes
flags		: fpu vme de pse tsc msr pae mce cx8 apic sep mtrr pge mca cmov pat pse36 clflush dts acpi mmx fxsr sse sse2 ss ht tm pbe syscall nx pdpe1gb rdtscp lm constant_tsc arch_perfmon pebs bts rep_good nopl xtopology nonstop_tsc aperfmperf eagerfpu pni pclmulqdq dtes64 monitor ds_cpl vmx smx est tm2 ssse3 sdbg fma cx16 xtpr pdcm pcid sse4_1 sse4_2 x2apic movbe popcnt tsc_deadline_timer aes xsave avx f16c rdrand lahf_lm abm tpr_shadow vnmi flexpriority ept vpid fsgsbase tsc_adjust bmi1 avx2 smep bmi2 erms invpcid xsaveopt dtherm ida arat pln pts
bugs		:
bogomips	: 6800.24
clflush size	: 64
cache_alignment	: 64
address sizes	: 39 bits physical, 48 bits virtual
power management:

processor	: 3
vendor_id	: GenuineIntel
cpu family	: 6
model		: 60
model name	: Intel(R) Core(TM) i7-4770 CPU @ 3.40GHz
stepping	: 3
microcode	: 0x1e
cpu MHz		: 3699.890
cache size	: 8192 KB
physical id	: 0
siblings	: 8
core id		: 3
cpu cores	: 4
apicid		: 6
initial apicid	: 6
fpu		: yes
fpu_exception	: yes
cpuid level	: 13
wp		: yes
flags		: fpu vme de pse tsc msr pae mce cx8 apic sep mtrr pge mca cmov pat pse36 clflush dts acpi mmx fxsr sse sse2 ss ht tm pbe syscall nx pdpe1gb rdtscp lm constant_tsc arch_perfmon pebs bts rep_good nopl xtopology nonstop_tsc aperfmperf eagerfpu pni pclmulqdq dtes64 monitor ds_cpl vmx smx est tm2 ssse3 sdbg fma cx16 xtpr pdcm pcid sse4_1 sse4_2 x2apic movbe popcnt tsc_deadline_timer aes xsave avx f16c rdrand lahf_lm abm tpr_shadow vnmi flexpriority ept vpid fsgsbase tsc_adjust bmi1 avx2 smep bmi2 erms invpcid xsaveopt dtherm ida arat pln pts
bugs		:
bogomips	: 6800.24
clflush size	: 64
cache_alignment	: 64
address sizes	: 39 bits physical, 48 bits virtual
power management:

processor	: 4
vendor_id	: GenuineIntel
cpu family	: 6
model		: 60
model name	: Intel(R) Core(TM) i7-4770 CPU @ 3.40GHz
stepping	: 3
microcode	: 0x1e
cpu MHz		: 3699.890
cache size	: 8192 KB
physical id	: 0
siblings	: 8
core id		: 0
cpu cores	: 4
apicid		: 1
initial apicid	: 1
fpu		: yes
fpu_exception	: yes
cpuid level	: 13
wp		: yes
flags		: fpu vme de pse tsc msr pae mce cx8 apic sep mtrr pge mca cmov pat pse36 clflush dts acpi mmx fxsr sse sse2 ss ht tm pbe syscall nx pdpe1gb rdtscp lm constant_tsc arch_perfmon pebs bts rep_good nopl xtopology nonstop_tsc aperfmperf eagerfpu pni pclmulqdq dtes64 monitor ds_cpl vmx smx est tm2 ssse3 sdbg fma cx16 xtpr pdcm pcid sse4_1 sse4_2 x2apic movbe popcnt tsc_deadline_timer aes xsave avx f16c rdrand lahf_lm abm tpr_shadow vnmi flexpriority ept vpid fsgsbase tsc_adjust bmi1 avx2 smep bmi2 erms invpcid xsaveopt dtherm ida arat pln pts
bugs		:
bogomips	: 6800.24
clflush size	: 64
cache_alignment	: 64
address sizes	: 39 bits physical, 48 bits virtual
power management:

processor	: 5
vendor_id	: GenuineIntel
cpu family	: 6
model		: 60
model name	: Intel(R) Core(TM) i7-4770 CPU @ 3.40GHz
stepping	: 3
microcode	: 0x1e
cpu MHz		: 3699.890
cache size	: 8192 KB
physical id	: 0
siblings	: 8
core id		: 1
cpu cores	: 4
apicid		: 3
initial apicid	: 3
fpu		: yes
fpu_exception	: yes
cpuid level	: 13
wp		: yes
flags		: fpu vme de pse tsc msr pae mce cx8 apic sep mtrr pge mca cmov pat pse36 clflush dts acpi mmx fxsr sse sse2 ss ht tm pbe syscall nx pdpe1gb rdtscp lm constant_tsc arch_perfmon pebs bts rep_good nopl xtopology nonstop_tsc aperfmperf eagerfpu pni pclmulqdq dtes64 monitor ds_cpl vmx smx est tm2 ssse3 sdbg fma cx16 xtpr pdcm pcid sse4_1 sse4_2 x2apic movbe popcnt tsc_deadline_timer aes xsave avx f16c rdrand lahf_lm abm tpr_shadow vnmi flexpriority ept vpid fsgsbase tsc_adjust bmi1 avx2 smep bmi2 erms invpcid xsaveopt dtherm ida arat pln pts
bugs		:
bogomips	: 6800.24
clflush size	: 64
cache_alignment	: 64
address sizes	: 39 bits physical, 48 bits virtual
power management:

processor	: 6
vendor_id	: GenuineIntel
cpu family	: 6
model		: 60
model name	: Intel(R) Core(TM) i7-4770 CPU @ 3.40GHz
stepping	: 3
microcode	: 0x1e
cpu MHz		: 3699.890
cache size	: 8192 KB
physical id	: 0
siblings	: 8
core id		: 2
cpu cores	: 4
apicid		: 5
initial apicid	: 5
fpu		: yes
fpu_exception	: yes
cpuid level	: 13
wp		: yes
flags		: fpu vme de pse tsc msr pae mce cx8 apic sep mtrr pge mca cmov pat pse36 clflush dts acpi mmx fxsr sse sse2 ss ht tm pbe syscall nx pdpe1gb rdtscp lm constant_tsc arch_perfmon pebs bts rep_good nopl xtopology nonstop_tsc aperfmperf eagerfpu pni pclmulqdq dtes64 monitor ds_cpl vmx smx est tm2 ssse3 sdbg fma cx16 xtpr pdcm pcid sse4_1 sse4_2 x2apic movbe popcnt tsc_deadline_timer aes xsave avx f16c rdrand lahf_lm abm tpr_shadow vnmi flexpriority ept vpid fsgsbase tsc_adjust bmi1 avx2 smep bmi2 erms invpcid xsaveopt dtherm ida arat pln pts
bugs		:
bogomips	: 6800.24
clflush size	: 64
cache_alignment	: 64
address sizes	: 39 bits physical, 48 bits virtual
power management:

processor	: 7
vendor_id	: GenuineIntel
cpu family	: 6
model		: 60
model name	: Intel(R) Core(TM) i7-4770 CPU @ 3.40GHz
stepping	: 3
microcode	: 0x1e
cpu MHz		: 3699.890
cache size	: 8192 KB
physical id	: 0
siblings	: 8
core id		: 3
cpu cores	: 4
apicid		: 7
initial apicid	: 7
fpu		: yes
fpu_exception	: yes
cpuid level	: 13
wp		: yes
flags		: fpu vme de pse tsc msr pae mce cx8 apic sep mtrr pge mca cmov pat pse36 clflush dts acpi mmx fxsr sse sse2 ss ht tm pbe syscall nx pdpe1gb rdtscp lm constant_tsc arch_perfmon pebs bts rep_good nopl xtopology nonstop_tsc aperfmperf eagerfpu pni pclmulqdq dtes64 monitor ds_cpl vmx smx est tm2 ssse3 sdbg fma cx16 xtpr pdcm pcid sse4_1 sse4_2 x2apic movbe popcnt tsc_deadline_timer aes xsave avx f16c rdrand lahf_lm abm tpr_shadow vnmi flexpriority ept vpid fsgsbase tsc_adjust bmi1 avx2 smep bmi2 erms invpcid xsaveopt dtherm ida arat pln pts
bugs		:
bogomips	: 6800.24
clflush size	: 64
cache_alignment	: 64
address sizes	: 39 bits physical, 48 bits virtual
power management:



Memory: 4k page, physical 8050052k(1300328k free), swap 8263676k(8263676k free)

vm_info: Java HotSpot(TM) 64-Bit Server VM (25.121-b13) for linux-amd64 JRE (1.8.0_121-b13), built on Dec 12 2016 16:36:53 by "java_re" with gcc 4.3.0 20080428 (Red Hat 4.3.0-8)

time: Thu Aug 17 17:06:50 2017
elapsed time: 24231 seconds (0d 6h 43m 51s)

