[INFO] Scanning for projects...
[INFO]                                                                         
[INFO] ------------------------------------------------------------------------
[INFO] Building Graph 0.0.1-SNAPSHOT
[INFO] ------------------------------------------------------------------------
[INFO] 
[INFO] --- maven-resources-plugin:2.6:resources (default-resources) @ Graph ---
[WARNING] Using platform encoding (UTF-8 actually) to copy filtered resources, i.e. build is platform dependent!
[INFO] Copying 10 resources
[INFO] 
[INFO] --- maven-compiler-plugin:3.3:compile (default-compile) @ Graph ---
[INFO] Changes detected - recompiling the module!
[WARNING] File encoding has not been set, using platform encoding UTF-8, i.e. build is platform dependent!
[INFO] Compiling 27 source files to /home/imasa/github/Graph/target/classes
[INFO] /home/imasa/github/Graph/src/gdt/jgui/entity/graph/JGraphRenderer.java: /home/imasa/github/Graph/src/gdt/jgui/entity/graph/JGraphRenderer.java uses unchecked or unsafe operations.
[INFO] /home/imasa/github/Graph/src/gdt/jgui/entity/graph/JGraphRenderer.java: Recompile with -Xlint:unchecked for details.
[INFO] -------------------------------------------------------------
[ERROR] COMPILATION ERROR : 
[INFO] -------------------------------------------------------------
[ERROR] /home/imasa/github/Graph/src/gdt/jgui/entity/edge/JBondsPanel.java:[150,56] cannot find symbol
  symbol:   variable POSITION
  location: class gdt.jgui.console.JItemsListPanel
[ERROR] /home/imasa/github/Graph/src/gdt/jgui/entity/edge/JBondsPanel.java:[150,81] cannot find symbol
  symbol:   method getPosition()
  location: class gdt.jgui.entity.edge.JBondsPanel
[ERROR] /home/imasa/github/Graph/src/gdt/jgui/entity/edge/JBondsPanel.java:[154,64] cannot find symbol
  symbol:   method loadIcon(gdt.data.store.Entigrator,java.lang.String,java.lang.String)
  location: class gdt.data.entity.facet.ExtensionHandler
[ERROR] /home/imasa/github/Graph/src/gdt/jgui/entity/edge/JBondsPanel.java:[209,52] panel is not public in gdt.jgui.console.JItemsListPanel; cannot be accessed from outside package
[ERROR] /home/imasa/github/Graph/src/gdt/jgui/entity/edge/JBondsPanel.java:[218,41] cannot find symbol
  symbol:   variable pos
  location: class gdt.jgui.entity.edge.JBondsPanel
[ERROR] /home/imasa/github/Graph/src/gdt/jgui/entity/edge/JBondsPanel.java:[218,82] cannot find symbol
  symbol:   variable POSITION
  location: class gdt.jgui.entity.edge.JBondsPanel
[ERROR] /home/imasa/github/Graph/src/gdt/jgui/entity/edge/JBondsPanel.java:[219,91] cannot find symbol
  symbol:   variable pos
  location: class gdt.jgui.entity.edge.JBondsPanel
[ERROR] /home/imasa/github/Graph/src/gdt/jgui/entity/edge/JBondsPanel.java:[220,48] cannot find symbol
  symbol:   variable pos
  location: class gdt.jgui.entity.edge.JBondsPanel
[ERROR] /home/imasa/github/Graph/src/gdt/jgui/entity/edge/JBondsPanel.java:[539,25] panel is not public in gdt.jgui.console.JItemsListPanel; cannot be accessed from outside package
[ERROR] /home/imasa/github/Graph/src/gdt/jgui/entity/edge/JBondsPanel.java:[543,36] panel is not public in gdt.jgui.console.JItemsListPanel; cannot be accessed from outside package
[ERROR] /home/imasa/github/Graph/src/gdt/jgui/entity/edge/JBondsPanel.java:[565,33] panel is not public in gdt.jgui.console.JItemsListPanel; cannot be accessed from outside package
[ERROR] /home/imasa/github/Graph/src/gdt/jgui/entity/edge/JBondsPanel.java:[569,44] panel is not public in gdt.jgui.console.JItemsListPanel; cannot be accessed from outside package
[ERROR] /home/imasa/github/Graph/src/gdt/jgui/entity/edge/JBondsPanel.java:[688,46] cannot find symbol
  symbol:   method loadIcon(gdt.data.store.Entigrator,java.lang.String,java.lang.String)
  location: class gdt.data.entity.facet.ExtensionHandler
[ERROR] /home/imasa/github/Graph/src/gdt/jgui/entity/edge/JBondsPanel.java:[719,40] cannot find symbol
  symbol:   method loadIcon(gdt.data.store.Entigrator,java.lang.String,java.lang.String)
  location: class gdt.data.entity.facet.ExtensionHandler
[ERROR] /home/imasa/github/Graph/src/gdt/jgui/entity/edge/JBondsPanel.java:[821,44] cannot find symbol
  symbol:   method loadIcon(gdt.data.store.Entigrator,java.lang.String,java.lang.String)
  location: class gdt.data.entity.facet.ExtensionHandler
[ERROR] /home/imasa/github/Graph/src/gdt/jgui/entity/bonddetail/JBondDetailFacetOpenItem.java:[78,46] cannot find symbol
  symbol:   method loadIcon(gdt.data.store.Entigrator,java.lang.String,java.lang.String)
  location: class gdt.data.entity.facet.ExtensionHandler
[ERROR] /home/imasa/github/Graph/src/gdt/jgui/entity/bonddetail/JBondDetailFacetOpenItem.java:[110,32] cannot find symbol
  symbol:   method loadIcon(gdt.data.store.Entigrator,java.lang.String,java.lang.String)
  location: class gdt.data.entity.facet.ExtensionHandler
[ERROR] /home/imasa/github/Graph/src/gdt/data/entity/NodeHandler.java:[127,1] method does not override or implement a method from a supertype
[ERROR] /home/imasa/github/Graph/src/gdt/jgui/entity/node/JNodeFacetOpenItem.java:[67,38] cannot find symbol
  symbol:   method loadIcon(gdt.data.store.Entigrator,java.lang.String,java.lang.String)
  location: class gdt.data.entity.facet.ExtensionHandler
[ERROR] /home/imasa/github/Graph/src/gdt/jgui/entity/node/JNodeFacetOpenItem.java:[84,32] cannot find symbol
  symbol:   method loadIcon(gdt.data.store.Entigrator,java.lang.String,java.lang.String)
  location: class gdt.data.entity.facet.ExtensionHandler
[ERROR] /home/imasa/github/Graph/src/gdt/jgui/entity/bonddetail/JAddDetailPanel.java:[82,17] cannot find symbol
  symbol:   variable mia
  location: class gdt.jgui.entity.bonddetail.JAddDetailPanel
[ERROR] /home/imasa/github/Graph/src/gdt/jgui/entity/bonddetail/JAddDetailPanel.java:[85,26] cannot find symbol
  symbol:   variable mia
  location: class gdt.jgui.entity.bonddetail.JAddDetailPanel
[ERROR] /home/imasa/github/Graph/src/gdt/jgui/entity/bonddetail/JAddDetailPanel.java:[87,26] cannot find symbol
  symbol:   variable mia
  location: class gdt.jgui.entity.bonddetail.JAddDetailPanel
[ERROR] /home/imasa/github/Graph/src/gdt/jgui/entity/bonddetail/JAddDetailPanel.java:[93,36] cannot find symbol
  symbol: variable mia
[ERROR] /home/imasa/github/Graph/src/gdt/jgui/entity/bonddetail/JAddDetailPanel.java:[94,59] cannot find symbol
  symbol: variable mia
[ERROR] /home/imasa/github/Graph/src/gdt/jgui/entity/bonddetail/JAddDetailPanel.java:[157,53] cannot find symbol
  symbol:   method loadIcon(gdt.data.store.Entigrator,java.lang.String,java.lang.String)
  location: class gdt.data.entity.facet.ExtensionHandler
[ERROR] /home/imasa/github/Graph/src/gdt/jgui/entity/node/JNodeEditor.java:[105,54] cannot find symbol
  symbol:   method loadIcon(gdt.data.store.Entigrator,java.lang.String,java.lang.String)
  location: class gdt.data.entity.facet.ExtensionHandler
[ERROR] /home/imasa/github/Graph/src/gdt/jgui/entity/node/JNodeEditor.java:[141,40] cannot find symbol
  symbol:   method loadIcon(gdt.data.store.Entigrator,java.lang.String,java.lang.String)
  location: class gdt.data.entity.facet.ExtensionHandler
[ERROR] /home/imasa/github/Graph/src/gdt/jgui/entity/node/JNodeEditor.java:[185,44] cannot find symbol
  symbol:   method loadIcon(gdt.data.store.Entigrator,java.lang.String,java.lang.String)
  location: class gdt.data.entity.facet.ExtensionHandler
[ERROR] /home/imasa/github/Graph/src/gdt/jgui/entity/graph/JGraphFacetOpenItem.java:[65,32] cannot find symbol
  symbol:   method loadIcon(gdt.data.store.Entigrator,java.lang.String,java.lang.String)
  location: class gdt.data.entity.facet.ExtensionHandler
[ERROR] /home/imasa/github/Graph/src/gdt/jgui/entity/graph/JGraphFacetOpenItem.java:[86,32] cannot find symbol
  symbol:   method loadIcon(gdt.data.store.Entigrator,java.lang.String,java.lang.String)
  location: class gdt.data.entity.facet.ExtensionHandler
[ERROR] /home/imasa/github/Graph/src/gdt/data/extension/Main.java:[77,45] cannot find symbol
  symbol:   method listResourcesByType(java.lang.String,java.lang.String)
  location: class gdt.data.entity.facet.ExtensionHandler
[ERROR] /home/imasa/github/Graph/src/gdt/data/extension/Main.java:[89,39] cannot find symbol
  symbol:   method getResourceStream(java.lang.String,java.lang.String)
  location: class gdt.data.entity.facet.ExtensionHandler
[ERROR] /home/imasa/github/Graph/src/gdt/jgui/entity/node/JNodeFacetAddItem.java:[65,46] cannot find symbol
  symbol:   method loadIcon(gdt.data.store.Entigrator,java.lang.String,java.lang.String)
  location: class gdt.data.entity.facet.ExtensionHandler
[ERROR] /home/imasa/github/Graph/src/gdt/jgui/entity/node/JNodeFacetAddItem.java:[196,1] method does not override or implement a method from a supertype
[ERROR] /home/imasa/github/Graph/src/gdt/jgui/entity/node/JNodeFacetAddItem.java:[200,1] method does not override or implement a method from a supertype
[ERROR] /home/imasa/github/Graph/src/gdt/jgui/entity/node/JNodeFacetAddItem.java:[204,1] method does not override or implement a method from a supertype
[ERROR] /home/imasa/github/Graph/src/gdt/data/entity/GraphHandler.java:[369,1] method does not override or implement a method from a supertype
[ERROR] /home/imasa/github/Graph/src/gdt/jgui/entity/graph/JGraphRenderer.java:[266,94] cannot find symbol
  symbol:   method loadIcon(gdt.data.store.Entigrator,java.lang.String,java.lang.String)
  location: class gdt.data.entity.facet.ExtensionHandler
[ERROR] /home/imasa/github/Graph/src/gdt/jgui/entity/graph/JGraphRenderer.java:[338,88] cannot find symbol
  symbol:   method getRecents()
  location: variable console of type gdt.jgui.console.JMainConsole
[ERROR] /home/imasa/github/Graph/src/gdt/jgui/entity/graph/JGraphRenderer.java:[437,62] cannot find symbol
  symbol:   method loadIcon(gdt.data.store.Entigrator,java.lang.String,java.lang.String)
  location: class gdt.data.entity.facet.ExtensionHandler
[ERROR] /home/imasa/github/Graph/src/gdt/jgui/entity/graph/JGraphRenderer.java:[472,46] cannot find symbol
  symbol:   method loadIcon(gdt.data.store.Entigrator,java.lang.String,java.lang.String)
  location: class gdt.data.entity.facet.ExtensionHandler
[ERROR] /home/imasa/github/Graph/src/gdt/jgui/entity/edge/JEdgeEditor.java:[101,55] cannot find symbol
  symbol:   method loadIcon(gdt.data.store.Entigrator,java.lang.String,java.lang.String)
  location: class gdt.data.entity.facet.ExtensionHandler
[ERROR] /home/imasa/github/Graph/src/gdt/jgui/entity/edge/JEdgeEditor.java:[137,40] cannot find symbol
  symbol:   method loadIcon(gdt.data.store.Entigrator,java.lang.String,java.lang.String)
  location: class gdt.data.entity.facet.ExtensionHandler
[ERROR] /home/imasa/github/Graph/src/gdt/jgui/entity/edge/JEdgeEditor.java:[182,44] cannot find symbol
  symbol:   method loadIcon(gdt.data.store.Entigrator,java.lang.String,java.lang.String)
  location: class gdt.data.entity.facet.ExtensionHandler
[ERROR] /home/imasa/github/Graph/src/gdt/jgui/entity/graph/JGraphViews.java:[78,63] cannot find symbol
  symbol:   method loadIcon(gdt.data.store.Entigrator,java.lang.String,java.lang.String)
  location: class gdt.data.entity.facet.ExtensionHandler
[ERROR] /home/imasa/github/Graph/src/gdt/jgui/entity/graph/JGraphViews.java:[200,21] cannot find symbol
  symbol:   method setPopupMenu(javax.swing.JPopupMenu)
  location: variable ip of type gdt.jgui.console.JItemPanel
[ERROR] /home/imasa/github/Graph/src/gdt/jgui/entity/graph/JGraphViews.java:[211,19] cannot find symbol
  symbol:   variable mia
  location: class gdt.jgui.entity.graph.JGraphViews
[ERROR] /home/imasa/github/Graph/src/gdt/jgui/entity/graph/JGraphViews.java:[213,27] cannot find symbol
  symbol:   variable mia
  location: class gdt.jgui.entity.graph.JGraphViews
[ERROR] /home/imasa/github/Graph/src/gdt/jgui/entity/graph/JGraphViews.java:[221,37] cannot find symbol
  symbol: variable mia
[ERROR] /home/imasa/github/Graph/src/gdt/jgui/entity/graph/JGraphViews.java:[222,51] cannot find symbol
  symbol: variable mia
[ERROR] /home/imasa/github/Graph/src/gdt/jgui/entity/graph/JGraphViewSelector.java:[68,42] cannot find symbol
  symbol:   method loadIcon(gdt.data.store.Entigrator,java.lang.String,java.lang.String)
  location: class gdt.data.entity.facet.ExtensionHandler
[ERROR] /home/imasa/github/Graph/src/gdt/jgui/entity/graph/JGraphViewSelector.java:[138,62] cannot find symbol
  symbol:   method getRecents()
  location: variable console of type gdt.jgui.console.JMainConsole
[ERROR] /home/imasa/github/Graph/src/gdt/jgui/entity/graph/JGraphViewSelector.java:[199,46] cannot find symbol
  symbol:   method loadIcon(gdt.data.store.Entigrator,java.lang.String,java.lang.String)
  location: class gdt.data.entity.facet.ExtensionHandler
[ERROR] /home/imasa/github/Graph/src/gdt/jgui/entity/graph/JGraphViewSelector.java:[218,46] cannot find symbol
  symbol:   method loadIcon(gdt.data.store.Entigrator,java.lang.String,java.lang.String)
  location: class gdt.data.entity.facet.ExtensionHandler
[ERROR] /home/imasa/github/Graph/src/gdt/jgui/entity/graph/JGraphViewSelector.java:[238,46] cannot find symbol
  symbol:   method loadIcon(gdt.data.store.Entigrator,java.lang.String,java.lang.String)
  location: class gdt.data.entity.facet.ExtensionHandler
[ERROR] /home/imasa/github/Graph/src/gdt/jgui/entity/graph/JGraphViewSelector.java:[258,37] method readHandlerIcon in class gdt.data.grain.Support cannot be applied to given types;
  required: java.lang.Class<?>,java.lang.String
  found: gdt.data.store.Entigrator,java.lang.Class<gdt.jgui.entity.JEntityFacetPanel>,java.lang.String
  reason: actual and formal argument lists differ in length
[ERROR] /home/imasa/github/Graph/src/gdt/jgui/entity/graph/JGraphViewSelector.java:[285,40] cannot find symbol
  symbol:   method loadIcon(gdt.data.store.Entigrator,java.lang.String,java.lang.String)
  location: class gdt.data.entity.facet.ExtensionHandler
[ERROR] /home/imasa/github/Graph/src/gdt/jgui/entity/edge/JBondItem.java:[75,43] cannot find symbol
  symbol:   method loadIcon(gdt.data.store.Entigrator,java.lang.String,java.lang.String)
  location: class gdt.data.entity.facet.ExtensionHandler
[ERROR] /home/imasa/github/Graph/src/gdt/jgui/entity/edge/JBondItem.java:[77,42] cannot find symbol
  symbol:   method loadIcon(gdt.data.store.Entigrator,java.lang.String,java.lang.String)
  location: class gdt.data.entity.facet.ExtensionHandler
[ERROR] /home/imasa/github/Graph/src/gdt/jgui/entity/edge/JBondItem.java:[80,17] cannot find symbol
  symbol:   method resetIcon()
  location: class gdt.jgui.entity.edge.JBondItem
[ERROR] /home/imasa/github/Graph/src/gdt/jgui/entity/edge/JBondItem.java:[96,67] cannot find symbol
  symbol:   method loadIcon(gdt.data.store.Entigrator,java.lang.String,java.lang.String)
  location: class gdt.data.entity.facet.ExtensionHandler
[ERROR] /home/imasa/github/Graph/src/gdt/jgui/entity/edge/JBondItem.java:[98,66] cannot find symbol
  symbol:   method loadIcon(gdt.data.store.Entigrator,java.lang.String,java.lang.String)
  location: class gdt.data.entity.facet.ExtensionHandler
[ERROR] /home/imasa/github/Graph/src/gdt/jgui/entity/edge/JBondItem.java:[101,41] cannot find symbol
  symbol: method resetIcon()
[ERROR] /home/imasa/github/Graph/src/gdt/jgui/entity/edge/JBondItem.java:[229,101] cannot find symbol
  symbol:   variable POSITION
  location: class gdt.jgui.console.JItemsListPanel
[ERROR] /home/imasa/github/Graph/src/gdt/jgui/entity/edge/JBondItem.java:[267,93] cannot find symbol
  symbol:   variable POSITION
  location: class gdt.jgui.console.JItemsListPanel
[ERROR] /home/imasa/github/Graph/src/gdt/jgui/entity/edge/JBondItem.java:[301,93] cannot find symbol
  symbol:   variable POSITION
  location: class gdt.jgui.console.JItemsListPanel
[ERROR] /home/imasa/github/Graph/src/gdt/jgui/entity/edge/JBondItem.java:[370,101] cannot find symbol
  symbol:   variable POSITION
  location: class gdt.jgui.console.JItemsListPanel
[ERROR] /home/imasa/github/Graph/src/gdt/jgui/entity/graph/JGraphNodes.java:[52,44] entihome$ is not public in gdt.jgui.entity.JEntitiesPanel; cannot be accessed from outside package
[ERROR] /home/imasa/github/Graph/src/gdt/jgui/entity/graph/JGraphNodes.java:[53,93] entihome$ is not public in gdt.jgui.entity.JEntitiesPanel; cannot be accessed from outside package
[ERROR] /home/imasa/github/Graph/src/gdt/jgui/entity/graph/JGraphNodes.java:[54,70] cannot find symbol
  symbol:   method loadIcon(gdt.data.store.Entigrator,java.lang.String,java.lang.String)
  location: class gdt.data.entity.facet.ExtensionHandler
[ERROR] /home/imasa/github/Graph/src/gdt/jgui/entity/graph/JGraphNodes.java:[73,34] entityKey$ is not public in gdt.jgui.entity.JEntitiesPanel; cannot be accessed from outside package
[ERROR] /home/imasa/github/Graph/src/gdt/jgui/entity/graph/JGraphNodes.java:[74,34] entihome$ is not public in gdt.jgui.entity.JEntitiesPanel; cannot be accessed from outside package
[ERROR] /home/imasa/github/Graph/src/gdt/jgui/entity/graph/JGraphNodes.java:[75,79] entihome$ is not public in gdt.jgui.entity.JEntitiesPanel; cannot be accessed from outside package
[ERROR] /home/imasa/github/Graph/src/gdt/jgui/entity/graph/JGraphNodes.java:[76,71] entityKey$ is not public in gdt.jgui.entity.JEntitiesPanel; cannot be accessed from outside package
[ERROR] /home/imasa/github/Graph/src/gdt/jgui/entity/graph/JGraphNodes.java:[79,41] list$ is not public in gdt.jgui.entity.JEntitiesPanel; cannot be accessed from outside package
[ERROR] /home/imasa/github/Graph/src/gdt/jgui/entity/graph/JGraphNodes.java:[80,101] list$ is not public in gdt.jgui.entity.JEntitiesPanel; cannot be accessed from outside package
[ERROR] /home/imasa/github/Graph/src/gdt/jgui/entity/graph/JGraphNodes.java:[112,19] mia has private access in gdt.jgui.entity.JEntitiesPanel
[ERROR] /home/imasa/github/Graph/src/gdt/jgui/entity/graph/JGraphNodes.java:[114,27] mia has private access in gdt.jgui.entity.JEntitiesPanel
[ERROR] /home/imasa/github/Graph/src/gdt/jgui/entity/graph/JGraphNodes.java:[123,37] mia has private access in gdt.jgui.entity.JEntitiesPanel
[ERROR] /home/imasa/github/Graph/src/gdt/jgui/entity/graph/JGraphNodes.java:[124,51] mia has private access in gdt.jgui.entity.JEntitiesPanel
[ERROR] /home/imasa/github/Graph/src/gdt/jgui/entity/graph/JGraphNodes.java:[164,93] entihome$ is not public in gdt.jgui.entity.JEntitiesPanel; cannot be accessed from outside package
[ERROR] /home/imasa/github/Graph/src/gdt/jgui/entity/graph/JGraphNodes.java:[180,112] entihome$ is not public in gdt.jgui.entity.JEntitiesPanel; cannot be accessed from outside package
[ERROR] /home/imasa/github/Graph/src/gdt/jgui/entity/graph/JGraphNodes.java:[219,94] entihome$ is not public in gdt.jgui.entity.JEntitiesPanel; cannot be accessed from outside package
[ERROR] /home/imasa/github/Graph/src/gdt/jgui/entity/graph/JGraphNodes.java:[220,99] entityKey$ is not public in gdt.jgui.entity.JEntitiesPanel; cannot be accessed from outside package
[ERROR] /home/imasa/github/Graph/src/gdt/jgui/entity/graph/JGraphNodes.java:[221,93] entihome$ is not public in gdt.jgui.entity.JEntitiesPanel; cannot be accessed from outside package
[ERROR] /home/imasa/github/Graph/src/gdt/jgui/entity/graph/JGraphNodes.java:[222,78] cannot find symbol
  symbol:   method loadIcon(gdt.data.store.Entigrator,java.lang.String,java.lang.String)
  location: class gdt.data.entity.facet.ExtensionHandler
[ERROR] /home/imasa/github/Graph/src/gdt/jgui/entity/graph/JGraphNodes.java:[247,69] entihome$ is not public in gdt.jgui.entity.JEntitiesPanel; cannot be accessed from outside package
[ERROR] /home/imasa/github/Graph/src/gdt/jgui/entity/graph/JGraphNodes.java:[267,69] entihome$ is not public in gdt.jgui.entity.JEntitiesPanel; cannot be accessed from outside package
[ERROR] /home/imasa/github/Graph/src/gdt/jgui/entity/graph/JGraphNodes.java:[268,63] entityKey$ is not public in gdt.jgui.entity.JEntitiesPanel; cannot be accessed from outside package
[ERROR] /home/imasa/github/Graph/src/gdt/jgui/entity/graph/JGraphNodes.java:[295,69] entihome$ is not public in gdt.jgui.entity.JEntitiesPanel; cannot be accessed from outside package
[ERROR] /home/imasa/github/Graph/src/gdt/jgui/entity/graph/JGraphNodes.java:[296,62] entityKey$ is not public in gdt.jgui.entity.JEntitiesPanel; cannot be accessed from outside package
[ERROR] /home/imasa/github/Graph/src/gdt/jgui/entity/graph/JGraphNodes.java:[306,95] entihome$ is not public in gdt.jgui.entity.JEntitiesPanel; cannot be accessed from outside package
[ERROR] /home/imasa/github/Graph/src/gdt/jgui/entity/graph/JGraphNodes.java:[339,61] entihome$ is not public in gdt.jgui.entity.JEntitiesPanel; cannot be accessed from outside package
[ERROR] /home/imasa/github/Graph/src/gdt/jgui/entity/graph/JGraphNodes.java:[340,62] entityKey$ is not public in gdt.jgui.entity.JEntitiesPanel; cannot be accessed from outside package
[ERROR] /home/imasa/github/Graph/src/gdt/jgui/entity/graph/JGraphNodes.java:[360,61] entihome$ is not public in gdt.jgui.entity.JEntitiesPanel; cannot be accessed from outside package
[ERROR] /home/imasa/github/Graph/src/gdt/jgui/entity/graph/JGraphNodes.java:[361,62] entityKey$ is not public in gdt.jgui.entity.JEntitiesPanel; cannot be accessed from outside package
[ERROR] /home/imasa/github/Graph/src/gdt/jgui/entity/graph/JGraphEdgesPanel.java:[67,55] cannot find symbol
  symbol:   method loadIcon(gdt.data.store.Entigrator,java.lang.String,java.lang.String)
  location: class gdt.data.entity.facet.ExtensionHandler
[ERROR] /home/imasa/github/Graph/src/gdt/jgui/entity/graph/JGraphEdgesPanel.java:[137,11] cannot find symbol
  symbol:   variable mia
  location: class gdt.jgui.entity.graph.JGraphEdgesPanel
[ERROR] /home/imasa/github/Graph/src/gdt/jgui/entity/graph/JGraphEdgesPanel.java:[139,19] cannot find symbol
  symbol:   variable mia
  location: class gdt.jgui.entity.graph.JGraphEdgesPanel
[INFO] 100 errors 
[INFO] -------------------------------------------------------------
[INFO] ------------------------------------------------------------------------
[INFO] BUILD FAILURE
[INFO] ------------------------------------------------------------------------
[INFO] Total time: 2.237 s
[INFO] Finished at: 2016-08-25T19:19:47+02:00
[INFO] Final Memory: 17M/288M
[INFO] ------------------------------------------------------------------------
[ERROR] Failed to execute goal org.apache.maven.plugins:maven-compiler-plugin:3.3:compile (default-compile) on project Graph: Compilation failure: Compilation failure:
[ERROR] /home/imasa/github/Graph/src/gdt/jgui/entity/edge/JBondsPanel.java:[150,56] cannot find symbol
[ERROR] symbol:   variable POSITION
[ERROR] location: class gdt.jgui.console.JItemsListPanel
[ERROR] /home/imasa/github/Graph/src/gdt/jgui/entity/edge/JBondsPanel.java:[150,81] cannot find symbol
[ERROR] symbol:   method getPosition()
[ERROR] location: class gdt.jgui.entity.edge.JBondsPanel
[ERROR] /home/imasa/github/Graph/src/gdt/jgui/entity/edge/JBondsPanel.java:[154,64] cannot find symbol
[ERROR] symbol:   method loadIcon(gdt.data.store.Entigrator,java.lang.String,java.lang.String)
[ERROR] location: class gdt.data.entity.facet.ExtensionHandler
[ERROR] /home/imasa/github/Graph/src/gdt/jgui/entity/edge/JBondsPanel.java:[209,52] panel is not public in gdt.jgui.console.JItemsListPanel; cannot be accessed from outside package
[ERROR] /home/imasa/github/Graph/src/gdt/jgui/entity/edge/JBondsPanel.java:[218,41] cannot find symbol
[ERROR] symbol:   variable pos
[ERROR] location: class gdt.jgui.entity.edge.JBondsPanel
[ERROR] /home/imasa/github/Graph/src/gdt/jgui/entity/edge/JBondsPanel.java:[218,82] cannot find symbol
[ERROR] symbol:   variable POSITION
[ERROR] location: class gdt.jgui.entity.edge.JBondsPanel
[ERROR] /home/imasa/github/Graph/src/gdt/jgui/entity/edge/JBondsPanel.java:[219,91] cannot find symbol
[ERROR] symbol:   variable pos
[ERROR] location: class gdt.jgui.entity.edge.JBondsPanel
[ERROR] /home/imasa/github/Graph/src/gdt/jgui/entity/edge/JBondsPanel.java:[220,48] cannot find symbol
[ERROR] symbol:   variable pos
[ERROR] location: class gdt.jgui.entity.edge.JBondsPanel
[ERROR] /home/imasa/github/Graph/src/gdt/jgui/entity/edge/JBondsPanel.java:[539,25] panel is not public in gdt.jgui.console.JItemsListPanel; cannot be accessed from outside package
[ERROR] /home/imasa/github/Graph/src/gdt/jgui/entity/edge/JBondsPanel.java:[543,36] panel is not public in gdt.jgui.console.JItemsListPanel; cannot be accessed from outside package
[ERROR] /home/imasa/github/Graph/src/gdt/jgui/entity/edge/JBondsPanel.java:[565,33] panel is not public in gdt.jgui.console.JItemsListPanel; cannot be accessed from outside package
[ERROR] /home/imasa/github/Graph/src/gdt/jgui/entity/edge/JBondsPanel.java:[569,44] panel is not public in gdt.jgui.console.JItemsListPanel; cannot be accessed from outside package
[ERROR] /home/imasa/github/Graph/src/gdt/jgui/entity/edge/JBondsPanel.java:[688,46] cannot find symbol
[ERROR] symbol:   method loadIcon(gdt.data.store.Entigrator,java.lang.String,java.lang.String)
[ERROR] location: class gdt.data.entity.facet.ExtensionHandler
[ERROR] /home/imasa/github/Graph/src/gdt/jgui/entity/edge/JBondsPanel.java:[719,40] cannot find symbol
[ERROR] symbol:   method loadIcon(gdt.data.store.Entigrator,java.lang.String,java.lang.String)
[ERROR] location: class gdt.data.entity.facet.ExtensionHandler
[ERROR] /home/imasa/github/Graph/src/gdt/jgui/entity/edge/JBondsPanel.java:[821,44] cannot find symbol
[ERROR] symbol:   method loadIcon(gdt.data.store.Entigrator,java.lang.String,java.lang.String)
[ERROR] location: class gdt.data.entity.facet.ExtensionHandler
[ERROR] /home/imasa/github/Graph/src/gdt/jgui/entity/bonddetail/JBondDetailFacetOpenItem.java:[78,46] cannot find symbol
[ERROR] symbol:   method loadIcon(gdt.data.store.Entigrator,java.lang.String,java.lang.String)
[ERROR] location: class gdt.data.entity.facet.ExtensionHandler
[ERROR] /home/imasa/github/Graph/src/gdt/jgui/entity/bonddetail/JBondDetailFacetOpenItem.java:[110,32] cannot find symbol
[ERROR] symbol:   method loadIcon(gdt.data.store.Entigrator,java.lang.String,java.lang.String)
[ERROR] location: class gdt.data.entity.facet.ExtensionHandler
[ERROR] /home/imasa/github/Graph/src/gdt/data/entity/NodeHandler.java:[127,1] method does not override or implement a method from a supertype
[ERROR] /home/imasa/github/Graph/src/gdt/jgui/entity/node/JNodeFacetOpenItem.java:[67,38] cannot find symbol
[ERROR] symbol:   method loadIcon(gdt.data.store.Entigrator,java.lang.String,java.lang.String)
[ERROR] location: class gdt.data.entity.facet.ExtensionHandler
[ERROR] /home/imasa/github/Graph/src/gdt/jgui/entity/node/JNodeFacetOpenItem.java:[84,32] cannot find symbol
[ERROR] symbol:   method loadIcon(gdt.data.store.Entigrator,java.lang.String,java.lang.String)
[ERROR] location: class gdt.data.entity.facet.ExtensionHandler
[ERROR] /home/imasa/github/Graph/src/gdt/jgui/entity/bonddetail/JAddDetailPanel.java:[82,17] cannot find symbol
[ERROR] symbol:   variable mia
[ERROR] location: class gdt.jgui.entity.bonddetail.JAddDetailPanel
[ERROR] /home/imasa/github/Graph/src/gdt/jgui/entity/bonddetail/JAddDetailPanel.java:[85,26] cannot find symbol
[ERROR] symbol:   variable mia
[ERROR] location: class gdt.jgui.entity.bonddetail.JAddDetailPanel
[ERROR] /home/imasa/github/Graph/src/gdt/jgui/entity/bonddetail/JAddDetailPanel.java:[87,26] cannot find symbol
[ERROR] symbol:   variable mia
[ERROR] location: class gdt.jgui.entity.bonddetail.JAddDetailPanel
[ERROR] /home/imasa/github/Graph/src/gdt/jgui/entity/bonddetail/JAddDetailPanel.java:[93,36] cannot find symbol
[ERROR] symbol: variable mia
[ERROR] /home/imasa/github/Graph/src/gdt/jgui/entity/bonddetail/JAddDetailPanel.java:[94,59] cannot find symbol
[ERROR] symbol: variable mia
[ERROR] /home/imasa/github/Graph/src/gdt/jgui/entity/bonddetail/JAddDetailPanel.java:[157,53] cannot find symbol
[ERROR] symbol:   method loadIcon(gdt.data.store.Entigrator,java.lang.String,java.lang.String)
[ERROR] location: class gdt.data.entity.facet.ExtensionHandler
[ERROR] /home/imasa/github/Graph/src/gdt/jgui/entity/node/JNodeEditor.java:[105,54] cannot find symbol
[ERROR] symbol:   method loadIcon(gdt.data.store.Entigrator,java.lang.String,java.lang.String)
[ERROR] location: class gdt.data.entity.facet.ExtensionHandler
[ERROR] /home/imasa/github/Graph/src/gdt/jgui/entity/node/JNodeEditor.java:[141,40] cannot find symbol
[ERROR] symbol:   method loadIcon(gdt.data.store.Entigrator,java.lang.String,java.lang.String)
[ERROR] location: class gdt.data.entity.facet.ExtensionHandler
[ERROR] /home/imasa/github/Graph/src/gdt/jgui/entity/node/JNodeEditor.java:[185,44] cannot find symbol
[ERROR] symbol:   method loadIcon(gdt.data.store.Entigrator,java.lang.String,java.lang.String)
[ERROR] location: class gdt.data.entity.facet.ExtensionHandler
[ERROR] /home/imasa/github/Graph/src/gdt/jgui/entity/graph/JGraphFacetOpenItem.java:[65,32] cannot find symbol
[ERROR] symbol:   method loadIcon(gdt.data.store.Entigrator,java.lang.String,java.lang.String)
[ERROR] location: class gdt.data.entity.facet.ExtensionHandler
[ERROR] /home/imasa/github/Graph/src/gdt/jgui/entity/graph/JGraphFacetOpenItem.java:[86,32] cannot find symbol
[ERROR] symbol:   method loadIcon(gdt.data.store.Entigrator,java.lang.String,java.lang.String)
[ERROR] location: class gdt.data.entity.facet.ExtensionHandler
[ERROR] /home/imasa/github/Graph/src/gdt/data/extension/Main.java:[77,45] cannot find symbol
[ERROR] symbol:   method listResourcesByType(java.lang.String,java.lang.String)
[ERROR] location: class gdt.data.entity.facet.ExtensionHandler
[ERROR] /home/imasa/github/Graph/src/gdt/data/extension/Main.java:[89,39] cannot find symbol
[ERROR] symbol:   method getResourceStream(java.lang.String,java.lang.String)
[ERROR] location: class gdt.data.entity.facet.ExtensionHandler
[ERROR] /home/imasa/github/Graph/src/gdt/jgui/entity/node/JNodeFacetAddItem.java:[65,46] cannot find symbol
[ERROR] symbol:   method loadIcon(gdt.data.store.Entigrator,java.lang.String,java.lang.String)
[ERROR] location: class gdt.data.entity.facet.ExtensionHandler
[ERROR] /home/imasa/github/Graph/src/gdt/jgui/entity/node/JNodeFacetAddItem.java:[196,1] method does not override or implement a method from a supertype
[ERROR] /home/imasa/github/Graph/src/gdt/jgui/entity/node/JNodeFacetAddItem.java:[200,1] method does not override or implement a method from a supertype
[ERROR] /home/imasa/github/Graph/src/gdt/jgui/entity/node/JNodeFacetAddItem.java:[204,1] method does not override or implement a method from a supertype
[ERROR] /home/imasa/github/Graph/src/gdt/data/entity/GraphHandler.java:[369,1] method does not override or implement a method from a supertype
[ERROR] /home/imasa/github/Graph/src/gdt/jgui/entity/graph/JGraphRenderer.java:[266,94] cannot find symbol
[ERROR] symbol:   method loadIcon(gdt.data.store.Entigrator,java.lang.String,java.lang.String)
[ERROR] location: class gdt.data.entity.facet.ExtensionHandler
[ERROR] /home/imasa/github/Graph/src/gdt/jgui/entity/graph/JGraphRenderer.java:[338,88] cannot find symbol
[ERROR] symbol:   method getRecents()
[ERROR] location: variable console of type gdt.jgui.console.JMainConsole
[ERROR] /home/imasa/github/Graph/src/gdt/jgui/entity/graph/JGraphRenderer.java:[437,62] cannot find symbol
[ERROR] symbol:   method loadIcon(gdt.data.store.Entigrator,java.lang.String,java.lang.String)
[ERROR] location: class gdt.data.entity.facet.ExtensionHandler
[ERROR] /home/imasa/github/Graph/src/gdt/jgui/entity/graph/JGraphRenderer.java:[472,46] cannot find symbol
[ERROR] symbol:   method loadIcon(gdt.data.store.Entigrator,java.lang.String,java.lang.String)
[ERROR] location: class gdt.data.entity.facet.ExtensionHandler
[ERROR] /home/imasa/github/Graph/src/gdt/jgui/entity/edge/JEdgeEditor.java:[101,55] cannot find symbol
[ERROR] symbol:   method loadIcon(gdt.data.store.Entigrator,java.lang.String,java.lang.String)
[ERROR] location: class gdt.data.entity.facet.ExtensionHandler
[ERROR] /home/imasa/github/Graph/src/gdt/jgui/entity/edge/JEdgeEditor.java:[137,40] cannot find symbol
[ERROR] symbol:   method loadIcon(gdt.data.store.Entigrator,java.lang.String,java.lang.String)
[ERROR] location: class gdt.data.entity.facet.ExtensionHandler
[ERROR] /home/imasa/github/Graph/src/gdt/jgui/entity/edge/JEdgeEditor.java:[182,44] cannot find symbol
[ERROR] symbol:   method loadIcon(gdt.data.store.Entigrator,java.lang.String,java.lang.String)
[ERROR] location: class gdt.data.entity.facet.ExtensionHandler
[ERROR] /home/imasa/github/Graph/src/gdt/jgui/entity/graph/JGraphViews.java:[78,63] cannot find symbol
[ERROR] symbol:   method loadIcon(gdt.data.store.Entigrator,java.lang.String,java.lang.String)
[ERROR] location: class gdt.data.entity.facet.ExtensionHandler
[ERROR] /home/imasa/github/Graph/src/gdt/jgui/entity/graph/JGraphViews.java:[200,21] cannot find symbol
[ERROR] symbol:   method setPopupMenu(javax.swing.JPopupMenu)
[ERROR] location: variable ip of type gdt.jgui.console.JItemPanel
[ERROR] /home/imasa/github/Graph/src/gdt/jgui/entity/graph/JGraphViews.java:[211,19] cannot find symbol
[ERROR] symbol:   variable mia
[ERROR] location: class gdt.jgui.entity.graph.JGraphViews
[ERROR] /home/imasa/github/Graph/src/gdt/jgui/entity/graph/JGraphViews.java:[213,27] cannot find symbol
[ERROR] symbol:   variable mia
[ERROR] location: class gdt.jgui.entity.graph.JGraphViews
[ERROR] /home/imasa/github/Graph/src/gdt/jgui/entity/graph/JGraphViews.java:[221,37] cannot find symbol
[ERROR] symbol: variable mia
[ERROR] /home/imasa/github/Graph/src/gdt/jgui/entity/graph/JGraphViews.java:[222,51] cannot find symbol
[ERROR] symbol: variable mia
[ERROR] /home/imasa/github/Graph/src/gdt/jgui/entity/graph/JGraphViewSelector.java:[68,42] cannot find symbol
[ERROR] symbol:   method loadIcon(gdt.data.store.Entigrator,java.lang.String,java.lang.String)
[ERROR] location: class gdt.data.entity.facet.ExtensionHandler
[ERROR] /home/imasa/github/Graph/src/gdt/jgui/entity/graph/JGraphViewSelector.java:[138,62] cannot find symbol
[ERROR] symbol:   method getRecents()
[ERROR] location: variable console of type gdt.jgui.console.JMainConsole
[ERROR] /home/imasa/github/Graph/src/gdt/jgui/entity/graph/JGraphViewSelector.java:[199,46] cannot find symbol
[ERROR] symbol:   method loadIcon(gdt.data.store.Entigrator,java.lang.String,java.lang.String)
[ERROR] location: class gdt.data.entity.facet.ExtensionHandler
[ERROR] /home/imasa/github/Graph/src/gdt/jgui/entity/graph/JGraphViewSelector.java:[218,46] cannot find symbol
[ERROR] symbol:   method loadIcon(gdt.data.store.Entigrator,java.lang.String,java.lang.String)
[ERROR] location: class gdt.data.entity.facet.ExtensionHandler
[ERROR] /home/imasa/github/Graph/src/gdt/jgui/entity/graph/JGraphViewSelector.java:[238,46] cannot find symbol
[ERROR] symbol:   method loadIcon(gdt.data.store.Entigrator,java.lang.String,java.lang.String)
[ERROR] location: class gdt.data.entity.facet.ExtensionHandler
[ERROR] /home/imasa/github/Graph/src/gdt/jgui/entity/graph/JGraphViewSelector.java:[258,37] method readHandlerIcon in class gdt.data.grain.Support cannot be applied to given types;
[ERROR] required: java.lang.Class<?>,java.lang.String
[ERROR] found: gdt.data.store.Entigrator,java.lang.Class<gdt.jgui.entity.JEntityFacetPanel>,java.lang.String
[ERROR] reason: actual and formal argument lists differ in length
[ERROR] /home/imasa/github/Graph/src/gdt/jgui/entity/graph/JGraphViewSelector.java:[285,40] cannot find symbol
[ERROR] symbol:   method loadIcon(gdt.data.store.Entigrator,java.lang.String,java.lang.String)
[ERROR] location: class gdt.data.entity.facet.ExtensionHandler
[ERROR] /home/imasa/github/Graph/src/gdt/jgui/entity/edge/JBondItem.java:[75,43] cannot find symbol
[ERROR] symbol:   method loadIcon(gdt.data.store.Entigrator,java.lang.String,java.lang.String)
[ERROR] location: class gdt.data.entity.facet.ExtensionHandler
[ERROR] /home/imasa/github/Graph/src/gdt/jgui/entity/edge/JBondItem.java:[77,42] cannot find symbol
[ERROR] symbol:   method loadIcon(gdt.data.store.Entigrator,java.lang.String,java.lang.String)
[ERROR] location: class gdt.data.entity.facet.ExtensionHandler
[ERROR] /home/imasa/github/Graph/src/gdt/jgui/entity/edge/JBondItem.java:[80,17] cannot find symbol
[ERROR] symbol:   method resetIcon()
[ERROR] location: class gdt.jgui.entity.edge.JBondItem
[ERROR] /home/imasa/github/Graph/src/gdt/jgui/entity/edge/JBondItem.java:[96,67] cannot find symbol
[ERROR] symbol:   method loadIcon(gdt.data.store.Entigrator,java.lang.String,java.lang.String)
[ERROR] location: class gdt.data.entity.facet.ExtensionHandler
[ERROR] /home/imasa/github/Graph/src/gdt/jgui/entity/edge/JBondItem.java:[98,66] cannot find symbol
[ERROR] symbol:   method loadIcon(gdt.data.store.Entigrator,java.lang.String,java.lang.String)
[ERROR] location: class gdt.data.entity.facet.ExtensionHandler
[ERROR] /home/imasa/github/Graph/src/gdt/jgui/entity/edge/JBondItem.java:[101,41] cannot find symbol
[ERROR] symbol: method resetIcon()
[ERROR] /home/imasa/github/Graph/src/gdt/jgui/entity/edge/JBondItem.java:[229,101] cannot find symbol
[ERROR] symbol:   variable POSITION
[ERROR] location: class gdt.jgui.console.JItemsListPanel
[ERROR] /home/imasa/github/Graph/src/gdt/jgui/entity/edge/JBondItem.java:[267,93] cannot find symbol
[ERROR] symbol:   variable POSITION
[ERROR] location: class gdt.jgui.console.JItemsListPanel
[ERROR] /home/imasa/github/Graph/src/gdt/jgui/entity/edge/JBondItem.java:[301,93] cannot find symbol
[ERROR] symbol:   variable POSITION
[ERROR] location: class gdt.jgui.console.JItemsListPanel
[ERROR] /home/imasa/github/Graph/src/gdt/jgui/entity/edge/JBondItem.java:[370,101] cannot find symbol
[ERROR] symbol:   variable POSITION
[ERROR] location: class gdt.jgui.console.JItemsListPanel
[ERROR] /home/imasa/github/Graph/src/gdt/jgui/entity/graph/JGraphNodes.java:[52,44] entihome$ is not public in gdt.jgui.entity.JEntitiesPanel; cannot be accessed from outside package
[ERROR] /home/imasa/github/Graph/src/gdt/jgui/entity/graph/JGraphNodes.java:[53,93] entihome$ is not public in gdt.jgui.entity.JEntitiesPanel; cannot be accessed from outside package
[ERROR] /home/imasa/github/Graph/src/gdt/jgui/entity/graph/JGraphNodes.java:[54,70] cannot find symbol
[ERROR] symbol:   method loadIcon(gdt.data.store.Entigrator,java.lang.String,java.lang.String)
[ERROR] location: class gdt.data.entity.facet.ExtensionHandler
[ERROR] /home/imasa/github/Graph/src/gdt/jgui/entity/graph/JGraphNodes.java:[73,34] entityKey$ is not public in gdt.jgui.entity.JEntitiesPanel; cannot be accessed from outside package
[ERROR] /home/imasa/github/Graph/src/gdt/jgui/entity/graph/JGraphNodes.java:[74,34] entihome$ is not public in gdt.jgui.entity.JEntitiesPanel; cannot be accessed from outside package
[ERROR] /home/imasa/github/Graph/src/gdt/jgui/entity/graph/JGraphNodes.java:[75,79] entihome$ is not public in gdt.jgui.entity.JEntitiesPanel; cannot be accessed from outside package
[ERROR] /home/imasa/github/Graph/src/gdt/jgui/entity/graph/JGraphNodes.java:[76,71] entityKey$ is not public in gdt.jgui.entity.JEntitiesPanel; cannot be accessed from outside package
[ERROR] /home/imasa/github/Graph/src/gdt/jgui/entity/graph/JGraphNodes.java:[79,41] list$ is not public in gdt.jgui.entity.JEntitiesPanel; cannot be accessed from outside package
[ERROR] /home/imasa/github/Graph/src/gdt/jgui/entity/graph/JGraphNodes.java:[80,101] list$ is not public in gdt.jgui.entity.JEntitiesPanel; cannot be accessed from outside package
[ERROR] /home/imasa/github/Graph/src/gdt/jgui/entity/graph/JGraphNodes.java:[112,19] mia has private access in gdt.jgui.entity.JEntitiesPanel
[ERROR] /home/imasa/github/Graph/src/gdt/jgui/entity/graph/JGraphNodes.java:[114,27] mia has private access in gdt.jgui.entity.JEntitiesPanel
[ERROR] /home/imasa/github/Graph/src/gdt/jgui/entity/graph/JGraphNodes.java:[123,37] mia has private access in gdt.jgui.entity.JEntitiesPanel
[ERROR] /home/imasa/github/Graph/src/gdt/jgui/entity/graph/JGraphNodes.java:[124,51] mia has private access in gdt.jgui.entity.JEntitiesPanel
[ERROR] /home/imasa/github/Graph/src/gdt/jgui/entity/graph/JGraphNodes.java:[164,93] entihome$ is not public in gdt.jgui.entity.JEntitiesPanel; cannot be accessed from outside package
[ERROR] /home/imasa/github/Graph/src/gdt/jgui/entity/graph/JGraphNodes.java:[180,112] entihome$ is not public in gdt.jgui.entity.JEntitiesPanel; cannot be accessed from outside package
[ERROR] /home/imasa/github/Graph/src/gdt/jgui/entity/graph/JGraphNodes.java:[219,94] entihome$ is not public in gdt.jgui.entity.JEntitiesPanel; cannot be accessed from outside package
[ERROR] /home/imasa/github/Graph/src/gdt/jgui/entity/graph/JGraphNodes.java:[220,99] entityKey$ is not public in gdt.jgui.entity.JEntitiesPanel; cannot be accessed from outside package
[ERROR] /home/imasa/github/Graph/src/gdt/jgui/entity/graph/JGraphNodes.java:[221,93] entihome$ is not public in gdt.jgui.entity.JEntitiesPanel; cannot be accessed from outside package
[ERROR] /home/imasa/github/Graph/src/gdt/jgui/entity/graph/JGraphNodes.java:[222,78] cannot find symbol
[ERROR] symbol:   method loadIcon(gdt.data.store.Entigrator,java.lang.String,java.lang.String)
[ERROR] location: class gdt.data.entity.facet.ExtensionHandler
[ERROR] /home/imasa/github/Graph/src/gdt/jgui/entity/graph/JGraphNodes.java:[247,69] entihome$ is not public in gdt.jgui.entity.JEntitiesPanel; cannot be accessed from outside package
[ERROR] /home/imasa/github/Graph/src/gdt/jgui/entity/graph/JGraphNodes.java:[267,69] entihome$ is not public in gdt.jgui.entity.JEntitiesPanel; cannot be accessed from outside package
[ERROR] /home/imasa/github/Graph/src/gdt/jgui/entity/graph/JGraphNodes.java:[268,63] entityKey$ is not public in gdt.jgui.entity.JEntitiesPanel; cannot be accessed from outside package
[ERROR] /home/imasa/github/Graph/src/gdt/jgui/entity/graph/JGraphNodes.java:[295,69] entihome$ is not public in gdt.jgui.entity.JEntitiesPanel; cannot be accessed from outside package
[ERROR] /home/imasa/github/Graph/src/gdt/jgui/entity/graph/JGraphNodes.java:[296,62] entityKey$ is not public in gdt.jgui.entity.JEntitiesPanel; cannot be accessed from outside package
[ERROR] /home/imasa/github/Graph/src/gdt/jgui/entity/graph/JGraphNodes.java:[306,95] entihome$ is not public in gdt.jgui.entity.JEntitiesPanel; cannot be accessed from outside package
[ERROR] /home/imasa/github/Graph/src/gdt/jgui/entity/graph/JGraphNodes.java:[339,61] entihome$ is not public in gdt.jgui.entity.JEntitiesPanel; cannot be accessed from outside package
[ERROR] /home/imasa/github/Graph/src/gdt/jgui/entity/graph/JGraphNodes.java:[340,62] entityKey$ is not public in gdt.jgui.entity.JEntitiesPanel; cannot be accessed from outside package
[ERROR] /home/imasa/github/Graph/src/gdt/jgui/entity/graph/JGraphNodes.java:[360,61] entihome$ is not public in gdt.jgui.entity.JEntitiesPanel; cannot be accessed from outside package
[ERROR] /home/imasa/github/Graph/src/gdt/jgui/entity/graph/JGraphNodes.java:[361,62] entityKey$ is not public in gdt.jgui.entity.JEntitiesPanel; cannot be accessed from outside package
[ERROR] /home/imasa/github/Graph/src/gdt/jgui/entity/graph/JGraphEdgesPanel.java:[67,55] cannot find symbol
[ERROR] symbol:   method loadIcon(gdt.data.store.Entigrator,java.lang.String,java.lang.String)
[ERROR] location: class gdt.data.entity.facet.ExtensionHandler
[ERROR] /home/imasa/github/Graph/src/gdt/jgui/entity/graph/JGraphEdgesPanel.java:[137,11] cannot find symbol
[ERROR] symbol:   variable mia
[ERROR] location: class gdt.jgui.entity.graph.JGraphEdgesPanel
[ERROR] /home/imasa/github/Graph/src/gdt/jgui/entity/graph/JGraphEdgesPanel.java:[139,19] cannot find symbol
[ERROR] symbol:   variable mia
[ERROR] location: class gdt.jgui.entity.graph.JGraphEdgesPanel
[ERROR] -> [Help 1]
[ERROR] 
[ERROR] To see the full stack trace of the errors, re-run Maven with the -e switch.
[ERROR] Re-run Maven using the -X switch to enable full debug logging.
[ERROR] 
[ERROR] For more information about the errors and possible solutions, please read the following articles:
[ERROR] [Help 1] http://cwiki.apache.org/confluence/display/MAVEN/MojoFailureException
